2026/04/10 11:14:50 - mmengine - INFO - 
------------------------------------------------------------
System environment:
    sys.platform: linux
    Python: 3.10.16 (main, Jan 14 2025, 22:49:19) [Clang 19.1.6 ]
    CUDA available: True
    MUSA available: False
    numpy_random_seed: 491012055
    GPU 0: NVIDIA A10
    CUDA_HOME: /usr
    NVCC: Cuda compilation tools, release 12.8, V12.8.93
    GCC: x86_64-alt-linux-gcc (GCC) 13.2.1 20240128 (ALT Sisyphus 13.2.1-alt3)
    PyTorch: 2.4.0+cu121
    PyTorch compiling details: PyTorch built with:
  - GCC 9.3
  - C++ Version: 201703
  - Intel(R) oneAPI Math Kernel Library Version 2022.2-Product Build 20220804 for Intel(R) 64 architecture applications
  - Intel(R) MKL-DNN v3.4.2 (Git Hash 1137e04ec0b5251ca2b4400a4fd3c667ce843d67)
  - OpenMP 201511 (a.k.a. OpenMP 4.5)
  - LAPACK is enabled (usually provided by MKL)
  - NNPACK is enabled
  - CPU capability usage: AVX512
  - CUDA Runtime 12.1
  - NVCC architecture flags: -gencode;arch=compute_50,code=sm_50;-gencode;arch=compute_60,code=sm_60;-gencode;arch=compute_70,code=sm_70;-gencode;arch=compute_75,code=sm_75;-gencode;arch=compute_80,code=sm_80;-gencode;arch=compute_86,code=sm_86;-gencode;arch=compute_90,code=sm_90
  - CuDNN 90.1  (built against CUDA 12.4)
  - Magma 2.6.1
  - Build settings: BLAS_INFO=mkl, BUILD_TYPE=Release, CUDA_VERSION=12.1, CUDNN_VERSION=9.1.0, CXX_COMPILER=/opt/rh/devtoolset-9/root/usr/bin/c++, CXX_FLAGS= -D_GLIBCXX_USE_CXX11_ABI=0 -fabi-version=11 -fvisibility-inlines-hidden -DUSE_PTHREADPOOL -DNDEBUG -DUSE_KINETO -DLIBKINETO_NOROCTRACER -DUSE_FBGEMM -DUSE_PYTORCH_QNNPACK -DUSE_XNNPACK -DSYMBOLICATE_MOBILE_DEBUG_HANDLE -O2 -fPIC -Wall -Wextra -Werror=return-type -Werror=non-virtual-dtor -Werror=bool-operation -Wnarrowing -Wno-missing-field-initializers -Wno-type-limits -Wno-array-bounds -Wno-unknown-pragmas -Wno-unused-parameter -Wno-unused-function -Wno-unused-result -Wno-strict-overflow -Wno-strict-aliasing -Wno-stringop-overflow -Wsuggest-override -Wno-psabi -Wno-error=pedantic -Wno-error=old-style-cast -Wno-missing-braces -fdiagnostics-color=always -faligned-new -Wno-unused-but-set-variable -Wno-maybe-uninitialized -fno-math-errno -fno-trapping-math -Werror=format -Wno-stringop-overflow, LAPACK_INFO=mkl, PERF_WITH_AVX=1, PERF_WITH_AVX2=1, PERF_WITH_AVX512=1, TORCH_VERSION=2.4.0, USE_CUDA=ON, USE_CUDNN=ON, USE_CUSPARSELT=1, USE_EXCEPTION_PTR=1, USE_GFLAGS=OFF, USE_GLOG=OFF, USE_GLOO=ON, USE_MKL=ON, USE_MKLDNN=ON, USE_MPI=OFF, USE_NCCL=1, USE_NNPACK=ON, USE_OPENMP=ON, USE_ROCM=OFF, USE_ROCM_KERNEL_ASSERT=OFF, 

    TorchVision: 0.19.0+cu121
    OpenCV: 4.11.0
    MMEngine: 0.10.7

Runtime environment:
    cudnn_benchmark: True
    mp_cfg: {'mp_start_method': 'fork', 'opencv_num_threads': 0}
    dist_cfg: {'backend': 'nccl'}
    seed: 491012055
    Distributed launcher: none
    Distributed training: False
    GPU number: 1
------------------------------------------------------------

2026/04/10 11:14:51 - mmengine - INFO - Config:
batch_size = 8
data_preprocessor = dict(
    bgr_to_rgb=True,
    mean=[
        123.675,
        116.28,
        103.53,
    ],
    pad_val=0,
    seg_pad_val=255,
    size=(
        256,
        256,
    ),
    std=[
        58.395,
        57.12,
        57.375,
    ],
    type='SegDataPreProcessor')
data_root = 'data/cleared'
dataset_type = 'AnimalsDataset'
default_hooks = dict(
    checkpoint=dict(
        by_epoch=True,
        interval=50,
        rule='greater',
        save_best='mDice',
        type='CheckpointHook'),
    logger=dict(interval=100, type='LoggerHook'),
    param_scheduler=dict(type='ParamSchedulerHook'),
    sampler_seed=dict(type='DistSamplerSeedHook'),
    visualization=dict(draw=True, interval=100, type='SegVisualizationHook'))
default_scope = 'mmseg'
env_cfg = dict(
    cudnn_benchmark=True,
    dist_cfg=dict(backend='nccl'),
    mp_cfg=dict(mp_start_method='fork', opencv_num_threads=0))
epoch_num = 300
input_size = (
    256,
    256,
)
launcher = 'none'
load_from = None
log_level = 'INFO'
log_processor = dict(by_epoch=False)
model = dict(
    auxiliary_head=None,
    backbone=dict(
        act_cfg=dict(type='ReLU'),
        base_channels=64,
        conv_cfg=None,
        dec_dilations=(
            1,
            1,
            1,
            1,
        ),
        dec_num_convs=(
            2,
            2,
            2,
            2,
        ),
        downsamples=(
            True,
            True,
            True,
            True,
        ),
        enc_dilations=(
            1,
            1,
            1,
            1,
            1,
        ),
        enc_num_convs=(
            2,
            2,
            2,
            2,
            2,
        ),
        in_channels=3,
        norm_cfg=dict(requires_grad=True, type='SyncBN'),
        norm_eval=False,
        num_stages=5,
        strides=(
            1,
            1,
            1,
            1,
            1,
        ),
        type='UNet',
        upsample_cfg=dict(type='InterpConv'),
        with_cp=False),
    data_preprocessor=dict(
        bgr_to_rgb=True,
        mean=[
            123.675,
            116.28,
            103.53,
        ],
        pad_val=0,
        seg_pad_val=255,
        size=(
            256,
            256,
        ),
        std=[
            58.395,
            57.12,
            57.375,
        ],
        type='SegDataPreProcessor'),
    decode_head=dict(
        align_corners=False,
        channels=16,
        dilations=(
            1,
            12,
            24,
            36,
        ),
        dropout_ratio=0.1,
        in_channels=64,
        in_index=4,
        loss_decode=[
            dict(
                class_weight=[
                    0.01,
                    1.0,
                    1.0,
                ],
                gamma=5.0,
                loss_name='loss_focal',
                loss_weight=3.0,
                type='FocalLoss',
                use_sigmoid=True),
            dict(loss_name='loss_dice', loss_weight=1.0, type='DiceLoss'),
        ],
        norm_cfg=dict(requires_grad=True, type='SyncBN'),
        num_classes=3,
        type='ASPPHead'),
    pretrained=None,
    test_cfg=dict(crop_size=256, mode='whole', stride=170),
    train_cfg=dict(),
    type='EncoderDecoder')
norm_cfg = dict(requires_grad=True, type='SyncBN')
num_workers = 4
optim_wrapper = dict(
    optimizer=dict(lr=0.001, type='AdamW', weight_decay=0.01),
    type='OptimWrapper')
optimizer = dict(lr=0.001, type='AdamW', weight_decay=0.01)
param_scheduler = [
    dict(
        begin=0,
        by_epoch=True,
        end=300,
        eta_min=1e-06,
        power=0.9,
        type='PolyLR'),
]
resume = False
test_cfg = dict(type='TestLoop')
test_dataloader = dict(
    batch_size=8,
    dataset=dict(
        data_prefix=dict(img_path='img/test', seg_map_path='labels/test'),
        data_root='data/cleared',
        img_suffix='.jpg',
        pipeline=[
            dict(type='LoadImageFromFile'),
            dict(type='LoadAnnotations'),
            dict(type='PackSegInputs'),
        ],
        seg_map_suffix='.png',
        type='AnimalsDataset'),
    num_workers=4,
    persistent_workers=True,
    sampler=dict(shuffle=False, type='DefaultSampler'))
test_dataset = dict(
    data_prefix=dict(img_path='img/test', seg_map_path='labels/test'),
    data_root='data/cleared',
    img_suffix='.jpg',
    pipeline=[
        dict(type='LoadImageFromFile'),
        dict(type='LoadAnnotations'),
        dict(type='PackSegInputs'),
    ],
    seg_map_suffix='.png',
    type='AnimalsDataset')
test_evaluator = dict(
    classwise=True, iou_metrics=[
        'mDice',
    ], num_classes=3, type='IoUMetric')
test_pipeline = [
    dict(type='LoadImageFromFile'),
    dict(type='LoadAnnotations'),
    dict(type='PackSegInputs'),
]
train_cfg = dict(max_epochs=300, type='EpochBasedTrainLoop')
train_dataloader = dict(
    batch_size=8,
    dataset=dict(
        data_prefix=dict(img_path='img/train', seg_map_path='labels/train'),
        data_root='data/cleared',
        img_suffix='.jpg',
        pipeline=[
            dict(type='LoadImageFromFile'),
            dict(type='LoadAnnotations'),
            dict(direction='horizontal', prob=0.5, type='RandomFlip'),
            dict(degree=(
                -20,
                20,
            ), type='RandomRotFlip'),
            dict(
                cutout_ratio=(
                    0.05,
                    0.1,
                ),
                n_holes=(
                    7,
                    15,
                ),
                prob=0.4,
                type='RandomCutOut'),
            dict(type='PhotoMetricDistortion'),
            dict(
                transforms=[
                    dict(num_steps=10, p=0.33, type='GridDistortion'),
                ],
                type='Albu'),
            dict(type='PackSegInputs'),
        ],
        seg_map_suffix='.png',
        type='AnimalsDataset'),
    drop_last=True,
    num_workers=4,
    persistent_workers=True,
    sampler=dict(shuffle=True, type='DefaultSampler'))
train_dataset = dict(
    data_prefix=dict(img_path='img/train', seg_map_path='labels/train'),
    data_root='data/cleared',
    img_suffix='.jpg',
    pipeline=[
        dict(type='LoadImageFromFile'),
        dict(type='LoadAnnotations'),
        dict(direction='horizontal', prob=0.5, type='RandomFlip'),
        dict(degree=(
            -20,
            20,
        ), type='RandomRotFlip'),
        dict(
            cutout_ratio=(
                0.05,
                0.1,
            ),
            n_holes=(
                7,
                15,
            ),
            prob=0.4,
            type='RandomCutOut'),
        dict(type='PhotoMetricDistortion'),
        dict(
            transforms=[
                dict(num_steps=10, p=0.33, type='GridDistortion'),
            ],
            type='Albu'),
        dict(type='PackSegInputs'),
    ],
    seg_map_suffix='.png',
    type='AnimalsDataset')
train_pipeline = [
    dict(type='LoadImageFromFile'),
    dict(type='LoadAnnotations'),
    dict(direction='horizontal', prob=0.5, type='RandomFlip'),
    dict(degree=(
        -20,
        20,
    ), type='RandomRotFlip'),
    dict(
        cutout_ratio=(
            0.05,
            0.1,
        ),
        n_holes=(
            7,
            15,
        ),
        prob=0.4,
        type='RandomCutOut'),
    dict(type='PhotoMetricDistortion'),
    dict(
        transforms=[
            dict(num_steps=10, p=0.33, type='GridDistortion'),
        ],
        type='Albu'),
    dict(type='PackSegInputs'),
]
tta_model = dict(type='SegTTAModel')
val_cfg = dict(type='ValLoop')
val_dataloader = dict(
    batch_size=8,
    dataset=dict(
        data_prefix=dict(img_path='img/val', seg_map_path='labels/val'),
        data_root='data/cleared',
        img_suffix='.jpg',
        pipeline=[
            dict(type='LoadImageFromFile'),
            dict(type='LoadAnnotations'),
            dict(type='PackSegInputs'),
        ],
        seg_map_suffix='.png',
        type='AnimalsDataset'),
    num_workers=4,
    persistent_workers=True,
    sampler=dict(shuffle=False, type='DefaultSampler'))
val_dataset = dict(
    data_prefix=dict(img_path='img/val', seg_map_path='labels/val'),
    data_root='data/cleared',
    img_suffix='.jpg',
    pipeline=[
        dict(type='LoadImageFromFile'),
        dict(type='LoadAnnotations'),
        dict(type='PackSegInputs'),
    ],
    seg_map_suffix='.png',
    type='AnimalsDataset')
val_evaluator = dict(
    classwise=True, iou_metrics=[
        'mDice',
    ], num_classes=3, type='IoUMetric')
val_pipeline = [
    dict(type='LoadImageFromFile'),
    dict(type='LoadAnnotations'),
    dict(type='PackSegInputs'),
]
vis_backends = [
    dict(type='LocalVisBackend'),
]
visualizer = dict(
    name='visualizer',
    type='SegLocalVisualizer',
    vis_backends=[
        dict(type='LocalVisBackend'),
        dict(
            exp_name='deeplabv3_unet_v2',
            run_name='deeplabv3_unet_s5-d16',
            tracking_uri='http://localhost:5000',
            type='MLflowVisBackend'),
    ])
work_dir = 'practicum_work/artifacts/mmsegmentation_work_dir'

2026/04/10 11:14:52 - mmengine - WARNING - Please make sure that the mlflow server is running.
2026/04/10 11:14:54 - mmengine - INFO - Distributed training is not used, all SyncBatchNorm (SyncBN) layers in the model will be automatically reverted to BatchNormXd layers if they are used.
2026/04/10 11:14:54 - mmengine - INFO - Hooks will be executed in the following order:
before_run:
(VERY_HIGH   ) RuntimeInfoHook                    
(BELOW_NORMAL) LoggerHook                         
 -------------------- 
before_train:
(VERY_HIGH   ) RuntimeInfoHook                    
(NORMAL      ) IterTimerHook                      
(VERY_LOW    ) CheckpointHook                     
 -------------------- 
before_train_epoch:
(VERY_HIGH   ) RuntimeInfoHook                    
(NORMAL      ) IterTimerHook                      
(NORMAL      ) DistSamplerSeedHook                
 -------------------- 
before_train_iter:
(VERY_HIGH   ) RuntimeInfoHook                    
(NORMAL      ) IterTimerHook                      
 -------------------- 
after_train_iter:
(VERY_HIGH   ) RuntimeInfoHook                    
(NORMAL      ) IterTimerHook                      
(BELOW_NORMAL) LoggerHook                         
(LOW         ) ParamSchedulerHook                 
(VERY_LOW    ) CheckpointHook                     
 -------------------- 
after_train_epoch:
(NORMAL      ) IterTimerHook                      
(LOW         ) ParamSchedulerHook                 
(VERY_LOW    ) CheckpointHook                     
 -------------------- 
before_val:
(VERY_HIGH   ) RuntimeInfoHook                    
 -------------------- 
before_val_epoch:
(NORMAL      ) IterTimerHook                      
 -------------------- 
before_val_iter:
(NORMAL      ) IterTimerHook                      
 -------------------- 
after_val_iter:
(NORMAL      ) IterTimerHook                      
(NORMAL      ) SegVisualizationHook               
(BELOW_NORMAL) LoggerHook                         
 -------------------- 
after_val_epoch:
(VERY_HIGH   ) RuntimeInfoHook                    
(NORMAL      ) IterTimerHook                      
(BELOW_NORMAL) LoggerHook                         
(LOW         ) ParamSchedulerHook                 
(VERY_LOW    ) CheckpointHook                     
 -------------------- 
after_val:
(VERY_HIGH   ) RuntimeInfoHook                    
 -------------------- 
after_train:
(VERY_HIGH   ) RuntimeInfoHook                    
(VERY_LOW    ) CheckpointHook                     
 -------------------- 
before_test:
(VERY_HIGH   ) RuntimeInfoHook                    
 -------------------- 
before_test_epoch:
(NORMAL      ) IterTimerHook                      
 -------------------- 
before_test_iter:
(NORMAL      ) IterTimerHook                      
 -------------------- 
after_test_iter:
(NORMAL      ) IterTimerHook                      
(NORMAL      ) SegVisualizationHook               
(BELOW_NORMAL) LoggerHook                         
 -------------------- 
after_test_epoch:
(VERY_HIGH   ) RuntimeInfoHook                    
(NORMAL      ) IterTimerHook                      
(BELOW_NORMAL) LoggerHook                         
 -------------------- 
after_test:
(VERY_HIGH   ) RuntimeInfoHook                    
 -------------------- 
after_run:
(BELOW_NORMAL) LoggerHook                         
 -------------------- 
2026/04/10 11:14:55 - mmengine - WARNING - The prefix is not set in metric class IoUMetric.
Name of parameter - Initialization information

backbone.encoder.0.0.convs.0.conv.weight - torch.Size([64, 3, 3, 3]): 
KaimingInit: a=0, mode=fan_out, nonlinearity=relu, distribution =normal, bias=0 

backbone.encoder.0.0.convs.0.bn.weight - torch.Size([64]): 
The value is the same before and after calling `init_weights` of EncoderDecoder  

backbone.encoder.0.0.convs.0.bn.bias - torch.Size([64]): 
The value is the same before and after calling `init_weights` of EncoderDecoder  

backbone.encoder.0.0.convs.1.conv.weight - torch.Size([64, 64, 3, 3]): 
KaimingInit: a=0, mode=fan_out, nonlinearity=relu, distribution =normal, bias=0 

backbone.encoder.0.0.convs.1.bn.weight - torch.Size([64]): 
The value is the same before and after calling `init_weights` of EncoderDecoder  

backbone.encoder.0.0.convs.1.bn.bias - torch.Size([64]): 
The value is the same before and after calling `init_weights` of EncoderDecoder  

backbone.encoder.1.1.convs.0.conv.weight - torch.Size([128, 64, 3, 3]): 
KaimingInit: a=0, mode=fan_out, nonlinearity=relu, distribution =normal, bias=0 

backbone.encoder.1.1.convs.0.bn.weight - torch.Size([128]): 
The value is the same before and after calling `init_weights` of EncoderDecoder  

backbone.encoder.1.1.convs.0.bn.bias - torch.Size([128]): 
The value is the same before and after calling `init_weights` of EncoderDecoder  

backbone.encoder.1.1.convs.1.conv.weight - torch.Size([128, 128, 3, 3]): 
KaimingInit: a=0, mode=fan_out, nonlinearity=relu, distribution =normal, bias=0 

backbone.encoder.1.1.convs.1.bn.weight - torch.Size([128]): 
The value is the same before and after calling `init_weights` of EncoderDecoder  

backbone.encoder.1.1.convs.1.bn.bias - torch.Size([128]): 
The value is the same before and after calling `init_weights` of EncoderDecoder  

backbone.encoder.2.1.convs.0.conv.weight - torch.Size([256, 128, 3, 3]): 
KaimingInit: a=0, mode=fan_out, nonlinearity=relu, distribution =normal, bias=0 

backbone.encoder.2.1.convs.0.bn.weight - torch.Size([256]): 
The value is the same before and after calling `init_weights` of EncoderDecoder  

backbone.encoder.2.1.convs.0.bn.bias - torch.Size([256]): 
The value is the same before and after calling `init_weights` of EncoderDecoder  

backbone.encoder.2.1.convs.1.conv.weight - torch.Size([256, 256, 3, 3]): 
KaimingInit: a=0, mode=fan_out, nonlinearity=relu, distribution =normal, bias=0 

backbone.encoder.2.1.convs.1.bn.weight - torch.Size([256]): 
The value is the same before and after calling `init_weights` of EncoderDecoder  

backbone.encoder.2.1.convs.1.bn.bias - torch.Size([256]): 
The value is the same before and after calling `init_weights` of EncoderDecoder  

backbone.encoder.3.1.convs.0.conv.weight - torch.Size([512, 256, 3, 3]): 
KaimingInit: a=0, mode=fan_out, nonlinearity=relu, distribution =normal, bias=0 

backbone.encoder.3.1.convs.0.bn.weight - torch.Size([512]): 
The value is the same before and after calling `init_weights` of EncoderDecoder  

backbone.encoder.3.1.convs.0.bn.bias - torch.Size([512]): 
The value is the same before and after calling `init_weights` of EncoderDecoder  

backbone.encoder.3.1.convs.1.conv.weight - torch.Size([512, 512, 3, 3]): 
KaimingInit: a=0, mode=fan_out, nonlinearity=relu, distribution =normal, bias=0 

backbone.encoder.3.1.convs.1.bn.weight - torch.Size([512]): 
The value is the same before and after calling `init_weights` of EncoderDecoder  

backbone.encoder.3.1.convs.1.bn.bias - torch.Size([512]): 
The value is the same before and after calling `init_weights` of EncoderDecoder  

backbone.encoder.4.1.convs.0.conv.weight - torch.Size([1024, 512, 3, 3]): 
KaimingInit: a=0, mode=fan_out, nonlinearity=relu, distribution =normal, bias=0 

backbone.encoder.4.1.convs.0.bn.weight - torch.Size([1024]): 
The value is the same before and after calling `init_weights` of EncoderDecoder  

backbone.encoder.4.1.convs.0.bn.bias - torch.Size([1024]): 
The value is the same before and after calling `init_weights` of EncoderDecoder  

backbone.encoder.4.1.convs.1.conv.weight - torch.Size([1024, 1024, 3, 3]): 
KaimingInit: a=0, mode=fan_out, nonlinearity=relu, distribution =normal, bias=0 

backbone.encoder.4.1.convs.1.bn.weight - torch.Size([1024]): 
The value is the same before and after calling `init_weights` of EncoderDecoder  

backbone.encoder.4.1.convs.1.bn.bias - torch.Size([1024]): 
The value is the same before and after calling `init_weights` of EncoderDecoder  

backbone.decoder.0.conv_block.convs.0.conv.weight - torch.Size([64, 128, 3, 3]): 
KaimingInit: a=0, mode=fan_out, nonlinearity=relu, distribution =normal, bias=0 

backbone.decoder.0.conv_block.convs.0.bn.weight - torch.Size([64]): 
The value is the same before and after calling `init_weights` of EncoderDecoder  

backbone.decoder.0.conv_block.convs.0.bn.bias - torch.Size([64]): 
The value is the same before and after calling `init_weights` of EncoderDecoder  

backbone.decoder.0.conv_block.convs.1.conv.weight - torch.Size([64, 64, 3, 3]): 
KaimingInit: a=0, mode=fan_out, nonlinearity=relu, distribution =normal, bias=0 

backbone.decoder.0.conv_block.convs.1.bn.weight - torch.Size([64]): 
The value is the same before and after calling `init_weights` of EncoderDecoder  

backbone.decoder.0.conv_block.convs.1.bn.bias - torch.Size([64]): 
The value is the same before and after calling `init_weights` of EncoderDecoder  

backbone.decoder.0.upsample.interp_upsample.1.conv.weight - torch.Size([64, 128, 1, 1]): 
KaimingInit: a=0, mode=fan_out, nonlinearity=relu, distribution =normal, bias=0 

backbone.decoder.0.upsample.interp_upsample.1.bn.weight - torch.Size([64]): 
The value is the same before and after calling `init_weights` of EncoderDecoder  

backbone.decoder.0.upsample.interp_upsample.1.bn.bias - torch.Size([64]): 
The value is the same before and after calling `init_weights` of EncoderDecoder  

backbone.decoder.1.conv_block.convs.0.conv.weight - torch.Size([128, 256, 3, 3]): 
KaimingInit: a=0, mode=fan_out, nonlinearity=relu, distribution =normal, bias=0 

backbone.decoder.1.conv_block.convs.0.bn.weight - torch.Size([128]): 
The value is the same before and after calling `init_weights` of EncoderDecoder  

backbone.decoder.1.conv_block.convs.0.bn.bias - torch.Size([128]): 
The value is the same before and after calling `init_weights` of EncoderDecoder  

backbone.decoder.1.conv_block.convs.1.conv.weight - torch.Size([128, 128, 3, 3]): 
KaimingInit: a=0, mode=fan_out, nonlinearity=relu, distribution =normal, bias=0 

backbone.decoder.1.conv_block.convs.1.bn.weight - torch.Size([128]): 
The value is the same before and after calling `init_weights` of EncoderDecoder  

backbone.decoder.1.conv_block.convs.1.bn.bias - torch.Size([128]): 
The value is the same before and after calling `init_weights` of EncoderDecoder  

backbone.decoder.1.upsample.interp_upsample.1.conv.weight - torch.Size([128, 256, 1, 1]): 
KaimingInit: a=0, mode=fan_out, nonlinearity=relu, distribution =normal, bias=0 

backbone.decoder.1.upsample.interp_upsample.1.bn.weight - torch.Size([128]): 
The value is the same before and after calling `init_weights` of EncoderDecoder  

backbone.decoder.1.upsample.interp_upsample.1.bn.bias - torch.Size([128]): 
The value is the same before and after calling `init_weights` of EncoderDecoder  

backbone.decoder.2.conv_block.convs.0.conv.weight - torch.Size([256, 512, 3, 3]): 
KaimingInit: a=0, mode=fan_out, nonlinearity=relu, distribution =normal, bias=0 

backbone.decoder.2.conv_block.convs.0.bn.weight - torch.Size([256]): 
The value is the same before and after calling `init_weights` of EncoderDecoder  

backbone.decoder.2.conv_block.convs.0.bn.bias - torch.Size([256]): 
The value is the same before and after calling `init_weights` of EncoderDecoder  

backbone.decoder.2.conv_block.convs.1.conv.weight - torch.Size([256, 256, 3, 3]): 
KaimingInit: a=0, mode=fan_out, nonlinearity=relu, distribution =normal, bias=0 

backbone.decoder.2.conv_block.convs.1.bn.weight - torch.Size([256]): 
The value is the same before and after calling `init_weights` of EncoderDecoder  

backbone.decoder.2.conv_block.convs.1.bn.bias - torch.Size([256]): 
The value is the same before and after calling `init_weights` of EncoderDecoder  

backbone.decoder.2.upsample.interp_upsample.1.conv.weight - torch.Size([256, 512, 1, 1]): 
KaimingInit: a=0, mode=fan_out, nonlinearity=relu, distribution =normal, bias=0 

backbone.decoder.2.upsample.interp_upsample.1.bn.weight - torch.Size([256]): 
The value is the same before and after calling `init_weights` of EncoderDecoder  

backbone.decoder.2.upsample.interp_upsample.1.bn.bias - torch.Size([256]): 
The value is the same before and after calling `init_weights` of EncoderDecoder  

backbone.decoder.3.conv_block.convs.0.conv.weight - torch.Size([512, 1024, 3, 3]): 
KaimingInit: a=0, mode=fan_out, nonlinearity=relu, distribution =normal, bias=0 

backbone.decoder.3.conv_block.convs.0.bn.weight - torch.Size([512]): 
The value is the same before and after calling `init_weights` of EncoderDecoder  

backbone.decoder.3.conv_block.convs.0.bn.bias - torch.Size([512]): 
The value is the same before and after calling `init_weights` of EncoderDecoder  

backbone.decoder.3.conv_block.convs.1.conv.weight - torch.Size([512, 512, 3, 3]): 
KaimingInit: a=0, mode=fan_out, nonlinearity=relu, distribution =normal, bias=0 

backbone.decoder.3.conv_block.convs.1.bn.weight - torch.Size([512]): 
The value is the same before and after calling `init_weights` of EncoderDecoder  

backbone.decoder.3.conv_block.convs.1.bn.bias - torch.Size([512]): 
The value is the same before and after calling `init_weights` of EncoderDecoder  

backbone.decoder.3.upsample.interp_upsample.1.conv.weight - torch.Size([512, 1024, 1, 1]): 
KaimingInit: a=0, mode=fan_out, nonlinearity=relu, distribution =normal, bias=0 

backbone.decoder.3.upsample.interp_upsample.1.bn.weight - torch.Size([512]): 
The value is the same before and after calling `init_weights` of EncoderDecoder  

backbone.decoder.3.upsample.interp_upsample.1.bn.bias - torch.Size([512]): 
The value is the same before and after calling `init_weights` of EncoderDecoder  

decode_head.conv_seg.weight - torch.Size([3, 16, 1, 1]): 
NormalInit: mean=0, std=0.01, bias=0 

decode_head.conv_seg.bias - torch.Size([3]): 
NormalInit: mean=0, std=0.01, bias=0 

decode_head.image_pool.1.conv.weight - torch.Size([16, 64, 1, 1]): 
The value is the same before and after calling `init_weights` of EncoderDecoder  

decode_head.image_pool.1.bn.weight - torch.Size([16]): 
The value is the same before and after calling `init_weights` of EncoderDecoder  

decode_head.image_pool.1.bn.bias - torch.Size([16]): 
The value is the same before and after calling `init_weights` of EncoderDecoder  

decode_head.aspp_modules.0.conv.weight - torch.Size([16, 64, 1, 1]): 
The value is the same before and after calling `init_weights` of EncoderDecoder  

decode_head.aspp_modules.0.bn.weight - torch.Size([16]): 
The value is the same before and after calling `init_weights` of EncoderDecoder  

decode_head.aspp_modules.0.bn.bias - torch.Size([16]): 
The value is the same before and after calling `init_weights` of EncoderDecoder  

decode_head.aspp_modules.1.conv.weight - torch.Size([16, 64, 3, 3]): 
The value is the same before and after calling `init_weights` of EncoderDecoder  

decode_head.aspp_modules.1.bn.weight - torch.Size([16]): 
The value is the same before and after calling `init_weights` of EncoderDecoder  

decode_head.aspp_modules.1.bn.bias - torch.Size([16]): 
The value is the same before and after calling `init_weights` of EncoderDecoder  

decode_head.aspp_modules.2.conv.weight - torch.Size([16, 64, 3, 3]): 
The value is the same before and after calling `init_weights` of EncoderDecoder  

decode_head.aspp_modules.2.bn.weight - torch.Size([16]): 
The value is the same before and after calling `init_weights` of EncoderDecoder  

decode_head.aspp_modules.2.bn.bias - torch.Size([16]): 
The value is the same before and after calling `init_weights` of EncoderDecoder  

decode_head.aspp_modules.3.conv.weight - torch.Size([16, 64, 3, 3]): 
The value is the same before and after calling `init_weights` of EncoderDecoder  

decode_head.aspp_modules.3.bn.weight - torch.Size([16]): 
The value is the same before and after calling `init_weights` of EncoderDecoder  

decode_head.aspp_modules.3.bn.bias - torch.Size([16]): 
The value is the same before and after calling `init_weights` of EncoderDecoder  

decode_head.bottleneck.conv.weight - torch.Size([16, 80, 3, 3]): 
Initialized by user-defined `init_weights` in ConvModule  

decode_head.bottleneck.bn.weight - torch.Size([16]): 
The value is the same before and after calling `init_weights` of EncoderDecoder  

decode_head.bottleneck.bn.bias - torch.Size([16]): 
The value is the same before and after calling `init_weights` of EncoderDecoder  
2026/04/10 11:14:55 - mmengine - WARNING - "FileClient" will be deprecated in future. Please use io functions in https://mmengine.readthedocs.io/en/latest/api/fileio.html#file-io
2026/04/10 11:14:55 - mmengine - WARNING - "HardDiskBackend" is the alias of "LocalBackend" and the former will be deprecated in future.
2026/04/10 11:14:55 - mmengine - INFO - Checkpoints will be saved to /data_12/gpudev/kashnitskii/yx/s6_project/practicum_work/artifacts/mmsegmentation_work_dir.
2026/04/10 11:15:07 - mmengine - INFO - Exp name: deeplab_v3_conf_20260410_111450
2026/04/10 11:15:07 - mmengine - INFO - Iter(train) [  24/7200]  lr: 1.0000e-03  eta: 1:02:44  time: 0.2634  data_time: 0.0062  memory: 19183  loss: 0.3970  decode.loss_focal: 0.0145  decode.loss_dice: 0.3824  decode.acc_seg: 88.4834
2026/04/10 11:15:09 - mmengine - INFO - per class results:
2026/04/10 11:15:09 - mmengine - INFO - 
+------------+-------+-------+
|   Class    |  Dice |  Acc  |
+------------+-------+-------+
| background | 94.32 | 100.0 |
|    cat     |  0.0  |  0.0  |
|    dog     |  0.0  |  0.0  |
+------------+-------+-------+
2026/04/10 11:15:09 - mmengine - INFO - Iter(val) [15/15]    aAcc: 89.2600  mDice: 31.4400  mAcc: 33.3300  data_time: 0.0150  time: 0.0772
2026/04/10 11:15:09 - mmengine - INFO - The best checkpoint with 31.4400 mDice at 1 epoch is saved to best_mDice_epoch_1.pth.
2026/04/10 11:15:15 - mmengine - INFO - Exp name: deeplab_v3_conf_20260410_111450
2026/04/10 11:15:15 - mmengine - INFO - Iter(train) [  48/7200]  lr: 9.9699e-04  eta: 0:47:16  time: 0.2660  data_time: 0.0071  memory: 4731  loss: 0.3233  decode.loss_focal: 0.0090  decode.loss_dice: 0.3143  decode.acc_seg: 88.5033
2026/04/10 11:15:17 - mmengine - INFO - per class results:
2026/04/10 11:15:17 - mmengine - INFO - 
+------------+-------+-------+
|   Class    |  Dice |  Acc  |
+------------+-------+-------+
| background | 94.32 | 100.0 |
|    cat     |  0.0  |  0.0  |
|    dog     |  0.0  |  0.0  |
+------------+-------+-------+
2026/04/10 11:15:17 - mmengine - INFO - Iter(val) [15/15]    aAcc: 89.2600  mDice: 31.4400  mAcc: 33.3300  data_time: 0.0097  time: 0.0713
2026/04/10 11:15:23 - mmengine - INFO - Exp name: deeplab_v3_conf_20260410_111450
2026/04/10 11:15:23 - mmengine - INFO - Iter(train) [  72/7200]  lr: 9.9398e-04  eta: 0:42:00  time: 0.2651  data_time: 0.0063  memory: 4731  loss: 0.2610  decode.loss_focal: 0.0072  decode.loss_dice: 0.2538  decode.acc_seg: 87.4462
2026/04/10 11:15:24 - mmengine - INFO - per class results:
2026/04/10 11:15:24 - mmengine - INFO - 
+------------+-------+-------+
|   Class    |  Dice |  Acc  |
+------------+-------+-------+
| background | 94.32 | 100.0 |
|    cat     |  0.0  |  0.0  |
|    dog     |  0.0  |  0.0  |
+------------+-------+-------+
2026/04/10 11:15:24 - mmengine - INFO - Iter(val) [15/15]    aAcc: 89.2600  mDice: 31.4400  mAcc: 33.3300  data_time: 0.0097  time: 0.0713
2026/04/10 11:15:31 - mmengine - INFO - Exp name: deeplab_v3_conf_20260410_111450
2026/04/10 11:15:31 - mmengine - INFO - Iter(train) [  96/7200]  lr: 9.9097e-04  eta: 0:39:20  time: 0.2657  data_time: 0.0066  memory: 4731  loss: 0.2058  decode.loss_focal: 0.0079  decode.loss_dice: 0.1979  decode.acc_seg: 91.3752
2026/04/10 11:15:32 - mmengine - INFO - per class results:
2026/04/10 11:15:32 - mmengine - INFO - 
+------------+-------+-------+
|   Class    |  Dice |  Acc  |
+------------+-------+-------+
| background | 94.32 | 100.0 |
|    cat     |  0.0  |  0.0  |
|    dog     |  0.0  |  0.0  |
+------------+-------+-------+
2026/04/10 11:15:32 - mmengine - INFO - Iter(val) [15/15]    aAcc: 89.2600  mDice: 31.4400  mAcc: 33.3300  data_time: 0.0311  time: 0.0930
2026/04/10 11:15:38 - mmengine - INFO - Exp name: deeplab_v3_conf_20260410_111450
2026/04/10 11:15:38 - mmengine - INFO - Iter(train) [ 120/7200]  lr: 9.8796e-04  eta: 0:37:41  time: 0.2654  data_time: 0.0063  memory: 4731  loss: 0.1791  decode.loss_focal: 0.0105  decode.loss_dice: 0.1685  decode.acc_seg: 91.6164
2026/04/10 11:15:40 - mmengine - INFO - per class results:
2026/04/10 11:15:40 - mmengine - INFO - 
+------------+-------+-------+
|   Class    |  Dice |  Acc  |
+------------+-------+-------+
| background | 94.32 | 100.0 |
|    cat     |  0.0  |  0.0  |
|    dog     |  0.0  |  0.0  |
+------------+-------+-------+
2026/04/10 11:15:40 - mmengine - INFO - Iter(val) [15/15]    aAcc: 89.2600  mDice: 31.4400  mAcc: 33.3300  data_time: 0.0097  time: 0.0713
2026/04/10 11:15:46 - mmengine - INFO - Exp name: deeplab_v3_conf_20260410_111450
2026/04/10 11:15:46 - mmengine - INFO - Iter(train) [ 144/7200]  lr: 9.8495e-04  eta: 0:36:34  time: 0.2659  data_time: 0.0062  memory: 4731  loss: 0.1532  decode.loss_focal: 0.0118  decode.loss_dice: 0.1414  decode.acc_seg: 91.0490
2026/04/10 11:15:47 - mmengine - INFO - per class results:
2026/04/10 11:15:47 - mmengine - INFO - 
+------------+-------+-------+
|   Class    |  Dice |  Acc  |
+------------+-------+-------+
| background | 94.32 | 100.0 |
|    cat     |  0.0  |  0.0  |
|    dog     |  0.0  |  0.0  |
+------------+-------+-------+
2026/04/10 11:15:47 - mmengine - INFO - Iter(val) [15/15]    aAcc: 89.2600  mDice: 31.4400  mAcc: 33.3300  data_time: 0.0090  time: 0.0706
2026/04/10 11:15:54 - mmengine - INFO - Exp name: deeplab_v3_conf_20260410_111450
2026/04/10 11:15:54 - mmengine - INFO - Iter(train) [ 168/7200]  lr: 9.8194e-04  eta: 0:35:45  time: 0.2659  data_time: 0.0063  memory: 4731  loss: 0.1484  decode.loss_focal: 0.0147  decode.loss_dice: 0.1337  decode.acc_seg: 86.6282
2026/04/10 11:15:55 - mmengine - INFO - per class results:
2026/04/10 11:15:55 - mmengine - INFO - 
+------------+-------+-------+
|   Class    |  Dice |  Acc  |
+------------+-------+-------+
| background | 94.32 | 100.0 |
|    cat     |  0.0  |  0.0  |
|    dog     |  0.0  |  0.0  |
+------------+-------+-------+
2026/04/10 11:15:55 - mmengine - INFO - Iter(val) [15/15]    aAcc: 89.2600  mDice: 31.4400  mAcc: 33.3300  data_time: 0.0109  time: 0.0730
2026/04/10 11:16:01 - mmengine - INFO - Exp name: deeplab_v3_conf_20260410_111450
2026/04/10 11:16:01 - mmengine - INFO - Iter(train) [ 192/7200]  lr: 9.7893e-04  eta: 0:35:05  time: 0.2662  data_time: 0.0062  memory: 4731  loss: 0.1407  decode.loss_focal: 0.0159  decode.loss_dice: 0.1248  decode.acc_seg: 89.5483
2026/04/10 11:16:02 - mmengine - INFO - per class results:
2026/04/10 11:16:02 - mmengine - INFO - 
+------------+-------+-------+
|   Class    |  Dice |  Acc  |
+------------+-------+-------+
| background | 94.32 | 100.0 |
|    cat     |  0.0  |  0.0  |
|    dog     |  0.0  |  0.0  |
+------------+-------+-------+
2026/04/10 11:16:02 - mmengine - INFO - Iter(val) [15/15]    aAcc: 89.2600  mDice: 31.4400  mAcc: 33.3300  data_time: 0.0136  time: 0.0755
2026/04/10 11:16:09 - mmengine - INFO - Exp name: deeplab_v3_conf_20260410_111450
2026/04/10 11:16:09 - mmengine - INFO - Iter(train) [ 216/7200]  lr: 9.7591e-04  eta: 0:34:33  time: 0.2664  data_time: 0.0063  memory: 4731  loss: 0.1343  decode.loss_focal: 0.0154  decode.loss_dice: 0.1189  decode.acc_seg: 87.7995
2026/04/10 11:16:10 - mmengine - INFO - per class results:
2026/04/10 11:16:10 - mmengine - INFO - 
+------------+-------+-------+
|   Class    |  Dice |  Acc  |
+------------+-------+-------+
| background | 94.32 | 100.0 |
|    cat     |  0.0  |  0.0  |
|    dog     |  0.0  |  0.0  |
+------------+-------+-------+
2026/04/10 11:16:10 - mmengine - INFO - Iter(val) [15/15]    aAcc: 89.2600  mDice: 31.4400  mAcc: 33.3300  data_time: 0.0104  time: 0.0723
2026/04/10 11:16:16 - mmengine - INFO - Exp name: deeplab_v3_conf_20260410_111450
2026/04/10 11:16:16 - mmengine - INFO - Iter(train) [ 240/7200]  lr: 9.7290e-04  eta: 0:34:07  time: 0.2665  data_time: 0.0064  memory: 4731  loss: 0.1382  decode.loss_focal: 0.0210  decode.loss_dice: 0.1172  decode.acc_seg: 87.4567
2026/04/10 11:16:18 - mmengine - INFO - per class results:
2026/04/10 11:16:18 - mmengine - INFO - 
+------------+-------+-------+
|   Class    |  Dice |  Acc  |
+------------+-------+-------+
| background | 94.32 | 100.0 |
|    cat     |  0.0  |  0.0  |
|    dog     |  0.0  |  0.0  |
+------------+-------+-------+
2026/04/10 11:16:18 - mmengine - INFO - Iter(val) [15/15]    aAcc: 89.2600  mDice: 31.4400  mAcc: 33.3300  data_time: 0.0093  time: 0.0720
2026/04/10 11:16:24 - mmengine - INFO - Exp name: deeplab_v3_conf_20260410_111450
2026/04/10 11:16:24 - mmengine - INFO - Iter(train) [ 264/7200]  lr: 9.6988e-04  eta: 0:33:45  time: 0.2673  data_time: 0.0065  memory: 4731  loss: 0.1278  decode.loss_focal: 0.0186  decode.loss_dice: 0.1092  decode.acc_seg: 88.5708
2026/04/10 11:16:25 - mmengine - INFO - per class results:
2026/04/10 11:16:25 - mmengine - INFO - 
+------------+-------+-------+
|   Class    |  Dice |  Acc  |
+------------+-------+-------+
| background | 94.32 | 100.0 |
|    cat     |  0.0  |  0.0  |
|    dog     |  0.0  |  0.0  |
+------------+-------+-------+
2026/04/10 11:16:25 - mmengine - INFO - Iter(val) [15/15]    aAcc: 89.2600  mDice: 31.4400  mAcc: 33.3300  data_time: 0.0106  time: 0.0732
2026/04/10 11:16:32 - mmengine - INFO - Exp name: deeplab_v3_conf_20260410_111450
2026/04/10 11:16:32 - mmengine - INFO - Iter(train) [ 288/7200]  lr: 9.6686e-04  eta: 0:33:25  time: 0.2673  data_time: 0.0065  memory: 4731  loss: 0.1314  decode.loss_focal: 0.0177  decode.loss_dice: 0.1138  decode.acc_seg: 90.5575
2026/04/10 11:16:33 - mmengine - INFO - per class results:
2026/04/10 11:16:33 - mmengine - INFO - 
+------------+-------+-------+
|   Class    |  Dice |  Acc  |
+------------+-------+-------+
| background | 94.32 | 100.0 |
|    cat     |  0.0  |  0.0  |
|    dog     |  0.0  |  0.0  |
+------------+-------+-------+
2026/04/10 11:16:33 - mmengine - INFO - Iter(val) [15/15]    aAcc: 89.2600  mDice: 31.4400  mAcc: 33.3300  data_time: 0.0266  time: 0.0885
2026/04/10 11:16:40 - mmengine - INFO - Exp name: deeplab_v3_conf_20260410_111450
2026/04/10 11:16:40 - mmengine - INFO - Iter(train) [ 312/7200]  lr: 9.6384e-04  eta: 0:33:08  time: 0.2669  data_time: 0.0063  memory: 4731  loss: 0.1251  decode.loss_focal: 0.0178  decode.loss_dice: 0.1073  decode.acc_seg: 86.2141
2026/04/10 11:16:41 - mmengine - INFO - per class results:
2026/04/10 11:16:41 - mmengine - INFO - 
+------------+-------+-------+
|   Class    |  Dice |  Acc  |
+------------+-------+-------+
| background | 94.32 | 100.0 |
|    cat     |  0.0  |  0.0  |
|    dog     |  0.0  |  0.0  |
+------------+-------+-------+
2026/04/10 11:16:41 - mmengine - INFO - Iter(val) [15/15]    aAcc: 89.2600  mDice: 31.4400  mAcc: 33.3300  data_time: 0.0097  time: 0.0716
2026/04/10 11:16:47 - mmengine - INFO - Exp name: deeplab_v3_conf_20260410_111450
2026/04/10 11:16:47 - mmengine - INFO - Iter(train) [ 336/7200]  lr: 9.6082e-04  eta: 0:32:52  time: 0.2666  data_time: 0.0060  memory: 4731  loss: 0.1209  decode.loss_focal: 0.0163  decode.loss_dice: 0.1046  decode.acc_seg: 91.0208
2026/04/10 11:16:48 - mmengine - INFO - per class results:
2026/04/10 11:16:48 - mmengine - INFO - 
+------------+-------+-------+
|   Class    |  Dice |  Acc  |
+------------+-------+-------+
| background | 94.32 | 100.0 |
|    cat     |  0.0  |  0.0  |
|    dog     |  0.0  |  0.0  |
+------------+-------+-------+
2026/04/10 11:16:48 - mmengine - INFO - Iter(val) [15/15]    aAcc: 89.2600  mDice: 31.4400  mAcc: 33.3300  data_time: 0.0097  time: 0.0717
2026/04/10 11:16:55 - mmengine - INFO - Exp name: deeplab_v3_conf_20260410_111450
2026/04/10 11:16:55 - mmengine - INFO - Iter(train) [ 360/7200]  lr: 9.5780e-04  eta: 0:32:38  time: 0.2668  data_time: 0.0060  memory: 4731  loss: 0.1167  decode.loss_focal: 0.0171  decode.loss_dice: 0.0996  decode.acc_seg: 89.0623
2026/04/10 11:16:56 - mmengine - INFO - per class results:
2026/04/10 11:16:56 - mmengine - INFO - 
+------------+-------+-------+
|   Class    |  Dice |  Acc  |
+------------+-------+-------+
| background | 94.32 | 100.0 |
|    cat     |  0.0  |  0.0  |
|    dog     |  0.0  |  0.0  |
+------------+-------+-------+
2026/04/10 11:16:56 - mmengine - INFO - Iter(val) [15/15]    aAcc: 89.2600  mDice: 31.4400  mAcc: 33.3300  data_time: 0.0097  time: 0.0718
2026/04/10 11:17:02 - mmengine - INFO - Exp name: deeplab_v3_conf_20260410_111450
2026/04/10 11:17:02 - mmengine - INFO - Iter(train) [ 384/7200]  lr: 9.5478e-04  eta: 0:32:24  time: 0.2676  data_time: 0.0066  memory: 4731  loss: 0.1171  decode.loss_focal: 0.0163  decode.loss_dice: 0.1008  decode.acc_seg: 89.3316
2026/04/10 11:17:04 - mmengine - INFO - per class results:
2026/04/10 11:17:04 - mmengine - INFO - 
+------------+-------+-------+
|   Class    |  Dice |  Acc  |
+------------+-------+-------+
| background | 94.32 | 100.0 |
|    cat     |  0.0  |  0.0  |
|    dog     |  0.0  |  0.0  |
+------------+-------+-------+
2026/04/10 11:17:04 - mmengine - INFO - Iter(val) [15/15]    aAcc: 89.2600  mDice: 31.4400  mAcc: 33.3300  data_time: 0.0102  time: 0.0724
2026/04/10 11:17:10 - mmengine - INFO - Exp name: deeplab_v3_conf_20260410_111450
2026/04/10 11:17:10 - mmengine - INFO - Iter(train) [ 408/7200]  lr: 9.5176e-04  eta: 0:32:11  time: 0.2675  data_time: 0.0068  memory: 4731  loss: 0.1198  decode.loss_focal: 0.0195  decode.loss_dice: 0.1003  decode.acc_seg: 87.5490
2026/04/10 11:17:11 - mmengine - INFO - per class results:
2026/04/10 11:17:11 - mmengine - INFO - 
+------------+-------+-------+
|   Class    |  Dice |  Acc  |
+------------+-------+-------+
| background | 94.32 | 100.0 |
|    cat     |  0.0  |  0.0  |
|    dog     |  0.0  |  0.0  |
+------------+-------+-------+
2026/04/10 11:17:11 - mmengine - INFO - Iter(val) [15/15]    aAcc: 89.2600  mDice: 31.4400  mAcc: 33.3300  data_time: 0.0091  time: 0.0712
2026/04/10 11:17:18 - mmengine - INFO - Exp name: deeplab_v3_conf_20260410_111450
2026/04/10 11:17:18 - mmengine - INFO - Iter(train) [ 432/7200]  lr: 9.4873e-04  eta: 0:31:59  time: 0.2675  data_time: 0.0061  memory: 4731  loss: 0.1122  decode.loss_focal: 0.0142  decode.loss_dice: 0.0980  decode.acc_seg: 91.6531
2026/04/10 11:17:19 - mmengine - INFO - per class results:
2026/04/10 11:17:19 - mmengine - INFO - 
+------------+-------+-------+
|   Class    |  Dice |  Acc  |
+------------+-------+-------+
| background | 94.32 | 100.0 |
|    cat     |  0.0  |  0.0  |
|    dog     |  0.0  |  0.0  |
+------------+-------+-------+
2026/04/10 11:17:19 - mmengine - INFO - Iter(val) [15/15]    aAcc: 89.2600  mDice: 31.4400  mAcc: 33.3300  data_time: 0.0092  time: 0.0714
2026/04/10 11:17:25 - mmengine - INFO - Exp name: deeplab_v3_conf_20260410_111450
2026/04/10 11:17:25 - mmengine - INFO - Iter(train) [ 456/7200]  lr: 9.4571e-04  eta: 0:31:48  time: 0.2677  data_time: 0.0062  memory: 4731  loss: 0.1284  decode.loss_focal: 0.0214  decode.loss_dice: 0.1070  decode.acc_seg: 84.7462
2026/04/10 11:17:26 - mmengine - INFO - per class results:
2026/04/10 11:17:26 - mmengine - INFO - 
+------------+-------+-------+
|   Class    |  Dice |  Acc  |
+------------+-------+-------+
| background | 94.32 | 100.0 |
|    cat     |  0.0  |  0.0  |
|    dog     |  0.0  |  0.0  |
+------------+-------+-------+
2026/04/10 11:17:26 - mmengine - INFO - Iter(val) [15/15]    aAcc: 89.2600  mDice: 31.4400  mAcc: 33.3300  data_time: 0.0093  time: 0.0714
2026/04/10 11:17:33 - mmengine - INFO - Exp name: deeplab_v3_conf_20260410_111450
2026/04/10 11:17:33 - mmengine - INFO - Iter(train) [ 480/7200]  lr: 9.4268e-04  eta: 0:31:37  time: 0.2683  data_time: 0.0065  memory: 4731  loss: 0.1155  decode.loss_focal: 0.0180  decode.loss_dice: 0.0975  decode.acc_seg: 86.8855
2026/04/10 11:17:34 - mmengine - INFO - per class results:
2026/04/10 11:17:34 - mmengine - INFO - 
+------------+-------+-------+
|   Class    |  Dice |  Acc  |
+------------+-------+-------+
| background | 94.32 | 100.0 |
|    cat     |  0.0  |  0.0  |
|    dog     |  0.0  |  0.0  |
+------------+-------+-------+
2026/04/10 11:17:34 - mmengine - INFO - Iter(val) [15/15]    aAcc: 89.2600  mDice: 31.4400  mAcc: 33.3300  data_time: 0.0087  time: 0.0708
2026/04/10 11:17:41 - mmengine - INFO - Exp name: deeplab_v3_conf_20260410_111450
2026/04/10 11:17:41 - mmengine - INFO - Iter(train) [ 504/7200]  lr: 9.3965e-04  eta: 0:31:26  time: 0.2674  data_time: 0.0063  memory: 4731  loss: 0.1199  decode.loss_focal: 0.0180  decode.loss_dice: 0.1019  decode.acc_seg: 88.5489
2026/04/10 11:17:42 - mmengine - INFO - per class results:
2026/04/10 11:17:42 - mmengine - INFO - 
+------------+-------+-------+
|   Class    |  Dice |  Acc  |
+------------+-------+-------+
| background | 94.32 | 100.0 |
|    cat     |  0.0  |  0.0  |
|    dog     |  0.0  |  0.0  |
+------------+-------+-------+
2026/04/10 11:17:42 - mmengine - INFO - Iter(val) [15/15]    aAcc: 89.2600  mDice: 31.4400  mAcc: 33.3300  data_time: 0.0091  time: 0.0713
2026/04/10 11:17:48 - mmengine - INFO - Exp name: deeplab_v3_conf_20260410_111450
2026/04/10 11:17:48 - mmengine - INFO - Iter(train) [ 528/7200]  lr: 9.3662e-04  eta: 0:31:16  time: 0.2682  data_time: 0.0063  memory: 4731  loss: 0.1212  decode.loss_focal: 0.0188  decode.loss_dice: 0.1024  decode.acc_seg: 91.0791
2026/04/10 11:17:49 - mmengine - INFO - per class results:
2026/04/10 11:17:49 - mmengine - INFO - 
+------------+-------+-------+
|   Class    |  Dice |  Acc  |
+------------+-------+-------+
| background | 94.32 | 100.0 |
|    cat     |  0.0  |  0.0  |
|    dog     |  0.0  |  0.0  |
+------------+-------+-------+
2026/04/10 11:17:49 - mmengine - INFO - Iter(val) [15/15]    aAcc: 89.2600  mDice: 31.4400  mAcc: 33.3300  data_time: 0.0094  time: 0.0719
2026/04/10 11:17:56 - mmengine - INFO - Exp name: deeplab_v3_conf_20260410_111450
2026/04/10 11:17:56 - mmengine - INFO - Iter(train) [ 552/7200]  lr: 9.3360e-04  eta: 0:31:07  time: 0.2692  data_time: 0.0068  memory: 4731  loss: 0.1161  decode.loss_focal: 0.0181  decode.loss_dice: 0.0979  decode.acc_seg: 89.8247
2026/04/10 11:17:57 - mmengine - INFO - per class results:
2026/04/10 11:17:57 - mmengine - INFO - 
+------------+-------+-------+
|   Class    |  Dice |  Acc  |
+------------+-------+-------+
| background | 94.32 | 100.0 |
|    cat     |  0.0  |  0.0  |
|    dog     |  0.0  |  0.0  |
+------------+-------+-------+
2026/04/10 11:17:57 - mmengine - INFO - Iter(val) [15/15]    aAcc: 89.2600  mDice: 31.4400  mAcc: 33.3300  data_time: 0.0092  time: 0.0715
2026/04/10 11:18:04 - mmengine - INFO - Exp name: deeplab_v3_conf_20260410_111450
2026/04/10 11:18:04 - mmengine - INFO - Iter(train) [ 576/7200]  lr: 9.3056e-04  eta: 0:30:58  time: 0.2682  data_time: 0.0064  memory: 4731  loss: 0.1112  decode.loss_focal: 0.0165  decode.loss_dice: 0.0947  decode.acc_seg: 90.9050
2026/04/10 11:18:05 - mmengine - INFO - per class results:
2026/04/10 11:18:05 - mmengine - INFO - 
+------------+-------+-------+
|   Class    |  Dice |  Acc  |
+------------+-------+-------+
| background | 94.32 | 100.0 |
|    cat     |  0.0  |  0.0  |
|    dog     |  0.0  |  0.0  |
+------------+-------+-------+
2026/04/10 11:18:05 - mmengine - INFO - Iter(val) [15/15]    aAcc: 89.2600  mDice: 31.4400  mAcc: 33.3300  data_time: 0.0100  time: 0.0728
2026/04/10 11:18:11 - mmengine - INFO - Exp name: deeplab_v3_conf_20260410_111450
2026/04/10 11:18:11 - mmengine - INFO - Iter(train) [ 600/7200]  lr: 9.2753e-04  eta: 0:30:49  time: 0.2676  data_time: 0.0057  memory: 4731  loss: 0.1161  decode.loss_focal: 0.0182  decode.loss_dice: 0.0979  decode.acc_seg: 86.8275
2026/04/10 11:18:13 - mmengine - INFO - per class results:
2026/04/10 11:18:13 - mmengine - INFO - 
+------------+-------+-------+
|   Class    |  Dice |  Acc  |
+------------+-------+-------+
| background | 94.32 | 100.0 |
|    cat     |  0.0  |  0.0  |
|    dog     |  0.0  |  0.0  |
+------------+-------+-------+
2026/04/10 11:18:13 - mmengine - INFO - Iter(val) [15/15]    aAcc: 89.2600  mDice: 31.4400  mAcc: 33.3300  data_time: 0.0259  time: 0.0880
2026/04/10 11:18:19 - mmengine - INFO - Exp name: deeplab_v3_conf_20260410_111450
2026/04/10 11:18:19 - mmengine - INFO - Iter(train) [ 624/7200]  lr: 9.2450e-04  eta: 0:30:39  time: 0.2677  data_time: 0.0060  memory: 4731  loss: 0.1125  decode.loss_focal: 0.0164  decode.loss_dice: 0.0961  decode.acc_seg: 92.6371
2026/04/10 11:18:20 - mmengine - INFO - per class results:
2026/04/10 11:18:20 - mmengine - INFO - 
+------------+-------+-------+
|   Class    |  Dice |  Acc  |
+------------+-------+-------+
| background | 94.32 | 100.0 |
|    cat     |  0.0  |  0.0  |
|    dog     |  0.0  |  0.0  |
+------------+-------+-------+
2026/04/10 11:18:20 - mmengine - INFO - Iter(val) [15/15]    aAcc: 89.2600  mDice: 31.4400  mAcc: 33.3300  data_time: 0.0100  time: 0.0728
2026/04/10 11:18:27 - mmengine - INFO - Exp name: deeplab_v3_conf_20260410_111450
2026/04/10 11:18:27 - mmengine - INFO - Iter(train) [ 648/7200]  lr: 9.2147e-04  eta: 0:30:31  time: 0.2688  data_time: 0.0067  memory: 4731  loss: 0.1221  decode.loss_focal: 0.0219  decode.loss_dice: 0.1002  decode.acc_seg: 87.5065
2026/04/10 11:18:28 - mmengine - INFO - per class results:
2026/04/10 11:18:28 - mmengine - INFO - 
+------------+-------+-------+
|   Class    |  Dice |  Acc  |
+------------+-------+-------+
| background | 94.32 | 100.0 |
|    cat     |  0.0  |  0.0  |
|    dog     |  0.0  |  0.0  |
+------------+-------+-------+
2026/04/10 11:18:28 - mmengine - INFO - Iter(val) [15/15]    aAcc: 89.2600  mDice: 31.4400  mAcc: 33.3300  data_time: 0.0100  time: 0.0726
2026/04/10 11:18:34 - mmengine - INFO - Exp name: deeplab_v3_conf_20260410_111450
2026/04/10 11:18:34 - mmengine - INFO - Iter(train) [ 672/7200]  lr: 9.1843e-04  eta: 0:30:22  time: 0.2687  data_time: 0.0064  memory: 4731  loss: 0.1113  decode.loss_focal: 0.0146  decode.loss_dice: 0.0967  decode.acc_seg: 87.4729
2026/04/10 11:18:36 - mmengine - INFO - per class results:
2026/04/10 11:18:36 - mmengine - INFO - 
+------------+-------+-------+
|   Class    |  Dice |  Acc  |
+------------+-------+-------+
| background | 94.32 | 100.0 |
|    cat     |  0.0  |  0.0  |
|    dog     |  0.0  |  0.0  |
+------------+-------+-------+
2026/04/10 11:18:36 - mmengine - INFO - Iter(val) [15/15]    aAcc: 89.2600  mDice: 31.4400  mAcc: 33.3300  data_time: 0.0102  time: 0.0729
2026/04/10 11:18:42 - mmengine - INFO - Exp name: deeplab_v3_conf_20260410_111450
2026/04/10 11:18:42 - mmengine - INFO - Iter(train) [ 696/7200]  lr: 9.1539e-04  eta: 0:30:14  time: 0.2687  data_time: 0.0063  memory: 4731  loss: 0.1121  decode.loss_focal: 0.0199  decode.loss_dice: 0.0922  decode.acc_seg: 90.2996
2026/04/10 11:18:43 - mmengine - INFO - per class results:
2026/04/10 11:18:43 - mmengine - INFO - 
+------------+-------+-------+
|   Class    |  Dice |  Acc  |
+------------+-------+-------+
| background | 94.32 | 100.0 |
|    cat     |  0.0  |  0.0  |
|    dog     |  0.0  |  0.0  |
+------------+-------+-------+
2026/04/10 11:18:43 - mmengine - INFO - Iter(val) [15/15]    aAcc: 89.2600  mDice: 31.4400  mAcc: 33.3300  data_time: 0.0167  time: 0.0790
2026/04/10 11:18:50 - mmengine - INFO - Exp name: deeplab_v3_conf_20260410_111450
2026/04/10 11:18:50 - mmengine - INFO - Iter(train) [ 720/7200]  lr: 9.1236e-04  eta: 0:30:06  time: 0.2696  data_time: 0.0066  memory: 4731  loss: 0.1115  decode.loss_focal: 0.0173  decode.loss_dice: 0.0942  decode.acc_seg: 87.2702
2026/04/10 11:18:51 - mmengine - INFO - per class results:
2026/04/10 11:18:51 - mmengine - INFO - 
+------------+-------+-------+
|   Class    |  Dice |  Acc  |
+------------+-------+-------+
| background | 94.32 | 100.0 |
|    cat     |  0.0  |  0.0  |
|    dog     |  0.0  |  0.0  |
+------------+-------+-------+
2026/04/10 11:18:51 - mmengine - INFO - Iter(val) [15/15]    aAcc: 89.2600  mDice: 31.4400  mAcc: 33.3300  data_time: 0.0093  time: 0.0720
2026/04/10 11:18:58 - mmengine - INFO - Exp name: deeplab_v3_conf_20260410_111450
2026/04/10 11:18:58 - mmengine - INFO - Iter(train) [ 744/7200]  lr: 9.0932e-04  eta: 0:29:58  time: 0.2694  data_time: 0.0066  memory: 4731  loss: 0.1092  decode.loss_focal: 0.0173  decode.loss_dice: 0.0919  decode.acc_seg: 89.2294
2026/04/10 11:18:59 - mmengine - INFO - per class results:
2026/04/10 11:18:59 - mmengine - INFO - 
+------------+-------+-------+
|   Class    |  Dice |  Acc  |
+------------+-------+-------+
| background | 94.32 | 100.0 |
|    cat     |  0.0  |  0.0  |
|    dog     |  0.0  |  0.0  |
+------------+-------+-------+
2026/04/10 11:18:59 - mmengine - INFO - Iter(val) [15/15]    aAcc: 89.2600  mDice: 31.4400  mAcc: 33.3300  data_time: 0.0094  time: 0.0718
2026/04/10 11:19:05 - mmengine - INFO - Exp name: deeplab_v3_conf_20260410_111450
2026/04/10 11:19:05 - mmengine - INFO - Iter(train) [ 768/7200]  lr: 9.0628e-04  eta: 0:29:49  time: 0.2679  data_time: 0.0061  memory: 4731  loss: 0.0989  decode.loss_focal: 0.0126  decode.loss_dice: 0.0863  decode.acc_seg: 88.6559
2026/04/10 11:19:06 - mmengine - INFO - per class results:
2026/04/10 11:19:06 - mmengine - INFO - 
+------------+-------+-------+
|   Class    |  Dice |  Acc  |
+------------+-------+-------+
| background | 94.32 | 100.0 |
|    cat     |  0.0  |  0.0  |
|    dog     |  0.0  |  0.0  |
+------------+-------+-------+
2026/04/10 11:19:06 - mmengine - INFO - Iter(val) [15/15]    aAcc: 89.2600  mDice: 31.4400  mAcc: 33.3300  data_time: 0.0100  time: 0.0723
2026/04/10 11:19:13 - mmengine - INFO - Exp name: deeplab_v3_conf_20260410_111450
2026/04/10 11:19:13 - mmengine - INFO - Iter(train) [ 792/7200]  lr: 9.0324e-04  eta: 0:29:41  time: 0.2679  data_time: 0.0061  memory: 4731  loss: 0.0984  decode.loss_focal: 0.0134  decode.loss_dice: 0.0850  decode.acc_seg: 94.3115
2026/04/10 11:19:14 - mmengine - INFO - per class results:
2026/04/10 11:19:14 - mmengine - INFO - 
+------------+-------+-------+
|   Class    |  Dice |  Acc  |
+------------+-------+-------+
| background | 94.32 | 100.0 |
|    cat     |  0.0  |  0.0  |
|    dog     |  0.0  |  0.0  |
+------------+-------+-------+
2026/04/10 11:19:14 - mmengine - INFO - Iter(val) [15/15]    aAcc: 89.2600  mDice: 31.4400  mAcc: 33.3300  data_time: 0.0147  time: 0.0771
2026/04/10 11:19:21 - mmengine - INFO - Exp name: deeplab_v3_conf_20260410_111450
2026/04/10 11:19:21 - mmengine - INFO - Iter(train) [ 816/7200]  lr: 9.0020e-04  eta: 0:29:33  time: 0.2694  data_time: 0.0065  memory: 4731  loss: 0.1075  decode.loss_focal: 0.0175  decode.loss_dice: 0.0900  decode.acc_seg: 92.0635
2026/04/10 11:19:22 - mmengine - INFO - per class results:
2026/04/10 11:19:22 - mmengine - INFO - 
+------------+-------+-------+
|   Class    |  Dice |  Acc  |
+------------+-------+-------+
| background | 94.32 | 100.0 |
|    cat     |  0.0  |  0.0  |
|    dog     |  0.0  |  0.0  |
+------------+-------+-------+
2026/04/10 11:19:22 - mmengine - INFO - Iter(val) [15/15]    aAcc: 89.2600  mDice: 31.4400  mAcc: 33.3300  data_time: 0.0097  time: 0.0720
2026/04/10 11:19:28 - mmengine - INFO - Exp name: deeplab_v3_conf_20260410_111450
2026/04/10 11:19:28 - mmengine - INFO - Iter(train) [ 840/7200]  lr: 8.9715e-04  eta: 0:29:26  time: 0.2678  data_time: 0.0060  memory: 4731  loss: 0.0977  decode.loss_focal: 0.0130  decode.loss_dice: 0.0847  decode.acc_seg: 88.0089
2026/04/10 11:19:30 - mmengine - INFO - per class results:
2026/04/10 11:19:30 - mmengine - INFO - 
+------------+-------+-------+
|   Class    |  Dice |  Acc  |
+------------+-------+-------+
| background | 94.32 | 100.0 |
|    cat     |  0.0  |  0.0  |
|    dog     |  0.0  |  0.0  |
+------------+-------+-------+
2026/04/10 11:19:30 - mmengine - INFO - Iter(val) [15/15]    aAcc: 89.2600  mDice: 31.4400  mAcc: 33.3300  data_time: 0.0096  time: 0.0719
2026/04/10 11:19:36 - mmengine - INFO - Exp name: deeplab_v3_conf_20260410_111450
2026/04/10 11:19:36 - mmengine - INFO - Iter(train) [ 864/7200]  lr: 8.9411e-04  eta: 0:29:18  time: 0.2679  data_time: 0.0059  memory: 4731  loss: 0.1013  decode.loss_focal: 0.0156  decode.loss_dice: 0.0857  decode.acc_seg: 91.3120
2026/04/10 11:19:37 - mmengine - INFO - per class results:
2026/04/10 11:19:37 - mmengine - INFO - 
+------------+-------+-------+
|   Class    |  Dice |  Acc  |
+------------+-------+-------+
| background | 94.32 | 100.0 |
|    cat     |  0.0  |  0.0  |
|    dog     |  0.0  |  0.0  |
+------------+-------+-------+
2026/04/10 11:19:37 - mmengine - INFO - Iter(val) [15/15]    aAcc: 89.2600  mDice: 31.4400  mAcc: 33.3300  data_time: 0.0095  time: 0.0715
2026/04/10 11:19:44 - mmengine - INFO - Exp name: deeplab_v3_conf_20260410_111450
2026/04/10 11:19:44 - mmengine - INFO - Iter(train) [ 888/7200]  lr: 8.9106e-04  eta: 0:29:10  time: 0.2691  data_time: 0.0063  memory: 4731  loss: 0.1007  decode.loss_focal: 0.0152  decode.loss_dice: 0.0855  decode.acc_seg: 88.6906
2026/04/10 11:19:45 - mmengine - INFO - per class results:
2026/04/10 11:19:45 - mmengine - INFO - 
+------------+-------+-------+
|   Class    |  Dice |  Acc  |
+------------+-------+-------+
| background | 94.32 | 100.0 |
|    cat     |  0.0  |  0.0  |
|    dog     |  0.0  |  0.0  |
+------------+-------+-------+
2026/04/10 11:19:45 - mmengine - INFO - Iter(val) [15/15]    aAcc: 89.2600  mDice: 31.4400  mAcc: 33.3300  data_time: 0.0257  time: 0.0878
2026/04/10 11:19:52 - mmengine - INFO - Exp name: deeplab_v3_conf_20260410_111450
2026/04/10 11:19:52 - mmengine - INFO - Iter(train) [ 912/7200]  lr: 8.8802e-04  eta: 0:29:02  time: 0.2681  data_time: 0.0060  memory: 4731  loss: 0.0982  decode.loss_focal: 0.0147  decode.loss_dice: 0.0835  decode.acc_seg: 93.5556
2026/04/10 11:19:53 - mmengine - INFO - per class results:
2026/04/10 11:19:53 - mmengine - INFO - 
+------------+-------+-------+
|   Class    |  Dice |  Acc  |
+------------+-------+-------+
| background | 94.32 | 100.0 |
|    cat     |  0.0  |  0.0  |
|    dog     |  0.0  |  0.0  |
+------------+-------+-------+
2026/04/10 11:19:53 - mmengine - INFO - Iter(val) [15/15]    aAcc: 89.2600  mDice: 31.4400  mAcc: 33.3300  data_time: 0.0088  time: 0.0709
2026/04/10 11:19:59 - mmengine - INFO - Exp name: deeplab_v3_conf_20260410_111450
2026/04/10 11:19:59 - mmengine - INFO - Iter(train) [ 936/7200]  lr: 8.8497e-04  eta: 0:28:55  time: 0.2680  data_time: 0.0060  memory: 4731  loss: 0.1015  decode.loss_focal: 0.0128  decode.loss_dice: 0.0887  decode.acc_seg: 92.3302
2026/04/10 11:20:00 - mmengine - INFO - per class results:
2026/04/10 11:20:00 - mmengine - INFO - 
+------------+-------+-------+
|   Class    |  Dice |  Acc  |
+------------+-------+-------+
| background | 94.32 | 100.0 |
|    cat     |  0.0  |  0.0  |
|    dog     |  0.0  |  0.0  |
+------------+-------+-------+
2026/04/10 11:20:00 - mmengine - INFO - Iter(val) [15/15]    aAcc: 89.2600  mDice: 31.4400  mAcc: 33.3300  data_time: 0.0086  time: 0.0708
2026/04/10 11:20:07 - mmengine - INFO - Exp name: deeplab_v3_conf_20260410_111450
2026/04/10 11:20:07 - mmengine - INFO - Iter(train) [ 960/7200]  lr: 8.8192e-04  eta: 0:28:47  time: 0.2687  data_time: 0.0062  memory: 4731  loss: 0.1058  decode.loss_focal: 0.0167  decode.loss_dice: 0.0891  decode.acc_seg: 89.1136
2026/04/10 11:20:08 - mmengine - INFO - per class results:
2026/04/10 11:20:08 - mmengine - INFO - 
+------------+-------+-------+
|   Class    |  Dice |  Acc  |
+------------+-------+-------+
| background | 94.32 | 100.0 |
|    cat     |  0.0  |  0.0  |
|    dog     |  0.0  |  0.0  |
+------------+-------+-------+
2026/04/10 11:20:08 - mmengine - INFO - Iter(val) [15/15]    aAcc: 89.2600  mDice: 31.4400  mAcc: 33.3300  data_time: 0.0111  time: 0.0736
2026/04/10 11:20:15 - mmengine - INFO - Exp name: deeplab_v3_conf_20260410_111450
2026/04/10 11:20:15 - mmengine - INFO - Iter(train) [ 984/7200]  lr: 8.7887e-04  eta: 0:28:40  time: 0.2680  data_time: 0.0059  memory: 4731  loss: 0.0953  decode.loss_focal: 0.0128  decode.loss_dice: 0.0825  decode.acc_seg: 91.4181
2026/04/10 11:20:16 - mmengine - INFO - per class results:
2026/04/10 11:20:16 - mmengine - INFO - 
+------------+-------+-------+
|   Class    |  Dice |  Acc  |
+------------+-------+-------+
| background | 94.32 | 100.0 |
|    cat     |  0.0  |  0.0  |
|    dog     |  0.0  |  0.0  |
+------------+-------+-------+
2026/04/10 11:20:16 - mmengine - INFO - Iter(val) [15/15]    aAcc: 89.2600  mDice: 31.4400  mAcc: 33.3300  data_time: 0.0093  time: 0.0715
2026/04/10 11:20:20 - mmengine - INFO - Exp name: deeplab_v3_conf_20260410_111450
2026/04/10 11:20:22 - mmengine - INFO - Exp name: deeplab_v3_conf_20260410_111450
2026/04/10 11:20:22 - mmengine - INFO - Iter(train) [1008/7200]  lr: 8.7582e-04  eta: 0:28:33  time: 0.2682  data_time: 0.0060  memory: 4731  loss: 0.0905  decode.loss_focal: 0.0122  decode.loss_dice: 0.0783  decode.acc_seg: 90.5922
2026/04/10 11:20:23 - mmengine - INFO - per class results:
2026/04/10 11:20:23 - mmengine - INFO - 
+------------+-------+-------+
|   Class    |  Dice |  Acc  |
+------------+-------+-------+
| background | 94.32 | 100.0 |
|    cat     |  0.0  |  0.0  |
|    dog     |  0.0  |  0.0  |
+------------+-------+-------+
2026/04/10 11:20:23 - mmengine - INFO - Iter(val) [15/15]    aAcc: 89.2600  mDice: 31.4400  mAcc: 33.3300  data_time: 0.0083  time: 0.0706
2026/04/10 11:20:30 - mmengine - INFO - Exp name: deeplab_v3_conf_20260410_111450
2026/04/10 11:20:30 - mmengine - INFO - Iter(train) [1032/7200]  lr: 8.7277e-04  eta: 0:28:25  time: 0.2680  data_time: 0.0059  memory: 4731  loss: 0.1004  decode.loss_focal: 0.0140  decode.loss_dice: 0.0864  decode.acc_seg: 87.8723
2026/04/10 11:20:31 - mmengine - INFO - per class results:
2026/04/10 11:20:31 - mmengine - INFO - 
+------------+-------+-------+
|   Class    |  Dice |  Acc  |
+------------+-------+-------+
| background | 94.32 | 100.0 |
|    cat     |  0.0  |  0.0  |
|    dog     |  0.0  |  0.0  |
+------------+-------+-------+
2026/04/10 11:20:31 - mmengine - INFO - Iter(val) [15/15]    aAcc: 89.2600  mDice: 31.4400  mAcc: 33.3300  data_time: 0.0089  time: 0.0711
2026/04/10 11:20:37 - mmengine - INFO - Exp name: deeplab_v3_conf_20260410_111450
2026/04/10 11:20:37 - mmengine - INFO - Iter(train) [1056/7200]  lr: 8.6972e-04  eta: 0:28:18  time: 0.2691  data_time: 0.0065  memory: 4731  loss: 0.0915  decode.loss_focal: 0.0106  decode.loss_dice: 0.0809  decode.acc_seg: 91.0847
2026/04/10 11:20:39 - mmengine - INFO - per class results:
2026/04/10 11:20:39 - mmengine - INFO - 
+------------+-------+-------+
|   Class    |  Dice |  Acc  |
+------------+-------+-------+
| background | 94.32 | 100.0 |
|    cat     |  0.0  |  0.0  |
|    dog     |  0.0  |  0.0  |
+------------+-------+-------+
2026/04/10 11:20:39 - mmengine - INFO - Iter(val) [15/15]    aAcc: 89.2600  mDice: 31.4400  mAcc: 33.3300  data_time: 0.0089  time: 0.0710
2026/04/10 11:20:45 - mmengine - INFO - Exp name: deeplab_v3_conf_20260410_111450
2026/04/10 11:20:45 - mmengine - INFO - Iter(train) [1080/7200]  lr: 8.6666e-04  eta: 0:28:11  time: 0.2685  data_time: 0.0064  memory: 4731  loss: 0.0966  decode.loss_focal: 0.0138  decode.loss_dice: 0.0827  decode.acc_seg: 89.2799
2026/04/10 11:20:46 - mmengine - INFO - per class results:
2026/04/10 11:20:46 - mmengine - INFO - 
+------------+-------+-------+
|   Class    |  Dice |  Acc  |
+------------+-------+-------+
| background | 94.32 | 100.0 |
|    cat     |  0.0  |  0.0  |
|    dog     |  0.0  |  0.0  |
+------------+-------+-------+
2026/04/10 11:20:46 - mmengine - INFO - Iter(val) [15/15]    aAcc: 89.2600  mDice: 31.4400  mAcc: 33.3300  data_time: 0.0096  time: 0.0718
2026/04/10 11:20:53 - mmengine - INFO - Exp name: deeplab_v3_conf_20260410_111450
2026/04/10 11:20:53 - mmengine - INFO - Iter(train) [1104/7200]  lr: 8.6360e-04  eta: 0:28:03  time: 0.2685  data_time: 0.0060  memory: 4731  loss: 0.0968  decode.loss_focal: 0.0132  decode.loss_dice: 0.0836  decode.acc_seg: 94.2675
2026/04/10 11:20:54 - mmengine - INFO - per class results:
2026/04/10 11:20:54 - mmengine - INFO - 
+------------+-------+-------+
|   Class    |  Dice |  Acc  |
+------------+-------+-------+
| background | 94.32 | 100.0 |
|    cat     |  0.0  |  0.0  |
|    dog     |  0.0  |  0.0  |
+------------+-------+-------+
2026/04/10 11:20:54 - mmengine - INFO - Iter(val) [15/15]    aAcc: 89.2600  mDice: 31.4400  mAcc: 33.3300  data_time: 0.0098  time: 0.0720
2026/04/10 11:21:00 - mmengine - INFO - Exp name: deeplab_v3_conf_20260410_111450
2026/04/10 11:21:00 - mmengine - INFO - Iter(train) [1128/7200]  lr: 8.6055e-04  eta: 0:27:56  time: 0.2676  data_time: 0.0056  memory: 4731  loss: 0.1022  decode.loss_focal: 0.0166  decode.loss_dice: 0.0856  decode.acc_seg: 87.9963
2026/04/10 11:21:02 - mmengine - INFO - per class results:
2026/04/10 11:21:02 - mmengine - INFO - 
+------------+-------+-------+
|   Class    |  Dice |  Acc  |
+------------+-------+-------+
| background | 94.32 | 100.0 |
|    cat     |  0.0  |  0.0  |
|    dog     |  0.0  |  0.0  |
+------------+-------+-------+
2026/04/10 11:21:02 - mmengine - INFO - Iter(val) [15/15]    aAcc: 89.2600  mDice: 31.4400  mAcc: 33.3300  data_time: 0.0100  time: 0.0723
2026/04/10 11:21:08 - mmengine - INFO - Exp name: deeplab_v3_conf_20260410_111450
2026/04/10 11:21:08 - mmengine - INFO - Iter(train) [1152/7200]  lr: 8.5749e-04  eta: 0:27:49  time: 0.2682  data_time: 0.0061  memory: 4731  loss: 0.1003  decode.loss_focal: 0.0159  decode.loss_dice: 0.0844  decode.acc_seg: 92.6678
2026/04/10 11:21:09 - mmengine - INFO - per class results:
2026/04/10 11:21:09 - mmengine - INFO - 
+------------+-------+-------+
|   Class    |  Dice |  Acc  |
+------------+-------+-------+
| background | 94.32 | 100.0 |
|    cat     |  0.0  |  0.0  |
|    dog     |  0.0  |  0.0  |
+------------+-------+-------+
2026/04/10 11:21:09 - mmengine - INFO - Iter(val) [15/15]    aAcc: 89.2600  mDice: 31.4400  mAcc: 33.3300  data_time: 0.0093  time: 0.0715
2026/04/10 11:21:16 - mmengine - INFO - Exp name: deeplab_v3_conf_20260410_111450
2026/04/10 11:21:16 - mmengine - INFO - Iter(train) [1176/7200]  lr: 8.5443e-04  eta: 0:27:42  time: 0.2692  data_time: 0.0065  memory: 4731  loss: 0.0984  decode.loss_focal: 0.0140  decode.loss_dice: 0.0843  decode.acc_seg: 88.8222
2026/04/10 11:21:17 - mmengine - INFO - per class results:
2026/04/10 11:21:17 - mmengine - INFO - 
+------------+-------+-------+
|   Class    |  Dice |  Acc  |
+------------+-------+-------+
| background | 94.32 | 100.0 |
|    cat     |  0.0  |  0.0  |
|    dog     |  0.0  |  0.0  |
+------------+-------+-------+
2026/04/10 11:21:17 - mmengine - INFO - Iter(val) [15/15]    aAcc: 89.2600  mDice: 31.4400  mAcc: 33.3300  data_time: 0.0102  time: 0.0725
2026/04/10 11:21:23 - mmengine - INFO - Exp name: deeplab_v3_conf_20260410_111450
2026/04/10 11:21:23 - mmengine - INFO - Iter(train) [1200/7200]  lr: 8.5137e-04  eta: 0:27:35  time: 0.2677  data_time: 0.0058  memory: 4731  loss: 0.0903  decode.loss_focal: 0.0130  decode.loss_dice: 0.0774  decode.acc_seg: 91.9010
2026/04/10 11:21:23 - mmengine - INFO - Saving checkpoint at 50 epochs
2026/04/10 11:21:26 - mmengine - INFO - per class results:
2026/04/10 11:21:26 - mmengine - INFO - 
+------------+-------+-------+
|   Class    |  Dice |  Acc  |
+------------+-------+-------+
| background | 94.32 | 100.0 |
|    cat     |  0.0  |  0.0  |
|    dog     |  0.0  |  0.0  |
+------------+-------+-------+
2026/04/10 11:21:26 - mmengine - INFO - Iter(val) [15/15]    aAcc: 89.2600  mDice: 31.4400  mAcc: 33.3300  data_time: 0.0261  time: 0.0881
2026/04/10 11:21:32 - mmengine - INFO - Exp name: deeplab_v3_conf_20260410_111450
2026/04/10 11:21:32 - mmengine - INFO - Iter(train) [1224/7200]  lr: 8.4831e-04  eta: 0:27:27  time: 0.2679  data_time: 0.0060  memory: 4731  loss: 0.0911  decode.loss_focal: 0.0140  decode.loss_dice: 0.0772  decode.acc_seg: 88.0013
2026/04/10 11:21:33 - mmengine - INFO - per class results:
2026/04/10 11:21:33 - mmengine - INFO - 
+------------+-------+-------+
|   Class    |  Dice |  Acc  |
+------------+-------+-------+
| background | 94.32 | 100.0 |
|    cat     |  0.0  |  0.0  |
|    dog     |  0.0  |  0.0  |
+------------+-------+-------+
2026/04/10 11:21:33 - mmengine - INFO - Iter(val) [15/15]    aAcc: 89.2600  mDice: 31.4400  mAcc: 33.3300  data_time: 0.0088  time: 0.0708
2026/04/10 11:21:40 - mmengine - INFO - Exp name: deeplab_v3_conf_20260410_111450
2026/04/10 11:21:40 - mmengine - INFO - Iter(train) [1248/7200]  lr: 8.4524e-04  eta: 0:27:20  time: 0.2681  data_time: 0.0061  memory: 4731  loss: 0.0976  decode.loss_focal: 0.0158  decode.loss_dice: 0.0818  decode.acc_seg: 89.8939
2026/04/10 11:21:41 - mmengine - INFO - per class results:
2026/04/10 11:21:41 - mmengine - INFO - 
+------------+-------+-------+
|   Class    |  Dice |  Acc  |
+------------+-------+-------+
| background | 94.32 | 100.0 |
|    cat     |  0.0  |  0.0  |
|    dog     |  0.0  |  0.0  |
+------------+-------+-------+
2026/04/10 11:21:41 - mmengine - INFO - Iter(val) [15/15]    aAcc: 89.2600  mDice: 31.4400  mAcc: 33.3300  data_time: 0.0103  time: 0.0726
2026/04/10 11:21:48 - mmengine - INFO - Exp name: deeplab_v3_conf_20260410_111450
2026/04/10 11:21:48 - mmengine - INFO - Iter(train) [1272/7200]  lr: 8.4218e-04  eta: 0:27:13  time: 0.2691  data_time: 0.0068  memory: 4731  loss: 0.0966  decode.loss_focal: 0.0134  decode.loss_dice: 0.0832  decode.acc_seg: 91.8171
2026/04/10 11:21:49 - mmengine - INFO - per class results:
2026/04/10 11:21:49 - mmengine - INFO - 
+------------+-------+-------+
|   Class    |  Dice |  Acc  |
+------------+-------+-------+
| background | 94.32 | 100.0 |
|    cat     |  0.0  |  0.0  |
|    dog     |  0.0  |  0.0  |
+------------+-------+-------+
2026/04/10 11:21:49 - mmengine - INFO - Iter(val) [15/15]    aAcc: 89.2600  mDice: 31.4400  mAcc: 33.3300  data_time: 0.0088  time: 0.0712
2026/04/10 11:21:55 - mmengine - INFO - Exp name: deeplab_v3_conf_20260410_111450
2026/04/10 11:21:55 - mmengine - INFO - Iter(train) [1296/7200]  lr: 8.3911e-04  eta: 0:27:06  time: 0.2683  data_time: 0.0058  memory: 4731  loss: 0.0900  decode.loss_focal: 0.0127  decode.loss_dice: 0.0773  decode.acc_seg: 89.9290
2026/04/10 11:21:57 - mmengine - INFO - per class results:
2026/04/10 11:21:57 - mmengine - INFO - 
+------------+-------+-------+
|   Class    |  Dice |  Acc  |
+------------+-------+-------+
| background | 94.32 | 100.0 |
|    cat     |  0.0  |  0.0  |
|    dog     |  0.0  |  0.0  |
+------------+-------+-------+
2026/04/10 11:21:57 - mmengine - INFO - Iter(val) [15/15]    aAcc: 89.2600  mDice: 31.4400  mAcc: 33.3300  data_time: 0.0262  time: 0.0886
2026/04/10 11:22:03 - mmengine - INFO - Exp name: deeplab_v3_conf_20260410_111450
2026/04/10 11:22:03 - mmengine - INFO - Iter(train) [1320/7200]  lr: 8.3605e-04  eta: 0:26:59  time: 0.2683  data_time: 0.0060  memory: 4731  loss: 0.1056  decode.loss_focal: 0.0187  decode.loss_dice: 0.0869  decode.acc_seg: 90.9290
2026/04/10 11:22:04 - mmengine - INFO - per class results:
2026/04/10 11:22:04 - mmengine - INFO - 
+------------+-------+-------+
|   Class    |  Dice |  Acc  |
+------------+-------+-------+
| background | 94.32 | 100.0 |
|    cat     |  0.0  |  0.0  |
|    dog     |  0.0  |  0.0  |
+------------+-------+-------+
2026/04/10 11:22:04 - mmengine - INFO - Iter(val) [15/15]    aAcc: 89.2600  mDice: 31.4400  mAcc: 33.3300  data_time: 0.0086  time: 0.0707
2026/04/10 11:22:11 - mmengine - INFO - Exp name: deeplab_v3_conf_20260410_111450
2026/04/10 11:22:11 - mmengine - INFO - Iter(train) [1344/7200]  lr: 8.3298e-04  eta: 0:26:52  time: 0.2694  data_time: 0.0068  memory: 4731  loss: 0.0900  decode.loss_focal: 0.0116  decode.loss_dice: 0.0784  decode.acc_seg: 91.8932
2026/04/10 11:22:12 - mmengine - INFO - per class results:
2026/04/10 11:22:12 - mmengine - INFO - 
+------------+-------+-------+
|   Class    |  Dice |  Acc  |
+------------+-------+-------+
| background | 94.32 | 100.0 |
|    cat     |  0.0  |  0.0  |
|    dog     |  0.0  |  0.0  |
+------------+-------+-------+
2026/04/10 11:22:12 - mmengine - INFO - Iter(val) [15/15]    aAcc: 89.2600  mDice: 31.4400  mAcc: 33.3300  data_time: 0.0091  time: 0.0718
2026/04/10 11:22:18 - mmengine - INFO - Exp name: deeplab_v3_conf_20260410_111450
2026/04/10 11:22:18 - mmengine - INFO - Iter(train) [1368/7200]  lr: 8.2991e-04  eta: 0:26:45  time: 0.2679  data_time: 0.0059  memory: 4731  loss: 0.0860  decode.loss_focal: 0.0091  decode.loss_dice: 0.0769  decode.acc_seg: 89.0671
2026/04/10 11:22:20 - mmengine - INFO - per class results:
2026/04/10 11:22:20 - mmengine - INFO - 
+------------+-------+-------+
|   Class    |  Dice |  Acc  |
+------------+-------+-------+
| background | 94.32 | 100.0 |
|    cat     |  0.0  |  0.0  |
|    dog     |  0.0  |  0.0  |
+------------+-------+-------+
2026/04/10 11:22:20 - mmengine - INFO - Iter(val) [15/15]    aAcc: 89.2600  mDice: 31.4400  mAcc: 33.3300  data_time: 0.0098  time: 0.0723
2026/04/10 11:22:26 - mmengine - INFO - Exp name: deeplab_v3_conf_20260410_111450
2026/04/10 11:22:26 - mmengine - INFO - Iter(train) [1392/7200]  lr: 8.2684e-04  eta: 0:26:38  time: 0.2683  data_time: 0.0061  memory: 4731  loss: 0.0915  decode.loss_focal: 0.0145  decode.loss_dice: 0.0771  decode.acc_seg: 88.9072
2026/04/10 11:22:27 - mmengine - INFO - per class results:
2026/04/10 11:22:27 - mmengine - INFO - 
+------------+-------+-------+
|   Class    |  Dice |  Acc  |
+------------+-------+-------+
| background | 94.32 | 100.0 |
|    cat     |  0.0  |  0.0  |
|    dog     |  0.0  |  0.0  |
+------------+-------+-------+
2026/04/10 11:22:27 - mmengine - INFO - Iter(val) [15/15]    aAcc: 89.2600  mDice: 31.4400  mAcc: 33.3300  data_time: 0.0152  time: 0.0776
2026/04/10 11:22:34 - mmengine - INFO - Exp name: deeplab_v3_conf_20260410_111450
2026/04/10 11:22:34 - mmengine - INFO - Iter(train) [1416/7200]  lr: 8.2377e-04  eta: 0:26:31  time: 0.2680  data_time: 0.0060  memory: 4731  loss: 0.0890  decode.loss_focal: 0.0112  decode.loss_dice: 0.0778  decode.acc_seg: 91.0000
2026/04/10 11:22:35 - mmengine - INFO - per class results:
2026/04/10 11:22:35 - mmengine - INFO - 
+------------+-------+-------+
|   Class    |  Dice |  Acc  |
+------------+-------+-------+
| background | 94.32 | 100.0 |
|    cat     |  0.0  |  0.0  |
|    dog     |  0.0  |  0.0  |
+------------+-------+-------+
2026/04/10 11:22:35 - mmengine - INFO - Iter(val) [15/15]    aAcc: 89.2600  mDice: 31.4400  mAcc: 33.3300  data_time: 0.0098  time: 0.0723
2026/04/10 11:22:41 - mmengine - INFO - Exp name: deeplab_v3_conf_20260410_111450
2026/04/10 11:22:41 - mmengine - INFO - Iter(train) [1440/7200]  lr: 8.2069e-04  eta: 0:26:24  time: 0.2680  data_time: 0.0061  memory: 4731  loss: 0.0975  decode.loss_focal: 0.0152  decode.loss_dice: 0.0823  decode.acc_seg: 89.0284
2026/04/10 11:22:43 - mmengine - INFO - per class results:
2026/04/10 11:22:43 - mmengine - INFO - 
+------------+-------+-------+
|   Class    |  Dice |  Acc  |
+------------+-------+-------+
| background | 94.32 | 100.0 |
|    cat     |  0.0  |  0.0  |
|    dog     |  0.0  |  0.0  |
+------------+-------+-------+
2026/04/10 11:22:43 - mmengine - INFO - Iter(val) [15/15]    aAcc: 89.2600  mDice: 31.4400  mAcc: 33.3300  data_time: 0.0096  time: 0.0721
2026/04/10 11:22:49 - mmengine - INFO - Exp name: deeplab_v3_conf_20260410_111450
2026/04/10 11:22:49 - mmengine - INFO - Iter(train) [1464/7200]  lr: 8.1762e-04  eta: 0:26:17  time: 0.2682  data_time: 0.0061  memory: 4731  loss: 0.0983  decode.loss_focal: 0.0137  decode.loss_dice: 0.0846  decode.acc_seg: 90.6137
2026/04/10 11:22:50 - mmengine - INFO - per class results:
2026/04/10 11:22:50 - mmengine - INFO - 
+------------+-------+-------+
|   Class    |  Dice |  Acc  |
+------------+-------+-------+
| background | 94.32 | 100.0 |
|    cat     |  0.0  |  0.0  |
|    dog     |  0.0  |  0.0  |
+------------+-------+-------+
2026/04/10 11:22:50 - mmengine - INFO - Iter(val) [15/15]    aAcc: 89.2600  mDice: 31.4400  mAcc: 33.3300  data_time: 0.0089  time: 0.0713
2026/04/10 11:22:57 - mmengine - INFO - Exp name: deeplab_v3_conf_20260410_111450
2026/04/10 11:22:57 - mmengine - INFO - Iter(train) [1488/7200]  lr: 8.1454e-04  eta: 0:26:10  time: 0.2682  data_time: 0.0061  memory: 4731  loss: 0.0811  decode.loss_focal: 0.0093  decode.loss_dice: 0.0718  decode.acc_seg: 91.1587
2026/04/10 11:22:58 - mmengine - INFO - per class results:
2026/04/10 11:22:58 - mmengine - INFO - 
+------------+-------+-------+
|   Class    |  Dice |  Acc  |
+------------+-------+-------+
| background | 94.32 | 100.0 |
|    cat     |  0.0  |  0.0  |
|    dog     |  0.0  |  0.0  |
+------------+-------+-------+
2026/04/10 11:22:58 - mmengine - INFO - Iter(val) [15/15]    aAcc: 89.2600  mDice: 31.4400  mAcc: 33.3300  data_time: 0.0284  time: 0.0916
2026/04/10 11:23:05 - mmengine - INFO - Exp name: deeplab_v3_conf_20260410_111450
2026/04/10 11:23:05 - mmengine - INFO - Iter(train) [1512/7200]  lr: 8.1147e-04  eta: 0:26:03  time: 0.2679  data_time: 0.0057  memory: 4731  loss: 0.0809  decode.loss_focal: 0.0086  decode.loss_dice: 0.0723  decode.acc_seg: 92.5137
2026/04/10 11:23:06 - mmengine - INFO - per class results:
2026/04/10 11:23:06 - mmengine - INFO - 
+------------+-------+-------+
|   Class    |  Dice |  Acc  |
+------------+-------+-------+
| background | 94.32 | 100.0 |
|    cat     |  0.0  |  0.0  |
|    dog     |  0.0  |  0.0  |
+------------+-------+-------+
2026/04/10 11:23:06 - mmengine - INFO - Iter(val) [15/15]    aAcc: 89.2600  mDice: 31.4400  mAcc: 33.3300  data_time: 0.0096  time: 0.0723
2026/04/10 11:23:12 - mmengine - INFO - Exp name: deeplab_v3_conf_20260410_111450
2026/04/10 11:23:12 - mmengine - INFO - Iter(train) [1536/7200]  lr: 8.0839e-04  eta: 0:25:57  time: 0.2685  data_time: 0.0062  memory: 4731  loss: 0.0972  decode.loss_focal: 0.0151  decode.loss_dice: 0.0821  decode.acc_seg: 91.2998
2026/04/10 11:23:14 - mmengine - INFO - per class results:
2026/04/10 11:23:14 - mmengine - INFO - 
+------------+-------+-------+
|   Class    |  Dice |  Acc  |
+------------+-------+-------+
| background | 94.32 | 100.0 |
|    cat     |  0.0  |  0.0  |
|    dog     |  0.0  |  0.0  |
+------------+-------+-------+
2026/04/10 11:23:14 - mmengine - INFO - Iter(val) [15/15]    aAcc: 89.2600  mDice: 31.4400  mAcc: 33.3300  data_time: 0.0099  time: 0.0721
2026/04/10 11:23:20 - mmengine - INFO - Exp name: deeplab_v3_conf_20260410_111450
2026/04/10 11:23:20 - mmengine - INFO - Iter(train) [1560/7200]  lr: 8.0531e-04  eta: 0:25:50  time: 0.2686  data_time: 0.0061  memory: 4731  loss: 0.0845  decode.loss_focal: 0.0102  decode.loss_dice: 0.0743  decode.acc_seg: 87.7556
2026/04/10 11:23:21 - mmengine - INFO - per class results:
2026/04/10 11:23:21 - mmengine - INFO - 
+------------+-------+-------+
|   Class    |  Dice |  Acc  |
+------------+-------+-------+
| background | 94.32 | 100.0 |
|    cat     |  0.0  |  0.0  |
|    dog     |  0.0  |  0.0  |
+------------+-------+-------+
2026/04/10 11:23:21 - mmengine - INFO - Iter(val) [15/15]    aAcc: 89.2600  mDice: 31.4400  mAcc: 33.3300  data_time: 0.0100  time: 0.0725
2026/04/10 11:23:28 - mmengine - INFO - Exp name: deeplab_v3_conf_20260410_111450
2026/04/10 11:23:28 - mmengine - INFO - Iter(train) [1584/7200]  lr: 8.0223e-04  eta: 0:25:43  time: 0.2681  data_time: 0.0060  memory: 4731  loss: 0.0868  decode.loss_focal: 0.0122  decode.loss_dice: 0.0746  decode.acc_seg: 83.7629
2026/04/10 11:23:29 - mmengine - INFO - per class results:
2026/04/10 11:23:29 - mmengine - INFO - 
+------------+-------+-------+
|   Class    |  Dice |  Acc  |
+------------+-------+-------+
| background | 94.32 | 100.0 |
|    cat     |  0.0  |  0.0  |
|    dog     |  0.0  |  0.0  |
+------------+-------+-------+
2026/04/10 11:23:29 - mmengine - INFO - Iter(val) [15/15]    aAcc: 89.2600  mDice: 31.4400  mAcc: 33.3300  data_time: 0.0088  time: 0.0709
2026/04/10 11:23:35 - mmengine - INFO - Exp name: deeplab_v3_conf_20260410_111450
2026/04/10 11:23:35 - mmengine - INFO - Iter(train) [1608/7200]  lr: 7.9914e-04  eta: 0:25:36  time: 0.2682  data_time: 0.0061  memory: 4731  loss: 0.0956  decode.loss_focal: 0.0148  decode.loss_dice: 0.0809  decode.acc_seg: 89.2860
2026/04/10 11:23:36 - mmengine - INFO - per class results:
2026/04/10 11:23:36 - mmengine - INFO - 
+------------+-------+-------+
|   Class    |  Dice |  Acc  |
+------------+-------+-------+
| background | 94.32 | 100.0 |
|    cat     |  0.0  |  0.0  |
|    dog     |  0.0  |  0.0  |
+------------+-------+-------+
2026/04/10 11:23:36 - mmengine - INFO - Iter(val) [15/15]    aAcc: 89.2600  mDice: 31.4400  mAcc: 33.3300  data_time: 0.0095  time: 0.0722
2026/04/10 11:23:43 - mmengine - INFO - Exp name: deeplab_v3_conf_20260410_111450
2026/04/10 11:23:43 - mmengine - INFO - Iter(train) [1632/7200]  lr: 7.9606e-04  eta: 0:25:29  time: 0.2683  data_time: 0.0061  memory: 4731  loss: 0.0882  decode.loss_focal: 0.0120  decode.loss_dice: 0.0762  decode.acc_seg: 89.5914
2026/04/10 11:23:44 - mmengine - INFO - per class results:
2026/04/10 11:23:44 - mmengine - INFO - 
+------------+-------+-------+
|   Class    |  Dice |  Acc  |
+------------+-------+-------+
| background | 94.32 | 100.0 |
|    cat     |  0.0  |  0.0  |
|    dog     |  0.0  |  0.0  |
+------------+-------+-------+
2026/04/10 11:23:44 - mmengine - INFO - Iter(val) [15/15]    aAcc: 89.2600  mDice: 31.4400  mAcc: 33.3300  data_time: 0.0100  time: 0.0721
2026/04/10 11:23:51 - mmengine - INFO - Exp name: deeplab_v3_conf_20260410_111450
2026/04/10 11:23:51 - mmengine - INFO - Iter(train) [1656/7200]  lr: 7.9298e-04  eta: 0:25:22  time: 0.2688  data_time: 0.0062  memory: 4731  loss: 0.0824  decode.loss_focal: 0.0104  decode.loss_dice: 0.0720  decode.acc_seg: 90.3019
2026/04/10 11:23:52 - mmengine - INFO - per class results:
2026/04/10 11:23:52 - mmengine - INFO - 
+------------+-------+-------+
|   Class    |  Dice |  Acc  |
+------------+-------+-------+
| background | 94.32 | 100.0 |
|    cat     |  0.0  |  0.0  |
|    dog     |  0.0  |  0.0  |
+------------+-------+-------+
2026/04/10 11:23:52 - mmengine - INFO - Iter(val) [15/15]    aAcc: 89.2600  mDice: 31.4400  mAcc: 33.3300  data_time: 0.0096  time: 0.0717
2026/04/10 11:23:58 - mmengine - INFO - Exp name: deeplab_v3_conf_20260410_111450
2026/04/10 11:23:58 - mmengine - INFO - Iter(train) [1680/7200]  lr: 7.8989e-04  eta: 0:25:16  time: 0.2686  data_time: 0.0061  memory: 4731  loss: 0.0853  decode.loss_focal: 0.0115  decode.loss_dice: 0.0738  decode.acc_seg: 93.4755
2026/04/10 11:23:59 - mmengine - INFO - per class results:
2026/04/10 11:23:59 - mmengine - INFO - 
+------------+-------+-------+
|   Class    |  Dice |  Acc  |
+------------+-------+-------+
| background | 94.32 | 100.0 |
|    cat     |  0.0  |  0.0  |
|    dog     |  0.0  |  0.0  |
+------------+-------+-------+
2026/04/10 11:23:59 - mmengine - INFO - Iter(val) [15/15]    aAcc: 89.2600  mDice: 31.4400  mAcc: 33.3300  data_time: 0.0092  time: 0.0715
2026/04/10 11:24:06 - mmengine - INFO - Exp name: deeplab_v3_conf_20260410_111450
2026/04/10 11:24:06 - mmengine - INFO - Iter(train) [1704/7200]  lr: 7.8680e-04  eta: 0:25:09  time: 0.2688  data_time: 0.0062  memory: 4731  loss: 0.0944  decode.loss_focal: 0.0134  decode.loss_dice: 0.0810  decode.acc_seg: 90.1564
2026/04/10 11:24:07 - mmengine - INFO - per class results:
2026/04/10 11:24:07 - mmengine - INFO - 
+------------+-------+-------+
|   Class    |  Dice |  Acc  |
+------------+-------+-------+
| background | 94.32 | 100.0 |
|    cat     |  0.0  |  0.0  |
|    dog     |  0.0  |  0.0  |
+------------+-------+-------+
2026/04/10 11:24:07 - mmengine - INFO - Iter(val) [15/15]    aAcc: 89.2600  mDice: 31.4400  mAcc: 33.3300  data_time: 0.0093  time: 0.0716
2026/04/10 11:24:14 - mmengine - INFO - Exp name: deeplab_v3_conf_20260410_111450
2026/04/10 11:24:14 - mmengine - INFO - Iter(train) [1728/7200]  lr: 7.8371e-04  eta: 0:25:02  time: 0.2682  data_time: 0.0059  memory: 4731  loss: 0.0884  decode.loss_focal: 0.0120  decode.loss_dice: 0.0764  decode.acc_seg: 91.7608
2026/04/10 11:24:15 - mmengine - INFO - per class results:
2026/04/10 11:24:15 - mmengine - INFO - 
+------------+-------+-------+
|   Class    |  Dice |  Acc  |
+------------+-------+-------+
| background | 94.32 | 100.0 |
|    cat     |  0.0  |  0.0  |
|    dog     |  0.0  |  0.0  |
+------------+-------+-------+
2026/04/10 11:24:15 - mmengine - INFO - Iter(val) [15/15]    aAcc: 89.2600  mDice: 31.4400  mAcc: 33.3300  data_time: 0.0096  time: 0.0721
2026/04/10 11:24:21 - mmengine - INFO - Exp name: deeplab_v3_conf_20260410_111450
2026/04/10 11:24:21 - mmengine - INFO - Iter(train) [1752/7200]  lr: 7.8062e-04  eta: 0:24:55  time: 0.2689  data_time: 0.0062  memory: 4731  loss: 0.0950  decode.loss_focal: 0.0145  decode.loss_dice: 0.0805  decode.acc_seg: 94.1145
