2026/04/10 14:06:04 - mmengine - INFO - 
------------------------------------------------------------
System environment:
    sys.platform: linux
    Python: 3.10.16 (main, Jan 14 2025, 22:49:19) [Clang 19.1.6 ]
    CUDA available: True
    MUSA available: False
    numpy_random_seed: 1233653114
    GPU 0: NVIDIA A10
    CUDA_HOME: /usr
    NVCC: Cuda compilation tools, release 12.8, V12.8.93
    GCC: x86_64-alt-linux-gcc (GCC) 13.2.1 20240128 (ALT Sisyphus 13.2.1-alt3)
    PyTorch: 2.4.0+cu121
    PyTorch compiling details: PyTorch built with:
  - GCC 9.3
  - C++ Version: 201703
  - Intel(R) oneAPI Math Kernel Library Version 2022.2-Product Build 20220804 for Intel(R) 64 architecture applications
  - Intel(R) MKL-DNN v3.4.2 (Git Hash 1137e04ec0b5251ca2b4400a4fd3c667ce843d67)
  - OpenMP 201511 (a.k.a. OpenMP 4.5)
  - LAPACK is enabled (usually provided by MKL)
  - NNPACK is enabled
  - CPU capability usage: AVX512
  - CUDA Runtime 12.1
  - NVCC architecture flags: -gencode;arch=compute_50,code=sm_50;-gencode;arch=compute_60,code=sm_60;-gencode;arch=compute_70,code=sm_70;-gencode;arch=compute_75,code=sm_75;-gencode;arch=compute_80,code=sm_80;-gencode;arch=compute_86,code=sm_86;-gencode;arch=compute_90,code=sm_90
  - CuDNN 90.1  (built against CUDA 12.4)
  - Magma 2.6.1
  - Build settings: BLAS_INFO=mkl, BUILD_TYPE=Release, CUDA_VERSION=12.1, CUDNN_VERSION=9.1.0, CXX_COMPILER=/opt/rh/devtoolset-9/root/usr/bin/c++, CXX_FLAGS= -D_GLIBCXX_USE_CXX11_ABI=0 -fabi-version=11 -fvisibility-inlines-hidden -DUSE_PTHREADPOOL -DNDEBUG -DUSE_KINETO -DLIBKINETO_NOROCTRACER -DUSE_FBGEMM -DUSE_PYTORCH_QNNPACK -DUSE_XNNPACK -DSYMBOLICATE_MOBILE_DEBUG_HANDLE -O2 -fPIC -Wall -Wextra -Werror=return-type -Werror=non-virtual-dtor -Werror=bool-operation -Wnarrowing -Wno-missing-field-initializers -Wno-type-limits -Wno-array-bounds -Wno-unknown-pragmas -Wno-unused-parameter -Wno-unused-function -Wno-unused-result -Wno-strict-overflow -Wno-strict-aliasing -Wno-stringop-overflow -Wsuggest-override -Wno-psabi -Wno-error=pedantic -Wno-error=old-style-cast -Wno-missing-braces -fdiagnostics-color=always -faligned-new -Wno-unused-but-set-variable -Wno-maybe-uninitialized -fno-math-errno -fno-trapping-math -Werror=format -Wno-stringop-overflow, LAPACK_INFO=mkl, PERF_WITH_AVX=1, PERF_WITH_AVX2=1, PERF_WITH_AVX512=1, TORCH_VERSION=2.4.0, USE_CUDA=ON, USE_CUDNN=ON, USE_CUSPARSELT=1, USE_EXCEPTION_PTR=1, USE_GFLAGS=OFF, USE_GLOG=OFF, USE_GLOO=ON, USE_MKL=ON, USE_MKLDNN=ON, USE_MPI=OFF, USE_NCCL=1, USE_NNPACK=ON, USE_OPENMP=ON, USE_ROCM=OFF, USE_ROCM_KERNEL_ASSERT=OFF, 

    TorchVision: 0.19.0+cu121
    OpenCV: 4.11.0
    MMEngine: 0.10.7

Runtime environment:
    cudnn_benchmark: True
    mp_cfg: {'mp_start_method': 'fork', 'opencv_num_threads': 0}
    dist_cfg: {'backend': 'nccl'}
    seed: 1233653114
    Distributed launcher: none
    Distributed training: False
    GPU number: 1
------------------------------------------------------------

2026/04/10 14:06:04 - mmengine - INFO - Config:
batch_size = 8
data_preprocessor = dict(
    bgr_to_rgb=True,
    mean=[
        123.675,
        116.28,
        103.53,
    ],
    pad_val=0,
    seg_pad_val=255,
    std=[
        58.395,
        57.12,
        57.375,
    ],
    type='SegDataPreProcessor')
data_root = 'data/cleared'
dataset_type = 'AnimalsDataset'
default_hooks = dict(
    checkpoint=dict(
        by_epoch=True,
        interval=50,
        rule='greater',
        save_best='mDice',
        type='CheckpointHook'),
    logger=dict(interval=100, type='LoggerHook'),
    param_scheduler=dict(type='ParamSchedulerHook'),
    sampler_seed=dict(type='DistSamplerSeedHook'),
    visualization=dict(draw=True, interval=100, type='SegVisualizationHook'))
default_scope = 'mmseg'
env_cfg = dict(
    cudnn_benchmark=True,
    dist_cfg=dict(backend='nccl'),
    mp_cfg=dict(mp_start_method='fork', opencv_num_threads=0))
epoch_num = 500
launcher = 'none'
load_from = 'practicum_work/artifacts/mmsegmentation_work_dir/best_mDice_epoch_segform.pth'
log_level = 'INFO'
log_processor = dict(by_epoch=False)
model = dict(
    auxiliary_head=None,
    backbone=dict(
        attn_drop_rate=0.0,
        drop_path_rate=0.1,
        drop_rate=0.0,
        embed_dims=32,
        in_channels=3,
        mlp_ratio=4,
        num_heads=[
            1,
            2,
            5,
            8,
        ],
        num_layers=[
            2,
            2,
            2,
            2,
        ],
        num_stages=4,
        out_indices=(
            0,
            1,
            2,
            3,
        ),
        patch_sizes=[
            7,
            3,
            3,
            3,
        ],
        qkv_bias=True,
        sr_ratios=[
            8,
            4,
            2,
            1,
        ],
        type='MixVisionTransformer'),
    data_preprocessor=dict(
        bgr_to_rgb=True,
        mean=[
            123.675,
            116.28,
            103.53,
        ],
        pad_val=0,
        seg_pad_val=255,
        size=(
            256,
            256,
        ),
        std=[
            58.395,
            57.12,
            57.375,
        ],
        type='SegDataPreProcessor'),
    decode_head=dict(
        align_corners=False,
        channels=256,
        dropout_ratio=0.1,
        in_channels=[
            32,
            64,
            160,
            256,
        ],
        in_index=[
            0,
            1,
            2,
            3,
        ],
        loss_decode=[
            dict(
                class_weight=[
                    0.01,
                    1.0,
                    1.0,
                ],
                gamma=3.0,
                loss_name='loss_focal',
                loss_weight=3.0,
                type='FocalLoss',
                use_sigmoid=True),
            dict(loss_name='loss_dice', loss_weight=1.0, type='DiceLoss'),
        ],
        norm_cfg=dict(requires_grad=True, type='BN'),
        num_classes=3,
        type='SegformerHead'),
    pretrained=None,
    test_cfg=dict(mode='whole'),
    train_cfg=dict(),
    type='EncoderDecoder')
norm_cfg = dict(requires_grad=True, type='SyncBN')
num_workers = 4
optim_wrapper = dict(
    optimizer=dict(lr=0.0001, type='AdamW', weight_decay=0.2),
    type='OptimWrapper')
optimizer = dict(lr=0.0001, type='AdamW', weight_decay=0.2)
param_scheduler = [
    dict(
        begin=0,
        by_epoch=True,
        end=500,
        eta_min=1e-07,
        power=0.8,
        type='PolyLR'),
]
resume = False
test_cfg = dict(type='TestLoop')
test_dataloader = dict(
    batch_size=8,
    dataset=dict(
        data_prefix=dict(img_path='img/test', seg_map_path='labels/test'),
        data_root='data/cleared',
        img_suffix='.jpg',
        pipeline=[
            dict(type='LoadImageFromFile'),
            dict(type='LoadAnnotations'),
            dict(type='PackSegInputs'),
        ],
        seg_map_suffix='.png',
        type='AnimalsDataset'),
    num_workers=4,
    persistent_workers=True,
    sampler=dict(shuffle=False, type='DefaultSampler'))
test_dataset = dict(
    data_prefix=dict(img_path='img/test', seg_map_path='labels/test'),
    data_root='data/cleared',
    img_suffix='.jpg',
    pipeline=[
        dict(type='LoadImageFromFile'),
        dict(type='LoadAnnotations'),
        dict(type='PackSegInputs'),
    ],
    seg_map_suffix='.png',
    type='AnimalsDataset')
test_evaluator = dict(
    classwise=True, iou_metrics=[
        'mDice',
    ], num_classes=3, type='IoUMetric')
test_pipeline = [
    dict(type='LoadImageFromFile'),
    dict(type='LoadAnnotations'),
    dict(type='PackSegInputs'),
]
train_cfg = dict(max_epochs=500, type='EpochBasedTrainLoop')
train_dataloader = dict(
    batch_size=8,
    dataset=dict(
        data_prefix=dict(img_path='img/train', seg_map_path='labels/train'),
        data_root='data/cleared',
        img_suffix='.jpg',
        pipeline=[
            dict(type='LoadImageFromFile'),
            dict(type='LoadAnnotations'),
            dict(direction='horizontal', prob=0.5, type='RandomFlip'),
            dict(degree=(
                -20,
                20,
            ), type='RandomRotFlip'),
            dict(type='PhotoMetricDistortion'),
            dict(
                transforms=[
                    dict(num_steps=10, p=0.2, type='GridDistortion'),
                ],
                type='Albu'),
            dict(type='PackSegInputs'),
        ],
        seg_map_suffix='.png',
        type='AnimalsDataset'),
    drop_last=True,
    num_workers=4,
    persistent_workers=True,
    sampler=dict(shuffle=True, type='DefaultSampler'))
train_dataset = dict(
    data_prefix=dict(img_path='img/train', seg_map_path='labels/train'),
    data_root='data/cleared',
    img_suffix='.jpg',
    pipeline=[
        dict(type='LoadImageFromFile'),
        dict(type='LoadAnnotations'),
        dict(direction='horizontal', prob=0.5, type='RandomFlip'),
        dict(degree=(
            -20,
            20,
        ), type='RandomRotFlip'),
        dict(type='PhotoMetricDistortion'),
        dict(
            transforms=[
                dict(num_steps=10, p=0.2, type='GridDistortion'),
            ],
            type='Albu'),
        dict(type='PackSegInputs'),
    ],
    seg_map_suffix='.png',
    type='AnimalsDataset')
train_pipeline = [
    dict(type='LoadImageFromFile'),
    dict(type='LoadAnnotations'),
    dict(direction='horizontal', prob=0.5, type='RandomFlip'),
    dict(degree=(
        -20,
        20,
    ), type='RandomRotFlip'),
    dict(type='PhotoMetricDistortion'),
    dict(
        transforms=[
            dict(num_steps=10, p=0.2, type='GridDistortion'),
        ],
        type='Albu'),
    dict(type='PackSegInputs'),
]
tta_model = dict(type='SegTTAModel')
val_cfg = dict(type='ValLoop')
val_dataloader = dict(
    batch_size=8,
    dataset=dict(
        data_prefix=dict(img_path='img/val', seg_map_path='labels/val'),
        data_root='data/cleared',
        img_suffix='.jpg',
        pipeline=[
            dict(type='LoadImageFromFile'),
            dict(type='LoadAnnotations'),
            dict(type='PackSegInputs'),
        ],
        seg_map_suffix='.png',
        type='AnimalsDataset'),
    num_workers=4,
    persistent_workers=True,
    sampler=dict(shuffle=False, type='DefaultSampler'))
val_dataset = dict(
    data_prefix=dict(img_path='img/val', seg_map_path='labels/val'),
    data_root='data/cleared',
    img_suffix='.jpg',
    pipeline=[
        dict(type='LoadImageFromFile'),
        dict(type='LoadAnnotations'),
        dict(type='PackSegInputs'),
    ],
    seg_map_suffix='.png',
    type='AnimalsDataset')
val_evaluator = dict(
    classwise=True, iou_metrics=[
        'mDice',
    ], num_classes=3, type='IoUMetric')
val_pipeline = [
    dict(type='LoadImageFromFile'),
    dict(type='LoadAnnotations'),
    dict(type='PackSegInputs'),
]
vis_backends = [
    dict(type='LocalVisBackend'),
]
visualizer = dict(
    name='visualizer',
    type='SegLocalVisualizer',
    vis_backends=[
        dict(type='LocalVisBackend'),
    ])
work_dir = 'practicum_work/artifacts/mmsegmentation_work_dir'

2026/04/10 14:06:05 - mmengine - INFO - Distributed training is not used, all SyncBatchNorm (SyncBN) layers in the model will be automatically reverted to BatchNormXd layers if they are used.
2026/04/10 14:06:05 - mmengine - INFO - Hooks will be executed in the following order:
before_run:
(VERY_HIGH   ) RuntimeInfoHook                    
(BELOW_NORMAL) LoggerHook                         
 -------------------- 
before_train:
(VERY_HIGH   ) RuntimeInfoHook                    
(NORMAL      ) IterTimerHook                      
(VERY_LOW    ) CheckpointHook                     
 -------------------- 
before_train_epoch:
(VERY_HIGH   ) RuntimeInfoHook                    
(NORMAL      ) IterTimerHook                      
(NORMAL      ) DistSamplerSeedHook                
 -------------------- 
before_train_iter:
(VERY_HIGH   ) RuntimeInfoHook                    
(NORMAL      ) IterTimerHook                      
 -------------------- 
after_train_iter:
(VERY_HIGH   ) RuntimeInfoHook                    
(NORMAL      ) IterTimerHook                      
(BELOW_NORMAL) LoggerHook                         
(LOW         ) ParamSchedulerHook                 
(VERY_LOW    ) CheckpointHook                     
 -------------------- 
after_train_epoch:
(NORMAL      ) IterTimerHook                      
(LOW         ) ParamSchedulerHook                 
(VERY_LOW    ) CheckpointHook                     
 -------------------- 
before_val:
(VERY_HIGH   ) RuntimeInfoHook                    
 -------------------- 
before_val_epoch:
(NORMAL      ) IterTimerHook                      
 -------------------- 
before_val_iter:
(NORMAL      ) IterTimerHook                      
 -------------------- 
after_val_iter:
(NORMAL      ) IterTimerHook                      
(NORMAL      ) SegVisualizationHook               
(BELOW_NORMAL) LoggerHook                         
 -------------------- 
after_val_epoch:
(VERY_HIGH   ) RuntimeInfoHook                    
(NORMAL      ) IterTimerHook                      
(BELOW_NORMAL) LoggerHook                         
(LOW         ) ParamSchedulerHook                 
(VERY_LOW    ) CheckpointHook                     
 -------------------- 
after_val:
(VERY_HIGH   ) RuntimeInfoHook                    
 -------------------- 
after_train:
(VERY_HIGH   ) RuntimeInfoHook                    
(VERY_LOW    ) CheckpointHook                     
 -------------------- 
before_test:
(VERY_HIGH   ) RuntimeInfoHook                    
 -------------------- 
before_test_epoch:
(NORMAL      ) IterTimerHook                      
 -------------------- 
before_test_iter:
(NORMAL      ) IterTimerHook                      
 -------------------- 
after_test_iter:
(NORMAL      ) IterTimerHook                      
(NORMAL      ) SegVisualizationHook               
(BELOW_NORMAL) LoggerHook                         
 -------------------- 
after_test_epoch:
(VERY_HIGH   ) RuntimeInfoHook                    
(NORMAL      ) IterTimerHook                      
(BELOW_NORMAL) LoggerHook                         
 -------------------- 
after_test:
(VERY_HIGH   ) RuntimeInfoHook                    
 -------------------- 
after_run:
(BELOW_NORMAL) LoggerHook                         
 -------------------- 
2026/04/10 14:06:06 - mmengine - WARNING - The prefix is not set in metric class IoUMetric.
Name of parameter - Initialization information

backbone.layers.0.0.projection.weight - torch.Size([32, 3, 7, 7]): 
Initialized by user-defined `init_weights` in MixVisionTransformer  

backbone.layers.0.0.projection.bias - torch.Size([32]): 
Initialized by user-defined `init_weights` in MixVisionTransformer  

backbone.layers.0.0.norm.weight - torch.Size([32]): 
The value is the same before and after calling `init_weights` of EncoderDecoder  

backbone.layers.0.0.norm.bias - torch.Size([32]): 
The value is the same before and after calling `init_weights` of EncoderDecoder  

backbone.layers.0.1.0.norm1.weight - torch.Size([32]): 
The value is the same before and after calling `init_weights` of EncoderDecoder  

backbone.layers.0.1.0.norm1.bias - torch.Size([32]): 
The value is the same before and after calling `init_weights` of EncoderDecoder  

backbone.layers.0.1.0.attn.attn.in_proj_weight - torch.Size([96, 32]): 
The value is the same before and after calling `init_weights` of EncoderDecoder  

backbone.layers.0.1.0.attn.attn.in_proj_bias - torch.Size([96]): 
The value is the same before and after calling `init_weights` of EncoderDecoder  

backbone.layers.0.1.0.attn.attn.out_proj.weight - torch.Size([32, 32]): 
Initialized by user-defined `init_weights` in MixVisionTransformer  

backbone.layers.0.1.0.attn.attn.out_proj.bias - torch.Size([32]): 
The value is the same before and after calling `init_weights` of EncoderDecoder  

backbone.layers.0.1.0.attn.sr.weight - torch.Size([32, 32, 8, 8]): 
Initialized by user-defined `init_weights` in MixVisionTransformer  

backbone.layers.0.1.0.attn.sr.bias - torch.Size([32]): 
Initialized by user-defined `init_weights` in MixVisionTransformer  

backbone.layers.0.1.0.attn.norm.weight - torch.Size([32]): 
The value is the same before and after calling `init_weights` of EncoderDecoder  

backbone.layers.0.1.0.attn.norm.bias - torch.Size([32]): 
The value is the same before and after calling `init_weights` of EncoderDecoder  

backbone.layers.0.1.0.norm2.weight - torch.Size([32]): 
The value is the same before and after calling `init_weights` of EncoderDecoder  

backbone.layers.0.1.0.norm2.bias - torch.Size([32]): 
The value is the same before and after calling `init_weights` of EncoderDecoder  

backbone.layers.0.1.0.ffn.layers.0.weight - torch.Size([128, 32, 1, 1]): 
Initialized by user-defined `init_weights` in MixVisionTransformer  

backbone.layers.0.1.0.ffn.layers.0.bias - torch.Size([128]): 
Initialized by user-defined `init_weights` in MixVisionTransformer  

backbone.layers.0.1.0.ffn.layers.1.weight - torch.Size([128, 1, 3, 3]): 
Initialized by user-defined `init_weights` in MixVisionTransformer  

backbone.layers.0.1.0.ffn.layers.1.bias - torch.Size([128]): 
Initialized by user-defined `init_weights` in MixVisionTransformer  

backbone.layers.0.1.0.ffn.layers.4.weight - torch.Size([32, 128, 1, 1]): 
Initialized by user-defined `init_weights` in MixVisionTransformer  

backbone.layers.0.1.0.ffn.layers.4.bias - torch.Size([32]): 
Initialized by user-defined `init_weights` in MixVisionTransformer  

backbone.layers.0.1.1.norm1.weight - torch.Size([32]): 
The value is the same before and after calling `init_weights` of EncoderDecoder  

backbone.layers.0.1.1.norm1.bias - torch.Size([32]): 
The value is the same before and after calling `init_weights` of EncoderDecoder  

backbone.layers.0.1.1.attn.attn.in_proj_weight - torch.Size([96, 32]): 
The value is the same before and after calling `init_weights` of EncoderDecoder  

backbone.layers.0.1.1.attn.attn.in_proj_bias - torch.Size([96]): 
The value is the same before and after calling `init_weights` of EncoderDecoder  

backbone.layers.0.1.1.attn.attn.out_proj.weight - torch.Size([32, 32]): 
Initialized by user-defined `init_weights` in MixVisionTransformer  

backbone.layers.0.1.1.attn.attn.out_proj.bias - torch.Size([32]): 
The value is the same before and after calling `init_weights` of EncoderDecoder  

backbone.layers.0.1.1.attn.sr.weight - torch.Size([32, 32, 8, 8]): 
Initialized by user-defined `init_weights` in MixVisionTransformer  

backbone.layers.0.1.1.attn.sr.bias - torch.Size([32]): 
Initialized by user-defined `init_weights` in MixVisionTransformer  

backbone.layers.0.1.1.attn.norm.weight - torch.Size([32]): 
The value is the same before and after calling `init_weights` of EncoderDecoder  

backbone.layers.0.1.1.attn.norm.bias - torch.Size([32]): 
The value is the same before and after calling `init_weights` of EncoderDecoder  

backbone.layers.0.1.1.norm2.weight - torch.Size([32]): 
The value is the same before and after calling `init_weights` of EncoderDecoder  

backbone.layers.0.1.1.norm2.bias - torch.Size([32]): 
The value is the same before and after calling `init_weights` of EncoderDecoder  

backbone.layers.0.1.1.ffn.layers.0.weight - torch.Size([128, 32, 1, 1]): 
Initialized by user-defined `init_weights` in MixVisionTransformer  

backbone.layers.0.1.1.ffn.layers.0.bias - torch.Size([128]): 
Initialized by user-defined `init_weights` in MixVisionTransformer  

backbone.layers.0.1.1.ffn.layers.1.weight - torch.Size([128, 1, 3, 3]): 
Initialized by user-defined `init_weights` in MixVisionTransformer  

backbone.layers.0.1.1.ffn.layers.1.bias - torch.Size([128]): 
Initialized by user-defined `init_weights` in MixVisionTransformer  

backbone.layers.0.1.1.ffn.layers.4.weight - torch.Size([32, 128, 1, 1]): 
Initialized by user-defined `init_weights` in MixVisionTransformer  

backbone.layers.0.1.1.ffn.layers.4.bias - torch.Size([32]): 
Initialized by user-defined `init_weights` in MixVisionTransformer  

backbone.layers.0.2.weight - torch.Size([32]): 
The value is the same before and after calling `init_weights` of EncoderDecoder  

backbone.layers.0.2.bias - torch.Size([32]): 
The value is the same before and after calling `init_weights` of EncoderDecoder  

backbone.layers.1.0.projection.weight - torch.Size([64, 32, 3, 3]): 
Initialized by user-defined `init_weights` in MixVisionTransformer  

backbone.layers.1.0.projection.bias - torch.Size([64]): 
Initialized by user-defined `init_weights` in MixVisionTransformer  

backbone.layers.1.0.norm.weight - torch.Size([64]): 
The value is the same before and after calling `init_weights` of EncoderDecoder  

backbone.layers.1.0.norm.bias - torch.Size([64]): 
The value is the same before and after calling `init_weights` of EncoderDecoder  

backbone.layers.1.1.0.norm1.weight - torch.Size([64]): 
The value is the same before and after calling `init_weights` of EncoderDecoder  

backbone.layers.1.1.0.norm1.bias - torch.Size([64]): 
The value is the same before and after calling `init_weights` of EncoderDecoder  

backbone.layers.1.1.0.attn.attn.in_proj_weight - torch.Size([192, 64]): 
The value is the same before and after calling `init_weights` of EncoderDecoder  

backbone.layers.1.1.0.attn.attn.in_proj_bias - torch.Size([192]): 
The value is the same before and after calling `init_weights` of EncoderDecoder  

backbone.layers.1.1.0.attn.attn.out_proj.weight - torch.Size([64, 64]): 
Initialized by user-defined `init_weights` in MixVisionTransformer  

backbone.layers.1.1.0.attn.attn.out_proj.bias - torch.Size([64]): 
The value is the same before and after calling `init_weights` of EncoderDecoder  

backbone.layers.1.1.0.attn.sr.weight - torch.Size([64, 64, 4, 4]): 
Initialized by user-defined `init_weights` in MixVisionTransformer  

backbone.layers.1.1.0.attn.sr.bias - torch.Size([64]): 
Initialized by user-defined `init_weights` in MixVisionTransformer  

backbone.layers.1.1.0.attn.norm.weight - torch.Size([64]): 
The value is the same before and after calling `init_weights` of EncoderDecoder  

backbone.layers.1.1.0.attn.norm.bias - torch.Size([64]): 
The value is the same before and after calling `init_weights` of EncoderDecoder  

backbone.layers.1.1.0.norm2.weight - torch.Size([64]): 
The value is the same before and after calling `init_weights` of EncoderDecoder  

backbone.layers.1.1.0.norm2.bias - torch.Size([64]): 
The value is the same before and after calling `init_weights` of EncoderDecoder  

backbone.layers.1.1.0.ffn.layers.0.weight - torch.Size([256, 64, 1, 1]): 
Initialized by user-defined `init_weights` in MixVisionTransformer  

backbone.layers.1.1.0.ffn.layers.0.bias - torch.Size([256]): 
Initialized by user-defined `init_weights` in MixVisionTransformer  

backbone.layers.1.1.0.ffn.layers.1.weight - torch.Size([256, 1, 3, 3]): 
Initialized by user-defined `init_weights` in MixVisionTransformer  

backbone.layers.1.1.0.ffn.layers.1.bias - torch.Size([256]): 
Initialized by user-defined `init_weights` in MixVisionTransformer  

backbone.layers.1.1.0.ffn.layers.4.weight - torch.Size([64, 256, 1, 1]): 
Initialized by user-defined `init_weights` in MixVisionTransformer  

backbone.layers.1.1.0.ffn.layers.4.bias - torch.Size([64]): 
Initialized by user-defined `init_weights` in MixVisionTransformer  

backbone.layers.1.1.1.norm1.weight - torch.Size([64]): 
The value is the same before and after calling `init_weights` of EncoderDecoder  

backbone.layers.1.1.1.norm1.bias - torch.Size([64]): 
The value is the same before and after calling `init_weights` of EncoderDecoder  

backbone.layers.1.1.1.attn.attn.in_proj_weight - torch.Size([192, 64]): 
The value is the same before and after calling `init_weights` of EncoderDecoder  

backbone.layers.1.1.1.attn.attn.in_proj_bias - torch.Size([192]): 
The value is the same before and after calling `init_weights` of EncoderDecoder  

backbone.layers.1.1.1.attn.attn.out_proj.weight - torch.Size([64, 64]): 
Initialized by user-defined `init_weights` in MixVisionTransformer  

backbone.layers.1.1.1.attn.attn.out_proj.bias - torch.Size([64]): 
The value is the same before and after calling `init_weights` of EncoderDecoder  

backbone.layers.1.1.1.attn.sr.weight - torch.Size([64, 64, 4, 4]): 
Initialized by user-defined `init_weights` in MixVisionTransformer  

backbone.layers.1.1.1.attn.sr.bias - torch.Size([64]): 
Initialized by user-defined `init_weights` in MixVisionTransformer  

backbone.layers.1.1.1.attn.norm.weight - torch.Size([64]): 
The value is the same before and after calling `init_weights` of EncoderDecoder  

backbone.layers.1.1.1.attn.norm.bias - torch.Size([64]): 
The value is the same before and after calling `init_weights` of EncoderDecoder  

backbone.layers.1.1.1.norm2.weight - torch.Size([64]): 
The value is the same before and after calling `init_weights` of EncoderDecoder  

backbone.layers.1.1.1.norm2.bias - torch.Size([64]): 
The value is the same before and after calling `init_weights` of EncoderDecoder  

backbone.layers.1.1.1.ffn.layers.0.weight - torch.Size([256, 64, 1, 1]): 
Initialized by user-defined `init_weights` in MixVisionTransformer  

backbone.layers.1.1.1.ffn.layers.0.bias - torch.Size([256]): 
Initialized by user-defined `init_weights` in MixVisionTransformer  

backbone.layers.1.1.1.ffn.layers.1.weight - torch.Size([256, 1, 3, 3]): 
Initialized by user-defined `init_weights` in MixVisionTransformer  

backbone.layers.1.1.1.ffn.layers.1.bias - torch.Size([256]): 
Initialized by user-defined `init_weights` in MixVisionTransformer  

backbone.layers.1.1.1.ffn.layers.4.weight - torch.Size([64, 256, 1, 1]): 
Initialized by user-defined `init_weights` in MixVisionTransformer  

backbone.layers.1.1.1.ffn.layers.4.bias - torch.Size([64]): 
Initialized by user-defined `init_weights` in MixVisionTransformer  

backbone.layers.1.2.weight - torch.Size([64]): 
The value is the same before and after calling `init_weights` of EncoderDecoder  

backbone.layers.1.2.bias - torch.Size([64]): 
The value is the same before and after calling `init_weights` of EncoderDecoder  

backbone.layers.2.0.projection.weight - torch.Size([160, 64, 3, 3]): 
Initialized by user-defined `init_weights` in MixVisionTransformer  

backbone.layers.2.0.projection.bias - torch.Size([160]): 
Initialized by user-defined `init_weights` in MixVisionTransformer  

backbone.layers.2.0.norm.weight - torch.Size([160]): 
The value is the same before and after calling `init_weights` of EncoderDecoder  

backbone.layers.2.0.norm.bias - torch.Size([160]): 
The value is the same before and after calling `init_weights` of EncoderDecoder  

backbone.layers.2.1.0.norm1.weight - torch.Size([160]): 
The value is the same before and after calling `init_weights` of EncoderDecoder  

backbone.layers.2.1.0.norm1.bias - torch.Size([160]): 
The value is the same before and after calling `init_weights` of EncoderDecoder  

backbone.layers.2.1.0.attn.attn.in_proj_weight - torch.Size([480, 160]): 
The value is the same before and after calling `init_weights` of EncoderDecoder  

backbone.layers.2.1.0.attn.attn.in_proj_bias - torch.Size([480]): 
The value is the same before and after calling `init_weights` of EncoderDecoder  

backbone.layers.2.1.0.attn.attn.out_proj.weight - torch.Size([160, 160]): 
Initialized by user-defined `init_weights` in MixVisionTransformer  

backbone.layers.2.1.0.attn.attn.out_proj.bias - torch.Size([160]): 
The value is the same before and after calling `init_weights` of EncoderDecoder  

backbone.layers.2.1.0.attn.sr.weight - torch.Size([160, 160, 2, 2]): 
Initialized by user-defined `init_weights` in MixVisionTransformer  

backbone.layers.2.1.0.attn.sr.bias - torch.Size([160]): 
Initialized by user-defined `init_weights` in MixVisionTransformer  

backbone.layers.2.1.0.attn.norm.weight - torch.Size([160]): 
The value is the same before and after calling `init_weights` of EncoderDecoder  

backbone.layers.2.1.0.attn.norm.bias - torch.Size([160]): 
The value is the same before and after calling `init_weights` of EncoderDecoder  

backbone.layers.2.1.0.norm2.weight - torch.Size([160]): 
The value is the same before and after calling `init_weights` of EncoderDecoder  

backbone.layers.2.1.0.norm2.bias - torch.Size([160]): 
The value is the same before and after calling `init_weights` of EncoderDecoder  

backbone.layers.2.1.0.ffn.layers.0.weight - torch.Size([640, 160, 1, 1]): 
Initialized by user-defined `init_weights` in MixVisionTransformer  

backbone.layers.2.1.0.ffn.layers.0.bias - torch.Size([640]): 
Initialized by user-defined `init_weights` in MixVisionTransformer  

backbone.layers.2.1.0.ffn.layers.1.weight - torch.Size([640, 1, 3, 3]): 
Initialized by user-defined `init_weights` in MixVisionTransformer  

backbone.layers.2.1.0.ffn.layers.1.bias - torch.Size([640]): 
Initialized by user-defined `init_weights` in MixVisionTransformer  

backbone.layers.2.1.0.ffn.layers.4.weight - torch.Size([160, 640, 1, 1]): 
Initialized by user-defined `init_weights` in MixVisionTransformer  

backbone.layers.2.1.0.ffn.layers.4.bias - torch.Size([160]): 
Initialized by user-defined `init_weights` in MixVisionTransformer  

backbone.layers.2.1.1.norm1.weight - torch.Size([160]): 
The value is the same before and after calling `init_weights` of EncoderDecoder  

backbone.layers.2.1.1.norm1.bias - torch.Size([160]): 
The value is the same before and after calling `init_weights` of EncoderDecoder  

backbone.layers.2.1.1.attn.attn.in_proj_weight - torch.Size([480, 160]): 
The value is the same before and after calling `init_weights` of EncoderDecoder  

backbone.layers.2.1.1.attn.attn.in_proj_bias - torch.Size([480]): 
The value is the same before and after calling `init_weights` of EncoderDecoder  

backbone.layers.2.1.1.attn.attn.out_proj.weight - torch.Size([160, 160]): 
Initialized by user-defined `init_weights` in MixVisionTransformer  

backbone.layers.2.1.1.attn.attn.out_proj.bias - torch.Size([160]): 
The value is the same before and after calling `init_weights` of EncoderDecoder  

backbone.layers.2.1.1.attn.sr.weight - torch.Size([160, 160, 2, 2]): 
Initialized by user-defined `init_weights` in MixVisionTransformer  

backbone.layers.2.1.1.attn.sr.bias - torch.Size([160]): 
Initialized by user-defined `init_weights` in MixVisionTransformer  

backbone.layers.2.1.1.attn.norm.weight - torch.Size([160]): 
The value is the same before and after calling `init_weights` of EncoderDecoder  

backbone.layers.2.1.1.attn.norm.bias - torch.Size([160]): 
The value is the same before and after calling `init_weights` of EncoderDecoder  

backbone.layers.2.1.1.norm2.weight - torch.Size([160]): 
The value is the same before and after calling `init_weights` of EncoderDecoder  

backbone.layers.2.1.1.norm2.bias - torch.Size([160]): 
The value is the same before and after calling `init_weights` of EncoderDecoder  

backbone.layers.2.1.1.ffn.layers.0.weight - torch.Size([640, 160, 1, 1]): 
Initialized by user-defined `init_weights` in MixVisionTransformer  

backbone.layers.2.1.1.ffn.layers.0.bias - torch.Size([640]): 
Initialized by user-defined `init_weights` in MixVisionTransformer  

backbone.layers.2.1.1.ffn.layers.1.weight - torch.Size([640, 1, 3, 3]): 
Initialized by user-defined `init_weights` in MixVisionTransformer  

backbone.layers.2.1.1.ffn.layers.1.bias - torch.Size([640]): 
Initialized by user-defined `init_weights` in MixVisionTransformer  

backbone.layers.2.1.1.ffn.layers.4.weight - torch.Size([160, 640, 1, 1]): 
Initialized by user-defined `init_weights` in MixVisionTransformer  

backbone.layers.2.1.1.ffn.layers.4.bias - torch.Size([160]): 
Initialized by user-defined `init_weights` in MixVisionTransformer  

backbone.layers.2.2.weight - torch.Size([160]): 
The value is the same before and after calling `init_weights` of EncoderDecoder  

backbone.layers.2.2.bias - torch.Size([160]): 
The value is the same before and after calling `init_weights` of EncoderDecoder  

backbone.layers.3.0.projection.weight - torch.Size([256, 160, 3, 3]): 
Initialized by user-defined `init_weights` in MixVisionTransformer  

backbone.layers.3.0.projection.bias - torch.Size([256]): 
Initialized by user-defined `init_weights` in MixVisionTransformer  

backbone.layers.3.0.norm.weight - torch.Size([256]): 
The value is the same before and after calling `init_weights` of EncoderDecoder  

backbone.layers.3.0.norm.bias - torch.Size([256]): 
The value is the same before and after calling `init_weights` of EncoderDecoder  

backbone.layers.3.1.0.norm1.weight - torch.Size([256]): 
The value is the same before and after calling `init_weights` of EncoderDecoder  

backbone.layers.3.1.0.norm1.bias - torch.Size([256]): 
The value is the same before and after calling `init_weights` of EncoderDecoder  

backbone.layers.3.1.0.attn.attn.in_proj_weight - torch.Size([768, 256]): 
The value is the same before and after calling `init_weights` of EncoderDecoder  

backbone.layers.3.1.0.attn.attn.in_proj_bias - torch.Size([768]): 
The value is the same before and after calling `init_weights` of EncoderDecoder  

backbone.layers.3.1.0.attn.attn.out_proj.weight - torch.Size([256, 256]): 
Initialized by user-defined `init_weights` in MixVisionTransformer  

backbone.layers.3.1.0.attn.attn.out_proj.bias - torch.Size([256]): 
The value is the same before and after calling `init_weights` of EncoderDecoder  

backbone.layers.3.1.0.norm2.weight - torch.Size([256]): 
The value is the same before and after calling `init_weights` of EncoderDecoder  

backbone.layers.3.1.0.norm2.bias - torch.Size([256]): 
The value is the same before and after calling `init_weights` of EncoderDecoder  

backbone.layers.3.1.0.ffn.layers.0.weight - torch.Size([1024, 256, 1, 1]): 
Initialized by user-defined `init_weights` in MixVisionTransformer  

backbone.layers.3.1.0.ffn.layers.0.bias - torch.Size([1024]): 
Initialized by user-defined `init_weights` in MixVisionTransformer  

backbone.layers.3.1.0.ffn.layers.1.weight - torch.Size([1024, 1, 3, 3]): 
Initialized by user-defined `init_weights` in MixVisionTransformer  

backbone.layers.3.1.0.ffn.layers.1.bias - torch.Size([1024]): 
Initialized by user-defined `init_weights` in MixVisionTransformer  

backbone.layers.3.1.0.ffn.layers.4.weight - torch.Size([256, 1024, 1, 1]): 
Initialized by user-defined `init_weights` in MixVisionTransformer  

backbone.layers.3.1.0.ffn.layers.4.bias - torch.Size([256]): 
Initialized by user-defined `init_weights` in MixVisionTransformer  

backbone.layers.3.1.1.norm1.weight - torch.Size([256]): 
The value is the same before and after calling `init_weights` of EncoderDecoder  

backbone.layers.3.1.1.norm1.bias - torch.Size([256]): 
The value is the same before and after calling `init_weights` of EncoderDecoder  

backbone.layers.3.1.1.attn.attn.in_proj_weight - torch.Size([768, 256]): 
The value is the same before and after calling `init_weights` of EncoderDecoder  

backbone.layers.3.1.1.attn.attn.in_proj_bias - torch.Size([768]): 
The value is the same before and after calling `init_weights` of EncoderDecoder  

backbone.layers.3.1.1.attn.attn.out_proj.weight - torch.Size([256, 256]): 
Initialized by user-defined `init_weights` in MixVisionTransformer  

backbone.layers.3.1.1.attn.attn.out_proj.bias - torch.Size([256]): 
The value is the same before and after calling `init_weights` of EncoderDecoder  

backbone.layers.3.1.1.norm2.weight - torch.Size([256]): 
The value is the same before and after calling `init_weights` of EncoderDecoder  

backbone.layers.3.1.1.norm2.bias - torch.Size([256]): 
The value is the same before and after calling `init_weights` of EncoderDecoder  

backbone.layers.3.1.1.ffn.layers.0.weight - torch.Size([1024, 256, 1, 1]): 
Initialized by user-defined `init_weights` in MixVisionTransformer  

backbone.layers.3.1.1.ffn.layers.0.bias - torch.Size([1024]): 
Initialized by user-defined `init_weights` in MixVisionTransformer  

backbone.layers.3.1.1.ffn.layers.1.weight - torch.Size([1024, 1, 3, 3]): 
Initialized by user-defined `init_weights` in MixVisionTransformer  

backbone.layers.3.1.1.ffn.layers.1.bias - torch.Size([1024]): 
Initialized by user-defined `init_weights` in MixVisionTransformer  

backbone.layers.3.1.1.ffn.layers.4.weight - torch.Size([256, 1024, 1, 1]): 
Initialized by user-defined `init_weights` in MixVisionTransformer  

backbone.layers.3.1.1.ffn.layers.4.bias - torch.Size([256]): 
Initialized by user-defined `init_weights` in MixVisionTransformer  

backbone.layers.3.2.weight - torch.Size([256]): 
The value is the same before and after calling `init_weights` of EncoderDecoder  

backbone.layers.3.2.bias - torch.Size([256]): 
The value is the same before and after calling `init_weights` of EncoderDecoder  

decode_head.conv_seg.weight - torch.Size([3, 256, 1, 1]): 
NormalInit: mean=0, std=0.01, bias=0 

decode_head.conv_seg.bias - torch.Size([3]): 
NormalInit: mean=0, std=0.01, bias=0 

decode_head.convs.0.conv.weight - torch.Size([256, 32, 1, 1]): 
The value is the same before and after calling `init_weights` of EncoderDecoder  

decode_head.convs.0.bn.weight - torch.Size([256]): 
The value is the same before and after calling `init_weights` of EncoderDecoder  

decode_head.convs.0.bn.bias - torch.Size([256]): 
The value is the same before and after calling `init_weights` of EncoderDecoder  

decode_head.convs.1.conv.weight - torch.Size([256, 64, 1, 1]): 
The value is the same before and after calling `init_weights` of EncoderDecoder  

decode_head.convs.1.bn.weight - torch.Size([256]): 
The value is the same before and after calling `init_weights` of EncoderDecoder  

decode_head.convs.1.bn.bias - torch.Size([256]): 
The value is the same before and after calling `init_weights` of EncoderDecoder  

decode_head.convs.2.conv.weight - torch.Size([256, 160, 1, 1]): 
The value is the same before and after calling `init_weights` of EncoderDecoder  

decode_head.convs.2.bn.weight - torch.Size([256]): 
The value is the same before and after calling `init_weights` of EncoderDecoder  

decode_head.convs.2.bn.bias - torch.Size([256]): 
The value is the same before and after calling `init_weights` of EncoderDecoder  

decode_head.convs.3.conv.weight - torch.Size([256, 256, 1, 1]): 
The value is the same before and after calling `init_weights` of EncoderDecoder  

decode_head.convs.3.bn.weight - torch.Size([256]): 
The value is the same before and after calling `init_weights` of EncoderDecoder  

decode_head.convs.3.bn.bias - torch.Size([256]): 
The value is the same before and after calling `init_weights` of EncoderDecoder  

decode_head.fusion_conv.conv.weight - torch.Size([256, 1024, 1, 1]): 
Initialized by user-defined `init_weights` in ConvModule  

decode_head.fusion_conv.bn.weight - torch.Size([256]): 
The value is the same before and after calling `init_weights` of EncoderDecoder  

decode_head.fusion_conv.bn.bias - torch.Size([256]): 
The value is the same before and after calling `init_weights` of EncoderDecoder  
2026/04/10 14:06:06 - mmengine - INFO - Load checkpoint from practicum_work/artifacts/mmsegmentation_work_dir/best_mDice_epoch_segform.pth
2026/04/10 14:06:06 - mmengine - WARNING - "FileClient" will be deprecated in future. Please use io functions in https://mmengine.readthedocs.io/en/latest/api/fileio.html#file-io
2026/04/10 14:06:06 - mmengine - WARNING - "HardDiskBackend" is the alias of "LocalBackend" and the former will be deprecated in future.
2026/04/10 14:06:06 - mmengine - INFO - Checkpoints will be saved to /data_12/gpudev/kashnitskii/yx/s6_project/practicum_work/artifacts/mmsegmentation_work_dir.
2026/04/10 14:06:10 - mmengine - INFO - Exp name: segformer_b0_conf_20260410_140603
2026/04/10 14:06:10 - mmengine - INFO - Iter(train) [   24/12000]  lr: 1.0000e-04  eta: 0:26:45  time: 0.0407  data_time: 0.0064  memory: 9406  loss: 0.0350  decode.loss_focal: 0.0090  decode.loss_dice: 0.0260  decode.acc_seg: 96.6267
2026/04/10 14:06:10 - mmengine - INFO - per class results:
2026/04/10 14:06:10 - mmengine - INFO - 
+------------+-------+-------+
|   Class    |  Dice |  Acc  |
+------------+-------+-------+
| background | 96.53 | 97.97 |
|    cat     | 46.17 | 35.18 |
|    dog     | 50.22 | 53.04 |
+------------+-------+-------+
2026/04/10 14:06:10 - mmengine - INFO - Iter(val) [15/15]    aAcc: 91.9700  mDice: 64.3100  mAcc: 62.0600  data_time: 0.0163  time: 0.0313
2026/04/10 14:06:10 - mmengine - INFO - The best checkpoint with 64.3100 mDice at 1 epoch is saved to best_mDice_epoch_1.pth.
2026/04/10 14:06:11 - mmengine - INFO - Exp name: segformer_b0_conf_20260410_140603
2026/04/10 14:06:11 - mmengine - INFO - Iter(train) [   48/12000]  lr: 9.9840e-05  eta: 0:18:01  time: 0.0410  data_time: 0.0066  memory: 866  loss: 0.0343  decode.loss_focal: 0.0088  decode.loss_dice: 0.0255  decode.acc_seg: 96.1807
2026/04/10 14:06:12 - mmengine - INFO - per class results:
2026/04/10 14:06:12 - mmengine - INFO - 
+------------+-------+-------+
|   Class    |  Dice |  Acc  |
+------------+-------+-------+
| background | 96.48 | 97.78 |
|    cat     | 47.74 | 40.23 |
|    dog     | 47.81 | 45.84 |
+------------+-------+-------+
2026/04/10 14:06:12 - mmengine - INFO - Iter(val) [15/15]    aAcc: 91.8300  mDice: 64.0100  mAcc: 61.2800  data_time: 0.0082  time: 0.0222
2026/04/10 14:06:13 - mmengine - INFO - Exp name: segformer_b0_conf_20260410_140603
2026/04/10 14:06:13 - mmengine - INFO - Iter(train) [   72/12000]  lr: 9.9680e-05  eta: 0:16:34  time: 0.0598  data_time: 0.0091  memory: 866  loss: 0.0308  decode.loss_focal: 0.0064  decode.loss_dice: 0.0243  decode.acc_seg: 95.4145
2026/04/10 14:06:14 - mmengine - INFO - per class results:
2026/04/10 14:06:14 - mmengine - INFO - 
+------------+-------+-------+
|   Class    |  Dice |  Acc  |
+------------+-------+-------+
| background | 96.64 |  97.9 |
|    cat     |  47.6 | 38.63 |
|    dog     | 50.24 | 51.16 |
+------------+-------+-------+
2026/04/10 14:06:14 - mmengine - INFO - Iter(val) [15/15]    aAcc: 92.0600  mDice: 64.8300  mAcc: 62.5600  data_time: 0.0096  time: 0.0232
2026/04/10 14:06:14 - mmengine - INFO - The previous best checkpoint /data_12/gpudev/kashnitskii/yx/s6_project/practicum_work/artifacts/mmsegmentation_work_dir/best_mDice_epoch_1.pth is removed
2026/04/10 14:06:14 - mmengine - INFO - The best checkpoint with 64.8300 mDice at 3 epoch is saved to best_mDice_epoch_3.pth.
2026/04/10 14:06:16 - mmengine - INFO - Exp name: segformer_b0_conf_20260410_140603
2026/04/10 14:06:16 - mmengine - INFO - Iter(train) [   96/12000]  lr: 9.9519e-05  eta: 0:16:15  time: 0.0730  data_time: 0.0100  memory: 866  loss: 0.0332  decode.loss_focal: 0.0082  decode.loss_dice: 0.0250  decode.acc_seg: 97.0366
2026/04/10 14:06:16 - mmengine - INFO - per class results:
2026/04/10 14:06:16 - mmengine - INFO - 
+------------+-------+-------+
|   Class    |  Dice |  Acc  |
+------------+-------+-------+
| background | 96.57 | 97.93 |
|    cat     | 48.47 | 39.28 |
|    dog     | 49.13 | 48.93 |
+------------+-------+-------+
2026/04/10 14:06:16 - mmengine - INFO - Iter(val) [15/15]    aAcc: 92.0300  mDice: 64.7200  mAcc: 62.0500  data_time: 0.0287  time: 0.0450
2026/04/10 14:06:18 - mmengine - INFO - Exp name: segformer_b0_conf_20260410_140603
2026/04/10 14:06:18 - mmengine - INFO - Iter(train) [  120/12000]  lr: 9.9359e-05  eta: 0:15:56  time: 0.0736  data_time: 0.0101  memory: 866  loss: 0.0356  decode.loss_focal: 0.0085  decode.loss_dice: 0.0271  decode.acc_seg: 94.6817
2026/04/10 14:06:19 - mmengine - INFO - per class results:
2026/04/10 14:06:19 - mmengine - INFO - 
+------------+-------+-------+
|   Class    |  Dice |  Acc  |
+------------+-------+-------+
| background | 96.48 | 97.62 |
|    cat     | 47.45 | 40.65 |
|    dog     |  46.0 | 44.67 |
+------------+-------+-------+
2026/04/10 14:06:19 - mmengine - INFO - Iter(val) [15/15]    aAcc: 91.6700  mDice: 63.3100  mAcc: 60.9800  data_time: 0.0110  time: 0.0263
2026/04/10 14:06:20 - mmengine - INFO - Exp name: segformer_b0_conf_20260410_140603
2026/04/10 14:06:20 - mmengine - INFO - Iter(train) [  144/12000]  lr: 9.9198e-05  eta: 0:15:39  time: 0.0709  data_time: 0.0090  memory: 866  loss: 0.0296  decode.loss_focal: 0.0073  decode.loss_dice: 0.0223  decode.acc_seg: 94.9821
2026/04/10 14:06:21 - mmengine - INFO - per class results:
2026/04/10 14:06:21 - mmengine - INFO - 
+------------+-------+-------+
|   Class    |  Dice |  Acc  |
+------------+-------+-------+
| background | 96.63 | 97.91 |
|    cat     | 44.34 | 33.53 |
|    dog     | 46.65 | 51.29 |
+------------+-------+-------+
2026/04/10 14:06:21 - mmengine - INFO - Iter(val) [15/15]    aAcc: 91.7400  mDice: 62.5400  mAcc: 60.9100  data_time: 0.0105  time: 0.0258
2026/04/10 14:06:23 - mmengine - INFO - Exp name: segformer_b0_conf_20260410_140603
2026/04/10 14:06:23 - mmengine - INFO - Iter(train) [  168/12000]  lr: 9.9038e-05  eta: 0:15:32  time: 0.0776  data_time: 0.0106  memory: 866  loss: 0.0346  decode.loss_focal: 0.0089  decode.loss_dice: 0.0257  decode.acc_seg: 94.9726
2026/04/10 14:06:23 - mmengine - INFO - per class results:
2026/04/10 14:06:23 - mmengine - INFO - 
+------------+-------+-------+
|   Class    |  Dice |  Acc  |
+------------+-------+-------+
| background | 96.58 | 98.19 |
|    cat     | 45.45 | 35.14 |
|    dog     | 46.16 | 46.19 |
+------------+-------+-------+
2026/04/10 14:06:23 - mmengine - INFO - Iter(val) [15/15]    aAcc: 91.8800  mDice: 62.7300  mAcc: 59.8400  data_time: 0.0101  time: 0.0244
2026/04/10 14:06:25 - mmengine - INFO - Exp name: segformer_b0_conf_20260410_140603
2026/04/10 14:06:25 - mmengine - INFO - Iter(train) [  192/12000]  lr: 9.8877e-05  eta: 0:15:27  time: 0.0725  data_time: 0.0099  memory: 866  loss: 0.0294  decode.loss_focal: 0.0064  decode.loss_dice: 0.0230  decode.acc_seg: 96.8355
2026/04/10 14:06:25 - mmengine - INFO - per class results:
2026/04/10 14:06:25 - mmengine - INFO - 
+------------+-------+-------+
|   Class    |  Dice |  Acc  |
+------------+-------+-------+
| background | 96.58 | 97.94 |
|    cat     | 43.59 | 33.11 |
|    dog     | 47.88 | 51.53 |
+------------+-------+-------+
2026/04/10 14:06:25 - mmengine - INFO - Iter(val) [15/15]    aAcc: 91.7500  mDice: 62.6800  mAcc: 60.8600  data_time: 0.0240  time: 0.0390
2026/04/10 14:06:27 - mmengine - INFO - Exp name: segformer_b0_conf_20260410_140603
2026/04/10 14:06:27 - mmengine - INFO - Iter(train) [  216/12000]  lr: 9.8717e-05  eta: 0:15:18  time: 0.0707  data_time: 0.0093  memory: 866  loss: 0.0299  decode.loss_focal: 0.0077  decode.loss_dice: 0.0222  decode.acc_seg: 97.5077
2026/04/10 14:06:28 - mmengine - INFO - per class results:
2026/04/10 14:06:28 - mmengine - INFO - 
+------------+-------+-------+
|   Class    |  Dice |  Acc  |
+------------+-------+-------+
| background | 96.48 | 97.61 |
|    cat     | 47.07 | 38.95 |
|    dog     | 43.79 | 44.69 |
+------------+-------+-------+
2026/04/10 14:06:28 - mmengine - INFO - Iter(val) [15/15]    aAcc: 91.5500  mDice: 62.4500  mAcc: 60.4200  data_time: 0.0090  time: 0.0230
2026/04/10 14:06:29 - mmengine - INFO - Exp name: segformer_b0_conf_20260410_140603
2026/04/10 14:06:29 - mmengine - INFO - Iter(train) [  240/12000]  lr: 9.8556e-05  eta: 0:15:10  time: 0.0717  data_time: 0.0096  memory: 866  loss: 0.0342  decode.loss_focal: 0.0081  decode.loss_dice: 0.0261  decode.acc_seg: 96.3285
2026/04/10 14:06:30 - mmengine - INFO - per class results:
2026/04/10 14:06:30 - mmengine - INFO - 
+------------+-------+-------+
|   Class    |  Dice |  Acc  |
+------------+-------+-------+
| background | 96.64 | 97.73 |
|    cat     | 44.35 | 32.33 |
|    dog     | 49.53 |  58.7 |
+------------+-------+-------+
2026/04/10 14:06:30 - mmengine - INFO - Iter(val) [15/15]    aAcc: 91.8100  mDice: 63.5100  mAcc: 62.9200  data_time: 0.0090  time: 0.0233
2026/04/10 14:06:32 - mmengine - INFO - Exp name: segformer_b0_conf_20260410_140603
2026/04/10 14:06:32 - mmengine - INFO - Iter(train) [  264/12000]  lr: 9.8395e-05  eta: 0:15:08  time: 0.0723  data_time: 0.0099  memory: 866  loss: 0.0316  decode.loss_focal: 0.0082  decode.loss_dice: 0.0235  decode.acc_seg: 97.6021
2026/04/10 14:06:32 - mmengine - INFO - per class results:
2026/04/10 14:06:32 - mmengine - INFO - 
+------------+-------+-------+
|   Class    |  Dice |  Acc  |
+------------+-------+-------+
| background | 96.52 | 97.64 |
|    cat     | 49.17 | 40.11 |
|    dog     |  47.5 | 49.48 |
+------------+-------+-------+
2026/04/10 14:06:32 - mmengine - INFO - Iter(val) [15/15]    aAcc: 91.8500  mDice: 64.4000  mAcc: 62.4100  data_time: 0.0091  time: 0.0235
2026/04/10 14:06:34 - mmengine - INFO - Exp name: segformer_b0_conf_20260410_140603
2026/04/10 14:06:34 - mmengine - INFO - Iter(train) [  288/12000]  lr: 9.8234e-05  eta: 0:14:59  time: 0.0679  data_time: 0.0092  memory: 866  loss: 0.0253  decode.loss_focal: 0.0055  decode.loss_dice: 0.0198  decode.acc_seg: 98.3316
2026/04/10 14:06:34 - mmengine - INFO - per class results:
2026/04/10 14:06:34 - mmengine - INFO - 
+------------+-------+-------+
|   Class    |  Dice |  Acc  |
+------------+-------+-------+
| background |  96.5 | 97.57 |
|    cat     | 44.53 | 34.11 |
|    dog     | 48.55 | 54.84 |
+------------+-------+-------+
2026/04/10 14:06:34 - mmengine - INFO - Iter(val) [15/15]    aAcc: 91.6200  mDice: 63.1900  mAcc: 62.1700  data_time: 0.0240  time: 0.0387
2026/04/10 14:06:36 - mmengine - INFO - Exp name: segformer_b0_conf_20260410_140603
2026/04/10 14:06:36 - mmengine - INFO - Iter(train) [  312/12000]  lr: 9.8073e-05  eta: 0:14:56  time: 0.0730  data_time: 0.0103  memory: 866  loss: 0.0321  decode.loss_focal: 0.0078  decode.loss_dice: 0.0243  decode.acc_seg: 96.7196
2026/04/10 14:06:36 - mmengine - INFO - per class results:
2026/04/10 14:06:36 - mmengine - INFO - 
+------------+-------+-------+
|   Class    |  Dice |  Acc  |
+------------+-------+-------+
| background | 96.48 | 97.73 |
|    cat     | 48.64 | 38.37 |
|    dog     | 46.46 | 49.04 |
+------------+-------+-------+
2026/04/10 14:06:36 - mmengine - INFO - Iter(val) [15/15]    aAcc: 91.8000  mDice: 63.8600  mAcc: 61.7100  data_time: 0.0106  time: 0.0264
2026/04/10 14:06:38 - mmengine - INFO - Exp name: segformer_b0_conf_20260410_140603
2026/04/10 14:06:38 - mmengine - INFO - Iter(train) [  336/12000]  lr: 9.7912e-05  eta: 0:14:49  time: 0.0706  data_time: 0.0096  memory: 866  loss: 0.0321  decode.loss_focal: 0.0078  decode.loss_dice: 0.0243  decode.acc_seg: 97.3520
2026/04/10 14:06:39 - mmengine - INFO - per class results:
2026/04/10 14:06:39 - mmengine - INFO - 
+------------+-------+-------+
|   Class    |  Dice |  Acc  |
+------------+-------+-------+
| background | 96.48 | 97.87 |
|    cat     | 45.81 | 35.41 |
|    dog     | 47.68 | 49.98 |
+------------+-------+-------+
2026/04/10 14:06:39 - mmengine - INFO - Iter(val) [15/15]    aAcc: 91.7700  mDice: 63.3200  mAcc: 61.0900  data_time: 0.0106  time: 0.0261
2026/04/10 14:06:40 - mmengine - INFO - Exp name: segformer_b0_conf_20260410_140603
2026/04/10 14:06:40 - mmengine - INFO - Iter(train) [  360/12000]  lr: 9.7751e-05  eta: 0:14:38  time: 0.0679  data_time: 0.0086  memory: 866  loss: 0.0277  decode.loss_focal: 0.0063  decode.loss_dice: 0.0214  decode.acc_seg: 97.3894
2026/04/10 14:06:40 - mmengine - INFO - per class results:
2026/04/10 14:06:40 - mmengine - INFO - 
+------------+-------+-------+
|   Class    |  Dice |  Acc  |
+------------+-------+-------+
| background | 96.56 | 97.49 |
|    cat     | 49.99 | 43.21 |
|    dog     | 45.75 | 46.03 |
+------------+-------+-------+
2026/04/10 14:06:40 - mmengine - INFO - Iter(val) [15/15]    aAcc: 91.7800  mDice: 64.1000  mAcc: 62.2400  data_time: 0.0092  time: 0.0258
2026/04/10 14:06:42 - mmengine - INFO - Exp name: segformer_b0_conf_20260410_140603
2026/04/10 14:06:42 - mmengine - INFO - Iter(train) [  384/12000]  lr: 9.7590e-05  eta: 0:14:33  time: 0.0685  data_time: 0.0092  memory: 866  loss: 0.0290  decode.loss_focal: 0.0068  decode.loss_dice: 0.0222  decode.acc_seg: 97.3835
2026/04/10 14:06:43 - mmengine - INFO - per class results:
2026/04/10 14:06:43 - mmengine - INFO - 
+------------+-------+-------+
|   Class    |  Dice |  Acc  |
+------------+-------+-------+
| background | 96.57 | 97.76 |
|    cat     | 47.83 | 36.67 |
|    dog     | 49.05 | 54.13 |
+------------+-------+-------+
2026/04/10 14:06:43 - mmengine - INFO - Iter(val) [15/15]    aAcc: 91.9300  mDice: 64.4800  mAcc: 62.8500  data_time: 0.0112  time: 0.0292
2026/04/10 14:06:44 - mmengine - INFO - Exp name: segformer_b0_conf_20260410_140603
2026/04/10 14:06:44 - mmengine - INFO - Iter(train) [  408/12000]  lr: 9.7429e-05  eta: 0:14:28  time: 0.0702  data_time: 0.0099  memory: 866  loss: 0.0403  decode.loss_focal: 0.0126  decode.loss_dice: 0.0277  decode.acc_seg: 96.9900
2026/04/10 14:06:45 - mmengine - INFO - per class results:
2026/04/10 14:06:45 - mmengine - INFO - 
+------------+-------+-------+
|   Class    |  Dice |  Acc  |
+------------+-------+-------+
| background | 96.62 | 97.72 |
|    cat     | 51.54 | 49.68 |
|    dog     | 38.38 | 31.17 |
+------------+-------+-------+
2026/04/10 14:06:45 - mmengine - INFO - Iter(val) [15/15]    aAcc: 91.7900  mDice: 62.1800  mAcc: 59.5200  data_time: 0.0109  time: 0.0274
2026/04/10 14:06:46 - mmengine - INFO - Exp name: segformer_b0_conf_20260410_140603
2026/04/10 14:06:46 - mmengine - INFO - Iter(train) [  432/12000]  lr: 9.7268e-05  eta: 0:14:11  time: 0.0407  data_time: 0.0066  memory: 866  loss: 0.0284  decode.loss_focal: 0.0066  decode.loss_dice: 0.0218  decode.acc_seg: 97.7869
2026/04/10 14:06:46 - mmengine - INFO - per class results:
2026/04/10 14:06:46 - mmengine - INFO - 
+------------+-------+-------+
|   Class    |  Dice |  Acc  |
+------------+-------+-------+
| background | 96.53 | 97.89 |
|    cat     | 45.83 | 38.49 |
|    dog     | 40.46 | 38.53 |
+------------+-------+-------+
2026/04/10 14:06:46 - mmengine - INFO - Iter(val) [15/15]    aAcc: 91.5100  mDice: 60.9400  mAcc: 58.3000  data_time: 0.0097  time: 0.0244
2026/04/10 14:06:48 - mmengine - INFO - Exp name: segformer_b0_conf_20260410_140603
2026/04/10 14:06:48 - mmengine - INFO - Iter(train) [  456/12000]  lr: 9.7107e-05  eta: 0:14:09  time: 0.0725  data_time: 0.0099  memory: 866  loss: 0.0280  decode.loss_focal: 0.0065  decode.loss_dice: 0.0215  decode.acc_seg: 98.0459
2026/04/10 14:06:49 - mmengine - INFO - per class results:
2026/04/10 14:06:49 - mmengine - INFO - 
+------------+-------+-------+
|   Class    |  Dice |  Acc  |
+------------+-------+-------+
| background | 96.61 | 97.87 |
|    cat     | 41.34 | 30.85 |
|    dog     | 45.67 | 51.12 |
+------------+-------+-------+
2026/04/10 14:06:49 - mmengine - INFO - Iter(val) [15/15]    aAcc: 91.5200  mDice: 61.2100  mAcc: 59.9500  data_time: 0.0101  time: 0.0251
2026/04/10 14:06:50 - mmengine - INFO - Exp name: segformer_b0_conf_20260410_140603
2026/04/10 14:06:50 - mmengine - INFO - Iter(train) [  480/12000]  lr: 9.6945e-05  eta: 0:14:07  time: 0.0710  data_time: 0.0095  memory: 866  loss: 0.0294  decode.loss_focal: 0.0068  decode.loss_dice: 0.0226  decode.acc_seg: 97.6177
2026/04/10 14:06:51 - mmengine - INFO - per class results:
2026/04/10 14:06:51 - mmengine - INFO - 
+------------+-------+-------+
|   Class    |  Dice |  Acc  |
+------------+-------+-------+
| background | 96.54 |  97.8 |
|    cat     |  49.1 | 44.61 |
|    dog     | 41.16 |  35.6 |
+------------+-------+-------+
2026/04/10 14:06:51 - mmengine - INFO - Iter(val) [15/15]    aAcc: 91.7100  mDice: 62.2700  mAcc: 59.3400  data_time: 0.0095  time: 0.0249
2026/04/10 14:06:52 - mmengine - INFO - Exp name: segformer_b0_conf_20260410_140603
2026/04/10 14:06:52 - mmengine - INFO - Iter(train) [  504/12000]  lr: 9.6784e-05  eta: 0:14:05  time: 0.0709  data_time: 0.0095  memory: 866  loss: 0.0265  decode.loss_focal: 0.0065  decode.loss_dice: 0.0200  decode.acc_seg: 98.3219
2026/04/10 14:06:53 - mmengine - INFO - per class results:
2026/04/10 14:06:53 - mmengine - INFO - 
+------------+-------+-------+
|   Class    |  Dice |  Acc  |
+------------+-------+-------+
| background | 96.54 | 97.75 |
|    cat     | 43.92 |  35.0 |
|    dog     | 43.87 | 46.05 |
+------------+-------+-------+
2026/04/10 14:06:53 - mmengine - INFO - Iter(val) [15/15]    aAcc: 91.4700  mDice: 61.4400  mAcc: 59.6000  data_time: 0.0102  time: 0.0245
2026/04/10 14:06:55 - mmengine - INFO - Exp name: segformer_b0_conf_20260410_140603
2026/04/10 14:06:55 - mmengine - INFO - Iter(train) [  528/12000]  lr: 9.6622e-05  eta: 0:14:02  time: 0.0742  data_time: 0.0096  memory: 866  loss: 0.0283  decode.loss_focal: 0.0067  decode.loss_dice: 0.0216  decode.acc_seg: 97.9456
2026/04/10 14:06:55 - mmengine - INFO - per class results:
2026/04/10 14:06:55 - mmengine - INFO - 
+------------+-------+-------+
|   Class    |  Dice |  Acc  |
+------------+-------+-------+
| background | 96.58 | 97.92 |
|    cat     | 46.12 | 38.14 |
|    dog     | 42.56 | 41.57 |
+------------+-------+-------+
2026/04/10 14:06:55 - mmengine - INFO - Iter(val) [15/15]    aAcc: 91.6400  mDice: 61.7500  mAcc: 59.2100  data_time: 0.0100  time: 0.0262
2026/04/10 14:06:57 - mmengine - INFO - Exp name: segformer_b0_conf_20260410_140603
2026/04/10 14:06:57 - mmengine - INFO - Iter(train) [  552/12000]  lr: 9.6461e-05  eta: 0:14:00  time: 0.0716  data_time: 0.0095  memory: 866  loss: 0.0303  decode.loss_focal: 0.0078  decode.loss_dice: 0.0225  decode.acc_seg: 97.6034
2026/04/10 14:06:57 - mmengine - INFO - per class results:
2026/04/10 14:06:57 - mmengine - INFO - 
+------------+-------+-------+
|   Class    |  Dice |  Acc  |
+------------+-------+-------+
| background | 96.59 | 97.87 |
|    cat     | 46.85 | 39.09 |
|    dog     | 41.28 | 40.29 |
+------------+-------+-------+
2026/04/10 14:06:57 - mmengine - INFO - Iter(val) [15/15]    aAcc: 91.6100  mDice: 61.5800  mAcc: 59.0900  data_time: 0.0108  time: 0.0264
2026/04/10 14:06:59 - mmengine - INFO - Exp name: segformer_b0_conf_20260410_140603
2026/04/10 14:06:59 - mmengine - INFO - Iter(train) [  576/12000]  lr: 9.6299e-05  eta: 0:14:00  time: 0.0742  data_time: 0.0099  memory: 866  loss: 0.0306  decode.loss_focal: 0.0079  decode.loss_dice: 0.0227  decode.acc_seg: 98.1123
2026/04/10 14:06:59 - mmengine - INFO - per class results:
2026/04/10 14:06:59 - mmengine - INFO - 
+------------+-------+-------+
|   Class    |  Dice |  Acc  |
+------------+-------+-------+
| background | 96.54 | 97.47 |
|    cat     | 48.91 |  44.2 |
|    dog     | 40.53 | 38.34 |
+------------+-------+-------+
2026/04/10 14:06:59 - mmengine - INFO - Iter(val) [15/15]    aAcc: 91.5000  mDice: 61.9900  mAcc: 60.0000  data_time: 0.0097  time: 0.0247
2026/04/10 14:07:01 - mmengine - INFO - Exp name: segformer_b0_conf_20260410_140603
2026/04/10 14:07:01 - mmengine - INFO - Iter(train) [  600/12000]  lr: 9.6137e-05  eta: 0:13:57  time: 0.0714  data_time: 0.0093  memory: 866  loss: 0.0314  decode.loss_focal: 0.0084  decode.loss_dice: 0.0229  decode.acc_seg: 96.4586
2026/04/10 14:07:02 - mmengine - INFO - per class results:
2026/04/10 14:07:02 - mmengine - INFO - 
+------------+-------+-------+
|   Class    |  Dice |  Acc  |
+------------+-------+-------+
| background | 96.52 | 98.19 |
|    cat     | 44.02 | 34.69 |
|    dog     | 41.86 | 40.28 |
+------------+-------+-------+
2026/04/10 14:07:02 - mmengine - INFO - Iter(val) [15/15]    aAcc: 91.6100  mDice: 60.8000  mAcc: 57.7200  data_time: 0.0239  time: 0.0398
2026/04/10 14:07:03 - mmengine - INFO - Exp name: segformer_b0_conf_20260410_140603
2026/04/10 14:07:03 - mmengine - INFO - Iter(train) [  624/12000]  lr: 9.5976e-05  eta: 0:13:54  time: 0.0698  data_time: 0.0089  memory: 866  loss: 0.0261  decode.loss_focal: 0.0060  decode.loss_dice: 0.0201  decode.acc_seg: 96.3932
2026/04/10 14:07:04 - mmengine - INFO - per class results:
2026/04/10 14:07:04 - mmengine - INFO - 
+------------+-------+-------+
|   Class    |  Dice |  Acc  |
+------------+-------+-------+
| background | 96.65 |  97.7 |
|    cat     | 44.65 | 35.23 |
|    dog     | 46.19 | 50.76 |
+------------+-------+-------+
2026/04/10 14:07:04 - mmengine - INFO - Iter(val) [15/15]    aAcc: 91.6400  mDice: 62.5000  mAcc: 61.2300  data_time: 0.0092  time: 0.0238
2026/04/10 14:07:05 - mmengine - INFO - Exp name: segformer_b0_conf_20260410_140603
2026/04/10 14:07:05 - mmengine - INFO - Iter(train) [  648/12000]  lr: 9.5814e-05  eta: 0:13:50  time: 0.0683  data_time: 0.0092  memory: 866  loss: 0.0258  decode.loss_focal: 0.0060  decode.loss_dice: 0.0198  decode.acc_seg: 97.0242
2026/04/10 14:07:06 - mmengine - INFO - per class results:
2026/04/10 14:07:06 - mmengine - INFO - 
+------------+-------+-------+
|   Class    |  Dice |  Acc  |
+------------+-------+-------+
| background | 96.51 | 97.85 |
|    cat     | 46.57 | 37.73 |
|    dog     | 43.72 | 43.69 |
+------------+-------+-------+
2026/04/10 14:07:06 - mmengine - INFO - Iter(val) [15/15]    aAcc: 91.6400  mDice: 62.2600  mAcc: 59.7600  data_time: 0.0102  time: 0.0256
2026/04/10 14:07:08 - mmengine - INFO - Exp name: segformer_b0_conf_20260410_140603
2026/04/10 14:07:08 - mmengine - INFO - Iter(train) [  672/12000]  lr: 9.5652e-05  eta: 0:13:49  time: 0.0738  data_time: 0.0100  memory: 866  loss: 0.0273  decode.loss_focal: 0.0067  decode.loss_dice: 0.0206  decode.acc_seg: 95.8885
2026/04/10 14:07:08 - mmengine - INFO - per class results:
2026/04/10 14:07:08 - mmengine - INFO - 
+------------+-------+-------+
|   Class    |  Dice |  Acc  |
+------------+-------+-------+
| background | 96.54 | 97.69 |
|    cat     | 46.27 | 37.22 |
|    dog     | 46.29 | 48.69 |
+------------+-------+-------+
2026/04/10 14:07:08 - mmengine - INFO - Iter(val) [15/15]    aAcc: 91.6800  mDice: 63.0300  mAcc: 61.2000  data_time: 0.0097  time: 0.0234
2026/04/10 14:07:10 - mmengine - INFO - Exp name: segformer_b0_conf_20260410_140603
2026/04/10 14:07:10 - mmengine - INFO - Iter(train) [  696/12000]  lr: 9.5490e-05  eta: 0:13:48  time: 0.0728  data_time: 0.0098  memory: 866  loss: 0.0237  decode.loss_focal: 0.0052  decode.loss_dice: 0.0186  decode.acc_seg: 98.3707
2026/04/10 14:07:10 - mmengine - INFO - per class results:
2026/04/10 14:07:10 - mmengine - INFO - 
+------------+-------+-------+
|   Class    |  Dice |  Acc  |
+------------+-------+-------+
| background | 96.53 | 97.58 |
|    cat     | 45.49 | 37.53 |
|    dog     | 44.86 | 46.69 |
+------------+-------+-------+
2026/04/10 14:07:10 - mmengine - INFO - Iter(val) [15/15]    aAcc: 91.5200  mDice: 62.2900  mAcc: 60.6000  data_time: 0.0159  time: 0.0321
2026/04/10 14:07:12 - mmengine - INFO - Exp name: segformer_b0_conf_20260410_140603
2026/04/10 14:07:12 - mmengine - INFO - Iter(train) [  720/12000]  lr: 9.5328e-05  eta: 0:13:46  time: 0.0720  data_time: 0.0097  memory: 866  loss: 0.0272  decode.loss_focal: 0.0069  decode.loss_dice: 0.0203  decode.acc_seg: 98.1651
2026/04/10 14:07:12 - mmengine - INFO - per class results:
2026/04/10 14:07:12 - mmengine - INFO - 
+------------+-------+-------+
|   Class    |  Dice |  Acc  |
+------------+-------+-------+
| background | 96.46 | 97.79 |
|    cat     | 40.95 | 31.76 |
|    dog     | 42.94 | 45.44 |
+------------+-------+-------+
2026/04/10 14:07:12 - mmengine - INFO - Iter(val) [15/15]    aAcc: 91.2700  mDice: 60.1200  mAcc: 58.3300  data_time: 0.0103  time: 0.0259
2026/04/10 14:07:14 - mmengine - INFO - Exp name: segformer_b0_conf_20260410_140603
2026/04/10 14:07:14 - mmengine - INFO - Iter(train) [  744/12000]  lr: 9.5166e-05  eta: 0:13:45  time: 0.0737  data_time: 0.0102  memory: 866  loss: 0.0289  decode.loss_focal: 0.0075  decode.loss_dice: 0.0214  decode.acc_seg: 95.1283
2026/04/10 14:07:15 - mmengine - INFO - per class results:
2026/04/10 14:07:15 - mmengine - INFO - 
+------------+-------+-------+
|   Class    |  Dice |  Acc  |
+------------+-------+-------+
| background | 96.54 | 97.82 |
|    cat     | 40.47 | 29.85 |
|    dog     | 46.97 | 52.98 |
+------------+-------+-------+
2026/04/10 14:07:15 - mmengine - INFO - Iter(val) [15/15]    aAcc: 91.4900  mDice: 61.3300  mAcc: 60.2200  data_time: 0.0103  time: 0.0253
2026/04/10 14:07:16 - mmengine - INFO - Exp name: segformer_b0_conf_20260410_140603
2026/04/10 14:07:16 - mmengine - INFO - Iter(train) [  768/12000]  lr: 9.5003e-05  eta: 0:13:44  time: 0.0717  data_time: 0.0096  memory: 866  loss: 0.0257  decode.loss_focal: 0.0062  decode.loss_dice: 0.0196  decode.acc_seg: 98.5714
2026/04/10 14:07:17 - mmengine - INFO - per class results:
2026/04/10 14:07:17 - mmengine - INFO - 
+------------+-------+-------+
|   Class    |  Dice |  Acc  |
+------------+-------+-------+
| background | 96.52 | 97.87 |
|    cat     | 41.94 | 32.78 |
|    dog     | 43.93 | 45.87 |
+------------+-------+-------+
2026/04/10 14:07:17 - mmengine - INFO - Iter(val) [15/15]    aAcc: 91.4300  mDice: 60.8000  mAcc: 58.8400  data_time: 0.0099  time: 0.0244
2026/04/10 14:07:19 - mmengine - INFO - Exp name: segformer_b0_conf_20260410_140603
2026/04/10 14:07:19 - mmengine - INFO - Iter(train) [  792/12000]  lr: 9.4841e-05  eta: 0:13:43  time: 0.0726  data_time: 0.0098  memory: 866  loss: 0.0312  decode.loss_focal: 0.0084  decode.loss_dice: 0.0229  decode.acc_seg: 96.2948
2026/04/10 14:07:19 - mmengine - INFO - per class results:
2026/04/10 14:07:19 - mmengine - INFO - 
+------------+-------+-------+
|   Class    |  Dice |  Acc  |
+------------+-------+-------+
| background |  96.5 | 97.79 |
|    cat     | 47.13 | 38.05 |
|    dog     | 44.27 | 45.05 |
+------------+-------+-------+
2026/04/10 14:07:19 - mmengine - INFO - Iter(val) [15/15]    aAcc: 91.6600  mDice: 62.6400  mAcc: 60.3000  data_time: 0.0233  time: 0.0373
2026/04/10 14:07:21 - mmengine - INFO - Exp name: segformer_b0_conf_20260410_140603
2026/04/10 14:07:21 - mmengine - INFO - Iter(train) [  816/12000]  lr: 9.4679e-05  eta: 0:13:41  time: 0.0720  data_time: 0.0093  memory: 866  loss: 0.0243  decode.loss_focal: 0.0057  decode.loss_dice: 0.0186  decode.acc_seg: 98.6200
2026/04/10 14:07:21 - mmengine - INFO - per class results:
2026/04/10 14:07:21 - mmengine - INFO - 
+------------+-------+-------+
|   Class    |  Dice |  Acc  |
+------------+-------+-------+
| background | 96.42 | 97.62 |
|    cat     | 45.08 | 37.33 |
|    dog     | 41.37 | 41.57 |
+------------+-------+-------+
2026/04/10 14:07:21 - mmengine - INFO - Iter(val) [15/15]    aAcc: 91.3200  mDice: 60.9600  mAcc: 58.8400  data_time: 0.0099  time: 0.0251
2026/04/10 14:07:23 - mmengine - INFO - Exp name: segformer_b0_conf_20260410_140603
2026/04/10 14:07:23 - mmengine - INFO - Iter(train) [  840/12000]  lr: 9.4516e-05  eta: 0:13:40  time: 0.0725  data_time: 0.0094  memory: 866  loss: 0.0303  decode.loss_focal: 0.0086  decode.loss_dice: 0.0217  decode.acc_seg: 97.4228
2026/04/10 14:07:24 - mmengine - INFO - per class results:
2026/04/10 14:07:24 - mmengine - INFO - 
+------------+-------+-------+
|   Class    |  Dice |  Acc  |
+------------+-------+-------+
| background | 96.49 | 97.69 |
|    cat     | 38.24 | 27.78 |
|    dog     | 44.55 | 51.76 |
+------------+-------+-------+
2026/04/10 14:07:24 - mmengine - INFO - Iter(val) [15/15]    aAcc: 91.1900  mDice: 59.7600  mAcc: 59.0800  data_time: 0.0103  time: 0.0254
2026/04/10 14:07:25 - mmengine - INFO - Exp name: segformer_b0_conf_20260410_140603
2026/04/10 14:07:25 - mmengine - INFO - Iter(train) [  864/12000]  lr: 9.4354e-05  eta: 0:13:39  time: 0.0711  data_time: 0.0093  memory: 866  loss: 0.0284  decode.loss_focal: 0.0068  decode.loss_dice: 0.0216  decode.acc_seg: 96.0300
2026/04/10 14:07:26 - mmengine - INFO - per class results:
2026/04/10 14:07:26 - mmengine - INFO - 
+------------+-------+-------+
|   Class    |  Dice |  Acc  |
+------------+-------+-------+
| background | 96.58 |  97.8 |
|    cat     | 46.88 | 39.09 |
|    dog     | 43.75 | 43.27 |
+------------+-------+-------+
2026/04/10 14:07:26 - mmengine - INFO - Iter(val) [15/15]    aAcc: 91.6700  mDice: 62.4000  mAcc: 60.0500  data_time: 0.0093  time: 0.0236
2026/04/10 14:07:28 - mmengine - INFO - Exp name: segformer_b0_conf_20260410_140603
2026/04/10 14:07:28 - mmengine - INFO - Iter(train) [  888/12000]  lr: 9.4191e-05  eta: 0:13:38  time: 0.0723  data_time: 0.0093  memory: 866  loss: 0.0260  decode.loss_focal: 0.0062  decode.loss_dice: 0.0198  decode.acc_seg: 98.2050
2026/04/10 14:07:28 - mmengine - INFO - per class results:
2026/04/10 14:07:28 - mmengine - INFO - 
+------------+-------+-------+
|   Class    |  Dice |  Acc  |
+------------+-------+-------+
| background | 96.57 | 97.74 |
|    cat     | 40.72 | 31.03 |
|    dog     | 44.52 | 49.61 |
+------------+-------+-------+
2026/04/10 14:07:28 - mmengine - INFO - Iter(val) [15/15]    aAcc: 91.3600  mDice: 60.6000  mAcc: 59.4600  data_time: 0.0233  time: 0.0377
2026/04/10 14:07:30 - mmengine - INFO - Exp name: segformer_b0_conf_20260410_140603
2026/04/10 14:07:30 - mmengine - INFO - Iter(train) [  912/12000]  lr: 9.4029e-05  eta: 0:13:35  time: 0.0692  data_time: 0.0090  memory: 866  loss: 0.0280  decode.loss_focal: 0.0068  decode.loss_dice: 0.0212  decode.acc_seg: 96.9368
2026/04/10 14:07:30 - mmengine - INFO - per class results:
2026/04/10 14:07:30 - mmengine - INFO - 
+------------+-------+-------+
|   Class    |  Dice |  Acc  |
+------------+-------+-------+
| background | 96.51 | 97.91 |
|    cat     | 38.33 | 28.97 |
|    dog     | 41.86 | 44.87 |
+------------+-------+-------+
2026/04/10 14:07:30 - mmengine - INFO - Iter(val) [15/15]    aAcc: 91.1700  mDice: 58.9000  mAcc: 57.2500  data_time: 0.0095  time: 0.0248
2026/04/10 14:07:32 - mmengine - INFO - Exp name: segformer_b0_conf_20260410_140603
2026/04/10 14:07:32 - mmengine - INFO - Iter(train) [  936/12000]  lr: 9.3866e-05  eta: 0:13:34  time: 0.0729  data_time: 0.0103  memory: 866  loss: 0.0237  decode.loss_focal: 0.0053  decode.loss_dice: 0.0183  decode.acc_seg: 97.6625
2026/04/10 14:07:32 - mmengine - INFO - per class results:
2026/04/10 14:07:32 - mmengine - INFO - 
+------------+-------+-------+
|   Class    |  Dice |  Acc  |
+------------+-------+-------+
| background | 96.43 |  97.8 |
|    cat     | 46.33 |  39.7 |
|    dog     | 40.82 | 37.67 |
+------------+-------+-------+
2026/04/10 14:07:32 - mmengine - INFO - Iter(val) [15/15]    aAcc: 91.4700  mDice: 61.1900  mAcc: 58.3900  data_time: 0.0100  time: 0.0259
2026/04/10 14:07:34 - mmengine - INFO - Exp name: segformer_b0_conf_20260410_140603
2026/04/10 14:07:34 - mmengine - INFO - Iter(train) [  960/12000]  lr: 9.3703e-05  eta: 0:13:32  time: 0.0717  data_time: 0.0094  memory: 866  loss: 0.0237  decode.loss_focal: 0.0056  decode.loss_dice: 0.0182  decode.acc_seg: 97.6297
2026/04/10 14:07:35 - mmengine - INFO - per class results:
2026/04/10 14:07:35 - mmengine - INFO - 
+------------+-------+-------+
|   Class    |  Dice |  Acc  |
+------------+-------+-------+
| background | 96.52 | 97.83 |
|    cat     | 45.21 | 36.24 |
|    dog     | 45.67 | 46.58 |
+------------+-------+-------+
2026/04/10 14:07:35 - mmengine - INFO - Iter(val) [15/15]    aAcc: 91.6500  mDice: 62.4700  mAcc: 60.2200  data_time: 0.0102  time: 0.0249
2026/04/10 14:07:36 - mmengine - INFO - Exp name: segformer_b0_conf_20260410_140603
2026/04/10 14:07:36 - mmengine - INFO - Iter(train) [  984/12000]  lr: 9.3541e-05  eta: 0:13:30  time: 0.0708  data_time: 0.0094  memory: 866  loss: 0.0287  decode.loss_focal: 0.0078  decode.loss_dice: 0.0209  decode.acc_seg: 97.1571
2026/04/10 14:07:37 - mmengine - INFO - per class results:
2026/04/10 14:07:37 - mmengine - INFO - 
+------------+-------+-------+
|   Class    |  Dice |  Acc  |
+------------+-------+-------+
| background |  96.5 | 97.78 |
|    cat     | 51.26 | 47.84 |
|    dog     | 39.24 | 32.27 |
+------------+-------+-------+
2026/04/10 14:07:37 - mmengine - INFO - Iter(val) [15/15]    aAcc: 91.7600  mDice: 62.3300  mAcc: 59.3000  data_time: 0.0096  time: 0.0244
2026/04/10 14:07:38 - mmengine - INFO - Exp name: segformer_b0_conf_20260410_140603
2026/04/10 14:07:39 - mmengine - INFO - Exp name: segformer_b0_conf_20260410_140603
2026/04/10 14:07:39 - mmengine - INFO - Iter(train) [ 1008/12000]  lr: 9.3378e-05  eta: 0:13:29  time: 0.0728  data_time: 0.0096  memory: 866  loss: 0.0319  decode.loss_focal: 0.0085  decode.loss_dice: 0.0234  decode.acc_seg: 97.5681
2026/04/10 14:07:39 - mmengine - INFO - per class results:
2026/04/10 14:07:39 - mmengine - INFO - 
+------------+-------+-------+
|   Class    |  Dice |  Acc  |
+------------+-------+-------+
| background | 96.48 | 97.65 |
|    cat     | 41.55 |  29.9 |
|    dog     | 46.52 | 54.86 |
+------------+-------+-------+
2026/04/10 14:07:39 - mmengine - INFO - Iter(val) [15/15]    aAcc: 91.4200  mDice: 61.5200  mAcc: 60.8000  data_time: 0.0106  time: 0.0273
2026/04/10 14:07:41 - mmengine - INFO - Exp name: segformer_b0_conf_20260410_140603
2026/04/10 14:07:41 - mmengine - INFO - Iter(train) [ 1032/12000]  lr: 9.3215e-05  eta: 0:13:28  time: 0.0727  data_time: 0.0098  memory: 866  loss: 0.0255  decode.loss_focal: 0.0061  decode.loss_dice: 0.0195  decode.acc_seg: 97.9137
2026/04/10 14:07:41 - mmengine - INFO - per class results:
2026/04/10 14:07:41 - mmengine - INFO - 
+------------+-------+-------+
|   Class    |  Dice |  Acc  |
+------------+-------+-------+
| background | 96.48 | 97.71 |
|    cat     | 47.79 | 41.55 |
|    dog     | 40.22 | 37.55 |
+------------+-------+-------+
2026/04/10 14:07:41 - mmengine - INFO - Iter(val) [15/15]    aAcc: 91.5100  mDice: 61.5000  mAcc: 58.9400  data_time: 0.0090  time: 0.0228
2026/04/10 14:07:43 - mmengine - INFO - Exp name: segformer_b0_conf_20260410_140603
2026/04/10 14:07:43 - mmengine - INFO - Iter(train) [ 1056/12000]  lr: 9.3052e-05  eta: 0:13:25  time: 0.0702  data_time: 0.0094  memory: 866  loss: 0.0267  decode.loss_focal: 0.0066  decode.loss_dice: 0.0202  decode.acc_seg: 96.7850
2026/04/10 14:07:43 - mmengine - INFO - per class results:
2026/04/10 14:07:43 - mmengine - INFO - 
+------------+-------+-------+
|   Class    |  Dice |  Acc  |
+------------+-------+-------+
| background | 96.59 | 97.68 |
|    cat     | 44.74 | 36.45 |
|    dog     | 44.39 | 46.58 |
+------------+-------+-------+
2026/04/10 14:07:43 - mmengine - INFO - Iter(val) [15/15]    aAcc: 91.5300  mDice: 61.9100  mAcc: 60.2400  data_time: 0.0110  time: 0.0275
2026/04/10 14:07:45 - mmengine - INFO - Exp name: segformer_b0_conf_20260410_140603
2026/04/10 14:07:45 - mmengine - INFO - Iter(train) [ 1080/12000]  lr: 9.2889e-05  eta: 0:13:23  time: 0.0728  data_time: 0.0101  memory: 866  loss: 0.0232  decode.loss_focal: 0.0053  decode.loss_dice: 0.0179  decode.acc_seg: 98.2643
2026/04/10 14:07:45 - mmengine - INFO - per class results:
2026/04/10 14:07:45 - mmengine - INFO - 
+------------+-------+-------+
|   Class    |  Dice |  Acc  |
+------------+-------+-------+
| background | 96.62 | 97.66 |
|    cat     | 43.38 | 35.61 |
|    dog     | 41.88 | 44.06 |
+------------+-------+-------+
2026/04/10 14:07:45 - mmengine - INFO - Iter(val) [15/15]    aAcc: 91.3400  mDice: 60.6300  mAcc: 59.1100  data_time: 0.0103  time: 0.0249
2026/04/10 14:07:47 - mmengine - INFO - Exp name: segformer_b0_conf_20260410_140603
2026/04/10 14:07:47 - mmengine - INFO - Iter(train) [ 1104/12000]  lr: 9.2725e-05  eta: 0:13:22  time: 0.0718  data_time: 0.0100  memory: 866  loss: 0.0235  decode.loss_focal: 0.0053  decode.loss_dice: 0.0181  decode.acc_seg: 97.1109
2026/04/10 14:07:48 - mmengine - INFO - per class results:
2026/04/10 14:07:48 - mmengine - INFO - 
+------------+-------+-------+
|   Class    |  Dice |  Acc  |
+------------+-------+-------+
| background |  96.6 | 97.78 |
|    cat     | 45.03 | 37.92 |
|    dog     | 41.48 | 40.96 |
+------------+-------+-------+
2026/04/10 14:07:48 - mmengine - INFO - Iter(val) [15/15]    aAcc: 91.4800  mDice: 61.0400  mAcc: 58.8800  data_time: 0.0101  time: 0.0254
2026/04/10 14:07:49 - mmengine - INFO - Exp name: segformer_b0_conf_20260410_140603
2026/04/10 14:07:49 - mmengine - INFO - Iter(train) [ 1128/12000]  lr: 9.2562e-05  eta: 0:13:17  time: 0.0708  data_time: 0.0101  memory: 866  loss: 0.0257  decode.loss_focal: 0.0061  decode.loss_dice: 0.0196  decode.acc_seg: 98.0131
2026/04/10 14:07:49 - mmengine - INFO - per class results:
2026/04/10 14:07:49 - mmengine - INFO - 
+------------+-------+-------+
|   Class    |  Dice |  Acc  |
+------------+-------+-------+
| background | 96.59 | 97.82 |
|    cat     | 44.79 | 36.96 |
|    dog     | 41.82 | 41.83 |
+------------+-------+-------+
2026/04/10 14:07:49 - mmengine - INFO - Iter(val) [15/15]    aAcc: 91.4900  mDice: 61.0700  mAcc: 58.8700  data_time: 0.0099  time: 0.0256
2026/04/10 14:07:51 - mmengine - INFO - Exp name: segformer_b0_conf_20260410_140603
2026/04/10 14:07:51 - mmengine - INFO - Iter(train) [ 1152/12000]  lr: 9.2399e-05  eta: 0:13:14  time: 0.0687  data_time: 0.0093  memory: 866  loss: 0.0227  decode.loss_focal: 0.0052  decode.loss_dice: 0.0174  decode.acc_seg: 97.8735
2026/04/10 14:07:51 - mmengine - INFO - per class results:
2026/04/10 14:07:51 - mmengine - INFO - 
+------------+-------+-------+
|   Class    |  Dice |  Acc  |
+------------+-------+-------+
| background | 96.53 | 97.77 |
|    cat     | 43.81 | 34.76 |
|    dog     | 43.12 | 45.26 |
+------------+-------+-------+
2026/04/10 14:07:51 - mmengine - INFO - Iter(val) [15/15]    aAcc: 91.4400  mDice: 61.1500  mAcc: 59.2600  data_time: 0.0099  time: 0.0245
2026/04/10 14:07:53 - mmengine - INFO - Exp name: segformer_b0_conf_20260410_140603
2026/04/10 14:07:53 - mmengine - INFO - Iter(train) [ 1176/12000]  lr: 9.2235e-05  eta: 0:13:12  time: 0.0705  data_time: 0.0099  memory: 866  loss: 0.0313  decode.loss_focal: 0.0085  decode.loss_dice: 0.0228  decode.acc_seg: 96.1967
2026/04/10 14:07:54 - mmengine - INFO - per class results:
2026/04/10 14:07:54 - mmengine - INFO - 
+------------+-------+-------+
|   Class    |  Dice |  Acc  |
+------------+-------+-------+
| background | 96.47 |  97.7 |
|    cat     |  37.6 | 27.03 |
|    dog     | 45.64 | 53.23 |
+------------+-------+-------+
2026/04/10 14:07:54 - mmengine - INFO - Iter(val) [15/15]    aAcc: 91.2100  mDice: 59.9000  mAcc: 59.3200  data_time: 0.0101  time: 0.0244
2026/04/10 14:07:55 - mmengine - INFO - Exp name: segformer_b0_conf_20260410_140603
2026/04/10 14:07:55 - mmengine - INFO - Iter(train) [ 1200/12000]  lr: 9.2072e-05  eta: 0:13:09  time: 0.0692  data_time: 0.0093  memory: 866  loss: 0.0258  decode.loss_focal: 0.0061  decode.loss_dice: 0.0198  decode.acc_seg: 97.4495
2026/04/10 14:07:55 - mmengine - INFO - Saving checkpoint at 50 epochs
2026/04/10 14:07:56 - mmengine - INFO - per class results:
2026/04/10 14:07:56 - mmengine - INFO - 
+------------+-------+-------+
|   Class    |  Dice |  Acc  |
+------------+-------+-------+
| background | 96.57 | 97.85 |
|    cat     | 42.71 | 32.08 |
|    dog     | 46.63 | 51.61 |
+------------+-------+-------+
2026/04/10 14:07:56 - mmengine - INFO - Iter(val) [15/15]    aAcc: 91.6100  mDice: 61.9700  mAcc: 60.5100  data_time: 0.0237  time: 0.0376
2026/04/10 14:07:58 - mmengine - INFO - Exp name: segformer_b0_conf_20260410_140603
2026/04/10 14:07:58 - mmengine - INFO - Iter(train) [ 1224/12000]  lr: 9.1908e-05  eta: 0:13:07  time: 0.0727  data_time: 0.0103  memory: 866  loss: 0.0271  decode.loss_focal: 0.0070  decode.loss_dice: 0.0201  decode.acc_seg: 96.6372
2026/04/10 14:07:58 - mmengine - INFO - per class results:
2026/04/10 14:07:58 - mmengine - INFO - 
+------------+-------+-------+
|   Class    |  Dice |  Acc  |
+------------+-------+-------+
| background | 96.47 | 97.82 |
|    cat     | 46.43 | 38.76 |
|    dog     |  42.4 | 40.72 |
+------------+-------+-------+
2026/04/10 14:07:58 - mmengine - INFO - Iter(val) [15/15]    aAcc: 91.5600  mDice: 61.7700  mAcc: 59.1000  data_time: 0.0095  time: 0.0234
2026/04/10 14:08:00 - mmengine - INFO - Exp name: segformer_b0_conf_20260410_140603
2026/04/10 14:08:00 - mmengine - INFO - Iter(train) [ 1248/12000]  lr: 9.1745e-05  eta: 0:13:06  time: 0.0727  data_time: 0.0103  memory: 866  loss: 0.0250  decode.loss_focal: 0.0059  decode.loss_dice: 0.0191  decode.acc_seg: 96.7745
2026/04/10 14:08:00 - mmengine - INFO - per class results:
2026/04/10 14:08:00 - mmengine - INFO - 
+------------+-------+-------+
|   Class    |  Dice |  Acc  |
+------------+-------+-------+
| background | 96.48 | 97.89 |
|    cat     | 44.89 | 36.28 |
|    dog     | 42.42 | 41.89 |
+------------+-------+-------+
2026/04/10 14:08:00 - mmengine - INFO - Iter(val) [15/15]    aAcc: 91.5100  mDice: 61.2600  mAcc: 58.6900  data_time: 0.0104  time: 0.0254
2026/04/10 14:08:02 - mmengine - INFO - Exp name: segformer_b0_conf_20260410_140603
2026/04/10 14:08:02 - mmengine - INFO - Iter(train) [ 1272/12000]  lr: 9.1581e-05  eta: 0:13:04  time: 0.0724  data_time: 0.0100  memory: 866  loss: 0.0245  decode.loss_focal: 0.0056  decode.loss_dice: 0.0189  decode.acc_seg: 97.8210
2026/04/10 14:08:03 - mmengine - INFO - per class results:
2026/04/10 14:08:03 - mmengine - INFO - 
+------------+-------+-------+
|   Class    |  Dice |  Acc  |
+------------+-------+-------+
| background | 96.47 | 97.24 |
|    cat     | 50.58 | 48.04 |
|    dog     | 39.55 | 35.88 |
+------------+-------+-------+
2026/04/10 14:08:03 - mmengine - INFO - Iter(val) [15/15]    aAcc: 91.4500  mDice: 62.2000  mAcc: 60.3900  data_time: 0.0105  time: 0.0276
2026/04/10 14:08:04 - mmengine - INFO - Exp name: segformer_b0_conf_20260410_140603
2026/04/10 14:08:04 - mmengine - INFO - Iter(train) [ 1296/12000]  lr: 9.1417e-05  eta: 0:13:03  time: 0.0728  data_time: 0.0098  memory: 866  loss: 0.0236  decode.loss_focal: 0.0053  decode.loss_dice: 0.0183  decode.acc_seg: 97.4842
2026/04/10 14:08:05 - mmengine - INFO - per class results:
2026/04/10 14:08:05 - mmengine - INFO - 
+------------+-------+-------+
|   Class    |  Dice |  Acc  |
+------------+-------+-------+
| background | 96.57 | 97.86 |
|    cat     | 46.39 | 36.41 |
|    dog     | 46.35 |  48.7 |
+------------+-------+-------+
2026/04/10 14:08:05 - mmengine - INFO - Iter(val) [15/15]    aAcc: 91.7800  mDice: 63.1000  mAcc: 60.9900  data_time: 0.0244  time: 0.0408
2026/04/10 14:08:07 - mmengine - INFO - Exp name: segformer_b0_conf_20260410_140603
2026/04/10 14:08:07 - mmengine - INFO - Iter(train) [ 1320/12000]  lr: 9.1253e-05  eta: 0:13:01  time: 0.0739  data_time: 0.0106  memory: 866  loss: 0.0259  decode.loss_focal: 0.0064  decode.loss_dice: 0.0195  decode.acc_seg: 96.1836
2026/04/10 14:08:07 - mmengine - INFO - per class results:
2026/04/10 14:08:07 - mmengine - INFO - 
+------------+-------+-------+
|   Class    |  Dice |  Acc  |
+------------+-------+-------+
| background | 96.47 | 97.55 |
|    cat     | 47.99 | 41.03 |
|    dog     | 42.34 | 41.87 |
+------------+-------+-------+
2026/04/10 14:08:07 - mmengine - INFO - Iter(val) [15/15]    aAcc: 91.5100  mDice: 62.2700  mAcc: 60.1500  data_time: 0.0104  time: 0.0266
2026/04/10 14:08:09 - mmengine - INFO - Exp name: segformer_b0_conf_20260410_140603
2026/04/10 14:08:09 - mmengine - INFO - Iter(train) [ 1344/12000]  lr: 9.1090e-05  eta: 0:13:00  time: 0.0708  data_time: 0.0098  memory: 866  loss: 0.0241  decode.loss_focal: 0.0055  decode.loss_dice: 0.0186  decode.acc_seg: 98.3015
2026/04/10 14:08:09 - mmengine - INFO - per class results:
2026/04/10 14:08:09 - mmengine - INFO - 
+------------+-------+-------+
|   Class    |  Dice |  Acc  |
+------------+-------+-------+
| background | 96.51 | 97.55 |
|    cat     | 45.24 |  35.3 |
|    dog     | 47.43 | 52.86 |
+------------+-------+-------+
2026/04/10 14:08:09 - mmengine - INFO - Iter(val) [15/15]    aAcc: 91.6000  mDice: 63.0600  mAcc: 61.9000  data_time: 0.0090  time: 0.0243
2026/04/10 14:08:11 - mmengine - INFO - Exp name: segformer_b0_conf_20260410_140603
2026/04/10 14:08:11 - mmengine - INFO - Iter(train) [ 1368/12000]  lr: 9.0926e-05  eta: 0:12:58  time: 0.0700  data_time: 0.0091  memory: 866  loss: 0.0270  decode.loss_focal: 0.0067  decode.loss_dice: 0.0202  decode.acc_seg: 97.9174
2026/04/10 14:08:11 - mmengine - INFO - per class results:
2026/04/10 14:08:11 - mmengine - INFO - 
+------------+-------+-------+
|   Class    |  Dice |  Acc  |
+------------+-------+-------+
| background | 96.47 | 97.86 |
|    cat     | 42.88 | 33.07 |
|    dog     | 43.98 | 46.28 |
+------------+-------+-------+
2026/04/10 14:08:11 - mmengine - INFO - Iter(val) [15/15]    aAcc: 91.4500  mDice: 61.1100  mAcc: 59.0700  data_time: 0.0100  time: 0.0246
2026/04/10 14:08:13 - mmengine - INFO - Exp name: segformer_b0_conf_20260410_140603
2026/04/10 14:08:13 - mmengine - INFO - Iter(train) [ 1392/12000]  lr: 9.0761e-05  eta: 0:12:56  time: 0.0691  data_time: 0.0089  memory: 866  loss: 0.0248  decode.loss_focal: 0.0055  decode.loss_dice: 0.0193  decode.acc_seg: 97.9485
2026/04/10 14:08:14 - mmengine - INFO - per class results:
2026/04/10 14:08:14 - mmengine - INFO - 
+------------+-------+-------+
|   Class    |  Dice |  Acc  |
+------------+-------+-------+
| background | 96.55 | 97.63 |
|    cat     |  47.4 | 39.79 |
|    dog     | 44.13 |  44.7 |
+------------+-------+-------+
2026/04/10 14:08:14 - mmengine - INFO - Iter(val) [15/15]    aAcc: 91.6200  mDice: 62.6900  mAcc: 60.7100  data_time: 0.0263  time: 0.0429
2026/04/10 14:08:16 - mmengine - INFO - Exp name: segformer_b0_conf_20260410_140603
2026/04/10 14:08:16 - mmengine - INFO - Iter(train) [ 1416/12000]  lr: 9.0597e-05  eta: 0:12:54  time: 0.0736  data_time: 0.0096  memory: 866  loss: 0.0254  decode.loss_focal: 0.0058  decode.loss_dice: 0.0196  decode.acc_seg: 98.0965
2026/04/10 14:08:16 - mmengine - INFO - per class results:
2026/04/10 14:08:16 - mmengine - INFO - 
+------------+-------+-------+
|   Class    |  Dice |  Acc  |
+------------+-------+-------+
| background | 96.55 | 97.47 |
|    cat     | 46.25 | 37.52 |
|    dog     | 45.45 | 49.65 |
+------------+-------+-------+
2026/04/10 14:08:16 - mmengine - INFO - Iter(val) [15/15]    aAcc: 91.5400  mDice: 62.7500  mAcc: 61.5500  data_time: 0.0089  time: 0.0228
2026/04/10 14:08:18 - mmengine - INFO - Exp name: segformer_b0_conf_20260410_140603
2026/04/10 14:08:18 - mmengine - INFO - Iter(train) [ 1440/12000]  lr: 9.0433e-05  eta: 0:12:53  time: 0.0716  data_time: 0.0096  memory: 866  loss: 0.0224  decode.loss_focal: 0.0056  decode.loss_dice: 0.0168  decode.acc_seg: 96.9444
2026/04/10 14:08:18 - mmengine - INFO - per class results:
2026/04/10 14:08:18 - mmengine - INFO - 
+------------+-------+-------+
|   Class    |  Dice |  Acc  |
+------------+-------+-------+
| background | 96.56 | 97.66 |
|    cat     | 47.18 | 39.04 |
|    dog     | 46.35 | 47.59 |
+------------+-------+-------+
2026/04/10 14:08:18 - mmengine - INFO - Iter(val) [15/15]    aAcc: 91.7200  mDice: 63.3600  mAcc: 61.4300  data_time: 0.0105  time: 0.0264
2026/04/10 14:08:20 - mmengine - INFO - Exp name: segformer_b0_conf_20260410_140603
2026/04/10 14:08:20 - mmengine - INFO - Iter(train) [ 1464/12000]  lr: 9.0269e-05  eta: 0:12:51  time: 0.0706  data_time: 0.0093  memory: 866  loss: 0.0255  decode.loss_focal: 0.0061  decode.loss_dice: 0.0194  decode.acc_seg: 96.4909
2026/04/10 14:08:20 - mmengine - INFO - per class results:
2026/04/10 14:08:20 - mmengine - INFO - 
+------------+-------+-------+
|   Class    |  Dice |  Acc  |
+------------+-------+-------+
| background | 96.55 | 97.74 |
|    cat     | 46.35 | 37.13 |
|    dog     | 44.52 | 46.72 |
+------------+-------+-------+
2026/04/10 14:08:20 - mmengine - INFO - Iter(val) [15/15]    aAcc: 91.6300  mDice: 62.4800  mAcc: 60.5300  data_time: 0.0103  time: 0.0272
2026/04/10 14:08:22 - mmengine - INFO - Exp name: segformer_b0_conf_20260410_140603
2026/04/10 14:08:22 - mmengine - INFO - Iter(train) [ 1488/12000]  lr: 9.0105e-05  eta: 0:12:49  time: 0.0688  data_time: 0.0093  memory: 866  loss: 0.0256  decode.loss_focal: 0.0065  decode.loss_dice: 0.0191  decode.acc_seg: 97.0449
2026/04/10 14:08:23 - mmengine - INFO - per class results:
2026/04/10 14:08:23 - mmengine - INFO - 
+------------+-------+-------+
|   Class    |  Dice |  Acc  |
+------------+-------+-------+
| background | 96.48 | 97.99 |
|    cat     |  41.9 | 30.76 |
|    dog     | 44.98 | 48.65 |
+------------+-------+-------+
2026/04/10 14:08:23 - mmengine - INFO - Iter(val) [15/15]    aAcc: 91.5200  mDice: 61.1200  mAcc: 59.1300  data_time: 0.0239  time: 0.0393
2026/04/10 14:08:24 - mmengine - INFO - Exp name: segformer_b0_conf_20260410_140603
2026/04/10 14:08:24 - mmengine - INFO - Iter(train) [ 1512/12000]  lr: 8.9940e-05  eta: 0:12:47  time: 0.0717  data_time: 0.0096  memory: 866  loss: 0.0247  decode.loss_focal: 0.0061  decode.loss_dice: 0.0186  decode.acc_seg: 98.0354
2026/04/10 14:08:25 - mmengine - INFO - per class results:
2026/04/10 14:08:25 - mmengine - INFO - 
+------------+-------+-------+
|   Class    |  Dice |  Acc  |
+------------+-------+-------+
| background | 96.49 |  98.0 |
|    cat     | 45.59 | 35.24 |
|    dog     | 45.51 | 46.59 |
+------------+-------+-------+
2026/04/10 14:08:25 - mmengine - INFO - Iter(val) [15/15]    aAcc: 91.7300  mDice: 62.5300  mAcc: 59.9400  data_time: 0.0092  time: 0.0241
2026/04/10 14:08:27 - mmengine - INFO - Exp name: segformer_b0_conf_20260410_140603
2026/04/10 14:08:27 - mmengine - INFO - Iter(train) [ 1536/12000]  lr: 8.9776e-05  eta: 0:12:45  time: 0.0726  data_time: 0.0098  memory: 866  loss: 0.0243  decode.loss_focal: 0.0061  decode.loss_dice: 0.0182  decode.acc_seg: 97.5885
2026/04/10 14:08:27 - mmengine - INFO - per class results:
2026/04/10 14:08:27 - mmengine - INFO - 
+------------+-------+-------+
|   Class    |  Dice |  Acc  |
+------------+-------+-------+
| background | 96.48 |  97.9 |
|    cat     |  44.3 | 34.82 |
|    dog     | 43.87 | 44.83 |
+------------+-------+-------+
2026/04/10 14:08:27 - mmengine - INFO - Iter(val) [15/15]    aAcc: 91.5400  mDice: 61.5500  mAcc: 59.1800  data_time: 0.0101  time: 0.0266
2026/04/10 14:08:29 - mmengine - INFO - Exp name: segformer_b0_conf_20260410_140603
2026/04/10 14:08:29 - mmengine - INFO - Iter(train) [ 1560/12000]  lr: 8.9611e-05  eta: 0:12:43  time: 0.0716  data_time: 0.0099  memory: 866  loss: 0.0254  decode.loss_focal: 0.0068  decode.loss_dice: 0.0186  decode.acc_seg: 97.8504
2026/04/10 14:08:29 - mmengine - INFO - per class results:
2026/04/10 14:08:29 - mmengine - INFO - 
+------------+-------+-------+
|   Class    |  Dice |  Acc  |
+------------+-------+-------+
| background | 96.49 | 97.49 |
|    cat     | 45.71 | 37.96 |
|    dog     | 43.27 |  45.2 |
+------------+-------+-------+
2026/04/10 14:08:29 - mmengine - INFO - Iter(val) [15/15]    aAcc: 91.4000  mDice: 61.8200  mAcc: 60.2100  data_time: 0.0095  time: 0.0261
2026/04/10 14:08:31 - mmengine - INFO - Exp name: segformer_b0_conf_20260410_140603
2026/04/10 14:08:31 - mmengine - INFO - Iter(train) [ 1584/12000]  lr: 8.9446e-05  eta: 0:12:42  time: 0.0731  data_time: 0.0100  memory: 866  loss: 0.0215  decode.loss_focal: 0.0043  decode.loss_dice: 0.0171  decode.acc_seg: 98.7232
2026/04/10 14:08:31 - mmengine - INFO - per class results:
2026/04/10 14:08:31 - mmengine - INFO - 
+------------+-------+-------+
|   Class    |  Dice |  Acc  |
+------------+-------+-------+
| background | 96.47 | 97.87 |
|    cat     | 49.89 | 43.62 |
|    dog     | 39.49 | 35.05 |
+------------+-------+-------+
2026/04/10 14:08:31 - mmengine - INFO - Iter(val) [15/15]    aAcc: 91.6800  mDice: 61.9500  mAcc: 58.8500  data_time: 0.0102  time: 0.0265
