2026/04/09 12:23:14 - mmengine - INFO - 
------------------------------------------------------------
System environment:
    sys.platform: linux
    Python: 3.10.16 (main, Jan 14 2025, 22:49:19) [Clang 19.1.6 ]
    CUDA available: True
    MUSA available: False
    numpy_random_seed: 1641844368
    GPU 0: NVIDIA A10
    CUDA_HOME: /usr
    NVCC: Cuda compilation tools, release 12.8, V12.8.93
    GCC: x86_64-alt-linux-gcc (GCC) 13.2.1 20240128 (ALT Sisyphus 13.2.1-alt3)
    PyTorch: 2.4.0+cu121
    PyTorch compiling details: PyTorch built with:
  - GCC 9.3
  - C++ Version: 201703
  - Intel(R) oneAPI Math Kernel Library Version 2022.2-Product Build 20220804 for Intel(R) 64 architecture applications
  - Intel(R) MKL-DNN v3.4.2 (Git Hash 1137e04ec0b5251ca2b4400a4fd3c667ce843d67)
  - OpenMP 201511 (a.k.a. OpenMP 4.5)
  - LAPACK is enabled (usually provided by MKL)
  - NNPACK is enabled
  - CPU capability usage: AVX512
  - CUDA Runtime 12.1
  - NVCC architecture flags: -gencode;arch=compute_50,code=sm_50;-gencode;arch=compute_60,code=sm_60;-gencode;arch=compute_70,code=sm_70;-gencode;arch=compute_75,code=sm_75;-gencode;arch=compute_80,code=sm_80;-gencode;arch=compute_86,code=sm_86;-gencode;arch=compute_90,code=sm_90
  - CuDNN 90.1  (built against CUDA 12.4)
  - Magma 2.6.1
  - Build settings: BLAS_INFO=mkl, BUILD_TYPE=Release, CUDA_VERSION=12.1, CUDNN_VERSION=9.1.0, CXX_COMPILER=/opt/rh/devtoolset-9/root/usr/bin/c++, CXX_FLAGS= -D_GLIBCXX_USE_CXX11_ABI=0 -fabi-version=11 -fvisibility-inlines-hidden -DUSE_PTHREADPOOL -DNDEBUG -DUSE_KINETO -DLIBKINETO_NOROCTRACER -DUSE_FBGEMM -DUSE_PYTORCH_QNNPACK -DUSE_XNNPACK -DSYMBOLICATE_MOBILE_DEBUG_HANDLE -O2 -fPIC -Wall -Wextra -Werror=return-type -Werror=non-virtual-dtor -Werror=bool-operation -Wnarrowing -Wno-missing-field-initializers -Wno-type-limits -Wno-array-bounds -Wno-unknown-pragmas -Wno-unused-parameter -Wno-unused-function -Wno-unused-result -Wno-strict-overflow -Wno-strict-aliasing -Wno-stringop-overflow -Wsuggest-override -Wno-psabi -Wno-error=pedantic -Wno-error=old-style-cast -Wno-missing-braces -fdiagnostics-color=always -faligned-new -Wno-unused-but-set-variable -Wno-maybe-uninitialized -fno-math-errno -fno-trapping-math -Werror=format -Wno-stringop-overflow, LAPACK_INFO=mkl, PERF_WITH_AVX=1, PERF_WITH_AVX2=1, PERF_WITH_AVX512=1, TORCH_VERSION=2.4.0, USE_CUDA=ON, USE_CUDNN=ON, USE_CUSPARSELT=1, USE_EXCEPTION_PTR=1, USE_GFLAGS=OFF, USE_GLOG=OFF, USE_GLOO=ON, USE_MKL=ON, USE_MKLDNN=ON, USE_MPI=OFF, USE_NCCL=1, USE_NNPACK=ON, USE_OPENMP=ON, USE_ROCM=OFF, USE_ROCM_KERNEL_ASSERT=OFF, 

    TorchVision: 0.19.0+cu121
    OpenCV: 4.11.0
    MMEngine: 0.10.7

Runtime environment:
    cudnn_benchmark: True
    mp_cfg: {'mp_start_method': 'fork', 'opencv_num_threads': 0}
    dist_cfg: {'backend': 'nccl'}
    seed: 1641844368
    Distributed launcher: none
    Distributed training: False
    GPU number: 1
------------------------------------------------------------

2026/04/09 12:23:14 - mmengine - INFO - Config:
batch_size = 8
data_preprocessor = dict(
    bgr_to_rgb=True,
    mean=[
        123.675,
        116.28,
        103.53,
    ],
    pad_val=0,
    seg_pad_val=255,
    size=(
        256,
        256,
    ),
    std=[
        58.395,
        57.12,
        57.375,
    ],
    type='SegDataPreProcessor')
data_root = 'data/cleared'
dataset_type = 'AnimalsDataset'
default_hooks = dict(
    checkpoint=dict(
        by_epoch=True,
        interval=20,
        rule='greater',
        save_best='mDice',
        type='CheckpointHook'),
    logger=dict(interval=100, type='LoggerHook'),
    param_scheduler=dict(type='ParamSchedulerHook'),
    sampler_seed=dict(type='DistSamplerSeedHook'),
    visualization=dict(draw=True, interval=50, type='SegVisualizationHook'))
default_scope = 'mmseg'
env_cfg = dict(
    cudnn_benchmark=True,
    dist_cfg=dict(backend='nccl'),
    mp_cfg=dict(mp_start_method='fork', opencv_num_threads=0))
epoch_num = 200
input_size = (
    256,
    256,
)
launcher = 'none'
load_from = None
log_level = 'INFO'
log_processor = dict(by_epoch=False)
model = dict(
    auxiliary_head=dict(
        align_corners=False,
        channels=64,
        concat_input=False,
        dropout_ratio=0.1,
        in_channels=128,
        in_index=3,
        loss_decode=[
            dict(
                gamma=2.0,
                loss_name='loss_focal',
                loss_weight=1.0,
                type='FocalLoss',
                use_sigmoid=True),
            dict(loss_name='loss_dice', loss_weight=4.0, type='DiceLoss'),
        ],
        norm_cfg=dict(requires_grad=True, type='SyncBN'),
        num_classes=3,
        num_convs=1,
        type='FCNHead'),
    backbone=dict(
        act_cfg=dict(type='ReLU'),
        base_channels=64,
        conv_cfg=None,
        dec_dilations=(
            1,
            1,
            1,
            1,
        ),
        dec_num_convs=(
            2,
            2,
            2,
            2,
        ),
        downsamples=(
            True,
            True,
            True,
            True,
        ),
        enc_dilations=(
            1,
            1,
            1,
            1,
            1,
        ),
        enc_num_convs=(
            2,
            2,
            2,
            2,
            2,
        ),
        in_channels=3,
        norm_cfg=dict(requires_grad=True, type='SyncBN'),
        norm_eval=False,
        num_stages=5,
        strides=(
            1,
            1,
            1,
            1,
            1,
        ),
        type='UNet',
        upsample_cfg=dict(type='InterpConv'),
        with_cp=False),
    data_preprocessor=dict(
        bgr_to_rgb=True,
        mean=[
            123.675,
            116.28,
            103.53,
        ],
        pad_val=0,
        seg_pad_val=255,
        size=(
            256,
            256,
        ),
        std=[
            58.395,
            57.12,
            57.375,
        ],
        type='SegDataPreProcessor'),
    decode_head=dict(
        align_corners=False,
        channels=64,
        concat_input=False,
        dropout_ratio=0.1,
        in_channels=64,
        in_index=4,
        loss_decode=[
            dict(
                gamma=2.0,
                loss_name='loss_focal',
                loss_weight=1.0,
                type='FocalLoss',
                use_sigmoid=True),
            dict(loss_name='loss_dice', loss_weight=4.0, type='DiceLoss'),
        ],
        norm_cfg=dict(requires_grad=True, type='SyncBN'),
        num_classes=3,
        num_convs=1,
        type='FCNHead'),
    pretrained=None,
    test_cfg=dict(crop_size=256, mode='whole', stride=170),
    train_cfg=dict(),
    type='EncoderDecoder')
norm_cfg = dict(requires_grad=True, type='SyncBN')
num_workers = 4
optim_wrapper = dict(
    optimizer=dict(lr=0.01, momentum=0.9, type='SGD', weight_decay=0.0005),
    type='OptimWrapper')
optimizer = dict(lr=0.01, momentum=0.9, type='SGD', weight_decay=0.0005)
param_scheduler = [
    dict(
        begin=0,
        by_epoch=True,
        end=200,
        eta_min=1e-05,
        power=0.9,
        type='PolyLR'),
]
resume = False
test_cfg = dict(type='TestLoop')
test_dataloader = dict(
    batch_size=8,
    dataset=dict(
        data_prefix=dict(img_path='img/test', seg_map_path='labels/test'),
        data_root='data/cleared',
        img_suffix='.jpg',
        pipeline=[
            dict(type='LoadImageFromFile'),
            dict(type='LoadAnnotations'),
            dict(type='PackSegInputs'),
        ],
        seg_map_suffix='.png',
        type='AnimalsDataset'),
    num_workers=4,
    persistent_workers=True,
    sampler=dict(shuffle=False, type='DefaultSampler'))
test_dataset = dict(
    data_prefix=dict(img_path='img/test', seg_map_path='labels/test'),
    data_root='data/cleared',
    img_suffix='.jpg',
    pipeline=[
        dict(type='LoadImageFromFile'),
        dict(type='LoadAnnotations'),
        dict(type='PackSegInputs'),
    ],
    seg_map_suffix='.png',
    type='AnimalsDataset')
test_evaluator = dict(
    iou_metrics=[
        'mDice',
    ], type='IoUMetric')
test_pipeline = [
    dict(type='LoadImageFromFile'),
    dict(type='LoadAnnotations'),
    dict(type='PackSegInputs'),
]
train_cfg = dict(max_epochs=200, type='EpochBasedTrainLoop')
train_dataloader = dict(
    batch_size=8,
    dataset=dict(
        data_prefix=dict(img_path='img/train', seg_map_path='labels/train'),
        data_root='data/cleared',
        img_suffix='.jpg',
        pipeline=[
            dict(type='LoadImageFromFile'),
            dict(type='LoadAnnotations'),
            dict(type='PhotoMetricDistortion'),
            dict(degree=(
                -45,
                45,
            ), type='RandomRotFlip'),
            dict(type='PackSegInputs'),
        ],
        seg_map_suffix='.png',
        type='AnimalsDataset'),
    num_workers=4,
    persistent_workers=True,
    sampler=dict(shuffle=True, type='DefaultSampler'))
train_dataset = dict(
    data_prefix=dict(img_path='img/train', seg_map_path='labels/train'),
    data_root='data/cleared',
    img_suffix='.jpg',
    pipeline=[
        dict(type='LoadImageFromFile'),
        dict(type='LoadAnnotations'),
        dict(type='PhotoMetricDistortion'),
        dict(degree=(
            -45,
            45,
        ), type='RandomRotFlip'),
        dict(type='PackSegInputs'),
    ],
    seg_map_suffix='.png',
    type='AnimalsDataset')
train_pipeline = [
    dict(type='LoadImageFromFile'),
    dict(type='LoadAnnotations'),
    dict(type='PhotoMetricDistortion'),
    dict(degree=(
        -45,
        45,
    ), type='RandomRotFlip'),
    dict(type='PackSegInputs'),
]
tta_model = dict(type='SegTTAModel')
val_cfg = dict(type='ValLoop')
val_dataloader = dict(
    batch_size=8,
    dataset=dict(
        data_prefix=dict(img_path='img/val', seg_map_path='labels/val'),
        data_root='data/cleared',
        img_suffix='.jpg',
        pipeline=[
            dict(type='LoadImageFromFile'),
            dict(type='LoadAnnotations'),
            dict(type='PackSegInputs'),
        ],
        seg_map_suffix='.png',
        type='AnimalsDataset'),
    num_workers=4,
    persistent_workers=True,
    sampler=dict(shuffle=False, type='DefaultSampler'))
val_dataset = dict(
    data_prefix=dict(img_path='img/val', seg_map_path='labels/val'),
    data_root='data/cleared',
    img_suffix='.jpg',
    pipeline=[
        dict(type='LoadImageFromFile'),
        dict(type='LoadAnnotations'),
        dict(type='PackSegInputs'),
    ],
    seg_map_suffix='.png',
    type='AnimalsDataset')
val_evaluator = dict(
    iou_metrics=[
        'mDice',
    ], type='IoUMetric')
val_pipeline = [
    dict(type='LoadImageFromFile'),
    dict(type='LoadAnnotations'),
    dict(type='PackSegInputs'),
]
vis_backends = [
    dict(type='LocalVisBackend'),
]
visualizer = dict(
    name='visualizer',
    type='SegLocalVisualizer',
    vis_backends=[
        dict(type='LocalVisBackend'),
        dict(
            exp_name='sprint6_unet_v5',
            run_name='unet-s5-d16',
            tracking_uri='http://localhost:5000',
            type='MLflowVisBackend'),
    ])
work_dir = 'practicum_work/artifacts/mmsegmentation_work_dir'

2026/04/09 12:23:16 - mmengine - WARNING - Please make sure that the mlflow server is running.
2026/04/09 12:23:18 - mmengine - INFO - Distributed training is not used, all SyncBatchNorm (SyncBN) layers in the model will be automatically reverted to BatchNormXd layers if they are used.
2026/04/09 12:23:18 - mmengine - INFO - Hooks will be executed in the following order:
before_run:
(VERY_HIGH   ) RuntimeInfoHook                    
(BELOW_NORMAL) LoggerHook                         
 -------------------- 
before_train:
(VERY_HIGH   ) RuntimeInfoHook                    
(NORMAL      ) IterTimerHook                      
(VERY_LOW    ) CheckpointHook                     
 -------------------- 
before_train_epoch:
(VERY_HIGH   ) RuntimeInfoHook                    
(NORMAL      ) IterTimerHook                      
(NORMAL      ) DistSamplerSeedHook                
 -------------------- 
before_train_iter:
(VERY_HIGH   ) RuntimeInfoHook                    
(NORMAL      ) IterTimerHook                      
 -------------------- 
after_train_iter:
(VERY_HIGH   ) RuntimeInfoHook                    
(NORMAL      ) IterTimerHook                      
(BELOW_NORMAL) LoggerHook                         
(LOW         ) ParamSchedulerHook                 
(VERY_LOW    ) CheckpointHook                     
 -------------------- 
after_train_epoch:
(NORMAL      ) IterTimerHook                      
(LOW         ) ParamSchedulerHook                 
(VERY_LOW    ) CheckpointHook                     
 -------------------- 
before_val:
(VERY_HIGH   ) RuntimeInfoHook                    
 -------------------- 
before_val_epoch:
(NORMAL      ) IterTimerHook                      
 -------------------- 
before_val_iter:
(NORMAL      ) IterTimerHook                      
 -------------------- 
after_val_iter:
(NORMAL      ) IterTimerHook                      
(NORMAL      ) SegVisualizationHook               
(BELOW_NORMAL) LoggerHook                         
 -------------------- 
after_val_epoch:
(VERY_HIGH   ) RuntimeInfoHook                    
(NORMAL      ) IterTimerHook                      
(BELOW_NORMAL) LoggerHook                         
(LOW         ) ParamSchedulerHook                 
(VERY_LOW    ) CheckpointHook                     
 -------------------- 
after_val:
(VERY_HIGH   ) RuntimeInfoHook                    
 -------------------- 
after_train:
(VERY_HIGH   ) RuntimeInfoHook                    
(VERY_LOW    ) CheckpointHook                     
 -------------------- 
before_test:
(VERY_HIGH   ) RuntimeInfoHook                    
 -------------------- 
before_test_epoch:
(NORMAL      ) IterTimerHook                      
 -------------------- 
before_test_iter:
(NORMAL      ) IterTimerHook                      
 -------------------- 
after_test_iter:
(NORMAL      ) IterTimerHook                      
(NORMAL      ) SegVisualizationHook               
(BELOW_NORMAL) LoggerHook                         
 -------------------- 
after_test_epoch:
(VERY_HIGH   ) RuntimeInfoHook                    
(NORMAL      ) IterTimerHook                      
(BELOW_NORMAL) LoggerHook                         
 -------------------- 
after_test:
(VERY_HIGH   ) RuntimeInfoHook                    
 -------------------- 
after_run:
(BELOW_NORMAL) LoggerHook                         
 -------------------- 
2026/04/09 12:23:19 - mmengine - WARNING - The prefix is not set in metric class IoUMetric.
Name of parameter - Initialization information

backbone.encoder.0.0.convs.0.conv.weight - torch.Size([64, 3, 3, 3]): 
KaimingInit: a=0, mode=fan_out, nonlinearity=relu, distribution =normal, bias=0 

backbone.encoder.0.0.convs.0.bn.weight - torch.Size([64]): 
The value is the same before and after calling `init_weights` of EncoderDecoder  

backbone.encoder.0.0.convs.0.bn.bias - torch.Size([64]): 
The value is the same before and after calling `init_weights` of EncoderDecoder  

backbone.encoder.0.0.convs.1.conv.weight - torch.Size([64, 64, 3, 3]): 
KaimingInit: a=0, mode=fan_out, nonlinearity=relu, distribution =normal, bias=0 

backbone.encoder.0.0.convs.1.bn.weight - torch.Size([64]): 
The value is the same before and after calling `init_weights` of EncoderDecoder  

backbone.encoder.0.0.convs.1.bn.bias - torch.Size([64]): 
The value is the same before and after calling `init_weights` of EncoderDecoder  

backbone.encoder.1.1.convs.0.conv.weight - torch.Size([128, 64, 3, 3]): 
KaimingInit: a=0, mode=fan_out, nonlinearity=relu, distribution =normal, bias=0 

backbone.encoder.1.1.convs.0.bn.weight - torch.Size([128]): 
The value is the same before and after calling `init_weights` of EncoderDecoder  

backbone.encoder.1.1.convs.0.bn.bias - torch.Size([128]): 
The value is the same before and after calling `init_weights` of EncoderDecoder  

backbone.encoder.1.1.convs.1.conv.weight - torch.Size([128, 128, 3, 3]): 
KaimingInit: a=0, mode=fan_out, nonlinearity=relu, distribution =normal, bias=0 

backbone.encoder.1.1.convs.1.bn.weight - torch.Size([128]): 
The value is the same before and after calling `init_weights` of EncoderDecoder  

backbone.encoder.1.1.convs.1.bn.bias - torch.Size([128]): 
The value is the same before and after calling `init_weights` of EncoderDecoder  

backbone.encoder.2.1.convs.0.conv.weight - torch.Size([256, 128, 3, 3]): 
KaimingInit: a=0, mode=fan_out, nonlinearity=relu, distribution =normal, bias=0 

backbone.encoder.2.1.convs.0.bn.weight - torch.Size([256]): 
The value is the same before and after calling `init_weights` of EncoderDecoder  

backbone.encoder.2.1.convs.0.bn.bias - torch.Size([256]): 
The value is the same before and after calling `init_weights` of EncoderDecoder  

backbone.encoder.2.1.convs.1.conv.weight - torch.Size([256, 256, 3, 3]): 
KaimingInit: a=0, mode=fan_out, nonlinearity=relu, distribution =normal, bias=0 

backbone.encoder.2.1.convs.1.bn.weight - torch.Size([256]): 
The value is the same before and after calling `init_weights` of EncoderDecoder  

backbone.encoder.2.1.convs.1.bn.bias - torch.Size([256]): 
The value is the same before and after calling `init_weights` of EncoderDecoder  

backbone.encoder.3.1.convs.0.conv.weight - torch.Size([512, 256, 3, 3]): 
KaimingInit: a=0, mode=fan_out, nonlinearity=relu, distribution =normal, bias=0 

backbone.encoder.3.1.convs.0.bn.weight - torch.Size([512]): 
The value is the same before and after calling `init_weights` of EncoderDecoder  

backbone.encoder.3.1.convs.0.bn.bias - torch.Size([512]): 
The value is the same before and after calling `init_weights` of EncoderDecoder  

backbone.encoder.3.1.convs.1.conv.weight - torch.Size([512, 512, 3, 3]): 
KaimingInit: a=0, mode=fan_out, nonlinearity=relu, distribution =normal, bias=0 

backbone.encoder.3.1.convs.1.bn.weight - torch.Size([512]): 
The value is the same before and after calling `init_weights` of EncoderDecoder  

backbone.encoder.3.1.convs.1.bn.bias - torch.Size([512]): 
The value is the same before and after calling `init_weights` of EncoderDecoder  

backbone.encoder.4.1.convs.0.conv.weight - torch.Size([1024, 512, 3, 3]): 
KaimingInit: a=0, mode=fan_out, nonlinearity=relu, distribution =normal, bias=0 

backbone.encoder.4.1.convs.0.bn.weight - torch.Size([1024]): 
The value is the same before and after calling `init_weights` of EncoderDecoder  

backbone.encoder.4.1.convs.0.bn.bias - torch.Size([1024]): 
The value is the same before and after calling `init_weights` of EncoderDecoder  

backbone.encoder.4.1.convs.1.conv.weight - torch.Size([1024, 1024, 3, 3]): 
KaimingInit: a=0, mode=fan_out, nonlinearity=relu, distribution =normal, bias=0 

backbone.encoder.4.1.convs.1.bn.weight - torch.Size([1024]): 
The value is the same before and after calling `init_weights` of EncoderDecoder  

backbone.encoder.4.1.convs.1.bn.bias - torch.Size([1024]): 
The value is the same before and after calling `init_weights` of EncoderDecoder  

backbone.decoder.0.conv_block.convs.0.conv.weight - torch.Size([64, 128, 3, 3]): 
KaimingInit: a=0, mode=fan_out, nonlinearity=relu, distribution =normal, bias=0 

backbone.decoder.0.conv_block.convs.0.bn.weight - torch.Size([64]): 
The value is the same before and after calling `init_weights` of EncoderDecoder  

backbone.decoder.0.conv_block.convs.0.bn.bias - torch.Size([64]): 
The value is the same before and after calling `init_weights` of EncoderDecoder  

backbone.decoder.0.conv_block.convs.1.conv.weight - torch.Size([64, 64, 3, 3]): 
KaimingInit: a=0, mode=fan_out, nonlinearity=relu, distribution =normal, bias=0 

backbone.decoder.0.conv_block.convs.1.bn.weight - torch.Size([64]): 
The value is the same before and after calling `init_weights` of EncoderDecoder  

backbone.decoder.0.conv_block.convs.1.bn.bias - torch.Size([64]): 
The value is the same before and after calling `init_weights` of EncoderDecoder  

backbone.decoder.0.upsample.interp_upsample.1.conv.weight - torch.Size([64, 128, 1, 1]): 
KaimingInit: a=0, mode=fan_out, nonlinearity=relu, distribution =normal, bias=0 

backbone.decoder.0.upsample.interp_upsample.1.bn.weight - torch.Size([64]): 
The value is the same before and after calling `init_weights` of EncoderDecoder  

backbone.decoder.0.upsample.interp_upsample.1.bn.bias - torch.Size([64]): 
The value is the same before and after calling `init_weights` of EncoderDecoder  

backbone.decoder.1.conv_block.convs.0.conv.weight - torch.Size([128, 256, 3, 3]): 
KaimingInit: a=0, mode=fan_out, nonlinearity=relu, distribution =normal, bias=0 

backbone.decoder.1.conv_block.convs.0.bn.weight - torch.Size([128]): 
The value is the same before and after calling `init_weights` of EncoderDecoder  

backbone.decoder.1.conv_block.convs.0.bn.bias - torch.Size([128]): 
The value is the same before and after calling `init_weights` of EncoderDecoder  

backbone.decoder.1.conv_block.convs.1.conv.weight - torch.Size([128, 128, 3, 3]): 
KaimingInit: a=0, mode=fan_out, nonlinearity=relu, distribution =normal, bias=0 

backbone.decoder.1.conv_block.convs.1.bn.weight - torch.Size([128]): 
The value is the same before and after calling `init_weights` of EncoderDecoder  

backbone.decoder.1.conv_block.convs.1.bn.bias - torch.Size([128]): 
The value is the same before and after calling `init_weights` of EncoderDecoder  

backbone.decoder.1.upsample.interp_upsample.1.conv.weight - torch.Size([128, 256, 1, 1]): 
KaimingInit: a=0, mode=fan_out, nonlinearity=relu, distribution =normal, bias=0 

backbone.decoder.1.upsample.interp_upsample.1.bn.weight - torch.Size([128]): 
The value is the same before and after calling `init_weights` of EncoderDecoder  

backbone.decoder.1.upsample.interp_upsample.1.bn.bias - torch.Size([128]): 
The value is the same before and after calling `init_weights` of EncoderDecoder  

backbone.decoder.2.conv_block.convs.0.conv.weight - torch.Size([256, 512, 3, 3]): 
KaimingInit: a=0, mode=fan_out, nonlinearity=relu, distribution =normal, bias=0 

backbone.decoder.2.conv_block.convs.0.bn.weight - torch.Size([256]): 
The value is the same before and after calling `init_weights` of EncoderDecoder  

backbone.decoder.2.conv_block.convs.0.bn.bias - torch.Size([256]): 
The value is the same before and after calling `init_weights` of EncoderDecoder  

backbone.decoder.2.conv_block.convs.1.conv.weight - torch.Size([256, 256, 3, 3]): 
KaimingInit: a=0, mode=fan_out, nonlinearity=relu, distribution =normal, bias=0 

backbone.decoder.2.conv_block.convs.1.bn.weight - torch.Size([256]): 
The value is the same before and after calling `init_weights` of EncoderDecoder  

backbone.decoder.2.conv_block.convs.1.bn.bias - torch.Size([256]): 
The value is the same before and after calling `init_weights` of EncoderDecoder  

backbone.decoder.2.upsample.interp_upsample.1.conv.weight - torch.Size([256, 512, 1, 1]): 
KaimingInit: a=0, mode=fan_out, nonlinearity=relu, distribution =normal, bias=0 

backbone.decoder.2.upsample.interp_upsample.1.bn.weight - torch.Size([256]): 
The value is the same before and after calling `init_weights` of EncoderDecoder  

backbone.decoder.2.upsample.interp_upsample.1.bn.bias - torch.Size([256]): 
The value is the same before and after calling `init_weights` of EncoderDecoder  

backbone.decoder.3.conv_block.convs.0.conv.weight - torch.Size([512, 1024, 3, 3]): 
KaimingInit: a=0, mode=fan_out, nonlinearity=relu, distribution =normal, bias=0 

backbone.decoder.3.conv_block.convs.0.bn.weight - torch.Size([512]): 
The value is the same before and after calling `init_weights` of EncoderDecoder  

backbone.decoder.3.conv_block.convs.0.bn.bias - torch.Size([512]): 
The value is the same before and after calling `init_weights` of EncoderDecoder  

backbone.decoder.3.conv_block.convs.1.conv.weight - torch.Size([512, 512, 3, 3]): 
KaimingInit: a=0, mode=fan_out, nonlinearity=relu, distribution =normal, bias=0 

backbone.decoder.3.conv_block.convs.1.bn.weight - torch.Size([512]): 
The value is the same before and after calling `init_weights` of EncoderDecoder  

backbone.decoder.3.conv_block.convs.1.bn.bias - torch.Size([512]): 
The value is the same before and after calling `init_weights` of EncoderDecoder  

backbone.decoder.3.upsample.interp_upsample.1.conv.weight - torch.Size([512, 1024, 1, 1]): 
KaimingInit: a=0, mode=fan_out, nonlinearity=relu, distribution =normal, bias=0 

backbone.decoder.3.upsample.interp_upsample.1.bn.weight - torch.Size([512]): 
The value is the same before and after calling `init_weights` of EncoderDecoder  

backbone.decoder.3.upsample.interp_upsample.1.bn.bias - torch.Size([512]): 
The value is the same before and after calling `init_weights` of EncoderDecoder  

decode_head.conv_seg.weight - torch.Size([3, 64, 1, 1]): 
NormalInit: mean=0, std=0.01, bias=0 

decode_head.conv_seg.bias - torch.Size([3]): 
NormalInit: mean=0, std=0.01, bias=0 

decode_head.convs.0.conv.weight - torch.Size([64, 64, 3, 3]): 
The value is the same before and after calling `init_weights` of EncoderDecoder  

decode_head.convs.0.bn.weight - torch.Size([64]): 
The value is the same before and after calling `init_weights` of EncoderDecoder  

decode_head.convs.0.bn.bias - torch.Size([64]): 
The value is the same before and after calling `init_weights` of EncoderDecoder  

auxiliary_head.conv_seg.weight - torch.Size([3, 64, 1, 1]): 
NormalInit: mean=0, std=0.01, bias=0 

auxiliary_head.conv_seg.bias - torch.Size([3]): 
NormalInit: mean=0, std=0.01, bias=0 

auxiliary_head.convs.0.conv.weight - torch.Size([64, 128, 3, 3]): 
The value is the same before and after calling `init_weights` of EncoderDecoder  

auxiliary_head.convs.0.bn.weight - torch.Size([64]): 
The value is the same before and after calling `init_weights` of EncoderDecoder  

auxiliary_head.convs.0.bn.bias - torch.Size([64]): 
The value is the same before and after calling `init_weights` of EncoderDecoder  
2026/04/09 12:23:19 - mmengine - WARNING - "FileClient" will be deprecated in future. Please use io functions in https://mmengine.readthedocs.io/en/latest/api/fileio.html#file-io
2026/04/09 12:23:19 - mmengine - WARNING - "HardDiskBackend" is the alias of "LocalBackend" and the former will be deprecated in future.
2026/04/09 12:23:19 - mmengine - INFO - Checkpoints will be saved to /data_12/gpudev/kashnitskii/yx/s6_project/practicum_work/artifacts/mmsegmentation_work_dir.
2026/04/09 12:23:33 - mmengine - INFO - Exp name: unet1_conf_20260409_122314
2026/04/09 12:23:33 - mmengine - INFO - Iter(train) [  25/5000]  lr: 1.0000e-02  eta: 0:45:29  time: 0.5306  data_time: 0.0057  memory: 19184  loss: 0.9248  decode.loss_focal: 0.0790  decode.loss_dice: 0.3864  decode.acc_seg: 95.0302  aux.loss_focal: 0.0754  aux.loss_dice: 0.3840  aux.acc_seg: 95.0302
2026/04/09 12:23:34 - mmengine - INFO - per class results:
2026/04/09 12:23:34 - mmengine - INFO - 
+------------+-------+-------+
|   Class    |  Dice |  Acc  |
+------------+-------+-------+
| background | 94.32 | 100.0 |
|    cat     |  0.0  |  0.0  |
|    dog     |  0.0  |  0.0  |
+------------+-------+-------+
2026/04/09 12:23:34 - mmengine - INFO - Iter(val) [15/15]    aAcc: 89.2600  mDice: 31.4400  mAcc: 33.3300  data_time: 0.0180  time: 0.0760
2026/04/09 12:23:34 - mmengine - INFO - The best checkpoint with 31.4400 mDice at 1 epoch is saved to best_mDice_epoch_1.pth.
2026/04/09 12:23:39 - mmengine - INFO - Exp name: unet1_conf_20260409_122314
2026/04/09 12:23:39 - mmengine - INFO - Iter(train) [  50/5000]  lr: 9.9548e-03  eta: 0:30:07  time: 0.1717  data_time: 0.0063  memory: 4420  loss: 0.8918  decode.loss_focal: 0.0809  decode.loss_dice: 0.3741  decode.acc_seg: 95.5963  aux.loss_focal: 0.0668  aux.loss_dice: 0.3700  aux.acc_seg: 95.5963
2026/04/09 12:23:40 - mmengine - INFO - per class results:
2026/04/09 12:23:40 - mmengine - INFO - 
+------------+-------+-------+
|   Class    |  Dice |  Acc  |
+------------+-------+-------+
| background | 94.32 | 100.0 |
|    cat     |  0.0  |  0.0  |
|    dog     |  0.0  |  0.0  |
+------------+-------+-------+
2026/04/09 12:23:40 - mmengine - INFO - Iter(val) [15/15]    aAcc: 89.2600  mDice: 31.4400  mAcc: 33.3300  data_time: 0.0308  time: 0.0863
2026/04/09 12:23:45 - mmengine - INFO - Exp name: unet1_conf_20260409_122314
2026/04/09 12:23:45 - mmengine - INFO - Iter(train) [  75/5000]  lr: 9.9096e-03  eta: 0:24:57  time: 0.1708  data_time: 0.0058  memory: 4420  loss: 0.8274  decode.loss_focal: 0.0519  decode.loss_dice: 0.3646  decode.acc_seg: 88.2446  aux.loss_focal: 0.0503  aux.loss_dice: 0.3605  aux.acc_seg: 88.2446
2026/04/09 12:23:46 - mmengine - INFO - per class results:
2026/04/09 12:23:46 - mmengine - INFO - 
+------------+-------+-------+
|   Class    |  Dice |  Acc  |
+------------+-------+-------+
| background | 94.32 | 100.0 |
|    cat     |  0.0  |  0.0  |
|    dog     |  0.0  |  0.0  |
+------------+-------+-------+
2026/04/09 12:23:46 - mmengine - INFO - Iter(val) [15/15]    aAcc: 89.2600  mDice: 31.4400  mAcc: 33.3300  data_time: 0.0093  time: 0.0651
2026/04/09 12:23:50 - mmengine - INFO - Exp name: unet1_conf_20260409_122314
2026/04/09 12:23:50 - mmengine - INFO - Iter(train) [ 100/5000]  lr: 9.8644e-03  eta: 0:22:21  time: 0.1712  data_time: 0.0057  memory: 4420  loss: 0.8074  decode.loss_focal: 0.0483  decode.loss_dice: 0.3561  decode.acc_seg: 82.2968  aux.loss_focal: 0.0501  aux.loss_dice: 0.3530  aux.acc_seg: 82.2968
2026/04/09 12:23:52 - mmengine - INFO - per class results:
2026/04/09 12:23:52 - mmengine - INFO - 
+------------+-------+-------+
|   Class    |  Dice |  Acc  |
+------------+-------+-------+
| background | 94.32 | 100.0 |
|    cat     |  0.0  |  0.0  |
|    dog     |  0.0  |  0.0  |
+------------+-------+-------+
2026/04/09 12:23:52 - mmengine - INFO - Iter(val) [15/15]    aAcc: 89.2600  mDice: 31.4400  mAcc: 33.3300  data_time: 0.0257  time: 0.0811
2026/04/09 12:23:56 - mmengine - INFO - Exp name: unet1_conf_20260409_122314
2026/04/09 12:23:56 - mmengine - INFO - Iter(train) [ 125/5000]  lr: 9.8191e-03  eta: 0:20:45  time: 0.1714  data_time: 0.0057  memory: 4420  loss: 0.8027  decode.loss_focal: 0.0420  decode.loss_dice: 0.3620  decode.acc_seg: 83.6609  aux.loss_focal: 0.0409  aux.loss_dice: 0.3578  aux.acc_seg: 83.6609
2026/04/09 12:23:57 - mmengine - INFO - per class results:
2026/04/09 12:23:57 - mmengine - INFO - 
+------------+-------+-------+
|   Class    |  Dice |  Acc  |
+------------+-------+-------+
| background | 94.32 | 100.0 |
|    cat     |  0.0  |  0.0  |
|    dog     |  0.0  |  0.0  |
+------------+-------+-------+
2026/04/09 12:23:57 - mmengine - INFO - Iter(val) [15/15]    aAcc: 89.2600  mDice: 31.4400  mAcc: 33.3300  data_time: 0.0095  time: 0.0650
2026/04/09 12:24:02 - mmengine - INFO - Exp name: unet1_conf_20260409_122314
2026/04/09 12:24:02 - mmengine - INFO - Iter(train) [ 150/5000]  lr: 9.7738e-03  eta: 0:19:41  time: 0.1730  data_time: 0.0067  memory: 4420  loss: 0.6603  decode.loss_focal: 0.0339  decode.loss_dice: 0.2970  decode.acc_seg: 93.6127  aux.loss_focal: 0.0332  aux.loss_dice: 0.2962  aux.acc_seg: 93.6127
2026/04/09 12:24:03 - mmengine - INFO - per class results:
2026/04/09 12:24:03 - mmengine - INFO - 
+------------+-------+-------+
|   Class    |  Dice |  Acc  |
+------------+-------+-------+
| background | 94.32 | 100.0 |
|    cat     |  0.0  |  0.0  |
|    dog     |  0.0  |  0.0  |
+------------+-------+-------+
2026/04/09 12:24:03 - mmengine - INFO - Iter(val) [15/15]    aAcc: 89.2600  mDice: 31.4400  mAcc: 33.3300  data_time: 0.0153  time: 0.0715
2026/04/09 12:24:08 - mmengine - INFO - Exp name: unet1_conf_20260409_122314
2026/04/09 12:24:08 - mmengine - INFO - Iter(train) [ 175/5000]  lr: 9.7285e-03  eta: 0:18:53  time: 0.1719  data_time: 0.0057  memory: 4420  loss: 0.6789  decode.loss_focal: 0.0365  decode.loss_dice: 0.3043  decode.acc_seg: 98.6313  aux.loss_focal: 0.0362  aux.loss_dice: 0.3018  aux.acc_seg: 98.6313
2026/04/09 12:24:09 - mmengine - INFO - per class results:
2026/04/09 12:24:09 - mmengine - INFO - 
+------------+-------+-------+
|   Class    |  Dice |  Acc  |
+------------+-------+-------+
| background | 94.32 | 100.0 |
|    cat     |  0.0  |  0.0  |
|    dog     |  0.0  |  0.0  |
+------------+-------+-------+
2026/04/09 12:24:09 - mmengine - INFO - Iter(val) [15/15]    aAcc: 89.2600  mDice: 31.4400  mAcc: 33.3300  data_time: 0.0099  time: 0.0660
2026/04/09 12:24:13 - mmengine - INFO - Exp name: unet1_conf_20260409_122314
2026/04/09 12:24:13 - mmengine - INFO - Iter(train) [ 200/5000]  lr: 9.6832e-03  eta: 0:18:17  time: 0.1718  data_time: 0.0058  memory: 4420  loss: 0.7780  decode.loss_focal: 0.0419  decode.loss_dice: 0.3482  decode.acc_seg: 80.7983  aux.loss_focal: 0.0423  aux.loss_dice: 0.3456  aux.acc_seg: 80.7983
2026/04/09 12:24:15 - mmengine - INFO - per class results:
2026/04/09 12:24:15 - mmengine - INFO - 
+------------+-------+-------+
|   Class    |  Dice |  Acc  |
+------------+-------+-------+
| background | 94.32 | 100.0 |
|    cat     |  0.0  |  0.0  |
|    dog     |  0.0  |  0.0  |
+------------+-------+-------+
2026/04/09 12:24:15 - mmengine - INFO - Iter(val) [15/15]    aAcc: 89.2600  mDice: 31.4400  mAcc: 33.3300  data_time: 0.0250  time: 0.0805
2026/04/09 12:24:19 - mmengine - INFO - Exp name: unet1_conf_20260409_122314
2026/04/09 12:24:19 - mmengine - INFO - Iter(train) [ 225/5000]  lr: 9.6378e-03  eta: 0:17:47  time: 0.1727  data_time: 0.0060  memory: 4420  loss: 0.7202  decode.loss_focal: 0.0392  decode.loss_dice: 0.3212  decode.acc_seg: 93.4601  aux.loss_focal: 0.0389  aux.loss_dice: 0.3209  aux.acc_seg: 93.4601
2026/04/09 12:24:20 - mmengine - INFO - per class results:
2026/04/09 12:24:20 - mmengine - INFO - 
+------------+-------+-------+
|   Class    |  Dice |  Acc  |
+------------+-------+-------+
| background | 94.32 | 100.0 |
|    cat     |  0.0  |  0.0  |
|    dog     |  0.0  |  0.0  |
+------------+-------+-------+
2026/04/09 12:24:20 - mmengine - INFO - Iter(val) [15/15]    aAcc: 89.2600  mDice: 31.4400  mAcc: 33.3300  data_time: 0.0093  time: 0.0651
2026/04/09 12:24:25 - mmengine - INFO - Exp name: unet1_conf_20260409_122314
2026/04/09 12:24:25 - mmengine - INFO - Iter(train) [ 250/5000]  lr: 9.5924e-03  eta: 0:17:23  time: 0.1725  data_time: 0.0061  memory: 4420  loss: 0.7694  decode.loss_focal: 0.0419  decode.loss_dice: 0.3452  decode.acc_seg: 87.1872  aux.loss_focal: 0.0398  aux.loss_dice: 0.3425  aux.acc_seg: 87.1872
2026/04/09 12:24:26 - mmengine - INFO - per class results:
2026/04/09 12:24:26 - mmengine - INFO - 
+------------+-------+-------+
|   Class    |  Dice |  Acc  |
+------------+-------+-------+
| background | 94.32 | 100.0 |
|    cat     |  0.0  |  0.0  |
|    dog     |  0.0  |  0.0  |
+------------+-------+-------+
2026/04/09 12:24:26 - mmengine - INFO - Iter(val) [15/15]    aAcc: 89.2600  mDice: 31.4400  mAcc: 33.3300  data_time: 0.0265  time: 0.0824
2026/04/09 12:24:31 - mmengine - INFO - Exp name: unet1_conf_20260409_122314
2026/04/09 12:24:31 - mmengine - INFO - Iter(train) [ 275/5000]  lr: 9.5470e-03  eta: 0:17:02  time: 0.1725  data_time: 0.0057  memory: 4420  loss: 0.6439  decode.loss_focal: 0.0330  decode.loss_dice: 0.2912  decode.acc_seg: 98.0347  aux.loss_focal: 0.0317  aux.loss_dice: 0.2880  aux.acc_seg: 98.0347
2026/04/09 12:24:32 - mmengine - INFO - per class results:
2026/04/09 12:24:32 - mmengine - INFO - 
+------------+-------+-------+
|   Class    |  Dice |  Acc  |
+------------+-------+-------+
| background | 94.32 | 100.0 |
|    cat     |  0.0  |  0.0  |
|    dog     |  0.0  |  0.0  |
+------------+-------+-------+
2026/04/09 12:24:32 - mmengine - INFO - Iter(val) [15/15]    aAcc: 89.2600  mDice: 31.4400  mAcc: 33.3300  data_time: 0.0092  time: 0.0653
2026/04/09 12:24:36 - mmengine - INFO - Exp name: unet1_conf_20260409_122314
2026/04/09 12:24:36 - mmengine - INFO - Iter(train) [ 300/5000]  lr: 9.5016e-03  eta: 0:16:44  time: 0.1724  data_time: 0.0057  memory: 4420  loss: 0.6203  decode.loss_focal: 0.0331  decode.loss_dice: 0.2809  decode.acc_seg: 97.7005  aux.loss_focal: 0.0300  aux.loss_dice: 0.2764  aux.acc_seg: 97.7005
2026/04/09 12:24:38 - mmengine - INFO - per class results:
2026/04/09 12:24:38 - mmengine - INFO - 
+------------+-------+-------+
|   Class    |  Dice |  Acc  |
+------------+-------+-------+
| background | 94.32 | 100.0 |
|    cat     |  0.0  |  0.0  |
|    dog     |  0.0  |  0.0  |
+------------+-------+-------+
2026/04/09 12:24:38 - mmengine - INFO - Iter(val) [15/15]    aAcc: 89.2600  mDice: 31.4400  mAcc: 33.3300  data_time: 0.0272  time: 0.0834
2026/04/09 12:24:42 - mmengine - INFO - Exp name: unet1_conf_20260409_122314
2026/04/09 12:24:42 - mmengine - INFO - Iter(train) [ 325/5000]  lr: 9.4562e-03  eta: 0:16:28  time: 0.1726  data_time: 0.0058  memory: 4420  loss: 0.7493  decode.loss_focal: 0.0423  decode.loss_dice: 0.3343  decode.acc_seg: 89.3906  aux.loss_focal: 0.0414  aux.loss_dice: 0.3313  aux.acc_seg: 89.3906
2026/04/09 12:24:43 - mmengine - INFO - per class results:
2026/04/09 12:24:43 - mmengine - INFO - 
+------------+-------+-------+
|   Class    |  Dice |  Acc  |
+------------+-------+-------+
| background | 94.32 | 100.0 |
|    cat     |  0.0  |  0.0  |
|    dog     |  0.0  |  0.0  |
+------------+-------+-------+
2026/04/09 12:24:43 - mmengine - INFO - Iter(val) [15/15]    aAcc: 89.2600  mDice: 31.4400  mAcc: 33.3300  data_time: 0.0100  time: 0.0658
2026/04/09 12:24:48 - mmengine - INFO - Exp name: unet1_conf_20260409_122314
2026/04/09 12:24:48 - mmengine - INFO - Iter(train) [ 350/5000]  lr: 9.4107e-03  eta: 0:16:14  time: 0.1738  data_time: 0.0061  memory: 4420  loss: 0.6660  decode.loss_focal: 0.0335  decode.loss_dice: 0.3000  decode.acc_seg: 94.5419  aux.loss_focal: 0.0332  aux.loss_dice: 0.2994  aux.acc_seg: 94.5419
2026/04/09 12:24:49 - mmengine - INFO - per class results:
2026/04/09 12:24:49 - mmengine - INFO - 
+------------+-------+-------+
|   Class    |  Dice |  Acc  |
+------------+-------+-------+
| background | 94.32 | 100.0 |
|    cat     |  0.0  |  0.0  |
|    dog     |  0.0  |  0.0  |
+------------+-------+-------+
2026/04/09 12:24:49 - mmengine - INFO - Iter(val) [15/15]    aAcc: 89.2600  mDice: 31.4400  mAcc: 33.3300  data_time: 0.0143  time: 0.0702
2026/04/09 12:24:54 - mmengine - INFO - Exp name: unet1_conf_20260409_122314
2026/04/09 12:24:54 - mmengine - INFO - Iter(train) [ 375/5000]  lr: 9.3652e-03  eta: 0:16:01  time: 0.1730  data_time: 0.0060  memory: 4420  loss: 0.6961  decode.loss_focal: 0.0361  decode.loss_dice: 0.3127  decode.acc_seg: 94.3939  aux.loss_focal: 0.0357  aux.loss_dice: 0.3115  aux.acc_seg: 94.3939
2026/04/09 12:24:55 - mmengine - INFO - per class results:
2026/04/09 12:24:55 - mmengine - INFO - 
+------------+-------+-------+
|   Class    |  Dice |  Acc  |
+------------+-------+-------+
| background | 94.32 | 100.0 |
|    cat     |  0.0  |  0.0  |
|    dog     |  0.0  |  0.0  |
+------------+-------+-------+
2026/04/09 12:24:55 - mmengine - INFO - Iter(val) [15/15]    aAcc: 89.2600  mDice: 31.4400  mAcc: 33.3300  data_time: 0.0093  time: 0.0654
