2026/04/09 19:06:39 - mmengine - INFO - 
------------------------------------------------------------
System environment:
    sys.platform: linux
    Python: 3.10.16 (main, Jan 14 2025, 22:49:19) [Clang 19.1.6 ]
    CUDA available: True
    MUSA available: False
    numpy_random_seed: 1296877702
    GPU 0: NVIDIA A10
    CUDA_HOME: /usr
    NVCC: Cuda compilation tools, release 12.8, V12.8.93
    GCC: x86_64-alt-linux-gcc (GCC) 13.2.1 20240128 (ALT Sisyphus 13.2.1-alt3)
    PyTorch: 2.4.0+cu121
    PyTorch compiling details: PyTorch built with:
  - GCC 9.3
  - C++ Version: 201703
  - Intel(R) oneAPI Math Kernel Library Version 2022.2-Product Build 20220804 for Intel(R) 64 architecture applications
  - Intel(R) MKL-DNN v3.4.2 (Git Hash 1137e04ec0b5251ca2b4400a4fd3c667ce843d67)
  - OpenMP 201511 (a.k.a. OpenMP 4.5)
  - LAPACK is enabled (usually provided by MKL)
  - NNPACK is enabled
  - CPU capability usage: AVX512
  - CUDA Runtime 12.1
  - NVCC architecture flags: -gencode;arch=compute_50,code=sm_50;-gencode;arch=compute_60,code=sm_60;-gencode;arch=compute_70,code=sm_70;-gencode;arch=compute_75,code=sm_75;-gencode;arch=compute_80,code=sm_80;-gencode;arch=compute_86,code=sm_86;-gencode;arch=compute_90,code=sm_90
  - CuDNN 90.1  (built against CUDA 12.4)
  - Magma 2.6.1
  - Build settings: BLAS_INFO=mkl, BUILD_TYPE=Release, CUDA_VERSION=12.1, CUDNN_VERSION=9.1.0, CXX_COMPILER=/opt/rh/devtoolset-9/root/usr/bin/c++, CXX_FLAGS= -D_GLIBCXX_USE_CXX11_ABI=0 -fabi-version=11 -fvisibility-inlines-hidden -DUSE_PTHREADPOOL -DNDEBUG -DUSE_KINETO -DLIBKINETO_NOROCTRACER -DUSE_FBGEMM -DUSE_PYTORCH_QNNPACK -DUSE_XNNPACK -DSYMBOLICATE_MOBILE_DEBUG_HANDLE -O2 -fPIC -Wall -Wextra -Werror=return-type -Werror=non-virtual-dtor -Werror=bool-operation -Wnarrowing -Wno-missing-field-initializers -Wno-type-limits -Wno-array-bounds -Wno-unknown-pragmas -Wno-unused-parameter -Wno-unused-function -Wno-unused-result -Wno-strict-overflow -Wno-strict-aliasing -Wno-stringop-overflow -Wsuggest-override -Wno-psabi -Wno-error=pedantic -Wno-error=old-style-cast -Wno-missing-braces -fdiagnostics-color=always -faligned-new -Wno-unused-but-set-variable -Wno-maybe-uninitialized -fno-math-errno -fno-trapping-math -Werror=format -Wno-stringop-overflow, LAPACK_INFO=mkl, PERF_WITH_AVX=1, PERF_WITH_AVX2=1, PERF_WITH_AVX512=1, TORCH_VERSION=2.4.0, USE_CUDA=ON, USE_CUDNN=ON, USE_CUSPARSELT=1, USE_EXCEPTION_PTR=1, USE_GFLAGS=OFF, USE_GLOG=OFF, USE_GLOO=ON, USE_MKL=ON, USE_MKLDNN=ON, USE_MPI=OFF, USE_NCCL=1, USE_NNPACK=ON, USE_OPENMP=ON, USE_ROCM=OFF, USE_ROCM_KERNEL_ASSERT=OFF, 

    TorchVision: 0.19.0+cu121
    OpenCV: 4.11.0
    MMEngine: 0.10.7

Runtime environment:
    cudnn_benchmark: True
    mp_cfg: {'mp_start_method': 'fork', 'opencv_num_threads': 0}
    dist_cfg: {'backend': 'nccl'}
    seed: 1296877702
    Distributed launcher: none
    Distributed training: False
    GPU number: 1
------------------------------------------------------------

2026/04/09 19:06:40 - mmengine - INFO - Config:
batch_size = 8
data_preprocessor = dict(
    bgr_to_rgb=True,
    mean=[
        123.675,
        116.28,
        103.53,
    ],
    pad_val=0,
    seg_pad_val=255,
    size=(
        256,
        256,
    ),
    std=[
        58.395,
        57.12,
        57.375,
    ],
    type='SegDataPreProcessor')
data_root = 'data/cleared'
dataset_type = 'AnimalsDataset'
default_hooks = dict(
    checkpoint=dict(
        by_epoch=True,
        interval=50,
        rule='greater',
        save_best='mDice',
        type='CheckpointHook'),
    logger=dict(interval=100, type='LoggerHook'),
    param_scheduler=dict(type='ParamSchedulerHook'),
    sampler_seed=dict(type='DistSamplerSeedHook'),
    visualization=dict(draw=True, interval=100, type='SegVisualizationHook'))
default_scope = 'mmseg'
env_cfg = dict(
    cudnn_benchmark=True,
    dist_cfg=dict(backend='nccl'),
    mp_cfg=dict(mp_start_method='fork', opencv_num_threads=0))
epoch_num = 200
input_size = (
    256,
    256,
)
launcher = 'none'
load_from = 'practicum_work/artifacts/mmsegmentation_work_dir/best_mDice_epoch_sgd_mdice_68.pth'
log_level = 'INFO'
log_processor = dict(by_epoch=False)
model = dict(
    auxiliary_head=None,
    backbone=dict(
        act_cfg=dict(type='ReLU'),
        base_channels=64,
        conv_cfg=None,
        dec_dilations=(
            1,
            1,
            1,
            1,
        ),
        dec_num_convs=(
            2,
            2,
            2,
            2,
        ),
        downsamples=(
            True,
            True,
            True,
            True,
        ),
        enc_dilations=(
            1,
            1,
            1,
            1,
            1,
        ),
        enc_num_convs=(
            2,
            2,
            2,
            2,
            2,
        ),
        in_channels=3,
        norm_cfg=dict(requires_grad=True, type='SyncBN'),
        norm_eval=False,
        num_stages=5,
        strides=(
            1,
            1,
            1,
            1,
            1,
        ),
        type='UNet',
        upsample_cfg=dict(type='InterpConv'),
        with_cp=False),
    data_preprocessor=dict(
        bgr_to_rgb=True,
        mean=[
            123.675,
            116.28,
            103.53,
        ],
        pad_val=0,
        seg_pad_val=255,
        size=(
            256,
            256,
        ),
        std=[
            58.395,
            57.12,
            57.375,
        ],
        type='SegDataPreProcessor'),
    decode_head=dict(
        align_corners=False,
        channels=64,
        concat_input=False,
        dropout_ratio=0.1,
        in_channels=64,
        in_index=4,
        loss_decode=[
            dict(loss_weight=1.0, type='CrossEntropyLoss'),
            dict(loss_weight=0.5, type='DiceLoss'),
        ],
        norm_cfg=dict(requires_grad=True, type='SyncBN'),
        num_classes=3,
        num_convs=1,
        type='FCNHead'),
    pretrained=None,
    test_cfg=dict(crop_size=256, mode='whole', stride=170),
    train_cfg=dict(),
    type='EncoderDecoder')
norm_cfg = dict(requires_grad=True, type='SyncBN')
num_workers = 4
optim_wrapper = dict(
    optimizer=dict(lr=0.0001, momentum=0.9, type='SGD', weight_decay=0.0005),
    type='OptimWrapper')
optimizer = dict(lr=0.0001, momentum=0.9, type='SGD', weight_decay=0.0005)
param_scheduler = [
    dict(
        begin=0,
        by_epoch=True,
        end=200,
        eta_min=1e-06,
        power=0.9,
        type='PolyLR'),
]
resume = False
test_cfg = dict(type='TestLoop')
test_dataloader = dict(
    batch_size=8,
    dataset=dict(
        data_prefix=dict(img_path='img/test', seg_map_path='labels/test'),
        data_root='data/cleared',
        img_suffix='.jpg',
        pipeline=[
            dict(type='LoadImageFromFile'),
            dict(type='LoadAnnotations'),
            dict(type='PackSegInputs'),
        ],
        seg_map_suffix='.png',
        type='AnimalsDataset'),
    num_workers=4,
    persistent_workers=True,
    sampler=dict(shuffle=False, type='DefaultSampler'))
test_dataset = dict(
    data_prefix=dict(img_path='img/test', seg_map_path='labels/test'),
    data_root='data/cleared',
    img_suffix='.jpg',
    pipeline=[
        dict(type='LoadImageFromFile'),
        dict(type='LoadAnnotations'),
        dict(type='PackSegInputs'),
    ],
    seg_map_suffix='.png',
    type='AnimalsDataset')
test_evaluator = dict(
    classwise=True, iou_metrics=[
        'mDice',
    ], num_classes=3, type='IoUMetric')
test_pipeline = [
    dict(type='LoadImageFromFile'),
    dict(type='LoadAnnotations'),
    dict(type='PackSegInputs'),
]
train_cfg = dict(max_epochs=200, type='EpochBasedTrainLoop')
train_dataloader = dict(
    batch_size=8,
    dataset=dict(
        data_prefix=dict(img_path='img/train', seg_map_path='labels/train'),
        data_root='data/cleared',
        img_suffix='.jpg',
        pipeline=[
            dict(type='LoadImageFromFile'),
            dict(type='LoadAnnotations'),
            dict(direction='horizontal', prob=0.5, type='RandomFlip'),
            dict(degree=(
                -25,
                25,
            ), type='RandomRotFlip'),
            dict(crop_size=(
                224,
                224,
            ), type='RandomCrop'),
            dict(
                cutout_ratio=(
                    0.05,
                    0.1,
                ),
                n_holes=(
                    7,
                    15,
                ),
                prob=0.4,
                type='RandomCutOut'),
            dict(type='PhotoMetricDistortion'),
            dict(
                transforms=[
                    dict(num_steps=10, p=0.33, type='GridDistortion'),
                ],
                type='Albu'),
            dict(type='PackSegInputs'),
        ],
        seg_map_suffix='.png',
        type='AnimalsDataset'),
    drop_last=True,
    num_workers=4,
    persistent_workers=True,
    sampler=dict(shuffle=True, type='DefaultSampler'))
train_dataset = dict(
    data_prefix=dict(img_path='img/train', seg_map_path='labels/train'),
    data_root='data/cleared',
    img_suffix='.jpg',
    pipeline=[
        dict(type='LoadImageFromFile'),
        dict(type='LoadAnnotations'),
        dict(direction='horizontal', prob=0.5, type='RandomFlip'),
        dict(degree=(
            -25,
            25,
        ), type='RandomRotFlip'),
        dict(crop_size=(
            224,
            224,
        ), type='RandomCrop'),
        dict(
            cutout_ratio=(
                0.05,
                0.1,
            ),
            n_holes=(
                7,
                15,
            ),
            prob=0.4,
            type='RandomCutOut'),
        dict(type='PhotoMetricDistortion'),
        dict(
            transforms=[
                dict(num_steps=10, p=0.33, type='GridDistortion'),
            ],
            type='Albu'),
        dict(type='PackSegInputs'),
    ],
    seg_map_suffix='.png',
    type='AnimalsDataset')
train_pipeline = [
    dict(type='LoadImageFromFile'),
    dict(type='LoadAnnotations'),
    dict(direction='horizontal', prob=0.5, type='RandomFlip'),
    dict(degree=(
        -25,
        25,
    ), type='RandomRotFlip'),
    dict(crop_size=(
        224,
        224,
    ), type='RandomCrop'),
    dict(
        cutout_ratio=(
            0.05,
            0.1,
        ),
        n_holes=(
            7,
            15,
        ),
        prob=0.4,
        type='RandomCutOut'),
    dict(type='PhotoMetricDistortion'),
    dict(
        transforms=[
            dict(num_steps=10, p=0.33, type='GridDistortion'),
        ],
        type='Albu'),
    dict(type='PackSegInputs'),
]
tta_model = dict(type='SegTTAModel')
val_cfg = dict(type='ValLoop')
val_dataloader = dict(
    batch_size=8,
    dataset=dict(
        data_prefix=dict(img_path='img/val', seg_map_path='labels/val'),
        data_root='data/cleared',
        img_suffix='.jpg',
        pipeline=[
            dict(type='LoadImageFromFile'),
            dict(type='LoadAnnotations'),
            dict(type='PackSegInputs'),
        ],
        seg_map_suffix='.png',
        type='AnimalsDataset'),
    num_workers=4,
    persistent_workers=True,
    sampler=dict(shuffle=False, type='DefaultSampler'))
val_dataset = dict(
    data_prefix=dict(img_path='img/val', seg_map_path='labels/val'),
    data_root='data/cleared',
    img_suffix='.jpg',
    pipeline=[
        dict(type='LoadImageFromFile'),
        dict(type='LoadAnnotations'),
        dict(type='PackSegInputs'),
    ],
    seg_map_suffix='.png',
    type='AnimalsDataset')
val_evaluator = dict(
    classwise=True, iou_metrics=[
        'mDice',
    ], num_classes=3, type='IoUMetric')
val_pipeline = [
    dict(type='LoadImageFromFile'),
    dict(type='LoadAnnotations'),
    dict(type='PackSegInputs'),
]
vis_backends = [
    dict(type='LocalVisBackend'),
]
visualizer = dict(
    name='visualizer',
    type='SegLocalVisualizer',
    vis_backends=[
        dict(type='LocalVisBackend'),
        dict(
            exp_name='sprint6_unet_v15',
            run_name='unet-s5-d16',
            tracking_uri='http://localhost:5000',
            type='MLflowVisBackend'),
    ])
work_dir = 'practicum_work/artifacts/mmsegmentation_work_dir'

2026/04/09 19:06:41 - mmengine - WARNING - Please make sure that the mlflow server is running.
2026/04/09 19:06:43 - mmengine - INFO - Distributed training is not used, all SyncBatchNorm (SyncBN) layers in the model will be automatically reverted to BatchNormXd layers if they are used.
2026/04/09 19:06:43 - mmengine - INFO - Hooks will be executed in the following order:
before_run:
(VERY_HIGH   ) RuntimeInfoHook                    
(BELOW_NORMAL) LoggerHook                         
 -------------------- 
before_train:
(VERY_HIGH   ) RuntimeInfoHook                    
(NORMAL      ) IterTimerHook                      
(VERY_LOW    ) CheckpointHook                     
 -------------------- 
before_train_epoch:
(VERY_HIGH   ) RuntimeInfoHook                    
(NORMAL      ) IterTimerHook                      
(NORMAL      ) DistSamplerSeedHook                
 -------------------- 
before_train_iter:
(VERY_HIGH   ) RuntimeInfoHook                    
(NORMAL      ) IterTimerHook                      
 -------------------- 
after_train_iter:
(VERY_HIGH   ) RuntimeInfoHook                    
(NORMAL      ) IterTimerHook                      
(BELOW_NORMAL) LoggerHook                         
(LOW         ) ParamSchedulerHook                 
(VERY_LOW    ) CheckpointHook                     
 -------------------- 
after_train_epoch:
(NORMAL      ) IterTimerHook                      
(LOW         ) ParamSchedulerHook                 
(VERY_LOW    ) CheckpointHook                     
 -------------------- 
before_val:
(VERY_HIGH   ) RuntimeInfoHook                    
 -------------------- 
before_val_epoch:
(NORMAL      ) IterTimerHook                      
 -------------------- 
before_val_iter:
(NORMAL      ) IterTimerHook                      
 -------------------- 
after_val_iter:
(NORMAL      ) IterTimerHook                      
(NORMAL      ) SegVisualizationHook               
(BELOW_NORMAL) LoggerHook                         
 -------------------- 
after_val_epoch:
(VERY_HIGH   ) RuntimeInfoHook                    
(NORMAL      ) IterTimerHook                      
(BELOW_NORMAL) LoggerHook                         
(LOW         ) ParamSchedulerHook                 
(VERY_LOW    ) CheckpointHook                     
 -------------------- 
after_val:
(VERY_HIGH   ) RuntimeInfoHook                    
 -------------------- 
after_train:
(VERY_HIGH   ) RuntimeInfoHook                    
(VERY_LOW    ) CheckpointHook                     
 -------------------- 
before_test:
(VERY_HIGH   ) RuntimeInfoHook                    
 -------------------- 
before_test_epoch:
(NORMAL      ) IterTimerHook                      
 -------------------- 
before_test_iter:
(NORMAL      ) IterTimerHook                      
 -------------------- 
after_test_iter:
(NORMAL      ) IterTimerHook                      
(NORMAL      ) SegVisualizationHook               
(BELOW_NORMAL) LoggerHook                         
 -------------------- 
after_test_epoch:
(VERY_HIGH   ) RuntimeInfoHook                    
(NORMAL      ) IterTimerHook                      
(BELOW_NORMAL) LoggerHook                         
 -------------------- 
after_test:
(VERY_HIGH   ) RuntimeInfoHook                    
 -------------------- 
after_run:
(BELOW_NORMAL) LoggerHook                         
 -------------------- 
2026/04/09 19:06:44 - mmengine - WARNING - The prefix is not set in metric class IoUMetric.
Name of parameter - Initialization information

backbone.encoder.0.0.convs.0.conv.weight - torch.Size([64, 3, 3, 3]): 
KaimingInit: a=0, mode=fan_out, nonlinearity=relu, distribution =normal, bias=0 

backbone.encoder.0.0.convs.0.bn.weight - torch.Size([64]): 
The value is the same before and after calling `init_weights` of EncoderDecoder  

backbone.encoder.0.0.convs.0.bn.bias - torch.Size([64]): 
The value is the same before and after calling `init_weights` of EncoderDecoder  

backbone.encoder.0.0.convs.1.conv.weight - torch.Size([64, 64, 3, 3]): 
KaimingInit: a=0, mode=fan_out, nonlinearity=relu, distribution =normal, bias=0 

backbone.encoder.0.0.convs.1.bn.weight - torch.Size([64]): 
The value is the same before and after calling `init_weights` of EncoderDecoder  

backbone.encoder.0.0.convs.1.bn.bias - torch.Size([64]): 
The value is the same before and after calling `init_weights` of EncoderDecoder  

backbone.encoder.1.1.convs.0.conv.weight - torch.Size([128, 64, 3, 3]): 
KaimingInit: a=0, mode=fan_out, nonlinearity=relu, distribution =normal, bias=0 

backbone.encoder.1.1.convs.0.bn.weight - torch.Size([128]): 
The value is the same before and after calling `init_weights` of EncoderDecoder  

backbone.encoder.1.1.convs.0.bn.bias - torch.Size([128]): 
The value is the same before and after calling `init_weights` of EncoderDecoder  

backbone.encoder.1.1.convs.1.conv.weight - torch.Size([128, 128, 3, 3]): 
KaimingInit: a=0, mode=fan_out, nonlinearity=relu, distribution =normal, bias=0 

backbone.encoder.1.1.convs.1.bn.weight - torch.Size([128]): 
The value is the same before and after calling `init_weights` of EncoderDecoder  

backbone.encoder.1.1.convs.1.bn.bias - torch.Size([128]): 
The value is the same before and after calling `init_weights` of EncoderDecoder  

backbone.encoder.2.1.convs.0.conv.weight - torch.Size([256, 128, 3, 3]): 
KaimingInit: a=0, mode=fan_out, nonlinearity=relu, distribution =normal, bias=0 

backbone.encoder.2.1.convs.0.bn.weight - torch.Size([256]): 
The value is the same before and after calling `init_weights` of EncoderDecoder  

backbone.encoder.2.1.convs.0.bn.bias - torch.Size([256]): 
The value is the same before and after calling `init_weights` of EncoderDecoder  

backbone.encoder.2.1.convs.1.conv.weight - torch.Size([256, 256, 3, 3]): 
KaimingInit: a=0, mode=fan_out, nonlinearity=relu, distribution =normal, bias=0 

backbone.encoder.2.1.convs.1.bn.weight - torch.Size([256]): 
The value is the same before and after calling `init_weights` of EncoderDecoder  

backbone.encoder.2.1.convs.1.bn.bias - torch.Size([256]): 
The value is the same before and after calling `init_weights` of EncoderDecoder  

backbone.encoder.3.1.convs.0.conv.weight - torch.Size([512, 256, 3, 3]): 
KaimingInit: a=0, mode=fan_out, nonlinearity=relu, distribution =normal, bias=0 

backbone.encoder.3.1.convs.0.bn.weight - torch.Size([512]): 
The value is the same before and after calling `init_weights` of EncoderDecoder  

backbone.encoder.3.1.convs.0.bn.bias - torch.Size([512]): 
The value is the same before and after calling `init_weights` of EncoderDecoder  

backbone.encoder.3.1.convs.1.conv.weight - torch.Size([512, 512, 3, 3]): 
KaimingInit: a=0, mode=fan_out, nonlinearity=relu, distribution =normal, bias=0 

backbone.encoder.3.1.convs.1.bn.weight - torch.Size([512]): 
The value is the same before and after calling `init_weights` of EncoderDecoder  

backbone.encoder.3.1.convs.1.bn.bias - torch.Size([512]): 
The value is the same before and after calling `init_weights` of EncoderDecoder  

backbone.encoder.4.1.convs.0.conv.weight - torch.Size([1024, 512, 3, 3]): 
KaimingInit: a=0, mode=fan_out, nonlinearity=relu, distribution =normal, bias=0 

backbone.encoder.4.1.convs.0.bn.weight - torch.Size([1024]): 
The value is the same before and after calling `init_weights` of EncoderDecoder  

backbone.encoder.4.1.convs.0.bn.bias - torch.Size([1024]): 
The value is the same before and after calling `init_weights` of EncoderDecoder  

backbone.encoder.4.1.convs.1.conv.weight - torch.Size([1024, 1024, 3, 3]): 
KaimingInit: a=0, mode=fan_out, nonlinearity=relu, distribution =normal, bias=0 

backbone.encoder.4.1.convs.1.bn.weight - torch.Size([1024]): 
The value is the same before and after calling `init_weights` of EncoderDecoder  

backbone.encoder.4.1.convs.1.bn.bias - torch.Size([1024]): 
The value is the same before and after calling `init_weights` of EncoderDecoder  

backbone.decoder.0.conv_block.convs.0.conv.weight - torch.Size([64, 128, 3, 3]): 
KaimingInit: a=0, mode=fan_out, nonlinearity=relu, distribution =normal, bias=0 

backbone.decoder.0.conv_block.convs.0.bn.weight - torch.Size([64]): 
The value is the same before and after calling `init_weights` of EncoderDecoder  

backbone.decoder.0.conv_block.convs.0.bn.bias - torch.Size([64]): 
The value is the same before and after calling `init_weights` of EncoderDecoder  

backbone.decoder.0.conv_block.convs.1.conv.weight - torch.Size([64, 64, 3, 3]): 
KaimingInit: a=0, mode=fan_out, nonlinearity=relu, distribution =normal, bias=0 

backbone.decoder.0.conv_block.convs.1.bn.weight - torch.Size([64]): 
The value is the same before and after calling `init_weights` of EncoderDecoder  

backbone.decoder.0.conv_block.convs.1.bn.bias - torch.Size([64]): 
The value is the same before and after calling `init_weights` of EncoderDecoder  

backbone.decoder.0.upsample.interp_upsample.1.conv.weight - torch.Size([64, 128, 1, 1]): 
KaimingInit: a=0, mode=fan_out, nonlinearity=relu, distribution =normal, bias=0 

backbone.decoder.0.upsample.interp_upsample.1.bn.weight - torch.Size([64]): 
The value is the same before and after calling `init_weights` of EncoderDecoder  

backbone.decoder.0.upsample.interp_upsample.1.bn.bias - torch.Size([64]): 
The value is the same before and after calling `init_weights` of EncoderDecoder  

backbone.decoder.1.conv_block.convs.0.conv.weight - torch.Size([128, 256, 3, 3]): 
KaimingInit: a=0, mode=fan_out, nonlinearity=relu, distribution =normal, bias=0 

backbone.decoder.1.conv_block.convs.0.bn.weight - torch.Size([128]): 
The value is the same before and after calling `init_weights` of EncoderDecoder  

backbone.decoder.1.conv_block.convs.0.bn.bias - torch.Size([128]): 
The value is the same before and after calling `init_weights` of EncoderDecoder  

backbone.decoder.1.conv_block.convs.1.conv.weight - torch.Size([128, 128, 3, 3]): 
KaimingInit: a=0, mode=fan_out, nonlinearity=relu, distribution =normal, bias=0 

backbone.decoder.1.conv_block.convs.1.bn.weight - torch.Size([128]): 
The value is the same before and after calling `init_weights` of EncoderDecoder  

backbone.decoder.1.conv_block.convs.1.bn.bias - torch.Size([128]): 
The value is the same before and after calling `init_weights` of EncoderDecoder  

backbone.decoder.1.upsample.interp_upsample.1.conv.weight - torch.Size([128, 256, 1, 1]): 
KaimingInit: a=0, mode=fan_out, nonlinearity=relu, distribution =normal, bias=0 

backbone.decoder.1.upsample.interp_upsample.1.bn.weight - torch.Size([128]): 
The value is the same before and after calling `init_weights` of EncoderDecoder  

backbone.decoder.1.upsample.interp_upsample.1.bn.bias - torch.Size([128]): 
The value is the same before and after calling `init_weights` of EncoderDecoder  

backbone.decoder.2.conv_block.convs.0.conv.weight - torch.Size([256, 512, 3, 3]): 
KaimingInit: a=0, mode=fan_out, nonlinearity=relu, distribution =normal, bias=0 

backbone.decoder.2.conv_block.convs.0.bn.weight - torch.Size([256]): 
The value is the same before and after calling `init_weights` of EncoderDecoder  

backbone.decoder.2.conv_block.convs.0.bn.bias - torch.Size([256]): 
The value is the same before and after calling `init_weights` of EncoderDecoder  

backbone.decoder.2.conv_block.convs.1.conv.weight - torch.Size([256, 256, 3, 3]): 
KaimingInit: a=0, mode=fan_out, nonlinearity=relu, distribution =normal, bias=0 

backbone.decoder.2.conv_block.convs.1.bn.weight - torch.Size([256]): 
The value is the same before and after calling `init_weights` of EncoderDecoder  

backbone.decoder.2.conv_block.convs.1.bn.bias - torch.Size([256]): 
The value is the same before and after calling `init_weights` of EncoderDecoder  

backbone.decoder.2.upsample.interp_upsample.1.conv.weight - torch.Size([256, 512, 1, 1]): 
KaimingInit: a=0, mode=fan_out, nonlinearity=relu, distribution =normal, bias=0 

backbone.decoder.2.upsample.interp_upsample.1.bn.weight - torch.Size([256]): 
The value is the same before and after calling `init_weights` of EncoderDecoder  

backbone.decoder.2.upsample.interp_upsample.1.bn.bias - torch.Size([256]): 
The value is the same before and after calling `init_weights` of EncoderDecoder  

backbone.decoder.3.conv_block.convs.0.conv.weight - torch.Size([512, 1024, 3, 3]): 
KaimingInit: a=0, mode=fan_out, nonlinearity=relu, distribution =normal, bias=0 

backbone.decoder.3.conv_block.convs.0.bn.weight - torch.Size([512]): 
The value is the same before and after calling `init_weights` of EncoderDecoder  

backbone.decoder.3.conv_block.convs.0.bn.bias - torch.Size([512]): 
The value is the same before and after calling `init_weights` of EncoderDecoder  

backbone.decoder.3.conv_block.convs.1.conv.weight - torch.Size([512, 512, 3, 3]): 
KaimingInit: a=0, mode=fan_out, nonlinearity=relu, distribution =normal, bias=0 

backbone.decoder.3.conv_block.convs.1.bn.weight - torch.Size([512]): 
The value is the same before and after calling `init_weights` of EncoderDecoder  

backbone.decoder.3.conv_block.convs.1.bn.bias - torch.Size([512]): 
The value is the same before and after calling `init_weights` of EncoderDecoder  

backbone.decoder.3.upsample.interp_upsample.1.conv.weight - torch.Size([512, 1024, 1, 1]): 
KaimingInit: a=0, mode=fan_out, nonlinearity=relu, distribution =normal, bias=0 

backbone.decoder.3.upsample.interp_upsample.1.bn.weight - torch.Size([512]): 
The value is the same before and after calling `init_weights` of EncoderDecoder  

backbone.decoder.3.upsample.interp_upsample.1.bn.bias - torch.Size([512]): 
The value is the same before and after calling `init_weights` of EncoderDecoder  

decode_head.conv_seg.weight - torch.Size([3, 64, 1, 1]): 
NormalInit: mean=0, std=0.01, bias=0 

decode_head.conv_seg.bias - torch.Size([3]): 
NormalInit: mean=0, std=0.01, bias=0 

decode_head.convs.0.conv.weight - torch.Size([64, 64, 3, 3]): 
The value is the same before and after calling `init_weights` of EncoderDecoder  

decode_head.convs.0.bn.weight - torch.Size([64]): 
The value is the same before and after calling `init_weights` of EncoderDecoder  

decode_head.convs.0.bn.bias - torch.Size([64]): 
The value is the same before and after calling `init_weights` of EncoderDecoder  
2026/04/09 19:06:44 - mmengine - INFO - Load checkpoint from practicum_work/artifacts/mmsegmentation_work_dir/best_mDice_epoch_sgd_mdice_68.pth
2026/04/09 19:06:44 - mmengine - WARNING - "FileClient" will be deprecated in future. Please use io functions in https://mmengine.readthedocs.io/en/latest/api/fileio.html#file-io
2026/04/09 19:06:44 - mmengine - WARNING - "HardDiskBackend" is the alias of "LocalBackend" and the former will be deprecated in future.
2026/04/09 19:06:44 - mmengine - INFO - Checkpoints will be saved to /data_12/gpudev/kashnitskii/yx/s6_project/practicum_work/artifacts/mmsegmentation_work_dir.
2026/04/09 19:06:54 - mmengine - INFO - Exp name: unet1_conf_20260409_190639
2026/04/09 19:06:54 - mmengine - INFO - Iter(train) [  24/4800]  lr: 1.0000e-04  eta: 0:31:55  time: 0.1700  data_time: 0.0058  memory: 19183  loss: 0.3674  decode.loss_ce: 0.2672  decode.loss_dice: 0.1002  decode.acc_seg: 88.4402
2026/04/09 19:06:55 - mmengine - INFO - per class results:
2026/04/09 19:06:55 - mmengine - INFO - 
+------------+-------+-------+
|   Class    |  Dice |  Acc  |
+------------+-------+-------+
| background | 96.78 | 98.62 |
|    cat     | 50.21 | 38.88 |
|    dog     |  50.0 | 47.47 |
+------------+-------+-------+
2026/04/09 19:06:55 - mmengine - INFO - Iter(val) [15/15]    aAcc: 92.5600  mDice: 65.6700  mAcc: 61.6600  data_time: 0.0157  time: 0.0706
2026/04/09 19:06:55 - mmengine - INFO - The best checkpoint with 65.6700 mDice at 1 epoch is saved to best_mDice_epoch_1.pth.
2026/04/09 19:06:59 - mmengine - INFO - Exp name: unet1_conf_20260409_190639
2026/04/09 19:06:59 - mmengine - INFO - Iter(train) [  48/4800]  lr: 9.9552e-05  eta: 0:22:45  time: 0.1703  data_time: 0.0056  memory: 4324  loss: 0.3466  decode.loss_ce: 0.2491  decode.loss_dice: 0.0975  decode.acc_seg: 91.8260
2026/04/09 19:07:00 - mmengine - INFO - per class results:
2026/04/09 19:07:00 - mmengine - INFO - 
+------------+-------+-------+
|   Class    |  Dice |  Acc  |
+------------+-------+-------+
| background | 96.79 | 98.61 |
|    cat     | 50.73 | 39.78 |
|    dog     | 49.99 | 46.89 |
+------------+-------+-------+
2026/04/09 19:07:00 - mmengine - INFO - Iter(val) [15/15]    aAcc: 92.5900  mDice: 65.8400  mAcc: 61.7600  data_time: 0.0083  time: 0.0629
2026/04/09 19:07:00 - mmengine - INFO - The previous best checkpoint /data_12/gpudev/kashnitskii/yx/s6_project/practicum_work/artifacts/mmsegmentation_work_dir/best_mDice_epoch_1.pth is removed
2026/04/09 19:07:01 - mmengine - INFO - The best checkpoint with 65.8400 mDice at 2 epoch is saved to best_mDice_epoch_2.pth.
2026/04/09 19:07:05 - mmengine - INFO - Exp name: unet1_conf_20260409_190639
2026/04/09 19:07:05 - mmengine - INFO - Iter(train) [  72/4800]  lr: 9.9104e-05  eta: 0:19:39  time: 0.1705  data_time: 0.0059  memory: 4324  loss: 0.3054  decode.loss_ce: 0.2118  decode.loss_dice: 0.0936  decode.acc_seg: 95.9448
2026/04/09 19:07:06 - mmengine - INFO - per class results:
2026/04/09 19:07:06 - mmengine - INFO - 
+------------+-------+-------+
|   Class    |  Dice |  Acc  |
+------------+-------+-------+
| background |  96.8 | 98.56 |
|    cat     | 51.03 | 40.16 |
|    dog     | 50.05 | 47.34 |
+------------+-------+-------+
2026/04/09 19:07:06 - mmengine - INFO - Iter(val) [15/15]    aAcc: 92.5900  mDice: 65.9600  mAcc: 62.0200  data_time: 0.0108  time: 0.0654
2026/04/09 19:07:06 - mmengine - INFO - The previous best checkpoint /data_12/gpudev/kashnitskii/yx/s6_project/practicum_work/artifacts/mmsegmentation_work_dir/best_mDice_epoch_2.pth is removed
2026/04/09 19:07:07 - mmengine - INFO - The best checkpoint with 65.9600 mDice at 3 epoch is saved to best_mDice_epoch_3.pth.
2026/04/09 19:07:11 - mmengine - INFO - Exp name: unet1_conf_20260409_190639
2026/04/09 19:07:11 - mmengine - INFO - Iter(train) [  96/4800]  lr: 9.8656e-05  eta: 0:18:03  time: 0.1712  data_time: 0.0061  memory: 4324  loss: 0.2662  decode.loss_ce: 0.1746  decode.loss_dice: 0.0916  decode.acc_seg: 94.8389
2026/04/09 19:07:12 - mmengine - INFO - per class results:
2026/04/09 19:07:12 - mmengine - INFO - 
+------------+-------+-------+
|   Class    |  Dice |  Acc  |
+------------+-------+-------+
| background |  96.8 | 98.54 |
|    cat     | 50.32 | 39.19 |
|    dog     |  50.4 |  48.6 |
+------------+-------+-------+
2026/04/09 19:07:12 - mmengine - INFO - Iter(val) [15/15]    aAcc: 92.5600  mDice: 65.8400  mAcc: 62.1100  data_time: 0.0147  time: 0.0692
2026/04/09 19:07:16 - mmengine - INFO - Exp name: unet1_conf_20260409_190639
2026/04/09 19:07:16 - mmengine - INFO - Iter(train) [ 120/4800]  lr: 9.8207e-05  eta: 0:17:04  time: 0.1713  data_time: 0.0059  memory: 4324  loss: 0.2772  decode.loss_ce: 0.1849  decode.loss_dice: 0.0923  decode.acc_seg: 92.9055
2026/04/09 19:07:17 - mmengine - INFO - per class results:
2026/04/09 19:07:17 - mmengine - INFO - 
+------------+-------+-------+
|   Class    |  Dice |  Acc  |
+------------+-------+-------+
| background | 96.78 | 98.55 |
|    cat     |  49.3 | 37.91 |
|    dog     | 50.12 | 48.68 |
+------------+-------+-------+
2026/04/09 19:07:17 - mmengine - INFO - Iter(val) [15/15]    aAcc: 92.4800  mDice: 65.4000  mAcc: 61.7100  data_time: 0.0101  time: 0.0652
2026/04/09 19:07:21 - mmengine - INFO - Exp name: unet1_conf_20260409_190639
2026/04/09 19:07:21 - mmengine - INFO - Iter(train) [ 144/4800]  lr: 9.7758e-05  eta: 0:16:24  time: 0.1719  data_time: 0.0059  memory: 4324  loss: 0.2346  decode.loss_ce: 0.1461  decode.loss_dice: 0.0885  decode.acc_seg: 93.9072
2026/04/09 19:07:22 - mmengine - INFO - per class results:
2026/04/09 19:07:22 - mmengine - INFO - 
+------------+-------+-------+
|   Class    |  Dice |  Acc  |
+------------+-------+-------+
| background | 96.78 | 98.53 |
|    cat     |  50.7 | 39.95 |
|    dog     | 49.66 | 47.01 |
+------------+-------+-------+
2026/04/09 19:07:22 - mmengine - INFO - Iter(val) [15/15]    aAcc: 92.5300  mDice: 65.7100  mAcc: 61.8300  data_time: 0.0093  time: 0.0643
2026/04/09 19:07:26 - mmengine - INFO - Exp name: unet1_conf_20260409_190639
2026/04/09 19:07:26 - mmengine - INFO - Iter(train) [ 168/4800]  lr: 9.7309e-05  eta: 0:15:55  time: 0.1714  data_time: 0.0059  memory: 4324  loss: 0.2536  decode.loss_ce: 0.1629  decode.loss_dice: 0.0907  decode.acc_seg: 90.4695
2026/04/09 19:07:27 - mmengine - INFO - per class results:
2026/04/09 19:07:27 - mmengine - INFO - 
+------------+-------+-------+
|   Class    |  Dice |  Acc  |
+------------+-------+-------+
| background | 96.76 | 98.61 |
|    cat     | 50.52 |  39.7 |
|    dog     | 49.38 | 45.79 |
+------------+-------+-------+
2026/04/09 19:07:27 - mmengine - INFO - Iter(val) [15/15]    aAcc: 92.5400  mDice: 65.5500  mAcc: 61.3700  data_time: 0.0094  time: 0.0646
2026/04/09 19:07:32 - mmengine - INFO - Exp name: unet1_conf_20260409_190639
2026/04/09 19:07:32 - mmengine - INFO - Iter(train) [ 192/4800]  lr: 9.6860e-05  eta: 0:15:32  time: 0.1721  data_time: 0.0058  memory: 4324  loss: 0.2075  decode.loss_ce: 0.1218  decode.loss_dice: 0.0857  decode.acc_seg: 94.8633
2026/04/09 19:07:33 - mmengine - INFO - per class results:
2026/04/09 19:07:33 - mmengine - INFO - 
+------------+-------+-------+
|   Class    |  Dice |  Acc  |
+------------+-------+-------+
| background | 96.79 | 98.52 |
|    cat     |  50.8 | 40.06 |
|    dog     | 49.61 | 47.16 |
+------------+-------+-------+
2026/04/09 19:07:33 - mmengine - INFO - Iter(val) [15/15]    aAcc: 92.5400  mDice: 65.7300  mAcc: 61.9100  data_time: 0.0266  time: 0.0817
2026/04/09 19:07:37 - mmengine - INFO - Exp name: unet1_conf_20260409_190639
2026/04/09 19:07:37 - mmengine - INFO - Iter(train) [ 216/4800]  lr: 9.6411e-05  eta: 0:15:13  time: 0.1720  data_time: 0.0057  memory: 4324  loss: 0.2216  decode.loss_ce: 0.1342  decode.loss_dice: 0.0874  decode.acc_seg: 94.6720
2026/04/09 19:07:38 - mmengine - INFO - per class results:
2026/04/09 19:07:38 - mmengine - INFO - 
+------------+-------+-------+
|   Class    |  Dice |  Acc  |
+------------+-------+-------+
| background | 96.76 | 98.48 |
|    cat     | 49.49 | 38.29 |
|    dog     | 49.66 | 48.44 |
+------------+-------+-------+
2026/04/09 19:07:38 - mmengine - INFO - Iter(val) [15/15]    aAcc: 92.4400  mDice: 65.3000  mAcc: 61.7300  data_time: 0.0103  time: 0.0653
2026/04/09 19:07:43 - mmengine - INFO - Exp name: unet1_conf_20260409_190639
2026/04/09 19:07:43 - mmengine - INFO - Iter(train) [ 240/4800]  lr: 9.5961e-05  eta: 0:14:58  time: 0.1732  data_time: 0.0061  memory: 4324  loss: 0.2264  decode.loss_ce: 0.1391  decode.loss_dice: 0.0873  decode.acc_seg: 94.2687
2026/04/09 19:07:44 - mmengine - INFO - per class results:
2026/04/09 19:07:44 - mmengine - INFO - 
+------------+-------+-------+
|   Class    |  Dice |  Acc  |
+------------+-------+-------+
| background | 96.77 | 98.45 |
|    cat     | 50.51 | 39.73 |
|    dog     | 49.94 | 48.12 |
+------------+-------+-------+
2026/04/09 19:07:44 - mmengine - INFO - Iter(val) [15/15]    aAcc: 92.5000  mDice: 65.7400  mAcc: 62.1000  data_time: 0.0091  time: 0.0644
2026/04/09 19:07:48 - mmengine - INFO - Exp name: unet1_conf_20260409_190639
2026/04/09 19:07:48 - mmengine - INFO - Iter(train) [ 264/4800]  lr: 9.5511e-05  eta: 0:14:44  time: 0.1737  data_time: 0.0058  memory: 4324  loss: 0.2309  decode.loss_ce: 0.1433  decode.loss_dice: 0.0877  decode.acc_seg: 92.9453
2026/04/09 19:07:49 - mmengine - INFO - per class results:
2026/04/09 19:07:49 - mmengine - INFO - 
+------------+-------+-------+
|   Class    |  Dice |  Acc  |
+------------+-------+-------+
| background | 96.76 | 98.41 |
|    cat     | 50.73 | 40.13 |
|    dog     | 50.31 | 48.45 |
+------------+-------+-------+
2026/04/09 19:07:49 - mmengine - INFO - Iter(val) [15/15]    aAcc: 92.5000  mDice: 65.9300  mAcc: 62.3300  data_time: 0.0089  time: 0.0643
2026/04/09 19:07:53 - mmengine - INFO - Exp name: unet1_conf_20260409_190639
2026/04/09 19:07:53 - mmengine - INFO - Iter(train) [ 288/4800]  lr: 9.5061e-05  eta: 0:14:33  time: 0.1748  data_time: 0.0069  memory: 4324  loss: 0.2351  decode.loss_ce: 0.1456  decode.loss_dice: 0.0895  decode.acc_seg: 89.9564
2026/04/09 19:07:54 - mmengine - INFO - per class results:
2026/04/09 19:07:54 - mmengine - INFO - 
+------------+-------+-------+
|   Class    |  Dice |  Acc  |
+------------+-------+-------+
| background | 96.75 | 98.43 |
|    cat     | 51.14 | 40.94 |
|    dog     | 49.45 | 46.63 |
+------------+-------+-------+
2026/04/09 19:07:54 - mmengine - INFO - Iter(val) [15/15]    aAcc: 92.4900  mDice: 65.7800  mAcc: 62.0000  data_time: 0.0268  time: 0.0822
2026/04/09 19:07:59 - mmengine - INFO - Exp name: unet1_conf_20260409_190639
2026/04/09 19:07:59 - mmengine - INFO - Iter(train) [ 312/4800]  lr: 9.4611e-05  eta: 0:14:22  time: 0.1740  data_time: 0.0058  memory: 4324  loss: 0.2290  decode.loss_ce: 0.1411  decode.loss_dice: 0.0879  decode.acc_seg: 95.0141
2026/04/09 19:08:00 - mmengine - INFO - per class results:
2026/04/09 19:08:00 - mmengine - INFO - 
+------------+-------+-------+
|   Class    |  Dice |  Acc  |
+------------+-------+-------+
| background | 96.78 | 98.46 |
|    cat     |  51.5 | 41.01 |
|    dog     | 49.22 | 46.75 |
+------------+-------+-------+
2026/04/09 19:08:00 - mmengine - INFO - Iter(val) [15/15]    aAcc: 92.5300  mDice: 65.8300  mAcc: 62.0700  data_time: 0.0098  time: 0.0651
2026/04/09 19:08:04 - mmengine - INFO - Exp name: unet1_conf_20260409_190639
2026/04/09 19:08:04 - mmengine - INFO - Iter(train) [ 336/4800]  lr: 9.4160e-05  eta: 0:14:12  time: 0.1740  data_time: 0.0059  memory: 4324  loss: 0.2222  decode.loss_ce: 0.1346  decode.loss_dice: 0.0876  decode.acc_seg: 93.5039
2026/04/09 19:08:05 - mmengine - INFO - per class results:
2026/04/09 19:08:05 - mmengine - INFO - 
+------------+-------+-------+
|   Class    |  Dice |  Acc  |
+------------+-------+-------+
| background | 96.76 | 98.36 |
|    cat     | 51.55 |  41.4 |
|    dog     | 49.61 | 47.44 |
+------------+-------+-------+
2026/04/09 19:08:05 - mmengine - INFO - Iter(val) [15/15]    aAcc: 92.4900  mDice: 65.9700  mAcc: 62.4000  data_time: 0.0100  time: 0.0660
2026/04/09 19:08:05 - mmengine - INFO - The previous best checkpoint /data_12/gpudev/kashnitskii/yx/s6_project/practicum_work/artifacts/mmsegmentation_work_dir/best_mDice_epoch_3.pth is removed
2026/04/09 19:08:05 - mmengine - INFO - The best checkpoint with 65.9700 mDice at 14 epoch is saved to best_mDice_epoch_14.pth.
2026/04/09 19:08:10 - mmengine - INFO - Exp name: unet1_conf_20260409_190639
2026/04/09 19:08:10 - mmengine - INFO - Iter(train) [ 360/4800]  lr: 9.3709e-05  eta: 0:14:03  time: 0.1737  data_time: 0.0056  memory: 4324  loss: 0.2171  decode.loss_ce: 0.1295  decode.loss_dice: 0.0876  decode.acc_seg: 95.0619
2026/04/09 19:08:11 - mmengine - INFO - per class results:
2026/04/09 19:08:11 - mmengine - INFO - 
+------------+-------+-------+
|   Class    |  Dice |  Acc  |
+------------+-------+-------+
| background | 96.75 | 98.31 |
|    cat     | 51.05 | 40.67 |
|    dog     | 49.72 | 48.49 |
+------------+-------+-------+
2026/04/09 19:08:11 - mmengine - INFO - Iter(val) [15/15]    aAcc: 92.4400  mDice: 65.8400  mAcc: 62.4900  data_time: 0.0102  time: 0.0661
2026/04/09 19:08:15 - mmengine - INFO - Exp name: unet1_conf_20260409_190639
2026/04/09 19:08:15 - mmengine - INFO - Iter(train) [ 384/4800]  lr: 9.3258e-05  eta: 0:13:55  time: 0.1746  data_time: 0.0059  memory: 4324  loss: 0.2355  decode.loss_ce: 0.1467  decode.loss_dice: 0.0888  decode.acc_seg: 90.2120
2026/04/09 19:08:16 - mmengine - INFO - per class results:
2026/04/09 19:08:16 - mmengine - INFO - 
+------------+-------+-------+
|   Class    |  Dice |  Acc  |
+------------+-------+-------+
| background | 96.73 | 98.33 |
|    cat     | 50.43 | 39.93 |
|    dog     | 49.61 | 48.37 |
+------------+-------+-------+
2026/04/09 19:08:16 - mmengine - INFO - Iter(val) [15/15]    aAcc: 92.4100  mDice: 65.5900  mAcc: 62.2100  data_time: 0.0095  time: 0.0651
