2026/04/09 13:57:36 - mmengine - INFO - 
------------------------------------------------------------
System environment:
    sys.platform: linux
    Python: 3.10.16 (main, Jan 14 2025, 22:49:19) [Clang 19.1.6 ]
    CUDA available: True
    MUSA available: False
    numpy_random_seed: 1663887390
    GPU 0: NVIDIA A10
    CUDA_HOME: /usr
    NVCC: Cuda compilation tools, release 12.8, V12.8.93
    GCC: x86_64-alt-linux-gcc (GCC) 13.2.1 20240128 (ALT Sisyphus 13.2.1-alt3)
    PyTorch: 2.4.0+cu121
    PyTorch compiling details: PyTorch built with:
  - GCC 9.3
  - C++ Version: 201703
  - Intel(R) oneAPI Math Kernel Library Version 2022.2-Product Build 20220804 for Intel(R) 64 architecture applications
  - Intel(R) MKL-DNN v3.4.2 (Git Hash 1137e04ec0b5251ca2b4400a4fd3c667ce843d67)
  - OpenMP 201511 (a.k.a. OpenMP 4.5)
  - LAPACK is enabled (usually provided by MKL)
  - NNPACK is enabled
  - CPU capability usage: AVX512
  - CUDA Runtime 12.1
  - NVCC architecture flags: -gencode;arch=compute_50,code=sm_50;-gencode;arch=compute_60,code=sm_60;-gencode;arch=compute_70,code=sm_70;-gencode;arch=compute_75,code=sm_75;-gencode;arch=compute_80,code=sm_80;-gencode;arch=compute_86,code=sm_86;-gencode;arch=compute_90,code=sm_90
  - CuDNN 90.1  (built against CUDA 12.4)
  - Magma 2.6.1
  - Build settings: BLAS_INFO=mkl, BUILD_TYPE=Release, CUDA_VERSION=12.1, CUDNN_VERSION=9.1.0, CXX_COMPILER=/opt/rh/devtoolset-9/root/usr/bin/c++, CXX_FLAGS= -D_GLIBCXX_USE_CXX11_ABI=0 -fabi-version=11 -fvisibility-inlines-hidden -DUSE_PTHREADPOOL -DNDEBUG -DUSE_KINETO -DLIBKINETO_NOROCTRACER -DUSE_FBGEMM -DUSE_PYTORCH_QNNPACK -DUSE_XNNPACK -DSYMBOLICATE_MOBILE_DEBUG_HANDLE -O2 -fPIC -Wall -Wextra -Werror=return-type -Werror=non-virtual-dtor -Werror=bool-operation -Wnarrowing -Wno-missing-field-initializers -Wno-type-limits -Wno-array-bounds -Wno-unknown-pragmas -Wno-unused-parameter -Wno-unused-function -Wno-unused-result -Wno-strict-overflow -Wno-strict-aliasing -Wno-stringop-overflow -Wsuggest-override -Wno-psabi -Wno-error=pedantic -Wno-error=old-style-cast -Wno-missing-braces -fdiagnostics-color=always -faligned-new -Wno-unused-but-set-variable -Wno-maybe-uninitialized -fno-math-errno -fno-trapping-math -Werror=format -Wno-stringop-overflow, LAPACK_INFO=mkl, PERF_WITH_AVX=1, PERF_WITH_AVX2=1, PERF_WITH_AVX512=1, TORCH_VERSION=2.4.0, USE_CUDA=ON, USE_CUDNN=ON, USE_CUSPARSELT=1, USE_EXCEPTION_PTR=1, USE_GFLAGS=OFF, USE_GLOG=OFF, USE_GLOO=ON, USE_MKL=ON, USE_MKLDNN=ON, USE_MPI=OFF, USE_NCCL=1, USE_NNPACK=ON, USE_OPENMP=ON, USE_ROCM=OFF, USE_ROCM_KERNEL_ASSERT=OFF, 

    TorchVision: 0.19.0+cu121
    OpenCV: 4.11.0
    MMEngine: 0.10.7

Runtime environment:
    cudnn_benchmark: True
    mp_cfg: {'mp_start_method': 'fork', 'opencv_num_threads': 0}
    dist_cfg: {'backend': 'nccl'}
    seed: 1663887390
    Distributed launcher: none
    Distributed training: False
    GPU number: 1
------------------------------------------------------------

2026/04/09 13:57:36 - mmengine - INFO - Config:
batch_size = 8
data_preprocessor = dict(
    bgr_to_rgb=True,
    mean=[
        123.675,
        116.28,
        103.53,
    ],
    pad_val=0,
    seg_pad_val=255,
    size=(
        256,
        256,
    ),
    std=[
        58.395,
        57.12,
        57.375,
    ],
    type='SegDataPreProcessor')
data_root = 'data/cleared'
dataset_type = 'AnimalsDataset'
default_hooks = dict(
    checkpoint=dict(
        by_epoch=True,
        interval=20,
        rule='greater',
        save_best='mDice',
        type='CheckpointHook'),
    logger=dict(interval=100, type='LoggerHook'),
    param_scheduler=dict(type='ParamSchedulerHook'),
    sampler_seed=dict(type='DistSamplerSeedHook'),
    visualization=dict(draw=True, interval=50, type='SegVisualizationHook'))
default_scope = 'mmseg'
env_cfg = dict(
    cudnn_benchmark=True,
    dist_cfg=dict(backend='nccl'),
    mp_cfg=dict(mp_start_method='fork', opencv_num_threads=0))
epoch_num = 200
input_size = (
    256,
    256,
)
launcher = 'none'
load_from = 'practicum_work/artifacts/mmsegmentation_work_dir/best_mDice_epoch_119.pth'
log_level = 'INFO'
log_processor = dict(by_epoch=False)
model = dict(
    auxiliary_head=dict(
        align_corners=False,
        channels=64,
        concat_input=False,
        dropout_ratio=0.1,
        in_channels=128,
        in_index=3,
        loss_decode=[
            dict(
                loss_name='loss_ce',
                loss_weight=1.0,
                type='CrossEntropyLoss',
                use_sigmoid=False),
            dict(loss_name='loss_dice', loss_weight=3.0, type='DiceLoss'),
        ],
        norm_cfg=dict(requires_grad=True, type='SyncBN'),
        num_classes=3,
        num_convs=1,
        type='FCNHead'),
    backbone=dict(
        act_cfg=dict(type='ReLU'),
        base_channels=64,
        conv_cfg=None,
        dec_dilations=(
            1,
            1,
            1,
            1,
        ),
        dec_num_convs=(
            2,
            2,
            2,
            2,
        ),
        downsamples=(
            True,
            True,
            True,
            True,
        ),
        enc_dilations=(
            1,
            1,
            1,
            1,
            1,
        ),
        enc_num_convs=(
            2,
            2,
            2,
            2,
            2,
        ),
        in_channels=3,
        norm_cfg=dict(requires_grad=True, type='SyncBN'),
        norm_eval=False,
        num_stages=5,
        strides=(
            1,
            1,
            1,
            1,
            1,
        ),
        type='UNet',
        upsample_cfg=dict(type='InterpConv'),
        with_cp=False),
    data_preprocessor=dict(
        bgr_to_rgb=True,
        mean=[
            123.675,
            116.28,
            103.53,
        ],
        pad_val=0,
        seg_pad_val=255,
        size=(
            256,
            256,
        ),
        std=[
            58.395,
            57.12,
            57.375,
        ],
        type='SegDataPreProcessor'),
    decode_head=dict(
        align_corners=False,
        channels=64,
        concat_input=False,
        dropout_ratio=0.1,
        in_channels=64,
        in_index=4,
        loss_decode=[
            dict(
                loss_name='loss_ce',
                loss_weight=1.0,
                type='CrossEntropyLoss',
                use_sigmoid=False),
            dict(loss_name='loss_dice', loss_weight=3.0, type='DiceLoss'),
        ],
        norm_cfg=dict(requires_grad=True, type='SyncBN'),
        num_classes=3,
        num_convs=1,
        type='FCNHead'),
    pretrained=None,
    test_cfg=dict(crop_size=256, mode='whole', stride=170),
    train_cfg=dict(),
    type='EncoderDecoder')
norm_cfg = dict(requires_grad=True, type='SyncBN')
num_workers = 4
optim_wrapper = dict(
    optimizer=dict(lr=0.0005, momentum=0.9, type='SGD', weight_decay=0.0005),
    type='OptimWrapper')
optimizer = dict(lr=0.0005, momentum=0.9, type='SGD', weight_decay=0.0005)
param_scheduler = [
    dict(
        begin=0,
        by_epoch=True,
        end=200,
        eta_min=1e-06,
        power=0.9,
        type='PolyLR'),
]
resume = False
test_cfg = dict(type='TestLoop')
test_dataloader = dict(
    batch_size=8,
    dataset=dict(
        data_prefix=dict(img_path='img/test', seg_map_path='labels/test'),
        data_root='data/cleared',
        img_suffix='.jpg',
        pipeline=[
            dict(type='LoadImageFromFile'),
            dict(type='LoadAnnotations'),
            dict(type='PackSegInputs'),
        ],
        seg_map_suffix='.png',
        type='AnimalsDataset'),
    num_workers=4,
    persistent_workers=True,
    sampler=dict(shuffle=False, type='DefaultSampler'))
test_dataset = dict(
    data_prefix=dict(img_path='img/test', seg_map_path='labels/test'),
    data_root='data/cleared',
    img_suffix='.jpg',
    pipeline=[
        dict(type='LoadImageFromFile'),
        dict(type='LoadAnnotations'),
        dict(type='PackSegInputs'),
    ],
    seg_map_suffix='.png',
    type='AnimalsDataset')
test_evaluator = dict(
    classwise=True, iou_metrics=[
        'mDice',
    ], type='IoUMetric')
test_pipeline = [
    dict(type='LoadImageFromFile'),
    dict(type='LoadAnnotations'),
    dict(type='PackSegInputs'),
]
train_cfg = dict(max_epochs=200, type='EpochBasedTrainLoop')
train_dataloader = dict(
    batch_size=8,
    dataset=dict(
        data_prefix=dict(img_path='img/train', seg_map_path='labels/train'),
        data_root='data/cleared',
        img_suffix='.jpg',
        pipeline=[
            dict(type='LoadImageFromFile'),
            dict(type='LoadAnnotations'),
            dict(type='PhotoMetricDistortion'),
            dict(degree=(
                -45,
                45,
            ), type='RandomRotFlip'),
            dict(type='PackSegInputs'),
        ],
        seg_map_suffix='.png',
        type='AnimalsDataset'),
    num_workers=4,
    persistent_workers=True,
    sampler=dict(shuffle=True, type='DefaultSampler'))
train_dataset = dict(
    data_prefix=dict(img_path='img/train', seg_map_path='labels/train'),
    data_root='data/cleared',
    img_suffix='.jpg',
    pipeline=[
        dict(type='LoadImageFromFile'),
        dict(type='LoadAnnotations'),
        dict(type='PhotoMetricDistortion'),
        dict(degree=(
            -45,
            45,
        ), type='RandomRotFlip'),
        dict(type='PackSegInputs'),
    ],
    seg_map_suffix='.png',
    type='AnimalsDataset')
train_evaluator = dict(
    classwise=True, iou_metrics=[
        'mDice',
    ], type='IoUMetric')
train_pipeline = [
    dict(type='LoadImageFromFile'),
    dict(type='LoadAnnotations'),
    dict(type='PhotoMetricDistortion'),
    dict(degree=(
        -45,
        45,
    ), type='RandomRotFlip'),
    dict(type='PackSegInputs'),
]
tta_model = dict(type='SegTTAModel')
val_cfg = dict(type='ValLoop')
val_dataloader = dict(
    batch_size=8,
    dataset=dict(
        data_prefix=dict(img_path='img/val', seg_map_path='labels/val'),
        data_root='data/cleared',
        img_suffix='.jpg',
        pipeline=[
            dict(type='LoadImageFromFile'),
            dict(type='LoadAnnotations'),
            dict(type='PackSegInputs'),
        ],
        seg_map_suffix='.png',
        type='AnimalsDataset'),
    num_workers=4,
    persistent_workers=True,
    sampler=dict(shuffle=False, type='DefaultSampler'))
val_dataset = dict(
    data_prefix=dict(img_path='img/val', seg_map_path='labels/val'),
    data_root='data/cleared',
    img_suffix='.jpg',
    pipeline=[
        dict(type='LoadImageFromFile'),
        dict(type='LoadAnnotations'),
        dict(type='PackSegInputs'),
    ],
    seg_map_suffix='.png',
    type='AnimalsDataset')
val_evaluator = dict(
    classwise=True, iou_metrics=[
        'mDice',
    ], type='IoUMetric')
val_pipeline = [
    dict(type='LoadImageFromFile'),
    dict(type='LoadAnnotations'),
    dict(type='PackSegInputs'),
]
vis_backends = [
    dict(type='LocalVisBackend'),
]
visualizer = dict(
    name='visualizer',
    type='SegLocalVisualizer',
    vis_backends=[
        dict(type='LocalVisBackend'),
        dict(
            exp_name='sprint6_unet_v7',
            run_name='unet-s5-d16',
            tracking_uri='http://localhost:5000',
            type='MLflowVisBackend'),
    ])
work_dir = 'practicum_work/artifacts/mmsegmentation_work_dir'

2026/04/09 13:57:38 - mmengine - WARNING - Please make sure that the mlflow server is running.
2026/04/09 13:57:40 - mmengine - INFO - Distributed training is not used, all SyncBatchNorm (SyncBN) layers in the model will be automatically reverted to BatchNormXd layers if they are used.
2026/04/09 13:57:40 - mmengine - INFO - Hooks will be executed in the following order:
before_run:
(VERY_HIGH   ) RuntimeInfoHook                    
(BELOW_NORMAL) LoggerHook                         
 -------------------- 
before_train:
(VERY_HIGH   ) RuntimeInfoHook                    
(NORMAL      ) IterTimerHook                      
(VERY_LOW    ) CheckpointHook                     
 -------------------- 
before_train_epoch:
(VERY_HIGH   ) RuntimeInfoHook                    
(NORMAL      ) IterTimerHook                      
(NORMAL      ) DistSamplerSeedHook                
 -------------------- 
before_train_iter:
(VERY_HIGH   ) RuntimeInfoHook                    
(NORMAL      ) IterTimerHook                      
 -------------------- 
after_train_iter:
(VERY_HIGH   ) RuntimeInfoHook                    
(NORMAL      ) IterTimerHook                      
(BELOW_NORMAL) LoggerHook                         
(LOW         ) ParamSchedulerHook                 
(VERY_LOW    ) CheckpointHook                     
 -------------------- 
after_train_epoch:
(NORMAL      ) IterTimerHook                      
(LOW         ) ParamSchedulerHook                 
(VERY_LOW    ) CheckpointHook                     
 -------------------- 
before_val:
(VERY_HIGH   ) RuntimeInfoHook                    
 -------------------- 
before_val_epoch:
(NORMAL      ) IterTimerHook                      
 -------------------- 
before_val_iter:
(NORMAL      ) IterTimerHook                      
 -------------------- 
after_val_iter:
(NORMAL      ) IterTimerHook                      
(NORMAL      ) SegVisualizationHook               
(BELOW_NORMAL) LoggerHook                         
 -------------------- 
after_val_epoch:
(VERY_HIGH   ) RuntimeInfoHook                    
(NORMAL      ) IterTimerHook                      
(BELOW_NORMAL) LoggerHook                         
(LOW         ) ParamSchedulerHook                 
(VERY_LOW    ) CheckpointHook                     
 -------------------- 
after_val:
(VERY_HIGH   ) RuntimeInfoHook                    
 -------------------- 
after_train:
(VERY_HIGH   ) RuntimeInfoHook                    
(VERY_LOW    ) CheckpointHook                     
 -------------------- 
before_test:
(VERY_HIGH   ) RuntimeInfoHook                    
 -------------------- 
before_test_epoch:
(NORMAL      ) IterTimerHook                      
 -------------------- 
before_test_iter:
(NORMAL      ) IterTimerHook                      
 -------------------- 
after_test_iter:
(NORMAL      ) IterTimerHook                      
(NORMAL      ) SegVisualizationHook               
(BELOW_NORMAL) LoggerHook                         
 -------------------- 
after_test_epoch:
(VERY_HIGH   ) RuntimeInfoHook                    
(NORMAL      ) IterTimerHook                      
(BELOW_NORMAL) LoggerHook                         
 -------------------- 
after_test:
(VERY_HIGH   ) RuntimeInfoHook                    
 -------------------- 
after_run:
(BELOW_NORMAL) LoggerHook                         
 -------------------- 
2026/04/09 13:57:43 - mmengine - WARNING - The prefix is not set in metric class IoUMetric.
Name of parameter - Initialization information

backbone.encoder.0.0.convs.0.conv.weight - torch.Size([64, 3, 3, 3]): 
KaimingInit: a=0, mode=fan_out, nonlinearity=relu, distribution =normal, bias=0 

backbone.encoder.0.0.convs.0.bn.weight - torch.Size([64]): 
The value is the same before and after calling `init_weights` of EncoderDecoder  

backbone.encoder.0.0.convs.0.bn.bias - torch.Size([64]): 
The value is the same before and after calling `init_weights` of EncoderDecoder  

backbone.encoder.0.0.convs.1.conv.weight - torch.Size([64, 64, 3, 3]): 
KaimingInit: a=0, mode=fan_out, nonlinearity=relu, distribution =normal, bias=0 

backbone.encoder.0.0.convs.1.bn.weight - torch.Size([64]): 
The value is the same before and after calling `init_weights` of EncoderDecoder  

backbone.encoder.0.0.convs.1.bn.bias - torch.Size([64]): 
The value is the same before and after calling `init_weights` of EncoderDecoder  

backbone.encoder.1.1.convs.0.conv.weight - torch.Size([128, 64, 3, 3]): 
KaimingInit: a=0, mode=fan_out, nonlinearity=relu, distribution =normal, bias=0 

backbone.encoder.1.1.convs.0.bn.weight - torch.Size([128]): 
The value is the same before and after calling `init_weights` of EncoderDecoder  

backbone.encoder.1.1.convs.0.bn.bias - torch.Size([128]): 
The value is the same before and after calling `init_weights` of EncoderDecoder  

backbone.encoder.1.1.convs.1.conv.weight - torch.Size([128, 128, 3, 3]): 
KaimingInit: a=0, mode=fan_out, nonlinearity=relu, distribution =normal, bias=0 

backbone.encoder.1.1.convs.1.bn.weight - torch.Size([128]): 
The value is the same before and after calling `init_weights` of EncoderDecoder  

backbone.encoder.1.1.convs.1.bn.bias - torch.Size([128]): 
The value is the same before and after calling `init_weights` of EncoderDecoder  

backbone.encoder.2.1.convs.0.conv.weight - torch.Size([256, 128, 3, 3]): 
KaimingInit: a=0, mode=fan_out, nonlinearity=relu, distribution =normal, bias=0 

backbone.encoder.2.1.convs.0.bn.weight - torch.Size([256]): 
The value is the same before and after calling `init_weights` of EncoderDecoder  

backbone.encoder.2.1.convs.0.bn.bias - torch.Size([256]): 
The value is the same before and after calling `init_weights` of EncoderDecoder  

backbone.encoder.2.1.convs.1.conv.weight - torch.Size([256, 256, 3, 3]): 
KaimingInit: a=0, mode=fan_out, nonlinearity=relu, distribution =normal, bias=0 

backbone.encoder.2.1.convs.1.bn.weight - torch.Size([256]): 
The value is the same before and after calling `init_weights` of EncoderDecoder  

backbone.encoder.2.1.convs.1.bn.bias - torch.Size([256]): 
The value is the same before and after calling `init_weights` of EncoderDecoder  

backbone.encoder.3.1.convs.0.conv.weight - torch.Size([512, 256, 3, 3]): 
KaimingInit: a=0, mode=fan_out, nonlinearity=relu, distribution =normal, bias=0 

backbone.encoder.3.1.convs.0.bn.weight - torch.Size([512]): 
The value is the same before and after calling `init_weights` of EncoderDecoder  

backbone.encoder.3.1.convs.0.bn.bias - torch.Size([512]): 
The value is the same before and after calling `init_weights` of EncoderDecoder  

backbone.encoder.3.1.convs.1.conv.weight - torch.Size([512, 512, 3, 3]): 
KaimingInit: a=0, mode=fan_out, nonlinearity=relu, distribution =normal, bias=0 

backbone.encoder.3.1.convs.1.bn.weight - torch.Size([512]): 
The value is the same before and after calling `init_weights` of EncoderDecoder  

backbone.encoder.3.1.convs.1.bn.bias - torch.Size([512]): 
The value is the same before and after calling `init_weights` of EncoderDecoder  

backbone.encoder.4.1.convs.0.conv.weight - torch.Size([1024, 512, 3, 3]): 
KaimingInit: a=0, mode=fan_out, nonlinearity=relu, distribution =normal, bias=0 

backbone.encoder.4.1.convs.0.bn.weight - torch.Size([1024]): 
The value is the same before and after calling `init_weights` of EncoderDecoder  

backbone.encoder.4.1.convs.0.bn.bias - torch.Size([1024]): 
The value is the same before and after calling `init_weights` of EncoderDecoder  

backbone.encoder.4.1.convs.1.conv.weight - torch.Size([1024, 1024, 3, 3]): 
KaimingInit: a=0, mode=fan_out, nonlinearity=relu, distribution =normal, bias=0 

backbone.encoder.4.1.convs.1.bn.weight - torch.Size([1024]): 
The value is the same before and after calling `init_weights` of EncoderDecoder  

backbone.encoder.4.1.convs.1.bn.bias - torch.Size([1024]): 
The value is the same before and after calling `init_weights` of EncoderDecoder  

backbone.decoder.0.conv_block.convs.0.conv.weight - torch.Size([64, 128, 3, 3]): 
KaimingInit: a=0, mode=fan_out, nonlinearity=relu, distribution =normal, bias=0 

backbone.decoder.0.conv_block.convs.0.bn.weight - torch.Size([64]): 
The value is the same before and after calling `init_weights` of EncoderDecoder  

backbone.decoder.0.conv_block.convs.0.bn.bias - torch.Size([64]): 
The value is the same before and after calling `init_weights` of EncoderDecoder  

backbone.decoder.0.conv_block.convs.1.conv.weight - torch.Size([64, 64, 3, 3]): 
KaimingInit: a=0, mode=fan_out, nonlinearity=relu, distribution =normal, bias=0 

backbone.decoder.0.conv_block.convs.1.bn.weight - torch.Size([64]): 
The value is the same before and after calling `init_weights` of EncoderDecoder  

backbone.decoder.0.conv_block.convs.1.bn.bias - torch.Size([64]): 
The value is the same before and after calling `init_weights` of EncoderDecoder  

backbone.decoder.0.upsample.interp_upsample.1.conv.weight - torch.Size([64, 128, 1, 1]): 
KaimingInit: a=0, mode=fan_out, nonlinearity=relu, distribution =normal, bias=0 

backbone.decoder.0.upsample.interp_upsample.1.bn.weight - torch.Size([64]): 
The value is the same before and after calling `init_weights` of EncoderDecoder  

backbone.decoder.0.upsample.interp_upsample.1.bn.bias - torch.Size([64]): 
The value is the same before and after calling `init_weights` of EncoderDecoder  

backbone.decoder.1.conv_block.convs.0.conv.weight - torch.Size([128, 256, 3, 3]): 
KaimingInit: a=0, mode=fan_out, nonlinearity=relu, distribution =normal, bias=0 

backbone.decoder.1.conv_block.convs.0.bn.weight - torch.Size([128]): 
The value is the same before and after calling `init_weights` of EncoderDecoder  

backbone.decoder.1.conv_block.convs.0.bn.bias - torch.Size([128]): 
The value is the same before and after calling `init_weights` of EncoderDecoder  

backbone.decoder.1.conv_block.convs.1.conv.weight - torch.Size([128, 128, 3, 3]): 
KaimingInit: a=0, mode=fan_out, nonlinearity=relu, distribution =normal, bias=0 

backbone.decoder.1.conv_block.convs.1.bn.weight - torch.Size([128]): 
The value is the same before and after calling `init_weights` of EncoderDecoder  

backbone.decoder.1.conv_block.convs.1.bn.bias - torch.Size([128]): 
The value is the same before and after calling `init_weights` of EncoderDecoder  

backbone.decoder.1.upsample.interp_upsample.1.conv.weight - torch.Size([128, 256, 1, 1]): 
KaimingInit: a=0, mode=fan_out, nonlinearity=relu, distribution =normal, bias=0 

backbone.decoder.1.upsample.interp_upsample.1.bn.weight - torch.Size([128]): 
The value is the same before and after calling `init_weights` of EncoderDecoder  

backbone.decoder.1.upsample.interp_upsample.1.bn.bias - torch.Size([128]): 
The value is the same before and after calling `init_weights` of EncoderDecoder  

backbone.decoder.2.conv_block.convs.0.conv.weight - torch.Size([256, 512, 3, 3]): 
KaimingInit: a=0, mode=fan_out, nonlinearity=relu, distribution =normal, bias=0 

backbone.decoder.2.conv_block.convs.0.bn.weight - torch.Size([256]): 
The value is the same before and after calling `init_weights` of EncoderDecoder  

backbone.decoder.2.conv_block.convs.0.bn.bias - torch.Size([256]): 
The value is the same before and after calling `init_weights` of EncoderDecoder  

backbone.decoder.2.conv_block.convs.1.conv.weight - torch.Size([256, 256, 3, 3]): 
KaimingInit: a=0, mode=fan_out, nonlinearity=relu, distribution =normal, bias=0 

backbone.decoder.2.conv_block.convs.1.bn.weight - torch.Size([256]): 
The value is the same before and after calling `init_weights` of EncoderDecoder  

backbone.decoder.2.conv_block.convs.1.bn.bias - torch.Size([256]): 
The value is the same before and after calling `init_weights` of EncoderDecoder  

backbone.decoder.2.upsample.interp_upsample.1.conv.weight - torch.Size([256, 512, 1, 1]): 
KaimingInit: a=0, mode=fan_out, nonlinearity=relu, distribution =normal, bias=0 

backbone.decoder.2.upsample.interp_upsample.1.bn.weight - torch.Size([256]): 
The value is the same before and after calling `init_weights` of EncoderDecoder  

backbone.decoder.2.upsample.interp_upsample.1.bn.bias - torch.Size([256]): 
The value is the same before and after calling `init_weights` of EncoderDecoder  

backbone.decoder.3.conv_block.convs.0.conv.weight - torch.Size([512, 1024, 3, 3]): 
KaimingInit: a=0, mode=fan_out, nonlinearity=relu, distribution =normal, bias=0 

backbone.decoder.3.conv_block.convs.0.bn.weight - torch.Size([512]): 
The value is the same before and after calling `init_weights` of EncoderDecoder  

backbone.decoder.3.conv_block.convs.0.bn.bias - torch.Size([512]): 
The value is the same before and after calling `init_weights` of EncoderDecoder  

backbone.decoder.3.conv_block.convs.1.conv.weight - torch.Size([512, 512, 3, 3]): 
KaimingInit: a=0, mode=fan_out, nonlinearity=relu, distribution =normal, bias=0 

backbone.decoder.3.conv_block.convs.1.bn.weight - torch.Size([512]): 
The value is the same before and after calling `init_weights` of EncoderDecoder  

backbone.decoder.3.conv_block.convs.1.bn.bias - torch.Size([512]): 
The value is the same before and after calling `init_weights` of EncoderDecoder  

backbone.decoder.3.upsample.interp_upsample.1.conv.weight - torch.Size([512, 1024, 1, 1]): 
KaimingInit: a=0, mode=fan_out, nonlinearity=relu, distribution =normal, bias=0 

backbone.decoder.3.upsample.interp_upsample.1.bn.weight - torch.Size([512]): 
The value is the same before and after calling `init_weights` of EncoderDecoder  

backbone.decoder.3.upsample.interp_upsample.1.bn.bias - torch.Size([512]): 
The value is the same before and after calling `init_weights` of EncoderDecoder  

decode_head.conv_seg.weight - torch.Size([3, 64, 1, 1]): 
NormalInit: mean=0, std=0.01, bias=0 

decode_head.conv_seg.bias - torch.Size([3]): 
NormalInit: mean=0, std=0.01, bias=0 

decode_head.convs.0.conv.weight - torch.Size([64, 64, 3, 3]): 
The value is the same before and after calling `init_weights` of EncoderDecoder  

decode_head.convs.0.bn.weight - torch.Size([64]): 
The value is the same before and after calling `init_weights` of EncoderDecoder  

decode_head.convs.0.bn.bias - torch.Size([64]): 
The value is the same before and after calling `init_weights` of EncoderDecoder  

auxiliary_head.conv_seg.weight - torch.Size([3, 64, 1, 1]): 
NormalInit: mean=0, std=0.01, bias=0 

auxiliary_head.conv_seg.bias - torch.Size([3]): 
NormalInit: mean=0, std=0.01, bias=0 

auxiliary_head.convs.0.conv.weight - torch.Size([64, 128, 3, 3]): 
The value is the same before and after calling `init_weights` of EncoderDecoder  

auxiliary_head.convs.0.bn.weight - torch.Size([64]): 
The value is the same before and after calling `init_weights` of EncoderDecoder  

auxiliary_head.convs.0.bn.bias - torch.Size([64]): 
The value is the same before and after calling `init_weights` of EncoderDecoder  
2026/04/09 13:57:43 - mmengine - INFO - Load checkpoint from practicum_work/artifacts/mmsegmentation_work_dir/best_mDice_epoch_119.pth
2026/04/09 13:57:43 - mmengine - WARNING - "FileClient" will be deprecated in future. Please use io functions in https://mmengine.readthedocs.io/en/latest/api/fileio.html#file-io
2026/04/09 13:57:43 - mmengine - WARNING - "HardDiskBackend" is the alias of "LocalBackend" and the former will be deprecated in future.
2026/04/09 13:57:43 - mmengine - INFO - Checkpoints will be saved to /data_12/gpudev/kashnitskii/yx/s6_project/practicum_work/artifacts/mmsegmentation_work_dir.
2026/04/09 13:57:56 - mmengine - INFO - Exp name: unet1_conf_20260409_135736
2026/04/09 13:57:56 - mmengine - INFO - Iter(train) [  25/5000]  lr: 5.0000e-04  eta: 0:45:01  time: 0.5258  data_time: 0.0057  memory: 19184  loss: 0.2293  decode.loss_ce: 0.0609  decode.loss_dice: 0.0487  decode.acc_seg: 93.0267  aux.loss_ce: 0.0661  aux.loss_dice: 0.0536  aux.acc_seg: 91.5512
2026/04/09 13:57:58 - mmengine - INFO - per class results:
2026/04/09 13:57:58 - mmengine - INFO - 
+------------+-------+-------+
|   Class    |  Dice |  Acc  |
+------------+-------+-------+
| background | 96.86 | 98.62 |
|    cat     | 54.24 | 44.45 |
|    dog     | 47.48 | 42.55 |
+------------+-------+-------+
2026/04/09 13:57:58 - mmengine - INFO - Iter(val) [15/15]    aAcc: 92.7200  mDice: 66.1900  mAcc: 61.8700  data_time: 0.0200  time: 0.0774
2026/04/09 13:57:58 - mmengine - INFO - The best checkpoint with 66.1900 mDice at 1 epoch is saved to best_mDice_epoch_1.pth.
2026/04/09 13:58:02 - mmengine - INFO - Exp name: unet1_conf_20260409_135736
2026/04/09 13:58:02 - mmengine - INFO - Iter(train) [  50/5000]  lr: 4.9774e-04  eta: 0:29:34  time: 0.1635  data_time: 0.0057  memory: 4416  loss: 0.1729  decode.loss_ce: 0.0445  decode.loss_dice: 0.0410  decode.acc_seg: 98.5672  aux.loss_ce: 0.0457  aux.loss_dice: 0.0417  aux.acc_seg: 98.2330
2026/04/09 13:58:04 - mmengine - INFO - per class results:
2026/04/09 13:58:04 - mmengine - INFO - 
+------------+-------+-------+
|   Class    |  Dice |  Acc  |
+------------+-------+-------+
| background | 96.95 | 98.21 |
|    cat     | 57.17 | 50.32 |
|    dog     | 46.87 |  42.7 |
+------------+-------+-------+
2026/04/09 13:58:04 - mmengine - INFO - Iter(val) [15/15]    aAcc: 92.7400  mDice: 67.0000  mAcc: 63.7400  data_time: 0.0297  time: 0.0837
2026/04/09 13:58:04 - mmengine - INFO - The previous best checkpoint /data_12/gpudev/kashnitskii/yx/s6_project/practicum_work/artifacts/mmsegmentation_work_dir/best_mDice_epoch_1.pth is removed
2026/04/09 13:58:04 - mmengine - INFO - The best checkpoint with 67.0000 mDice at 2 epoch is saved to best_mDice_epoch_2.pth.
2026/04/09 13:58:09 - mmengine - INFO - Exp name: unet1_conf_20260409_135736
2026/04/09 13:58:09 - mmengine - INFO - Iter(train) [  75/5000]  lr: 4.9548e-04  eta: 0:24:24  time: 0.1637  data_time: 0.0058  memory: 4416  loss: 0.1672  decode.loss_ce: 0.0433  decode.loss_dice: 0.0406  decode.acc_seg: 98.8144  aux.loss_ce: 0.0433  aux.loss_dice: 0.0401  aux.acc_seg: 98.8937
2026/04/09 13:58:10 - mmengine - INFO - per class results:
2026/04/09 13:58:10 - mmengine - INFO - 
+------------+-------+-------+
|   Class    |  Dice |  Acc  |
+------------+-------+-------+
| background | 96.97 | 98.21 |
|    cat     | 53.15 | 42.15 |
|    dog     | 49.83 | 52.39 |
+------------+-------+-------+
2026/04/09 13:58:10 - mmengine - INFO - Iter(val) [15/15]    aAcc: 92.6200  mDice: 66.6500  mAcc: 64.2500  data_time: 0.0099  time: 0.0642
2026/04/09 13:58:14 - mmengine - INFO - Exp name: unet1_conf_20260409_135736
2026/04/09 13:58:14 - mmengine - INFO - Iter(train) [ 100/5000]  lr: 4.9322e-04  eta: 0:21:47  time: 0.1657  data_time: 0.0065  memory: 4416  loss: 0.1522  decode.loss_ce: 0.0408  decode.loss_dice: 0.0352  decode.acc_seg: 98.9426  aux.loss_ce: 0.0396  aux.loss_dice: 0.0366  aux.acc_seg: 99.0036
2026/04/09 13:58:15 - mmengine - INFO - per class results:
2026/04/09 13:58:15 - mmengine - INFO - 
+------------+-------+-------+
|   Class    |  Dice |  Acc  |
+------------+-------+-------+
| background | 96.95 | 98.28 |
|    cat     | 54.04 | 43.88 |
|    dog     | 49.17 | 49.17 |
+------------+-------+-------+
2026/04/09 13:58:15 - mmengine - INFO - Iter(val) [15/15]    aAcc: 92.6600  mDice: 66.7200  mAcc: 63.7800  data_time: 0.0273  time: 0.0818
2026/04/09 13:58:20 - mmengine - INFO - Exp name: unet1_conf_20260409_135736
2026/04/09 13:58:20 - mmengine - INFO - Iter(train) [ 125/5000]  lr: 4.9096e-04  eta: 0:20:10  time: 0.1655  data_time: 0.0058  memory: 4416  loss: 0.2121  decode.loss_ce: 0.0606  decode.loss_dice: 0.0505  decode.acc_seg: 95.8344  aux.loss_ce: 0.0546  aux.loss_dice: 0.0463  aux.acc_seg: 96.7911
2026/04/09 13:58:21 - mmengine - INFO - per class results:
2026/04/09 13:58:21 - mmengine - INFO - 
+------------+-------+-------+
|   Class    |  Dice |  Acc  |
+------------+-------+-------+
| background | 96.99 | 97.97 |
|    cat     | 53.75 | 43.72 |
|    dog     | 49.57 | 53.43 |
+------------+-------+-------+
2026/04/09 13:58:21 - mmengine - INFO - Iter(val) [15/15]    aAcc: 92.5500  mDice: 66.7700  mAcc: 65.0400  data_time: 0.0101  time: 0.0650
2026/04/09 13:58:25 - mmengine - INFO - Exp name: unet1_conf_20260409_135736
2026/04/09 13:58:25 - mmengine - INFO - Iter(train) [ 150/5000]  lr: 4.8870e-04  eta: 0:19:06  time: 0.1651  data_time: 0.0056  memory: 4416  loss: 0.1769  decode.loss_ce: 0.0480  decode.loss_dice: 0.0425  decode.acc_seg: 98.6359  aux.loss_ce: 0.0453  aux.loss_dice: 0.0411  aux.acc_seg: 98.7656
2026/04/09 13:58:26 - mmengine - INFO - per class results:
2026/04/09 13:58:26 - mmengine - INFO - 
+------------+-------+-------+
|   Class    |  Dice |  Acc  |
+------------+-------+-------+
| background | 96.86 | 98.54 |
|    cat     | 52.96 |  42.1 |
|    dog     | 48.17 | 45.88 |
+------------+-------+-------+
2026/04/09 13:58:26 - mmengine - INFO - Iter(val) [15/15]    aAcc: 92.6400  mDice: 66.0000  mAcc: 62.1700  data_time: 0.0266  time: 0.0814
2026/04/09 13:58:31 - mmengine - INFO - Exp name: unet1_conf_20260409_135736
2026/04/09 13:58:31 - mmengine - INFO - Iter(train) [ 175/5000]  lr: 4.8644e-04  eta: 0:18:19  time: 0.1653  data_time: 0.0056  memory: 4416  loss: 0.1719  decode.loss_ce: 0.0456  decode.loss_dice: 0.0426  decode.acc_seg: 97.5952  aux.loss_ce: 0.0430  aux.loss_dice: 0.0407  aux.acc_seg: 98.2422
2026/04/09 13:58:32 - mmengine - INFO - per class results:
2026/04/09 13:58:32 - mmengine - INFO - 
+------------+-------+-------+
|   Class    |  Dice |  Acc  |
+------------+-------+-------+
| background | 96.87 | 98.48 |
|    cat     | 52.53 | 41.58 |
|    dog     |  48.7 | 47.34 |
+------------+-------+-------+
2026/04/09 13:58:32 - mmengine - INFO - Iter(val) [15/15]    aAcc: 92.6100  mDice: 66.0300  mAcc: 62.4700  data_time: 0.0097  time: 0.0642
2026/04/09 13:58:36 - mmengine - INFO - Exp name: unet1_conf_20260409_135736
2026/04/09 13:58:36 - mmengine - INFO - Iter(train) [ 200/5000]  lr: 4.8417e-04  eta: 0:17:43  time: 0.1654  data_time: 0.0062  memory: 4416  loss: 0.1944  decode.loss_ce: 0.0541  decode.loss_dice: 0.0452  decode.acc_seg: 98.4665  aux.loss_ce: 0.0513  aux.loss_dice: 0.0437  aux.acc_seg: 98.7411
2026/04/09 13:58:37 - mmengine - INFO - per class results:
2026/04/09 13:58:37 - mmengine - INFO - 
+------------+-------+-------+
|   Class    |  Dice |  Acc  |
+------------+-------+-------+
| background | 96.97 | 98.14 |
|    cat     | 52.76 | 42.08 |
|    dog     | 49.37 | 52.34 |
+------------+-------+-------+
2026/04/09 13:58:37 - mmengine - INFO - Iter(val) [15/15]    aAcc: 92.5500  mDice: 66.3700  mAcc: 64.1800  data_time: 0.0149  time: 0.0691
2026/04/09 13:58:42 - mmengine - INFO - Exp name: unet1_conf_20260409_135736
2026/04/09 13:58:42 - mmengine - INFO - Iter(train) [ 225/5000]  lr: 4.8191e-04  eta: 0:17:14  time: 0.1664  data_time: 0.0063  memory: 4416  loss: 0.1658  decode.loss_ce: 0.0433  decode.loss_dice: 0.0388  decode.acc_seg: 97.6669  aux.loss_ce: 0.0436  aux.loss_dice: 0.0400  aux.acc_seg: 97.5586
2026/04/09 13:58:43 - mmengine - INFO - per class results:
2026/04/09 13:58:43 - mmengine - INFO - 
+------------+-------+-------+
|   Class    |  Dice |  Acc  |
+------------+-------+-------+
| background |  96.9 | 98.49 |
|    cat     | 52.55 | 41.69 |
|    dog     |  49.8 |  48.4 |
+------------+-------+-------+
2026/04/09 13:58:43 - mmengine - INFO - Iter(val) [15/15]    aAcc: 92.6700  mDice: 66.4100  mAcc: 62.8600  data_time: 0.0099  time: 0.0649
2026/04/09 13:58:47 - mmengine - INFO - Exp name: unet1_conf_20260409_135736
2026/04/09 13:58:47 - mmengine - INFO - Iter(train) [ 250/5000]  lr: 4.7964e-04  eta: 0:16:50  time: 0.1658  data_time: 0.0057  memory: 4416  loss: 0.2349  decode.loss_ce: 0.0681  decode.loss_dice: 0.0522  decode.acc_seg: 96.8613  aux.loss_ce: 0.0643  aux.loss_dice: 0.0503  aux.acc_seg: 96.9910
2026/04/09 13:58:48 - mmengine - INFO - per class results:
2026/04/09 13:58:48 - mmengine - INFO - 
+------------+-------+-------+
|   Class    |  Dice |  Acc  |
+------------+-------+-------+
| background | 96.92 | 98.29 |
|    cat     | 55.35 | 46.66 |
|    dog     | 48.67 | 45.98 |
+------------+-------+-------+
2026/04/09 13:58:48 - mmengine - INFO - Iter(val) [15/15]    aAcc: 92.7100  mDice: 66.9800  mAcc: 63.6400  data_time: 0.0270  time: 0.0827
2026/04/09 13:58:53 - mmengine - INFO - Exp name: unet1_conf_20260409_135736
2026/04/09 13:58:53 - mmengine - INFO - Iter(train) [ 275/5000]  lr: 4.7737e-04  eta: 0:16:30  time: 0.1675  data_time: 0.0064  memory: 4416  loss: 0.2694  decode.loss_ce: 0.0776  decode.loss_dice: 0.0569  decode.acc_seg: 90.4602  aux.loss_ce: 0.0771  aux.loss_dice: 0.0578  aux.acc_seg: 90.6479
2026/04/09 13:58:54 - mmengine - INFO - per class results:
2026/04/09 13:58:54 - mmengine - INFO - 
+------------+-------+-------+
|   Class    |  Dice |  Acc  |
+------------+-------+-------+
| background | 96.91 | 98.43 |
|    cat     | 55.02 | 45.63 |
|    dog     | 48.47 | 45.14 |
+------------+-------+-------+
2026/04/09 13:58:54 - mmengine - INFO - Iter(val) [15/15]    aAcc: 92.7400  mDice: 66.8000  mAcc: 63.0700  data_time: 0.0093  time: 0.0646
2026/04/09 13:58:58 - mmengine - INFO - Exp name: unet1_conf_20260409_135736
2026/04/09 13:58:58 - mmengine - INFO - Iter(train) [ 300/5000]  lr: 4.7511e-04  eta: 0:16:12  time: 0.1660  data_time: 0.0057  memory: 4416  loss: 0.3578  decode.loss_ce: 0.1095  decode.loss_dice: 0.0776  decode.acc_seg: 81.7459  aux.loss_ce: 0.0972  aux.loss_dice: 0.0735  aux.acc_seg: 82.6706
2026/04/09 13:59:00 - mmengine - INFO - per class results:
2026/04/09 13:59:00 - mmengine - INFO - 
+------------+-------+-------+
|   Class    |  Dice |  Acc  |
+------------+-------+-------+
| background | 96.93 | 98.54 |
|    cat     | 54.86 | 45.36 |
|    dog     | 48.34 | 44.34 |
+------------+-------+-------+
2026/04/09 13:59:00 - mmengine - INFO - Iter(val) [15/15]    aAcc: 92.7900  mDice: 66.7100  mAcc: 62.7500  data_time: 0.0267  time: 0.0816
2026/04/09 13:59:04 - mmengine - INFO - Exp name: unet1_conf_20260409_135736
2026/04/09 13:59:04 - mmengine - INFO - Iter(train) [ 325/5000]  lr: 4.7284e-04  eta: 0:15:56  time: 0.1670  data_time: 0.0057  memory: 4416  loss: 0.1982  decode.loss_ce: 0.0512  decode.loss_dice: 0.0440  decode.acc_seg: 96.2952  aux.loss_ce: 0.0550  aux.loss_dice: 0.0480  aux.acc_seg: 96.2173
2026/04/09 13:59:05 - mmengine - INFO - per class results:
2026/04/09 13:59:05 - mmengine - INFO - 
+------------+-------+-------+
|   Class    |  Dice |  Acc  |
+------------+-------+-------+
| background | 96.96 | 98.39 |
|    cat     | 52.35 | 41.26 |
|    dog     | 49.63 |  50.5 |
+------------+-------+-------+
2026/04/09 13:59:05 - mmengine - INFO - Iter(val) [15/15]    aAcc: 92.6400  mDice: 66.3200  mAcc: 63.3800  data_time: 0.0095  time: 0.0648
2026/04/09 13:59:10 - mmengine - INFO - Exp name: unet1_conf_20260409_135736
2026/04/09 13:59:10 - mmengine - INFO - Iter(train) [ 350/5000]  lr: 4.7056e-04  eta: 0:15:43  time: 0.1677  data_time: 0.0058  memory: 4416  loss: 0.1699  decode.loss_ce: 0.0454  decode.loss_dice: 0.0385  decode.acc_seg: 98.4146  aux.loss_ce: 0.0460  aux.loss_dice: 0.0400  aux.acc_seg: 98.3856
2026/04/09 13:59:11 - mmengine - INFO - per class results:
2026/04/09 13:59:11 - mmengine - INFO - 
+------------+-------+-------+
|   Class    |  Dice |  Acc  |
+------------+-------+-------+
| background | 96.94 | 98.16 |
|    cat     |  53.8 |  43.9 |
|    dog     | 50.31 | 51.26 |
+------------+-------+-------+
2026/04/09 13:59:11 - mmengine - INFO - Iter(val) [15/15]    aAcc: 92.6400  mDice: 67.0200  mAcc: 64.4400  data_time: 0.0262  time: 0.0813
2026/04/09 13:59:11 - mmengine - INFO - The previous best checkpoint /data_12/gpudev/kashnitskii/yx/s6_project/practicum_work/artifacts/mmsegmentation_work_dir/best_mDice_epoch_2.pth is removed
2026/04/09 13:59:11 - mmengine - INFO - The best checkpoint with 67.0200 mDice at 14 epoch is saved to best_mDice_epoch_14.pth.
2026/04/09 13:59:16 - mmengine - INFO - Exp name: unet1_conf_20260409_135736
2026/04/09 13:59:16 - mmengine - INFO - Iter(train) [ 375/5000]  lr: 4.6829e-04  eta: 0:15:30  time: 0.1683  data_time: 0.0061  memory: 4416  loss: 0.1805  decode.loss_ce: 0.0490  decode.loss_dice: 0.0419  decode.acc_seg: 94.2215  aux.loss_ce: 0.0480  aux.loss_dice: 0.0416  aux.acc_seg: 94.8074
2026/04/09 13:59:17 - mmengine - INFO - per class results:
2026/04/09 13:59:17 - mmengine - INFO - 
+------------+-------+-------+
|   Class    |  Dice |  Acc  |
+------------+-------+-------+
| background | 96.88 | 98.49 |
|    cat     | 52.62 |  41.9 |
|    dog     | 48.37 |  46.6 |
+------------+-------+-------+
2026/04/09 13:59:17 - mmengine - INFO - Iter(val) [15/15]    aAcc: 92.6100  mDice: 65.9600  mAcc: 62.3300  data_time: 0.0091  time: 0.0641
2026/04/09 13:59:21 - mmengine - INFO - Exp name: unet1_conf_20260409_135736
2026/04/09 13:59:21 - mmengine - INFO - Iter(train) [ 400/5000]  lr: 4.6602e-04  eta: 0:15:19  time: 0.1675  data_time: 0.0056  memory: 4416  loss: 0.2201  decode.loss_ce: 0.0602  decode.loss_dice: 0.0498  decode.acc_seg: 94.7617  aux.loss_ce: 0.0594  aux.loss_dice: 0.0506  aux.acc_seg: 95.1141
2026/04/09 13:59:23 - mmengine - INFO - per class results:
2026/04/09 13:59:23 - mmengine - INFO - 
+------------+-------+-------+
|   Class    |  Dice |  Acc  |
+------------+-------+-------+
| background | 96.98 | 98.16 |
|    cat     | 57.24 |  50.3 |
|    dog     | 49.05 | 45.62 |
+------------+-------+-------+
2026/04/09 13:59:23 - mmengine - INFO - Iter(val) [15/15]    aAcc: 92.8300  mDice: 67.7600  mAcc: 64.6900  data_time: 0.0269  time: 0.0823
2026/04/09 13:59:23 - mmengine - INFO - The previous best checkpoint /data_12/gpudev/kashnitskii/yx/s6_project/practicum_work/artifacts/mmsegmentation_work_dir/best_mDice_epoch_14.pth is removed
2026/04/09 13:59:23 - mmengine - INFO - The best checkpoint with 67.7600 mDice at 16 epoch is saved to best_mDice_epoch_16.pth.
2026/04/09 13:59:28 - mmengine - INFO - Exp name: unet1_conf_20260409_135736
2026/04/09 13:59:28 - mmengine - INFO - Iter(train) [ 425/5000]  lr: 4.6374e-04  eta: 0:15:09  time: 0.1696  data_time: 0.0068  memory: 4416  loss: 0.1581  decode.loss_ce: 0.0407  decode.loss_dice: 0.0382  decode.acc_seg: 98.1796  aux.loss_ce: 0.0405  aux.loss_dice: 0.0387  aux.acc_seg: 98.0118
2026/04/09 13:59:29 - mmengine - INFO - per class results:
2026/04/09 13:59:29 - mmengine - INFO - 
+------------+-------+-------+
|   Class    |  Dice |  Acc  |
+------------+-------+-------+
| background |  97.0 | 98.36 |
|    cat     | 55.14 | 45.63 |
|    dog     | 49.44 | 47.96 |
+------------+-------+-------+
2026/04/09 13:59:29 - mmengine - INFO - Iter(val) [15/15]    aAcc: 92.7900  mDice: 67.1900  mAcc: 63.9800  data_time: 0.0099  time: 0.0657
2026/04/09 13:59:33 - mmengine - INFO - Exp name: unet1_conf_20260409_135736
2026/04/09 13:59:33 - mmengine - INFO - Iter(train) [ 450/5000]  lr: 4.6147e-04  eta: 0:14:59  time: 0.1690  data_time: 0.0059  memory: 4416  loss: 0.1689  decode.loss_ce: 0.0443  decode.loss_dice: 0.0400  decode.acc_seg: 98.6969  aux.loss_ce: 0.0446  aux.loss_dice: 0.0400  aux.acc_seg: 98.6679
2026/04/09 13:59:34 - mmengine - INFO - per class results:
2026/04/09 13:59:34 - mmengine - INFO - 
+------------+-------+-------+
|   Class    |  Dice |  Acc  |
+------------+-------+-------+
| background | 96.93 | 98.45 |
|    cat     | 53.41 | 42.47 |
|    dog     | 49.84 | 49.19 |
+------------+-------+-------+
2026/04/09 13:59:34 - mmengine - INFO - Iter(val) [15/15]    aAcc: 92.7200  mDice: 66.7300  mAcc: 63.3700  data_time: 0.0267  time: 0.0822
2026/04/09 13:59:39 - mmengine - INFO - Exp name: unet1_conf_20260409_135736
2026/04/09 13:59:39 - mmengine - INFO - Iter(train) [ 475/5000]  lr: 4.5919e-04  eta: 0:14:50  time: 0.1689  data_time: 0.0057  memory: 4416  loss: 0.1725  decode.loss_ce: 0.0462  decode.loss_dice: 0.0419  decode.acc_seg: 98.6313  aux.loss_ce: 0.0446  aux.loss_dice: 0.0398  aux.acc_seg: 98.7961
2026/04/09 13:59:40 - mmengine - INFO - per class results:
2026/04/09 13:59:40 - mmengine - INFO - 
+------------+-------+-------+
|   Class    |  Dice |  Acc  |
+------------+-------+-------+
| background | 96.96 | 98.45 |
|    cat     | 54.39 | 44.06 |
|    dog     | 50.57 | 49.03 |
+------------+-------+-------+
2026/04/09 13:59:40 - mmengine - INFO - Iter(val) [15/15]    aAcc: 92.8100  mDice: 67.3100  mAcc: 63.8500  data_time: 0.0092  time: 0.0650
2026/04/09 13:59:44 - mmengine - INFO - Exp name: unet1_conf_20260409_135736
2026/04/09 13:59:44 - mmengine - INFO - Iter(train) [ 500/5000]  lr: 4.5691e-04  eta: 0:14:41  time: 0.1698  data_time: 0.0063  memory: 4416  loss: 0.1879  decode.loss_ce: 0.0506  decode.loss_dice: 0.0439  decode.acc_seg: 95.5505  aux.loss_ce: 0.0497  aux.loss_dice: 0.0436  aux.acc_seg: 95.5643
2026/04/09 13:59:44 - mmengine - INFO - Saving checkpoint at 20 epochs
2026/04/09 13:59:46 - mmengine - INFO - per class results:
2026/04/09 13:59:46 - mmengine - INFO - 
+------------+-------+-------+
|   Class    |  Dice |  Acc  |
+------------+-------+-------+
| background | 96.92 | 98.53 |
|    cat     | 51.41 | 39.99 |
|    dog     | 49.32 | 48.91 |
+------------+-------+-------+
2026/04/09 13:59:46 - mmengine - INFO - Iter(val) [15/15]    aAcc: 92.6200  mDice: 65.8800  mAcc: 62.4800  data_time: 0.0261  time: 0.0814
2026/04/09 13:59:51 - mmengine - INFO - Exp name: unet1_conf_20260409_135736
2026/04/09 13:59:51 - mmengine - INFO - Iter(train) [ 525/5000]  lr: 4.5463e-04  eta: 0:14:33  time: 0.1689  data_time: 0.0057  memory: 4416  loss: 0.1464  decode.loss_ce: 0.0367  decode.loss_dice: 0.0347  decode.acc_seg: 98.5199  aux.loss_ce: 0.0380  aux.loss_dice: 0.0369  aux.acc_seg: 98.7488
2026/04/09 13:59:52 - mmengine - INFO - per class results:
2026/04/09 13:59:52 - mmengine - INFO - 
+------------+-------+-------+
|   Class    |  Dice |  Acc  |
+------------+-------+-------+
| background | 96.93 | 98.39 |
|    cat     | 50.78 | 39.19 |
|    dog     | 48.58 | 50.26 |
+------------+-------+-------+
2026/04/09 13:59:52 - mmengine - INFO - Iter(val) [15/15]    aAcc: 92.5000  mDice: 65.4300  mAcc: 62.6200  data_time: 0.0099  time: 0.0655
2026/04/09 13:59:56 - mmengine - INFO - Exp name: unet1_conf_20260409_135736
2026/04/09 13:59:56 - mmengine - INFO - Iter(train) [ 550/5000]  lr: 4.5235e-04  eta: 0:14:25  time: 0.1694  data_time: 0.0059  memory: 4416  loss: 0.1863  decode.loss_ce: 0.0493  decode.loss_dice: 0.0450  decode.acc_seg: 97.0749  aux.loss_ce: 0.0476  aux.loss_dice: 0.0444  aux.acc_seg: 97.3312
2026/04/09 13:59:58 - mmengine - INFO - per class results:
2026/04/09 13:59:58 - mmengine - INFO - 
+------------+-------+-------+
|   Class    |  Dice |  Acc  |
+------------+-------+-------+
| background | 96.91 |  98.5 |
|    cat     | 52.85 |  41.9 |
|    dog     | 49.08 | 47.91 |
+------------+-------+-------+
2026/04/09 13:59:58 - mmengine - INFO - Iter(val) [15/15]    aAcc: 92.6700  mDice: 66.2800  mAcc: 62.7700  data_time: 0.0150  time: 0.0707
2026/04/09 14:00:02 - mmengine - INFO - Exp name: unet1_conf_20260409_135736
2026/04/09 14:00:02 - mmengine - INFO - Iter(train) [ 575/5000]  lr: 4.5006e-04  eta: 0:14:18  time: 0.1694  data_time: 0.0057  memory: 4416  loss: 0.1793  decode.loss_ce: 0.0487  decode.loss_dice: 0.0412  decode.acc_seg: 99.3515  aux.loss_ce: 0.0485  aux.loss_dice: 0.0408  aux.acc_seg: 99.3790
2026/04/09 14:00:03 - mmengine - INFO - per class results:
2026/04/09 14:00:03 - mmengine - INFO - 
+------------+-------+-------+
|   Class    |  Dice |  Acc  |
+------------+-------+-------+
| background | 96.98 |  98.1 |
|    cat     | 55.21 | 46.28 |
|    dog     | 49.59 | 49.97 |
+------------+-------+-------+
2026/04/09 14:00:03 - mmengine - INFO - Iter(val) [15/15]    aAcc: 92.6800  mDice: 67.2600  mAcc: 64.7800  data_time: 0.0102  time: 0.0658
2026/04/09 14:00:08 - mmengine - INFO - Exp name: unet1_conf_20260409_135736
2026/04/09 14:00:08 - mmengine - INFO - Iter(train) [ 600/5000]  lr: 4.4778e-04  eta: 0:14:11  time: 0.1708  data_time: 0.0063  memory: 4416  loss: 0.1728  decode.loss_ce: 0.0473  decode.loss_dice: 0.0397  decode.acc_seg: 98.5916  aux.loss_ce: 0.0460  aux.loss_dice: 0.0398  aux.acc_seg: 98.5977
2026/04/09 14:00:09 - mmengine - INFO - per class results:
2026/04/09 14:00:09 - mmengine - INFO - 
+------------+-------+-------+
|   Class    |  Dice |  Acc  |
+------------+-------+-------+
| background | 96.98 | 98.22 |
|    cat     | 55.27 | 46.01 |
|    dog     | 49.84 | 49.27 |
+------------+-------+-------+
2026/04/09 14:00:09 - mmengine - INFO - Iter(val) [15/15]    aAcc: 92.7500  mDice: 67.3600  mAcc: 64.5000  data_time: 0.0265  time: 0.0821
2026/04/09 14:00:14 - mmengine - INFO - Exp name: unet1_conf_20260409_135736
2026/04/09 14:00:14 - mmengine - INFO - Iter(train) [ 625/5000]  lr: 4.4550e-04  eta: 0:14:04  time: 0.1704  data_time: 0.0062  memory: 4416  loss: 0.2233  decode.loss_ce: 0.0632  decode.loss_dice: 0.0492  decode.acc_seg: 97.9462  aux.loss_ce: 0.0631  aux.loss_dice: 0.0478  aux.acc_seg: 98.3170
2026/04/09 14:00:15 - mmengine - INFO - per class results:
2026/04/09 14:00:15 - mmengine - INFO - 
+------------+-------+-------+
|   Class    |  Dice |  Acc  |
+------------+-------+-------+
| background | 96.95 | 98.21 |
|    cat     | 53.71 |  43.8 |
|    dog     | 49.92 | 50.52 |
+------------+-------+-------+
2026/04/09 14:00:15 - mmengine - INFO - Iter(val) [15/15]    aAcc: 92.6400  mDice: 66.8600  mAcc: 64.1800  data_time: 0.0094  time: 0.0651
2026/04/09 14:00:19 - mmengine - INFO - Exp name: unet1_conf_20260409_135736
2026/04/09 14:00:19 - mmengine - INFO - Iter(train) [ 650/5000]  lr: 4.4321e-04  eta: 0:13:57  time: 0.1702  data_time: 0.0057  memory: 4416  loss: 0.1791  decode.loss_ce: 0.0481  decode.loss_dice: 0.0417  decode.acc_seg: 98.4344  aux.loss_ce: 0.0469  aux.loss_dice: 0.0423  aux.acc_seg: 98.4680
2026/04/09 14:00:20 - mmengine - INFO - per class results:
2026/04/09 14:00:20 - mmengine - INFO - 
+------------+-------+-------+
|   Class    |  Dice |  Acc  |
+------------+-------+-------+
| background | 96.96 | 98.49 |
|    cat     | 53.57 | 43.23 |
|    dog     | 48.59 | 46.98 |
+------------+-------+-------+
2026/04/09 14:00:20 - mmengine - INFO - Iter(val) [15/15]    aAcc: 92.7100  mDice: 66.3700  mAcc: 62.9000  data_time: 0.0271  time: 0.0825
2026/04/09 14:00:25 - mmengine - INFO - Exp name: unet1_conf_20260409_135736
2026/04/09 14:00:25 - mmengine - INFO - Iter(train) [ 675/5000]  lr: 4.4092e-04  eta: 0:13:50  time: 0.1699  data_time: 0.0057  memory: 4416  loss: 0.1680  decode.loss_ce: 0.0455  decode.loss_dice: 0.0400  decode.acc_seg: 98.2834  aux.loss_ce: 0.0436  aux.loss_dice: 0.0389  aux.acc_seg: 98.4100
2026/04/09 14:00:26 - mmengine - INFO - per class results:
2026/04/09 14:00:26 - mmengine - INFO - 
+------------+-------+-------+
|   Class    |  Dice |  Acc  |
+------------+-------+-------+
| background | 96.94 | 98.05 |
|    cat     |  52.1 |  41.8 |
|    dog     | 48.85 | 52.07 |
+------------+-------+-------+
2026/04/09 14:00:26 - mmengine - INFO - Iter(val) [15/15]    aAcc: 92.4400  mDice: 65.9600  mAcc: 63.9700  data_time: 0.0092  time: 0.0650
2026/04/09 14:00:31 - mmengine - INFO - Exp name: unet1_conf_20260409_135736
2026/04/09 14:00:31 - mmengine - INFO - Iter(train) [ 700/5000]  lr: 4.3863e-04  eta: 0:13:44  time: 0.1706  data_time: 0.0057  memory: 4416  loss: 0.3024  decode.loss_ce: 0.0907  decode.loss_dice: 0.0635  decode.acc_seg: 86.4075  aux.loss_ce: 0.0857  aux.loss_dice: 0.0625  aux.acc_seg: 86.5280
2026/04/09 14:00:32 - mmengine - INFO - per class results:
2026/04/09 14:00:32 - mmengine - INFO - 
+------------+-------+-------+
|   Class    |  Dice |  Acc  |
+------------+-------+-------+
| background | 96.93 | 98.37 |
|    cat     | 50.81 | 39.42 |
|    dog     | 49.91 | 51.67 |
+------------+-------+-------+
2026/04/09 14:00:32 - mmengine - INFO - Iter(val) [15/15]    aAcc: 92.5500  mDice: 65.8800  mAcc: 63.1500  data_time: 0.0157  time: 0.0717
2026/04/09 14:00:36 - mmengine - INFO - Exp name: unet1_conf_20260409_135736
2026/04/09 14:00:36 - mmengine - INFO - Iter(train) [ 725/5000]  lr: 4.3634e-04  eta: 0:13:38  time: 0.1709  data_time: 0.0058  memory: 4416  loss: 0.2034  decode.loss_ce: 0.0545  decode.loss_dice: 0.0464  decode.acc_seg: 97.8317  aux.loss_ce: 0.0542  aux.loss_dice: 0.0483  aux.acc_seg: 97.6776
2026/04/09 14:00:37 - mmengine - INFO - per class results:
2026/04/09 14:00:37 - mmengine - INFO - 
+------------+-------+-------+
|   Class    |  Dice |  Acc  |
+------------+-------+-------+
| background | 96.85 | 98.56 |
|    cat     | 45.82 | 33.17 |
|    dog     | 49.16 | 51.93 |
+------------+-------+-------+
2026/04/09 14:00:37 - mmengine - INFO - Iter(val) [15/15]    aAcc: 92.3200  mDice: 63.9400  mAcc: 61.2200  data_time: 0.0096  time: 0.0653
2026/04/09 14:00:42 - mmengine - INFO - Exp name: unet1_conf_20260409_135736
2026/04/09 14:00:42 - mmengine - INFO - Iter(train) [ 750/5000]  lr: 4.3405e-04  eta: 0:13:32  time: 0.1715  data_time: 0.0062  memory: 4416  loss: 0.1912  decode.loss_ce: 0.0511  decode.loss_dice: 0.0455  decode.acc_seg: 96.0861  aux.loss_ce: 0.0495  aux.loss_dice: 0.0451  aux.acc_seg: 96.8323
2026/04/09 14:00:43 - mmengine - INFO - per class results:
2026/04/09 14:00:43 - mmengine - INFO - 
+------------+-------+-------+
|   Class    |  Dice |  Acc  |
+------------+-------+-------+
| background | 96.96 | 98.24 |
|    cat     | 54.09 | 44.17 |
|    dog     |  49.6 | 49.87 |
+------------+-------+-------+
2026/04/09 14:00:43 - mmengine - INFO - Iter(val) [15/15]    aAcc: 92.6700  mDice: 66.8900  mAcc: 64.1000  data_time: 0.0271  time: 0.0829
2026/04/09 14:00:48 - mmengine - INFO - Exp name: unet1_conf_20260409_135736
2026/04/09 14:00:48 - mmengine - INFO - Iter(train) [ 775/5000]  lr: 4.3176e-04  eta: 0:13:26  time: 0.1719  data_time: 0.0064  memory: 4416  loss: 0.1599  decode.loss_ce: 0.0421  decode.loss_dice: 0.0387  decode.acc_seg: 98.3978  aux.loss_ce: 0.0411  aux.loss_dice: 0.0380  aux.acc_seg: 98.6115
2026/04/09 14:00:49 - mmengine - INFO - per class results:
2026/04/09 14:00:49 - mmengine - INFO - 
+------------+-------+-------+
|   Class    |  Dice |  Acc  |
+------------+-------+-------+
| background | 96.93 | 98.45 |
|    cat     | 52.04 |  40.8 |
|    dog     | 49.77 | 49.89 |
+------------+-------+-------+
2026/04/09 14:00:49 - mmengine - INFO - Iter(val) [15/15]    aAcc: 92.6400  mDice: 66.2500  mAcc: 63.0500  data_time: 0.0092  time: 0.0651
2026/04/09 14:00:53 - mmengine - INFO - Exp name: unet1_conf_20260409_135736
2026/04/09 14:00:53 - mmengine - INFO - Iter(train) [ 800/5000]  lr: 4.2946e-04  eta: 0:13:20  time: 0.1714  data_time: 0.0061  memory: 4416  loss: 0.2149  decode.loss_ce: 0.0598  decode.loss_dice: 0.0482  decode.acc_seg: 92.9474  aux.loss_ce: 0.0588  aux.loss_dice: 0.0482  aux.acc_seg: 93.6615
2026/04/09 14:00:55 - mmengine - INFO - per class results:
2026/04/09 14:00:55 - mmengine - INFO - 
+------------+-------+-------+
|   Class    |  Dice |  Acc  |
+------------+-------+-------+
| background | 96.85 | 98.65 |
|    cat     | 50.73 | 39.12 |
|    dog     | 48.55 | 46.69 |
+------------+-------+-------+
2026/04/09 14:00:55 - mmengine - INFO - Iter(val) [15/15]    aAcc: 92.5700  mDice: 65.3800  mAcc: 61.4900  data_time: 0.0252  time: 0.0813
2026/04/09 14:00:59 - mmengine - INFO - Exp name: unet1_conf_20260409_135736
2026/04/09 14:00:59 - mmengine - INFO - Iter(train) [ 825/5000]  lr: 4.2716e-04  eta: 0:13:14  time: 0.1711  data_time: 0.0059  memory: 4416  loss: 0.1476  decode.loss_ce: 0.0376  decode.loss_dice: 0.0345  decode.acc_seg: 97.8134  aux.loss_ce: 0.0392  aux.loss_dice: 0.0362  aux.acc_seg: 97.6898
2026/04/09 14:01:00 - mmengine - INFO - per class results:
2026/04/09 14:01:00 - mmengine - INFO - 
+------------+-------+-------+
|   Class    |  Dice |  Acc  |
+------------+-------+-------+
| background | 96.94 | 98.39 |
|    cat     | 51.72 | 40.23 |
|    dog     | 49.49 | 50.97 |
+------------+-------+-------+
2026/04/09 14:01:00 - mmengine - INFO - Iter(val) [15/15]    aAcc: 92.5900  mDice: 66.0500  mAcc: 63.1900  data_time: 0.0089  time: 0.0649
