2026/04/10 15:53:52 - mmengine - INFO - 
------------------------------------------------------------
System environment:
    sys.platform: linux
    Python: 3.10.16 (main, Jan 14 2025, 22:49:19) [Clang 19.1.6 ]
    CUDA available: True
    MUSA available: False
    numpy_random_seed: 178936744
    GPU 0: NVIDIA A10
    CUDA_HOME: /usr
    NVCC: Cuda compilation tools, release 12.8, V12.8.93
    GCC: x86_64-alt-linux-gcc (GCC) 13.2.1 20240128 (ALT Sisyphus 13.2.1-alt3)
    PyTorch: 2.4.0+cu121
    PyTorch compiling details: PyTorch built with:
  - GCC 9.3
  - C++ Version: 201703
  - Intel(R) oneAPI Math Kernel Library Version 2022.2-Product Build 20220804 for Intel(R) 64 architecture applications
  - Intel(R) MKL-DNN v3.4.2 (Git Hash 1137e04ec0b5251ca2b4400a4fd3c667ce843d67)
  - OpenMP 201511 (a.k.a. OpenMP 4.5)
  - LAPACK is enabled (usually provided by MKL)
  - NNPACK is enabled
  - CPU capability usage: AVX512
  - CUDA Runtime 12.1
  - NVCC architecture flags: -gencode;arch=compute_50,code=sm_50;-gencode;arch=compute_60,code=sm_60;-gencode;arch=compute_70,code=sm_70;-gencode;arch=compute_75,code=sm_75;-gencode;arch=compute_80,code=sm_80;-gencode;arch=compute_86,code=sm_86;-gencode;arch=compute_90,code=sm_90
  - CuDNN 90.1  (built against CUDA 12.4)
  - Magma 2.6.1
  - Build settings: BLAS_INFO=mkl, BUILD_TYPE=Release, CUDA_VERSION=12.1, CUDNN_VERSION=9.1.0, CXX_COMPILER=/opt/rh/devtoolset-9/root/usr/bin/c++, CXX_FLAGS= -D_GLIBCXX_USE_CXX11_ABI=0 -fabi-version=11 -fvisibility-inlines-hidden -DUSE_PTHREADPOOL -DNDEBUG -DUSE_KINETO -DLIBKINETO_NOROCTRACER -DUSE_FBGEMM -DUSE_PYTORCH_QNNPACK -DUSE_XNNPACK -DSYMBOLICATE_MOBILE_DEBUG_HANDLE -O2 -fPIC -Wall -Wextra -Werror=return-type -Werror=non-virtual-dtor -Werror=bool-operation -Wnarrowing -Wno-missing-field-initializers -Wno-type-limits -Wno-array-bounds -Wno-unknown-pragmas -Wno-unused-parameter -Wno-unused-function -Wno-unused-result -Wno-strict-overflow -Wno-strict-aliasing -Wno-stringop-overflow -Wsuggest-override -Wno-psabi -Wno-error=pedantic -Wno-error=old-style-cast -Wno-missing-braces -fdiagnostics-color=always -faligned-new -Wno-unused-but-set-variable -Wno-maybe-uninitialized -fno-math-errno -fno-trapping-math -Werror=format -Wno-stringop-overflow, LAPACK_INFO=mkl, PERF_WITH_AVX=1, PERF_WITH_AVX2=1, PERF_WITH_AVX512=1, TORCH_VERSION=2.4.0, USE_CUDA=ON, USE_CUDNN=ON, USE_CUSPARSELT=1, USE_EXCEPTION_PTR=1, USE_GFLAGS=OFF, USE_GLOG=OFF, USE_GLOO=ON, USE_MKL=ON, USE_MKLDNN=ON, USE_MPI=OFF, USE_NCCL=1, USE_NNPACK=ON, USE_OPENMP=ON, USE_ROCM=OFF, USE_ROCM_KERNEL_ASSERT=OFF, 

    TorchVision: 0.19.0+cu121
    OpenCV: 4.11.0
    MMEngine: 0.10.7

Runtime environment:
    cudnn_benchmark: True
    mp_cfg: {'mp_start_method': 'fork', 'opencv_num_threads': 0}
    dist_cfg: {'backend': 'nccl'}
    seed: 178936744
    Distributed launcher: none
    Distributed training: False
    GPU number: 1
------------------------------------------------------------

2026/04/10 15:53:52 - mmengine - INFO - Config:
batch_size = 8
data_preprocessor = dict(
    bgr_to_rgb=True,
    mean=[
        123.675,
        116.28,
        103.53,
    ],
    pad_val=0,
    seg_pad_val=255,
    size=(
        256,
        256,
    ),
    std=[
        58.395,
        57.12,
        57.375,
    ],
    type='SegDataPreProcessor')
data_root = 'data/roboflow_final'
dataset_type = 'AnimalsDataset'
default_hooks = dict(
    checkpoint=dict(
        by_epoch=True,
        interval=50,
        rule='greater',
        save_best='mDice',
        type='CheckpointHook'),
    logger=dict(interval=100, type='LoggerHook'),
    param_scheduler=dict(type='ParamSchedulerHook'),
    sampler_seed=dict(type='DistSamplerSeedHook'),
    visualization=dict(draw=True, interval=100, type='SegVisualizationHook'))
default_scope = 'mmseg'
env_cfg = dict(
    cudnn_benchmark=True,
    dist_cfg=dict(backend='nccl'),
    mp_cfg=dict(mp_start_method='fork', opencv_num_threads=0))
epoch_num = 100
input_size = (
    256,
    256,
)
launcher = 'none'
load_from = 'practicum_work/artifacts/mmsegmentation_work_dir/best_mDice_epoch_80.pth'
log_level = 'INFO'
log_processor = dict(by_epoch=False)
model = dict(
    auxiliary_head=None,
    backbone=dict(
        act_cfg=dict(type='ReLU'),
        base_channels=64,
        conv_cfg=None,
        dec_dilations=(
            1,
            1,
            1,
            1,
        ),
        dec_num_convs=(
            2,
            2,
            2,
            2,
        ),
        downsamples=(
            True,
            True,
            True,
            True,
        ),
        enc_dilations=(
            1,
            1,
            1,
            1,
            1,
        ),
        enc_num_convs=(
            2,
            2,
            2,
            2,
            2,
        ),
        in_channels=3,
        norm_cfg=dict(requires_grad=True, type='SyncBN'),
        norm_eval=False,
        num_stages=5,
        strides=(
            1,
            1,
            1,
            1,
            1,
        ),
        type='UNet',
        upsample_cfg=dict(type='InterpConv'),
        with_cp=False),
    data_preprocessor=dict(
        bgr_to_rgb=True,
        mean=[
            123.675,
            116.28,
            103.53,
        ],
        pad_val=0,
        seg_pad_val=255,
        size=(
            256,
            256,
        ),
        std=[
            58.395,
            57.12,
            57.375,
        ],
        type='SegDataPreProcessor'),
    decode_head=dict(
        align_corners=False,
        channels=64,
        concat_input=False,
        dropout_ratio=0.1,
        in_channels=64,
        in_index=4,
        loss_decode=[
            dict(
                gamma=3.0,
                loss_name='loss_focal',
                loss_weight=1.0,
                type='FocalLoss',
                use_sigmoid=True),
            dict(loss_name='loss_dice', loss_weight=1.0, type='DiceLoss'),
        ],
        norm_cfg=dict(requires_grad=True, type='SyncBN'),
        num_classes=3,
        num_convs=1,
        type='FCNHead'),
    pretrained=None,
    test_cfg=dict(crop_size=256, mode='whole', stride=170),
    train_cfg=dict(),
    type='EncoderDecoder')
norm_cfg = dict(requires_grad=True, type='SyncBN')
num_workers = 4
optim_wrapper = dict(
    optimizer=dict(lr=0.0002, type='AdamW', weight_decay=0.08),
    type='OptimWrapper')
optimizer = dict(lr=0.0002, type='AdamW', weight_decay=0.08)
param_scheduler = [
    dict(
        begin=0,
        by_epoch=True,
        end=100,
        eta_min=1e-06,
        power=0.8,
        type='PolyLR'),
]
resume = False
test_cfg = dict(type='TestLoop')
test_dataloader = dict(
    batch_size=8,
    dataset=dict(
        data_prefix=dict(img_path='img/test', seg_map_path='labels/test'),
        data_root='data/roboflow_final',
        img_suffix='.jpg',
        pipeline=[
            dict(type='LoadImageFromFile'),
            dict(type='LoadAnnotations'),
            dict(type='PackSegInputs'),
        ],
        seg_map_suffix='.png',
        type='AnimalsDataset'),
    num_workers=4,
    persistent_workers=True,
    sampler=dict(shuffle=False, type='DefaultSampler'))
test_dataset = dict(
    data_prefix=dict(img_path='img/test', seg_map_path='labels/test'),
    data_root='data/roboflow_final',
    img_suffix='.jpg',
    pipeline=[
        dict(type='LoadImageFromFile'),
        dict(type='LoadAnnotations'),
        dict(type='PackSegInputs'),
    ],
    seg_map_suffix='.png',
    type='AnimalsDataset')
test_evaluator = dict(
    classwise=True, iou_metrics=[
        'mDice',
    ], num_classes=3, type='IoUMetric')
test_pipeline = [
    dict(type='LoadImageFromFile'),
    dict(type='LoadAnnotations'),
    dict(type='PackSegInputs'),
]
train_cfg = dict(max_epochs=100, type='EpochBasedTrainLoop')
train_dataloader = dict(
    batch_size=8,
    dataset=dict(
        data_prefix=dict(img_path='img/train', seg_map_path='labels/train'),
        data_root='data/roboflow_final',
        img_suffix='.jpg',
        pipeline=[
            dict(type='LoadImageFromFile'),
            dict(type='LoadAnnotations'),
            dict(direction='horizontal', prob=0.5, type='RandomFlip'),
            dict(type='PackSegInputs'),
        ],
        seg_map_suffix='.png',
        type='AnimalsDataset'),
    drop_last=True,
    num_workers=4,
    persistent_workers=True,
    sampler=dict(shuffle=True, type='DefaultSampler'))
train_dataset = dict(
    data_prefix=dict(img_path='img/train', seg_map_path='labels/train'),
    data_root='data/roboflow_final',
    img_suffix='.jpg',
    pipeline=[
        dict(type='LoadImageFromFile'),
        dict(type='LoadAnnotations'),
        dict(direction='horizontal', prob=0.5, type='RandomFlip'),
        dict(type='PackSegInputs'),
    ],
    seg_map_suffix='.png',
    type='AnimalsDataset')
train_pipeline = [
    dict(type='LoadImageFromFile'),
    dict(type='LoadAnnotations'),
    dict(direction='horizontal', prob=0.5, type='RandomFlip'),
    dict(type='PackSegInputs'),
]
tta_model = dict(type='SegTTAModel')
val_cfg = dict(type='ValLoop')
val_dataloader = dict(
    batch_size=8,
    dataset=dict(
        data_prefix=dict(img_path='img/val', seg_map_path='labels/val'),
        data_root='data/roboflow_final',
        img_suffix='.jpg',
        pipeline=[
            dict(type='LoadImageFromFile'),
            dict(type='LoadAnnotations'),
            dict(type='PackSegInputs'),
        ],
        seg_map_suffix='.png',
        type='AnimalsDataset'),
    num_workers=4,
    persistent_workers=True,
    sampler=dict(shuffle=False, type='DefaultSampler'))
val_dataset = dict(
    data_prefix=dict(img_path='img/val', seg_map_path='labels/val'),
    data_root='data/roboflow_final',
    img_suffix='.jpg',
    pipeline=[
        dict(type='LoadImageFromFile'),
        dict(type='LoadAnnotations'),
        dict(type='PackSegInputs'),
    ],
    seg_map_suffix='.png',
    type='AnimalsDataset')
val_evaluator = dict(
    classwise=True, iou_metrics=[
        'mDice',
    ], num_classes=3, type='IoUMetric')
val_pipeline = [
    dict(type='LoadImageFromFile'),
    dict(type='LoadAnnotations'),
    dict(type='PackSegInputs'),
]
vis_backends = [
    dict(type='LocalVisBackend'),
]
visualizer = dict(
    name='visualizer',
    type='SegLocalVisualizer',
    vis_backends=[
        dict(type='LocalVisBackend'),
        dict(
            exp_name='sprint6_unet_v15',
            run_name='unet-s5-d16',
            tracking_uri='http://localhost:5000',
            type='MLflowVisBackend'),
    ])
work_dir = 'practicum_work/artifacts/mmsegmentation_work_dir'

2026/04/10 15:53:54 - mmengine - WARNING - Please make sure that the mlflow server is running.
2026/04/10 15:53:56 - mmengine - INFO - Distributed training is not used, all SyncBatchNorm (SyncBN) layers in the model will be automatically reverted to BatchNormXd layers if they are used.
2026/04/10 15:53:56 - mmengine - INFO - Hooks will be executed in the following order:
before_run:
(VERY_HIGH   ) RuntimeInfoHook                    
(BELOW_NORMAL) LoggerHook                         
 -------------------- 
before_train:
(VERY_HIGH   ) RuntimeInfoHook                    
(NORMAL      ) IterTimerHook                      
(VERY_LOW    ) CheckpointHook                     
 -------------------- 
before_train_epoch:
(VERY_HIGH   ) RuntimeInfoHook                    
(NORMAL      ) IterTimerHook                      
(NORMAL      ) DistSamplerSeedHook                
 -------------------- 
before_train_iter:
(VERY_HIGH   ) RuntimeInfoHook                    
(NORMAL      ) IterTimerHook                      
 -------------------- 
after_train_iter:
(VERY_HIGH   ) RuntimeInfoHook                    
(NORMAL      ) IterTimerHook                      
(BELOW_NORMAL) LoggerHook                         
(LOW         ) ParamSchedulerHook                 
(VERY_LOW    ) CheckpointHook                     
 -------------------- 
after_train_epoch:
(NORMAL      ) IterTimerHook                      
(LOW         ) ParamSchedulerHook                 
(VERY_LOW    ) CheckpointHook                     
 -------------------- 
before_val:
(VERY_HIGH   ) RuntimeInfoHook                    
 -------------------- 
before_val_epoch:
(NORMAL      ) IterTimerHook                      
 -------------------- 
before_val_iter:
(NORMAL      ) IterTimerHook                      
 -------------------- 
after_val_iter:
(NORMAL      ) IterTimerHook                      
(NORMAL      ) SegVisualizationHook               
(BELOW_NORMAL) LoggerHook                         
 -------------------- 
after_val_epoch:
(VERY_HIGH   ) RuntimeInfoHook                    
(NORMAL      ) IterTimerHook                      
(BELOW_NORMAL) LoggerHook                         
(LOW         ) ParamSchedulerHook                 
(VERY_LOW    ) CheckpointHook                     
 -------------------- 
after_val:
(VERY_HIGH   ) RuntimeInfoHook                    
 -------------------- 
after_train:
(VERY_HIGH   ) RuntimeInfoHook                    
(VERY_LOW    ) CheckpointHook                     
 -------------------- 
before_test:
(VERY_HIGH   ) RuntimeInfoHook                    
 -------------------- 
before_test_epoch:
(NORMAL      ) IterTimerHook                      
 -------------------- 
before_test_iter:
(NORMAL      ) IterTimerHook                      
 -------------------- 
after_test_iter:
(NORMAL      ) IterTimerHook                      
(NORMAL      ) SegVisualizationHook               
(BELOW_NORMAL) LoggerHook                         
 -------------------- 
after_test_epoch:
(VERY_HIGH   ) RuntimeInfoHook                    
(NORMAL      ) IterTimerHook                      
(BELOW_NORMAL) LoggerHook                         
 -------------------- 
after_test:
(VERY_HIGH   ) RuntimeInfoHook                    
 -------------------- 
after_run:
(BELOW_NORMAL) LoggerHook                         
 -------------------- 
2026/04/10 15:53:56 - mmengine - WARNING - The prefix is not set in metric class IoUMetric.
Name of parameter - Initialization information

backbone.encoder.0.0.convs.0.conv.weight - torch.Size([64, 3, 3, 3]): 
KaimingInit: a=0, mode=fan_out, nonlinearity=relu, distribution =normal, bias=0 

backbone.encoder.0.0.convs.0.bn.weight - torch.Size([64]): 
The value is the same before and after calling `init_weights` of EncoderDecoder  

backbone.encoder.0.0.convs.0.bn.bias - torch.Size([64]): 
The value is the same before and after calling `init_weights` of EncoderDecoder  

backbone.encoder.0.0.convs.1.conv.weight - torch.Size([64, 64, 3, 3]): 
KaimingInit: a=0, mode=fan_out, nonlinearity=relu, distribution =normal, bias=0 

backbone.encoder.0.0.convs.1.bn.weight - torch.Size([64]): 
The value is the same before and after calling `init_weights` of EncoderDecoder  

backbone.encoder.0.0.convs.1.bn.bias - torch.Size([64]): 
The value is the same before and after calling `init_weights` of EncoderDecoder  

backbone.encoder.1.1.convs.0.conv.weight - torch.Size([128, 64, 3, 3]): 
KaimingInit: a=0, mode=fan_out, nonlinearity=relu, distribution =normal, bias=0 

backbone.encoder.1.1.convs.0.bn.weight - torch.Size([128]): 
The value is the same before and after calling `init_weights` of EncoderDecoder  

backbone.encoder.1.1.convs.0.bn.bias - torch.Size([128]): 
The value is the same before and after calling `init_weights` of EncoderDecoder  

backbone.encoder.1.1.convs.1.conv.weight - torch.Size([128, 128, 3, 3]): 
KaimingInit: a=0, mode=fan_out, nonlinearity=relu, distribution =normal, bias=0 

backbone.encoder.1.1.convs.1.bn.weight - torch.Size([128]): 
The value is the same before and after calling `init_weights` of EncoderDecoder  

backbone.encoder.1.1.convs.1.bn.bias - torch.Size([128]): 
The value is the same before and after calling `init_weights` of EncoderDecoder  

backbone.encoder.2.1.convs.0.conv.weight - torch.Size([256, 128, 3, 3]): 
KaimingInit: a=0, mode=fan_out, nonlinearity=relu, distribution =normal, bias=0 

backbone.encoder.2.1.convs.0.bn.weight - torch.Size([256]): 
The value is the same before and after calling `init_weights` of EncoderDecoder  

backbone.encoder.2.1.convs.0.bn.bias - torch.Size([256]): 
The value is the same before and after calling `init_weights` of EncoderDecoder  

backbone.encoder.2.1.convs.1.conv.weight - torch.Size([256, 256, 3, 3]): 
KaimingInit: a=0, mode=fan_out, nonlinearity=relu, distribution =normal, bias=0 

backbone.encoder.2.1.convs.1.bn.weight - torch.Size([256]): 
The value is the same before and after calling `init_weights` of EncoderDecoder  

backbone.encoder.2.1.convs.1.bn.bias - torch.Size([256]): 
The value is the same before and after calling `init_weights` of EncoderDecoder  

backbone.encoder.3.1.convs.0.conv.weight - torch.Size([512, 256, 3, 3]): 
KaimingInit: a=0, mode=fan_out, nonlinearity=relu, distribution =normal, bias=0 

backbone.encoder.3.1.convs.0.bn.weight - torch.Size([512]): 
The value is the same before and after calling `init_weights` of EncoderDecoder  

backbone.encoder.3.1.convs.0.bn.bias - torch.Size([512]): 
The value is the same before and after calling `init_weights` of EncoderDecoder  

backbone.encoder.3.1.convs.1.conv.weight - torch.Size([512, 512, 3, 3]): 
KaimingInit: a=0, mode=fan_out, nonlinearity=relu, distribution =normal, bias=0 

backbone.encoder.3.1.convs.1.bn.weight - torch.Size([512]): 
The value is the same before and after calling `init_weights` of EncoderDecoder  

backbone.encoder.3.1.convs.1.bn.bias - torch.Size([512]): 
The value is the same before and after calling `init_weights` of EncoderDecoder  

backbone.encoder.4.1.convs.0.conv.weight - torch.Size([1024, 512, 3, 3]): 
KaimingInit: a=0, mode=fan_out, nonlinearity=relu, distribution =normal, bias=0 

backbone.encoder.4.1.convs.0.bn.weight - torch.Size([1024]): 
The value is the same before and after calling `init_weights` of EncoderDecoder  

backbone.encoder.4.1.convs.0.bn.bias - torch.Size([1024]): 
The value is the same before and after calling `init_weights` of EncoderDecoder  

backbone.encoder.4.1.convs.1.conv.weight - torch.Size([1024, 1024, 3, 3]): 
KaimingInit: a=0, mode=fan_out, nonlinearity=relu, distribution =normal, bias=0 

backbone.encoder.4.1.convs.1.bn.weight - torch.Size([1024]): 
The value is the same before and after calling `init_weights` of EncoderDecoder  

backbone.encoder.4.1.convs.1.bn.bias - torch.Size([1024]): 
The value is the same before and after calling `init_weights` of EncoderDecoder  

backbone.decoder.0.conv_block.convs.0.conv.weight - torch.Size([64, 128, 3, 3]): 
KaimingInit: a=0, mode=fan_out, nonlinearity=relu, distribution =normal, bias=0 

backbone.decoder.0.conv_block.convs.0.bn.weight - torch.Size([64]): 
The value is the same before and after calling `init_weights` of EncoderDecoder  

backbone.decoder.0.conv_block.convs.0.bn.bias - torch.Size([64]): 
The value is the same before and after calling `init_weights` of EncoderDecoder  

backbone.decoder.0.conv_block.convs.1.conv.weight - torch.Size([64, 64, 3, 3]): 
KaimingInit: a=0, mode=fan_out, nonlinearity=relu, distribution =normal, bias=0 

backbone.decoder.0.conv_block.convs.1.bn.weight - torch.Size([64]): 
The value is the same before and after calling `init_weights` of EncoderDecoder  

backbone.decoder.0.conv_block.convs.1.bn.bias - torch.Size([64]): 
The value is the same before and after calling `init_weights` of EncoderDecoder  

backbone.decoder.0.upsample.interp_upsample.1.conv.weight - torch.Size([64, 128, 1, 1]): 
KaimingInit: a=0, mode=fan_out, nonlinearity=relu, distribution =normal, bias=0 

backbone.decoder.0.upsample.interp_upsample.1.bn.weight - torch.Size([64]): 
The value is the same before and after calling `init_weights` of EncoderDecoder  

backbone.decoder.0.upsample.interp_upsample.1.bn.bias - torch.Size([64]): 
The value is the same before and after calling `init_weights` of EncoderDecoder  

backbone.decoder.1.conv_block.convs.0.conv.weight - torch.Size([128, 256, 3, 3]): 
KaimingInit: a=0, mode=fan_out, nonlinearity=relu, distribution =normal, bias=0 

backbone.decoder.1.conv_block.convs.0.bn.weight - torch.Size([128]): 
The value is the same before and after calling `init_weights` of EncoderDecoder  

backbone.decoder.1.conv_block.convs.0.bn.bias - torch.Size([128]): 
The value is the same before and after calling `init_weights` of EncoderDecoder  

backbone.decoder.1.conv_block.convs.1.conv.weight - torch.Size([128, 128, 3, 3]): 
KaimingInit: a=0, mode=fan_out, nonlinearity=relu, distribution =normal, bias=0 

backbone.decoder.1.conv_block.convs.1.bn.weight - torch.Size([128]): 
The value is the same before and after calling `init_weights` of EncoderDecoder  

backbone.decoder.1.conv_block.convs.1.bn.bias - torch.Size([128]): 
The value is the same before and after calling `init_weights` of EncoderDecoder  

backbone.decoder.1.upsample.interp_upsample.1.conv.weight - torch.Size([128, 256, 1, 1]): 
KaimingInit: a=0, mode=fan_out, nonlinearity=relu, distribution =normal, bias=0 

backbone.decoder.1.upsample.interp_upsample.1.bn.weight - torch.Size([128]): 
The value is the same before and after calling `init_weights` of EncoderDecoder  

backbone.decoder.1.upsample.interp_upsample.1.bn.bias - torch.Size([128]): 
The value is the same before and after calling `init_weights` of EncoderDecoder  

backbone.decoder.2.conv_block.convs.0.conv.weight - torch.Size([256, 512, 3, 3]): 
KaimingInit: a=0, mode=fan_out, nonlinearity=relu, distribution =normal, bias=0 

backbone.decoder.2.conv_block.convs.0.bn.weight - torch.Size([256]): 
The value is the same before and after calling `init_weights` of EncoderDecoder  

backbone.decoder.2.conv_block.convs.0.bn.bias - torch.Size([256]): 
The value is the same before and after calling `init_weights` of EncoderDecoder  

backbone.decoder.2.conv_block.convs.1.conv.weight - torch.Size([256, 256, 3, 3]): 
KaimingInit: a=0, mode=fan_out, nonlinearity=relu, distribution =normal, bias=0 

backbone.decoder.2.conv_block.convs.1.bn.weight - torch.Size([256]): 
The value is the same before and after calling `init_weights` of EncoderDecoder  

backbone.decoder.2.conv_block.convs.1.bn.bias - torch.Size([256]): 
The value is the same before and after calling `init_weights` of EncoderDecoder  

backbone.decoder.2.upsample.interp_upsample.1.conv.weight - torch.Size([256, 512, 1, 1]): 
KaimingInit: a=0, mode=fan_out, nonlinearity=relu, distribution =normal, bias=0 

backbone.decoder.2.upsample.interp_upsample.1.bn.weight - torch.Size([256]): 
The value is the same before and after calling `init_weights` of EncoderDecoder  

backbone.decoder.2.upsample.interp_upsample.1.bn.bias - torch.Size([256]): 
The value is the same before and after calling `init_weights` of EncoderDecoder  

backbone.decoder.3.conv_block.convs.0.conv.weight - torch.Size([512, 1024, 3, 3]): 
KaimingInit: a=0, mode=fan_out, nonlinearity=relu, distribution =normal, bias=0 

backbone.decoder.3.conv_block.convs.0.bn.weight - torch.Size([512]): 
The value is the same before and after calling `init_weights` of EncoderDecoder  

backbone.decoder.3.conv_block.convs.0.bn.bias - torch.Size([512]): 
The value is the same before and after calling `init_weights` of EncoderDecoder  

backbone.decoder.3.conv_block.convs.1.conv.weight - torch.Size([512, 512, 3, 3]): 
KaimingInit: a=0, mode=fan_out, nonlinearity=relu, distribution =normal, bias=0 

backbone.decoder.3.conv_block.convs.1.bn.weight - torch.Size([512]): 
The value is the same before and after calling `init_weights` of EncoderDecoder  

backbone.decoder.3.conv_block.convs.1.bn.bias - torch.Size([512]): 
The value is the same before and after calling `init_weights` of EncoderDecoder  

backbone.decoder.3.upsample.interp_upsample.1.conv.weight - torch.Size([512, 1024, 1, 1]): 
KaimingInit: a=0, mode=fan_out, nonlinearity=relu, distribution =normal, bias=0 

backbone.decoder.3.upsample.interp_upsample.1.bn.weight - torch.Size([512]): 
The value is the same before and after calling `init_weights` of EncoderDecoder  

backbone.decoder.3.upsample.interp_upsample.1.bn.bias - torch.Size([512]): 
The value is the same before and after calling `init_weights` of EncoderDecoder  

decode_head.conv_seg.weight - torch.Size([3, 64, 1, 1]): 
NormalInit: mean=0, std=0.01, bias=0 

decode_head.conv_seg.bias - torch.Size([3]): 
NormalInit: mean=0, std=0.01, bias=0 

decode_head.convs.0.conv.weight - torch.Size([64, 64, 3, 3]): 
The value is the same before and after calling `init_weights` of EncoderDecoder  

decode_head.convs.0.bn.weight - torch.Size([64]): 
The value is the same before and after calling `init_weights` of EncoderDecoder  

decode_head.convs.0.bn.bias - torch.Size([64]): 
The value is the same before and after calling `init_weights` of EncoderDecoder  
2026/04/10 15:53:57 - mmengine - INFO - Load checkpoint from practicum_work/artifacts/mmsegmentation_work_dir/best_mDice_epoch_80.pth
2026/04/10 15:53:57 - mmengine - WARNING - "FileClient" will be deprecated in future. Please use io functions in https://mmengine.readthedocs.io/en/latest/api/fileio.html#file-io
2026/04/10 15:53:57 - mmengine - WARNING - "HardDiskBackend" is the alias of "LocalBackend" and the former will be deprecated in future.
2026/04/10 15:53:57 - mmengine - INFO - Checkpoints will be saved to /data_12/gpudev/kashnitskii/yx/s6_project/practicum_work/artifacts/mmsegmentation_work_dir.
2026/04/10 15:54:09 - mmengine - INFO - Exp name: unet1_conf_20260410_155352
2026/04/10 15:54:09 - mmengine - INFO - Iter(train) [  38/3800]  lr: 2.0000e-04  eta: 0:20:46  time: 0.1803  data_time: 0.0060  memory: 19183  loss: 0.0208  decode.loss_focal: 0.0053  decode.loss_dice: 0.0155  decode.acc_seg: 98.1031
2026/04/10 15:54:10 - mmengine - INFO - per class results:
2026/04/10 15:54:10 - mmengine - INFO - 
+------------+-------+-------+
|   Class    |  Dice |  Acc  |
+------------+-------+-------+
| background |  96.1 | 94.78 |
|    cat     | 53.97 | 59.26 |
|    dog     | 48.46 | 55.21 |
+------------+-------+-------+
2026/04/10 15:54:10 - mmengine - INFO - Iter(val) [15/15]    aAcc: 90.7900  mDice: 66.1700  mAcc: 69.7500  data_time: 0.0181  time: 0.0754
2026/04/10 15:54:11 - mmengine - INFO - The best checkpoint with 66.1700 mDice at 1 epoch is saved to best_mDice_epoch_1.pth.
2026/04/10 15:54:18 - mmengine - INFO - Exp name: unet1_conf_20260410_155352
2026/04/10 15:54:18 - mmengine - INFO - Iter(train) [  76/3800]  lr: 1.9839e-04  eta: 0:15:58  time: 0.1817  data_time: 0.0059  memory: 4434  loss: 0.0222  decode.loss_focal: 0.0050  decode.loss_dice: 0.0172  decode.acc_seg: 98.7078
2026/04/10 15:54:19 - mmengine - INFO - per class results:
2026/04/10 15:54:19 - mmengine - INFO - 
+------------+-------+-------+
|   Class    |  Dice |  Acc  |
+------------+-------+-------+
| background | 97.18 | 97.77 |
|    cat     | 62.12 | 56.22 |
|    dog     |  54.1 | 55.13 |
+------------+-------+-------+
2026/04/10 15:54:19 - mmengine - INFO - Iter(val) [15/15]    aAcc: 93.2600  mDice: 71.1400  mAcc: 69.7100  data_time: 0.0093  time: 0.0656
2026/04/10 15:54:19 - mmengine - INFO - The previous best checkpoint /data_12/gpudev/kashnitskii/yx/s6_project/practicum_work/artifacts/mmsegmentation_work_dir/best_mDice_epoch_1.pth is removed
2026/04/10 15:54:19 - mmengine - INFO - The best checkpoint with 71.1400 mDice at 2 epoch is saved to best_mDice_epoch_2.pth.
2026/04/10 15:54:26 - mmengine - INFO - Exp name: unet1_conf_20260410_155352
2026/04/10 15:54:26 - mmengine - INFO - Iter(train) [ 114/3800]  lr: 1.9678e-04  eta: 0:14:17  time: 0.1817  data_time: 0.0060  memory: 4434  loss: 0.0206  decode.loss_focal: 0.0043  decode.loss_dice: 0.0163  decode.acc_seg: 97.9103
2026/04/10 15:54:27 - mmengine - INFO - per class results:
2026/04/10 15:54:27 - mmengine - INFO - 
+------------+-------+-------+
|   Class    |  Dice |  Acc  |
+------------+-------+-------+
| background | 97.07 |  98.4 |
|    cat     | 57.62 | 48.49 |
|    dog     | 47.64 | 45.55 |
+------------+-------+-------+
2026/04/10 15:54:27 - mmengine - INFO - Iter(val) [15/15]    aAcc: 92.9100  mDice: 67.4400  mAcc: 64.1500  data_time: 0.0094  time: 0.0661
2026/04/10 15:54:34 - mmengine - INFO - Exp name: unet1_conf_20260410_155352
2026/04/10 15:54:34 - mmengine - INFO - Iter(train) [ 152/3800]  lr: 1.9516e-04  eta: 0:13:25  time: 0.1833  data_time: 0.0065  memory: 4434  loss: 0.0254  decode.loss_focal: 0.0071  decode.loss_dice: 0.0183  decode.acc_seg: 95.4603
2026/04/10 15:54:35 - mmengine - INFO - per class results:
2026/04/10 15:54:35 - mmengine - INFO - 
+------------+-------+-------+
|   Class    |  Dice |  Acc  |
+------------+-------+-------+
| background | 97.33 |  98.0 |
|    cat     | 64.71 | 68.49 |
|    dog     | 42.79 | 32.58 |
+------------+-------+-------+
2026/04/10 15:54:35 - mmengine - INFO - Iter(val) [15/15]    aAcc: 93.3300  mDice: 68.2800  mAcc: 66.3600  data_time: 0.0094  time: 0.0664
2026/04/10 15:54:42 - mmengine - INFO - Exp name: unet1_conf_20260410_155352
2026/04/10 15:54:42 - mmengine - INFO - Iter(train) [ 190/3800]  lr: 1.9354e-04  eta: 0:12:50  time: 0.1820  data_time: 0.0060  memory: 4434  loss: 0.0207  decode.loss_focal: 0.0052  decode.loss_dice: 0.0155  decode.acc_seg: 98.5025
2026/04/10 15:54:44 - mmengine - INFO - per class results:
2026/04/10 15:54:44 - mmengine - INFO - 
+------------+-------+-------+
|   Class    |  Dice |  Acc  |
+------------+-------+-------+
| background | 97.17 | 98.62 |
|    cat     | 60.07 | 52.09 |
|    dog     | 51.37 | 45.62 |
+------------+-------+-------+
2026/04/10 15:54:44 - mmengine - INFO - Iter(val) [15/15]    aAcc: 93.3500  mDice: 69.5300  mAcc: 65.4500  data_time: 0.0310  time: 0.0878
2026/04/10 15:54:51 - mmengine - INFO - Exp name: unet1_conf_20260410_155352
2026/04/10 15:54:51 - mmengine - INFO - Iter(train) [ 228/3800]  lr: 1.9192e-04  eta: 0:12:25  time: 0.1833  data_time: 0.0062  memory: 4434  loss: 0.0130  decode.loss_focal: 0.0026  decode.loss_dice: 0.0104  decode.acc_seg: 99.0847
2026/04/10 15:54:52 - mmengine - INFO - per class results:
2026/04/10 15:54:52 - mmengine - INFO - 
+------------+-------+-------+
|   Class    |  Dice |  Acc  |
+------------+-------+-------+
| background | 97.27 | 99.03 |
|    cat     | 52.59 | 39.82 |
|    dog     | 51.84 | 51.56 |
+------------+-------+-------+
2026/04/10 15:54:52 - mmengine - INFO - Iter(val) [15/15]    aAcc: 93.1600  mDice: 67.2300  mAcc: 63.4700  data_time: 0.0083  time: 0.0646
2026/04/10 15:54:59 - mmengine - INFO - Exp name: unet1_conf_20260410_155352
2026/04/10 15:54:59 - mmengine - INFO - Iter(train) [ 266/3800]  lr: 1.9029e-04  eta: 0:12:05  time: 0.1824  data_time: 0.0057  memory: 4434  loss: 0.0117  decode.loss_focal: 0.0025  decode.loss_dice: 0.0092  decode.acc_seg: 96.8922
2026/04/10 15:55:00 - mmengine - INFO - per class results:
2026/04/10 15:55:00 - mmengine - INFO - 
+------------+-------+-------+
|   Class    |  Dice |  Acc  |
+------------+-------+-------+
| background | 97.33 | 98.91 |
|    cat     | 53.93 | 40.34 |
|    dog     | 56.64 | 59.33 |
+------------+-------+-------+
2026/04/10 15:55:00 - mmengine - INFO - Iter(val) [15/15]    aAcc: 93.4200  mDice: 69.3000  mAcc: 66.1900  data_time: 0.0103  time: 0.0671
2026/04/10 15:55:07 - mmengine - INFO - Exp name: unet1_conf_20260410_155352
2026/04/10 15:55:07 - mmengine - INFO - Iter(train) [ 304/3800]  lr: 1.8866e-04  eta: 0:11:48  time: 0.1827  data_time: 0.0062  memory: 4434  loss: 0.0084  decode.loss_focal: 0.0018  decode.loss_dice: 0.0067  decode.acc_seg: 99.2914
2026/04/10 15:55:08 - mmengine - INFO - per class results:
2026/04/10 15:55:08 - mmengine - INFO - 
+------------+-------+-------+
|   Class    |  Dice |  Acc  |
+------------+-------+-------+
| background | 97.37 | 98.72 |
|    cat     | 58.17 | 45.83 |
|    dog     | 59.44 | 61.57 |
+------------+-------+-------+
2026/04/10 15:55:08 - mmengine - INFO - Iter(val) [15/15]    aAcc: 93.7000  mDice: 71.6600  mAcc: 68.7100  data_time: 0.0090  time: 0.0658
2026/04/10 15:55:08 - mmengine - INFO - The previous best checkpoint /data_12/gpudev/kashnitskii/yx/s6_project/practicum_work/artifacts/mmsegmentation_work_dir/best_mDice_epoch_2.pth is removed
2026/04/10 15:55:08 - mmengine - INFO - The best checkpoint with 71.6600 mDice at 8 epoch is saved to best_mDice_epoch_8.pth.
2026/04/10 15:55:15 - mmengine - INFO - Exp name: unet1_conf_20260410_155352
2026/04/10 15:55:15 - mmengine - INFO - Iter(train) [ 342/3800]  lr: 1.8703e-04  eta: 0:11:34  time: 0.1835  data_time: 0.0063  memory: 4434  loss: 0.0089  decode.loss_focal: 0.0018  decode.loss_dice: 0.0071  decode.acc_seg: 99.1409
2026/04/10 15:55:16 - mmengine - INFO - per class results:
2026/04/10 15:55:16 - mmengine - INFO - 
+------------+-------+-------+
|   Class    |  Dice |  Acc  |
+------------+-------+-------+
| background | 97.45 | 98.41 |
|    cat     |  57.1 | 44.88 |
|    dog     | 57.22 | 64.39 |
+------------+-------+-------+
2026/04/10 15:55:16 - mmengine - INFO - Iter(val) [15/15]    aAcc: 93.4700  mDice: 70.5900  mAcc: 69.2200  data_time: 0.0101  time: 0.0671
2026/04/10 15:55:23 - mmengine - INFO - Exp name: unet1_conf_20260410_155352
2026/04/10 15:55:23 - mmengine - INFO - Iter(train) [ 380/3800]  lr: 1.8539e-04  eta: 0:11:21  time: 0.1839  data_time: 0.0063  memory: 4434  loss: 0.0098  decode.loss_focal: 0.0019  decode.loss_dice: 0.0079  decode.acc_seg: 99.3578
2026/04/10 15:55:24 - mmengine - INFO - per class results:
2026/04/10 15:55:24 - mmengine - INFO - 
+------------+-------+-------+
|   Class    |  Dice |  Acc  |
+------------+-------+-------+
| background | 97.46 | 98.65 |
|    cat     | 51.73 | 37.81 |
|    dog     | 56.65 | 65.77 |
+------------+-------+-------+
2026/04/10 15:55:24 - mmengine - INFO - Iter(val) [15/15]    aAcc: 93.2900  mDice: 68.6200  mAcc: 67.4100  data_time: 0.0091  time: 0.0658
2026/04/10 15:55:31 - mmengine - INFO - Exp name: unet1_conf_20260410_155352
2026/04/10 15:55:31 - mmengine - INFO - Iter(train) [ 418/3800]  lr: 1.8375e-04  eta: 0:11:09  time: 0.1839  data_time: 0.0064  memory: 4434  loss: 0.0082  decode.loss_focal: 0.0016  decode.loss_dice: 0.0066  decode.acc_seg: 99.2907
2026/04/10 15:55:32 - mmengine - INFO - per class results:
2026/04/10 15:55:32 - mmengine - INFO - 
+------------+-------+-------+
|   Class    |  Dice |  Acc  |
+------------+-------+-------+
| background |  97.5 | 98.83 |
|    cat     | 57.86 | 45.63 |
|    dog     | 56.25 | 58.58 |
+------------+-------+-------+
2026/04/10 15:55:32 - mmengine - INFO - Iter(val) [15/15]    aAcc: 93.6500  mDice: 70.5400  mAcc: 67.6800  data_time: 0.0089  time: 0.0658
2026/04/10 15:55:39 - mmengine - INFO - Exp name: unet1_conf_20260410_155352
2026/04/10 15:55:39 - mmengine - INFO - Iter(train) [ 456/3800]  lr: 1.8211e-04  eta: 0:10:58  time: 0.1835  data_time: 0.0060  memory: 4434  loss: 0.0089  decode.loss_focal: 0.0018  decode.loss_dice: 0.0071  decode.acc_seg: 99.4793
2026/04/10 15:55:40 - mmengine - INFO - per class results:
2026/04/10 15:55:40 - mmengine - INFO - 
+------------+-------+-------+
|   Class    |  Dice |  Acc  |
+------------+-------+-------+
| background |  97.3 |  99.0 |
|    cat     | 51.94 | 37.82 |
|    dog     | 56.32 | 59.27 |
+------------+-------+-------+
2026/04/10 15:55:40 - mmengine - INFO - Iter(val) [15/15]    aAcc: 93.3300  mDice: 68.5200  mAcc: 65.3600  data_time: 0.0093  time: 0.0659
2026/04/10 15:55:47 - mmengine - INFO - Exp name: unet1_conf_20260410_155352
2026/04/10 15:55:47 - mmengine - INFO - Iter(train) [ 494/3800]  lr: 1.8046e-04  eta: 0:10:48  time: 0.1847  data_time: 0.0065  memory: 4434  loss: 0.0087  decode.loss_focal: 0.0017  decode.loss_dice: 0.0070  decode.acc_seg: 98.4215
2026/04/10 15:55:49 - mmengine - INFO - per class results:
2026/04/10 15:55:49 - mmengine - INFO - 
+------------+-------+-------+
|   Class    |  Dice |  Acc  |
+------------+-------+-------+
| background | 97.52 | 98.87 |
|    cat     | 59.03 | 47.01 |
|    dog     | 58.15 | 59.53 |
+------------+-------+-------+
2026/04/10 15:55:49 - mmengine - INFO - Iter(val) [15/15]    aAcc: 93.8200  mDice: 71.5700  mAcc: 68.4700  data_time: 0.0147  time: 0.0713
2026/04/10 15:55:56 - mmengine - INFO - Exp name: unet1_conf_20260410_155352
2026/04/10 15:55:56 - mmengine - INFO - Iter(train) [ 532/3800]  lr: 1.7880e-04  eta: 0:10:38  time: 0.1837  data_time: 0.0060  memory: 4434  loss: 0.0079  decode.loss_focal: 0.0018  decode.loss_dice: 0.0062  decode.acc_seg: 99.1657
2026/04/10 15:55:57 - mmengine - INFO - per class results:
2026/04/10 15:55:57 - mmengine - INFO - 
+------------+-------+-------+
|   Class    |  Dice |  Acc  |
+------------+-------+-------+
| background | 97.39 | 98.82 |
|    cat     | 58.83 | 46.54 |
|    dog     | 58.12 |  58.9 |
+------------+-------+-------+
2026/04/10 15:55:57 - mmengine - INFO - Iter(val) [15/15]    aAcc: 93.7300  mDice: 71.4500  mAcc: 68.0900  data_time: 0.0092  time: 0.0660
2026/04/10 15:56:04 - mmengine - INFO - Exp name: unet1_conf_20260410_155352
2026/04/10 15:56:04 - mmengine - INFO - Iter(train) [ 570/3800]  lr: 1.7715e-04  eta: 0:10:28  time: 0.1836  data_time: 0.0060  memory: 4434  loss: 0.0088  decode.loss_focal: 0.0016  decode.loss_dice: 0.0072  decode.acc_seg: 99.4184
2026/04/10 15:56:05 - mmengine - INFO - per class results:
2026/04/10 15:56:05 - mmengine - INFO - 
+------------+-------+-------+
|   Class    |  Dice |  Acc  |
+------------+-------+-------+
| background | 97.27 | 99.05 |
|    cat     | 52.07 | 38.68 |
|    dog     | 56.58 | 57.37 |
+------------+-------+-------+
2026/04/10 15:56:05 - mmengine - INFO - Iter(val) [15/15]    aAcc: 93.3400  mDice: 68.6400  mAcc: 65.0300  data_time: 0.0090  time: 0.0660
2026/04/10 15:56:12 - mmengine - INFO - Exp name: unet1_conf_20260410_155352
2026/04/10 15:56:12 - mmengine - INFO - Iter(train) [ 608/3800]  lr: 1.7549e-04  eta: 0:10:19  time: 0.1840  data_time: 0.0058  memory: 4434  loss: 0.0074  decode.loss_focal: 0.0015  decode.loss_dice: 0.0059  decode.acc_seg: 99.1600
2026/04/10 15:56:13 - mmengine - INFO - per class results:
2026/04/10 15:56:13 - mmengine - INFO - 
+------------+-------+-------+
|   Class    |  Dice |  Acc  |
+------------+-------+-------+
| background | 97.38 | 98.79 |
|    cat     | 55.06 | 42.14 |
|    dog     | 57.36 | 60.72 |
+------------+-------+-------+
2026/04/10 15:56:13 - mmengine - INFO - Iter(val) [15/15]    aAcc: 93.4800  mDice: 69.9300  mAcc: 67.2100  data_time: 0.0091  time: 0.0662
2026/04/10 15:56:20 - mmengine - INFO - Exp name: unet1_conf_20260410_155352
2026/04/10 15:56:20 - mmengine - INFO - Iter(train) [ 646/3800]  lr: 1.7383e-04  eta: 0:10:10  time: 0.1841  data_time: 0.0064  memory: 4434  loss: 0.0068  decode.loss_focal: 0.0013  decode.loss_dice: 0.0055  decode.acc_seg: 99.2144
2026/04/10 15:56:21 - mmengine - INFO - per class results:
2026/04/10 15:56:21 - mmengine - INFO - 
+------------+-------+-------+
|   Class    |  Dice |  Acc  |
+------------+-------+-------+
| background | 97.38 | 98.94 |
|    cat     | 57.86 | 45.67 |
|    dog     | 55.11 | 54.51 |
+------------+-------+-------+
2026/04/10 15:56:21 - mmengine - INFO - Iter(val) [15/15]    aAcc: 93.5900  mDice: 70.1200  mAcc: 66.3700  data_time: 0.0089  time: 0.0658
2026/04/10 15:56:28 - mmengine - INFO - Exp name: unet1_conf_20260410_155352
2026/04/10 15:56:28 - mmengine - INFO - Iter(train) [ 684/3800]  lr: 1.7216e-04  eta: 0:10:01  time: 0.1844  data_time: 0.0064  memory: 4434  loss: 0.0085  decode.loss_focal: 0.0019  decode.loss_dice: 0.0066  decode.acc_seg: 99.2544
2026/04/10 15:56:29 - mmengine - INFO - per class results:
2026/04/10 15:56:29 - mmengine - INFO - 
+------------+-------+-------+
|   Class    |  Dice |  Acc  |
+------------+-------+-------+
| background | 97.41 | 98.85 |
|    cat     | 55.91 | 43.59 |
|    dog     | 57.15 | 58.83 |
+------------+-------+-------+
2026/04/10 15:56:29 - mmengine - INFO - Iter(val) [15/15]    aAcc: 93.5600  mDice: 70.1600  mAcc: 67.0900  data_time: 0.0087  time: 0.0656
2026/04/10 15:56:36 - mmengine - INFO - Exp name: unet1_conf_20260410_155352
2026/04/10 15:56:36 - mmengine - INFO - Iter(train) [ 722/3800]  lr: 1.7049e-04  eta: 0:09:53  time: 0.1839  data_time: 0.0059  memory: 4434  loss: 0.0066  decode.loss_focal: 0.0012  decode.loss_dice: 0.0054  decode.acc_seg: 99.3626
2026/04/10 15:56:37 - mmengine - INFO - per class results:
2026/04/10 15:56:37 - mmengine - INFO - 
+------------+-------+-------+
|   Class    |  Dice |  Acc  |
+------------+-------+-------+
| background | 97.35 | 98.96 |
|    cat     | 55.71 | 42.41 |
|    dog     | 57.35 | 58.52 |
+------------+-------+-------+
2026/04/10 15:56:37 - mmengine - INFO - Iter(val) [15/15]    aAcc: 93.5600  mDice: 70.1400  mAcc: 66.6300  data_time: 0.0098  time: 0.0666
2026/04/10 15:56:44 - mmengine - INFO - Exp name: unet1_conf_20260410_155352
2026/04/10 15:56:44 - mmengine - INFO - Iter(train) [ 760/3800]  lr: 1.6881e-04  eta: 0:09:44  time: 0.1840  data_time: 0.0059  memory: 4434  loss: 0.0061  decode.loss_focal: 0.0011  decode.loss_dice: 0.0050  decode.acc_seg: 99.2231
2026/04/10 15:56:45 - mmengine - INFO - per class results:
2026/04/10 15:56:45 - mmengine - INFO - 
+------------+-------+-------+
|   Class    |  Dice |  Acc  |
+------------+-------+-------+
| background |  97.5 | 98.78 |
|    cat     | 57.55 | 45.03 |
|    dog     | 57.58 |  61.1 |
+------------+-------+-------+
2026/04/10 15:56:45 - mmengine - INFO - Iter(val) [15/15]    aAcc: 93.6800  mDice: 70.8800  mAcc: 68.3000  data_time: 0.0087  time: 0.0654
2026/04/10 15:56:52 - mmengine - INFO - Exp name: unet1_conf_20260410_155352
2026/04/10 15:56:52 - mmengine - INFO - Iter(train) [ 798/3800]  lr: 1.6713e-04  eta: 0:09:36  time: 0.1838  data_time: 0.0057  memory: 4434  loss: 0.0065  decode.loss_focal: 0.0013  decode.loss_dice: 0.0052  decode.acc_seg: 99.3341
2026/04/10 15:56:54 - mmengine - INFO - per class results:
2026/04/10 15:56:54 - mmengine - INFO - 
+------------+-------+-------+
|   Class    |  Dice |  Acc  |
+------------+-------+-------+
| background | 97.29 |  99.0 |
|    cat     | 54.93 | 42.19 |
|    dog     | 56.14 | 55.38 |
+------------+-------+-------+
2026/04/10 15:56:54 - mmengine - INFO - Iter(val) [15/15]    aAcc: 93.4500  mDice: 69.4500  mAcc: 65.5300  data_time: 0.0257  time: 0.0824
2026/04/10 15:57:01 - mmengine - INFO - Exp name: unet1_conf_20260410_155352
2026/04/10 15:57:01 - mmengine - INFO - Iter(train) [ 836/3800]  lr: 1.6544e-04  eta: 0:09:28  time: 0.1839  data_time: 0.0059  memory: 4434  loss: 0.0060  decode.loss_focal: 0.0011  decode.loss_dice: 0.0049  decode.acc_seg: 99.4690
2026/04/10 15:57:02 - mmengine - INFO - per class results:
2026/04/10 15:57:02 - mmengine - INFO - 
+------------+-------+-------+
|   Class    |  Dice |  Acc  |
+------------+-------+-------+
| background | 97.37 | 98.65 |
|    cat     | 54.92 | 41.65 |
|    dog     | 55.81 | 61.28 |
+------------+-------+-------+
2026/04/10 15:57:02 - mmengine - INFO - Iter(val) [15/15]    aAcc: 93.3500  mDice: 69.3700  mAcc: 67.2000  data_time: 0.0100  time: 0.0672
2026/04/10 15:57:09 - mmengine - INFO - Exp name: unet1_conf_20260410_155352
2026/04/10 15:57:09 - mmengine - INFO - Iter(train) [ 874/3800]  lr: 1.6376e-04  eta: 0:09:20  time: 0.1840  data_time: 0.0062  memory: 4434  loss: 0.0064  decode.loss_focal: 0.0013  decode.loss_dice: 0.0052  decode.acc_seg: 99.4631
2026/04/10 15:57:10 - mmengine - INFO - per class results:
2026/04/10 15:57:10 - mmengine - INFO - 
+------------+-------+-------+
|   Class    |  Dice |  Acc  |
+------------+-------+-------+
| background | 97.32 | 98.98 |
|    cat     | 54.13 | 40.19 |
|    dog     | 55.74 |  58.0 |
+------------+-------+-------+
2026/04/10 15:57:10 - mmengine - INFO - Iter(val) [15/15]    aAcc: 93.4100  mDice: 69.0600  mAcc: 65.7200  data_time: 0.0089  time: 0.0660
2026/04/10 15:57:17 - mmengine - INFO - Exp name: unet1_conf_20260410_155352
2026/04/10 15:57:17 - mmengine - INFO - Iter(train) [ 912/3800]  lr: 1.6206e-04  eta: 0:09:12  time: 0.1840  data_time: 0.0059  memory: 4434  loss: 0.0071  decode.loss_focal: 0.0013  decode.loss_dice: 0.0059  decode.acc_seg: 99.3340
2026/04/10 15:57:18 - mmengine - INFO - per class results:
2026/04/10 15:57:18 - mmengine - INFO - 
+------------+-------+-------+
|   Class    |  Dice |  Acc  |
+------------+-------+-------+
| background | 97.36 | 98.93 |
|    cat     | 55.46 | 42.24 |
|    dog     | 56.97 | 58.61 |
+------------+-------+-------+
2026/04/10 15:57:18 - mmengine - INFO - Iter(val) [15/15]    aAcc: 93.5200  mDice: 69.9300  mAcc: 66.5900  data_time: 0.0081  time: 0.0651
2026/04/10 15:57:25 - mmengine - INFO - Exp name: unet1_conf_20260410_155352
2026/04/10 15:57:25 - mmengine - INFO - Iter(train) [ 950/3800]  lr: 1.6037e-04  eta: 0:09:04  time: 0.1841  data_time: 0.0060  memory: 4434  loss: 0.0058  decode.loss_focal: 0.0012  decode.loss_dice: 0.0046  decode.acc_seg: 99.4213
2026/04/10 15:57:26 - mmengine - INFO - per class results:
2026/04/10 15:57:26 - mmengine - INFO - 
+------------+-------+-------+
|   Class    |  Dice |  Acc  |
+------------+-------+-------+
| background | 97.42 | 98.82 |
|    cat     |  54.6 | 41.47 |
|    dog     | 54.63 | 58.48 |
+------------+-------+-------+
2026/04/10 15:57:26 - mmengine - INFO - Iter(val) [15/15]    aAcc: 93.3700  mDice: 68.8800  mAcc: 66.2500  data_time: 0.0104  time: 0.0677
2026/04/10 15:57:33 - mmengine - INFO - Exp name: unet1_conf_20260410_155352
2026/04/10 15:57:33 - mmengine - INFO - Iter(train) [ 988/3800]  lr: 1.5866e-04  eta: 0:08:56  time: 0.1839  data_time: 0.0059  memory: 4434  loss: 0.0067  decode.loss_focal: 0.0013  decode.loss_dice: 0.0054  decode.acc_seg: 97.2975
2026/04/10 15:57:34 - mmengine - INFO - per class results:
2026/04/10 15:57:34 - mmengine - INFO - 
+------------+-------+-------+
|   Class    |  Dice |  Acc  |
+------------+-------+-------+
| background | 97.46 | 98.67 |
|    cat     | 57.36 | 44.75 |
|    dog     | 57.83 | 62.51 |
+------------+-------+-------+
2026/04/10 15:57:34 - mmengine - INFO - Iter(val) [15/15]    aAcc: 93.6200  mDice: 70.8800  mAcc: 68.6400  data_time: 0.0265  time: 0.0833
2026/04/10 15:57:37 - mmengine - INFO - Exp name: unet1_conf_20260410_155352
2026/04/10 15:57:41 - mmengine - INFO - Exp name: unet1_conf_20260410_155352
2026/04/10 15:57:41 - mmengine - INFO - Iter(train) [1026/3800]  lr: 1.5696e-04  eta: 0:08:48  time: 0.1840  data_time: 0.0059  memory: 4434  loss: 0.0058  decode.loss_focal: 0.0011  decode.loss_dice: 0.0048  decode.acc_seg: 99.1806
2026/04/10 15:57:42 - mmengine - INFO - per class results:
2026/04/10 15:57:42 - mmengine - INFO - 
+------------+-------+-------+
|   Class    |  Dice |  Acc  |
+------------+-------+-------+
| background | 97.33 | 99.02 |
|    cat     | 52.22 | 37.83 |
|    dog     | 57.69 | 61.27 |
+------------+-------+-------+
2026/04/10 15:57:42 - mmengine - INFO - Iter(val) [15/15]    aAcc: 93.4300  mDice: 69.0800  mAcc: 66.0400  data_time: 0.0094  time: 0.0664
2026/04/10 15:57:50 - mmengine - INFO - Exp name: unet1_conf_20260410_155352
2026/04/10 15:57:50 - mmengine - INFO - Iter(train) [1064/3800]  lr: 1.5524e-04  eta: 0:08:40  time: 0.1843  data_time: 0.0060  memory: 4434  loss: 0.0054  decode.loss_focal: 0.0010  decode.loss_dice: 0.0044  decode.acc_seg: 99.6153
2026/04/10 15:57:51 - mmengine - INFO - per class results:
2026/04/10 15:57:51 - mmengine - INFO - 
+------------+-------+-------+
|   Class    |  Dice |  Acc  |
+------------+-------+-------+
| background | 97.49 | 98.81 |
|    cat     | 56.19 | 43.66 |
|    dog     | 57.03 | 60.44 |
+------------+-------+-------+
2026/04/10 15:57:51 - mmengine - INFO - Iter(val) [15/15]    aAcc: 93.5900  mDice: 70.2400  mAcc: 67.6400  data_time: 0.0090  time: 0.0659
2026/04/10 15:57:58 - mmengine - INFO - Exp name: unet1_conf_20260410_155352
2026/04/10 15:57:58 - mmengine - INFO - Iter(train) [1102/3800]  lr: 1.5353e-04  eta: 0:08:33  time: 0.1837  data_time: 0.0058  memory: 4434  loss: 0.0056  decode.loss_focal: 0.0009  decode.loss_dice: 0.0047  decode.acc_seg: 99.5346
2026/04/10 15:57:59 - mmengine - INFO - per class results:
2026/04/10 15:57:59 - mmengine - INFO - 
+------------+-------+-------+
|   Class    |  Dice |  Acc  |
+------------+-------+-------+
| background | 97.43 | 98.96 |
|    cat     | 60.83 | 49.71 |
|    dog     | 57.11 |  54.4 |
+------------+-------+-------+
2026/04/10 15:57:59 - mmengine - INFO - Iter(val) [15/15]    aAcc: 93.8600  mDice: 71.7900  mAcc: 67.6900  data_time: 0.0089  time: 0.0663
2026/04/10 15:57:59 - mmengine - INFO - The previous best checkpoint /data_12/gpudev/kashnitskii/yx/s6_project/practicum_work/artifacts/mmsegmentation_work_dir/best_mDice_epoch_8.pth is removed
2026/04/10 15:57:59 - mmengine - INFO - The best checkpoint with 71.7900 mDice at 29 epoch is saved to best_mDice_epoch_29.pth.
2026/04/10 15:58:06 - mmengine - INFO - Exp name: unet1_conf_20260410_155352
2026/04/10 15:58:06 - mmengine - INFO - Iter(train) [1140/3800]  lr: 1.5181e-04  eta: 0:08:25  time: 0.1837  data_time: 0.0059  memory: 4434  loss: 0.0058  decode.loss_focal: 0.0011  decode.loss_dice: 0.0047  decode.acc_seg: 99.3893
2026/04/10 15:58:07 - mmengine - INFO - per class results:
2026/04/10 15:58:07 - mmengine - INFO - 
+------------+-------+-------+
|   Class    |  Dice |  Acc  |
+------------+-------+-------+
| background | 97.48 | 98.82 |
|    cat     | 58.59 |  46.3 |
|    dog     | 56.65 | 58.64 |
+------------+-------+-------+
2026/04/10 15:58:07 - mmengine - INFO - Iter(val) [15/15]    aAcc: 93.7000  mDice: 70.9100  mAcc: 67.9200  data_time: 0.0091  time: 0.0664
2026/04/10 15:58:14 - mmengine - INFO - Exp name: unet1_conf_20260410_155352
2026/04/10 15:58:14 - mmengine - INFO - Iter(train) [1178/3800]  lr: 1.5008e-04  eta: 0:08:18  time: 0.1842  data_time: 0.0060  memory: 4434  loss: 0.0048  decode.loss_focal: 0.0009  decode.loss_dice: 0.0039  decode.acc_seg: 99.5094
2026/04/10 15:58:15 - mmengine - INFO - per class results:
2026/04/10 15:58:15 - mmengine - INFO - 
+------------+-------+-------+
|   Class    |  Dice |  Acc  |
+------------+-------+-------+
| background | 97.46 | 98.89 |
|    cat     | 59.04 |  47.2 |
|    dog     | 56.14 | 56.21 |
+------------+-------+-------+
2026/04/10 15:58:15 - mmengine - INFO - Iter(val) [15/15]    aAcc: 93.7100  mDice: 70.8800  mAcc: 67.4300  data_time: 0.0093  time: 0.0662
2026/04/10 15:58:22 - mmengine - INFO - Exp name: unet1_conf_20260410_155352
2026/04/10 15:58:22 - mmengine - INFO - Iter(train) [1216/3800]  lr: 1.4835e-04  eta: 0:08:10  time: 0.1838  data_time: 0.0059  memory: 4434  loss: 0.0049  decode.loss_focal: 0.0010  decode.loss_dice: 0.0039  decode.acc_seg: 99.5792
2026/04/10 15:58:23 - mmengine - INFO - per class results:
2026/04/10 15:58:23 - mmengine - INFO - 
+------------+-------+-------+
|   Class    |  Dice |  Acc  |
+------------+-------+-------+
| background | 97.49 | 98.81 |
|    cat     | 60.98 | 49.33 |
|    dog     | 58.34 | 58.99 |
+------------+-------+-------+
2026/04/10 15:58:23 - mmengine - INFO - Iter(val) [15/15]    aAcc: 93.9000  mDice: 72.2700  mAcc: 69.0400  data_time: 0.0095  time: 0.0667
2026/04/10 15:58:23 - mmengine - INFO - The previous best checkpoint /data_12/gpudev/kashnitskii/yx/s6_project/practicum_work/artifacts/mmsegmentation_work_dir/best_mDice_epoch_29.pth is removed
2026/04/10 15:58:24 - mmengine - INFO - The best checkpoint with 72.2700 mDice at 32 epoch is saved to best_mDice_epoch_32.pth.
2026/04/10 15:58:31 - mmengine - INFO - Exp name: unet1_conf_20260410_155352
2026/04/10 15:58:31 - mmengine - INFO - Iter(train) [1254/3800]  lr: 1.4661e-04  eta: 0:08:02  time: 0.1842  data_time: 0.0061  memory: 4434  loss: 0.0055  decode.loss_focal: 0.0009  decode.loss_dice: 0.0045  decode.acc_seg: 99.5083
2026/04/10 15:58:32 - mmengine - INFO - per class results:
2026/04/10 15:58:32 - mmengine - INFO - 
+------------+-------+-------+
|   Class    |  Dice |  Acc  |
+------------+-------+-------+
| background | 97.52 | 98.77 |
|    cat     | 60.33 | 48.49 |
|    dog     | 58.42 | 60.37 |
+------------+-------+-------+
2026/04/10 15:58:32 - mmengine - INFO - Iter(val) [15/15]    aAcc: 93.8700  mDice: 72.0900  mAcc: 69.2100  data_time: 0.0095  time: 0.0668
2026/04/10 15:58:39 - mmengine - INFO - Exp name: unet1_conf_20260410_155352
2026/04/10 15:58:39 - mmengine - INFO - Iter(train) [1292/3800]  lr: 1.4487e-04  eta: 0:07:55  time: 0.1841  data_time: 0.0060  memory: 4434  loss: 0.0096  decode.loss_focal: 0.0021  decode.loss_dice: 0.0074  decode.acc_seg: 99.1262
2026/04/10 15:58:40 - mmengine - INFO - per class results:
2026/04/10 15:58:40 - mmengine - INFO - 
+------------+-------+-------+
|   Class    |  Dice |  Acc  |
+------------+-------+-------+
| background | 97.26 | 97.56 |
|    cat     | 55.53 | 43.01 |
|    dog     |  54.8 | 70.49 |
+------------+-------+-------+
2026/04/10 15:58:40 - mmengine - INFO - Iter(val) [15/15]    aAcc: 92.8600  mDice: 69.2000  mAcc: 70.3600  data_time: 0.0271  time: 0.0840
2026/04/10 15:58:47 - mmengine - INFO - Exp name: unet1_conf_20260410_155352
2026/04/10 15:58:47 - mmengine - INFO - Iter(train) [1330/3800]  lr: 1.4313e-04  eta: 0:07:47  time: 0.1841  data_time: 0.0060  memory: 4434  loss: 0.0114  decode.loss_focal: 0.0026  decode.loss_dice: 0.0089  decode.acc_seg: 99.0162
2026/04/10 15:58:48 - mmengine - INFO - per class results:
2026/04/10 15:58:48 - mmengine - INFO - 
+------------+-------+-------+
|   Class    |  Dice |  Acc  |
+------------+-------+-------+
| background | 97.23 | 97.73 |
|    cat     | 58.73 | 49.99 |
|    dog     | 56.46 | 63.52 |
+------------+-------+-------+
2026/04/10 15:58:48 - mmengine - INFO - Iter(val) [15/15]    aAcc: 93.1600  mDice: 70.8100  mAcc: 70.4100  data_time: 0.0100  time: 0.0672
2026/04/10 15:58:55 - mmengine - INFO - Exp name: unet1_conf_20260410_155352
2026/04/10 15:58:55 - mmengine - INFO - Iter(train) [1368/3800]  lr: 1.4137e-04  eta: 0:07:40  time: 0.1843  data_time: 0.0060  memory: 4434  loss: 0.0233  decode.loss_focal: 0.0059  decode.loss_dice: 0.0173  decode.acc_seg: 97.0238
2026/04/10 15:58:56 - mmengine - INFO - per class results:
2026/04/10 15:58:56 - mmengine - INFO - 
+------------+-------+-------+
|   Class    |  Dice |  Acc  |
+------------+-------+-------+
| background | 89.04 |  81.1 |
|    cat     | 39.77 | 29.24 |
|    dog     | 24.61 | 81.54 |
+------------+-------+-------+
2026/04/10 15:58:56 - mmengine - INFO - Iter(val) [15/15]    aAcc: 77.7200  mDice: 51.1400  mAcc: 63.9600  data_time: 0.0091  time: 0.0661
2026/04/10 15:59:03 - mmengine - INFO - Exp name: unet1_conf_20260410_155352
2026/04/10 15:59:03 - mmengine - INFO - Iter(train) [1406/3800]  lr: 1.3962e-04  eta: 0:07:33  time: 0.1840  data_time: 0.0059  memory: 4434  loss: 0.0275  decode.loss_focal: 0.0062  decode.loss_dice: 0.0213  decode.acc_seg: 97.1651
2026/04/10 15:59:04 - mmengine - INFO - per class results:
2026/04/10 15:59:04 - mmengine - INFO - 
+------------+-------+-------+
|   Class    |  Dice |  Acc  |
+------------+-------+-------+
| background | 96.82 | 98.46 |
|    cat     | 39.71 | 26.59 |
|    dog     |  52.6 |  60.8 |
+------------+-------+-------+
2026/04/10 15:59:04 - mmengine - INFO - Iter(val) [15/15]    aAcc: 92.1700  mDice: 63.0400  mAcc: 61.9500  data_time: 0.0087  time: 0.0656
2026/04/10 15:59:12 - mmengine - INFO - Exp name: unet1_conf_20260410_155352
2026/04/10 15:59:12 - mmengine - INFO - Iter(train) [1444/3800]  lr: 1.3785e-04  eta: 0:07:25  time: 0.1840  data_time: 0.0059  memory: 4434  loss: 0.0249  decode.loss_focal: 0.0065  decode.loss_dice: 0.0184  decode.acc_seg: 97.9660
2026/04/10 15:59:13 - mmengine - INFO - per class results:
2026/04/10 15:59:13 - mmengine - INFO - 
+------------+-------+-------+
|   Class    |  Dice |  Acc  |
+------------+-------+-------+
| background | 96.91 |  97.1 |
|    cat     | 63.92 | 70.36 |
|    dog     | 48.82 | 39.05 |
+------------+-------+-------+
2026/04/10 15:59:13 - mmengine - INFO - Iter(val) [15/15]    aAcc: 92.9200  mDice: 69.8800  mAcc: 68.8400  data_time: 0.0099  time: 0.0673
2026/04/10 15:59:20 - mmengine - INFO - Exp name: unet1_conf_20260410_155352
2026/04/10 15:59:20 - mmengine - INFO - Iter(train) [1482/3800]  lr: 1.3609e-04  eta: 0:07:18  time: 0.1839  data_time: 0.0059  memory: 4434  loss: 0.0176  decode.loss_focal: 0.0032  decode.loss_dice: 0.0144  decode.acc_seg: 98.5897
2026/04/10 15:59:21 - mmengine - INFO - per class results:
2026/04/10 15:59:21 - mmengine - INFO - 
+------------+-------+-------+
|   Class    |  Dice |  Acc  |
+------------+-------+-------+
| background | 97.18 | 98.18 |
|    cat     |  54.4 | 43.15 |
|    dog     |  50.7 | 55.97 |
+------------+-------+-------+
2026/04/10 15:59:21 - mmengine - INFO - Iter(val) [15/15]    aAcc: 92.8100  mDice: 67.4200  mAcc: 65.7700  data_time: 0.0091  time: 0.0660
2026/04/10 15:59:28 - mmengine - INFO - Exp name: unet1_conf_20260410_155352
2026/04/10 15:59:28 - mmengine - INFO - Iter(train) [1520/3800]  lr: 1.3431e-04  eta: 0:07:10  time: 0.1841  data_time: 0.0060  memory: 4434  loss: 0.0117  decode.loss_focal: 0.0022  decode.loss_dice: 0.0094  decode.acc_seg: 99.2271
2026/04/10 15:59:29 - mmengine - INFO - per class results:
2026/04/10 15:59:29 - mmengine - INFO - 
+------------+-------+-------+
|   Class    |  Dice |  Acc  |
+------------+-------+-------+
| background | 96.96 | 99.16 |
|    cat     | 57.48 | 46.18 |
|    dog     |  54.7 | 45.13 |
+------------+-------+-------+
2026/04/10 15:59:29 - mmengine - INFO - Iter(val) [15/15]    aAcc: 93.4200  mDice: 69.7100  mAcc: 63.4900  data_time: 0.0091  time: 0.0667
2026/04/10 15:59:36 - mmengine - INFO - Exp name: unet1_conf_20260410_155352
2026/04/10 15:59:36 - mmengine - INFO - Iter(train) [1558/3800]  lr: 1.3253e-04  eta: 0:07:03  time: 0.1844  data_time: 0.0063  memory: 4434  loss: 0.0081  decode.loss_focal: 0.0015  decode.loss_dice: 0.0066  decode.acc_seg: 99.2678
2026/04/10 15:59:37 - mmengine - INFO - per class results:
2026/04/10 15:59:37 - mmengine - INFO - 
+------------+-------+-------+
|   Class    |  Dice |  Acc  |
+------------+-------+-------+
| background | 97.14 | 98.83 |
|    cat     | 53.02 | 40.21 |
|    dog     | 54.57 | 54.99 |
+------------+-------+-------+
2026/04/10 15:59:37 - mmengine - INFO - Iter(val) [15/15]    aAcc: 93.1500  mDice: 68.2400  mAcc: 64.6800  data_time: 0.0099  time: 0.0672
2026/04/10 15:59:44 - mmengine - INFO - Exp name: unet1_conf_20260410_155352
2026/04/10 15:59:44 - mmengine - INFO - Iter(train) [1596/3800]  lr: 1.3074e-04  eta: 0:06:56  time: 0.1841  data_time: 0.0059  memory: 4434  loss: 0.0102  decode.loss_focal: 0.0024  decode.loss_dice: 0.0078  decode.acc_seg: 97.6427
2026/04/10 15:59:45 - mmengine - INFO - per class results:
2026/04/10 15:59:45 - mmengine - INFO - 
+------------+-------+-------+
|   Class    |  Dice |  Acc  |
+------------+-------+-------+
| background |  97.4 | 98.65 |
|    cat     |  62.1 | 51.72 |
|    dog     | 57.16 |  56.5 |
+------------+-------+-------+
2026/04/10 15:59:45 - mmengine - INFO - Iter(val) [15/15]    aAcc: 93.8100  mDice: 72.2200  mAcc: 68.9600  data_time: 0.0262  time: 0.0830
2026/04/10 15:59:52 - mmengine - INFO - Exp name: unet1_conf_20260410_155352
2026/04/10 15:59:52 - mmengine - INFO - Iter(train) [1634/3800]  lr: 1.2895e-04  eta: 0:06:48  time: 0.1845  data_time: 0.0063  memory: 4434  loss: 0.0077  decode.loss_focal: 0.0015  decode.loss_dice: 0.0062  decode.acc_seg: 97.4062
2026/04/10 15:59:53 - mmengine - INFO - per class results:
2026/04/10 15:59:53 - mmengine - INFO - 
+------------+-------+-------+
|   Class    |  Dice |  Acc  |
+------------+-------+-------+
| background | 97.41 | 98.64 |
|    cat     | 60.28 | 47.95 |
|    dog     | 58.49 | 61.44 |
+------------+-------+-------+
2026/04/10 15:59:53 - mmengine - INFO - Iter(val) [15/15]    aAcc: 93.7600  mDice: 72.0600  mAcc: 69.3400  data_time: 0.0085  time: 0.0653
2026/04/10 16:00:00 - mmengine - INFO - Exp name: unet1_conf_20260410_155352
2026/04/10 16:00:00 - mmengine - INFO - Iter(train) [1672/3800]  lr: 1.2715e-04  eta: 0:06:41  time: 0.1843  data_time: 0.0060  memory: 4434  loss: 0.0074  decode.loss_focal: 0.0013  decode.loss_dice: 0.0061  decode.acc_seg: 99.4444
2026/04/10 16:00:01 - mmengine - INFO - per class results:
2026/04/10 16:00:01 - mmengine - INFO - 
+------------+-------+-------+
|   Class    |  Dice |  Acc  |
+------------+-------+-------+
| background | 97.29 | 98.78 |
|    cat     | 46.42 | 31.68 |
|    dog     |  55.1 | 64.61 |
+------------+-------+-------+
2026/04/10 16:00:01 - mmengine - INFO - Iter(val) [15/15]    aAcc: 92.9500  mDice: 66.2700  mAcc: 65.0200  data_time: 0.0097  time: 0.0670
2026/04/10 16:00:09 - mmengine - INFO - Exp name: unet1_conf_20260410_155352
2026/04/10 16:00:09 - mmengine - INFO - Iter(train) [1710/3800]  lr: 1.2535e-04  eta: 0:06:34  time: 0.1850  data_time: 0.0063  memory: 4434  loss: 0.0064  decode.loss_focal: 0.0012  decode.loss_dice: 0.0053  decode.acc_seg: 98.2954
2026/04/10 16:00:10 - mmengine - INFO - per class results:
2026/04/10 16:00:10 - mmengine - INFO - 
+------------+-------+-------+
|   Class    |  Dice |  Acc  |
+------------+-------+-------+
| background | 97.26 | 98.87 |
|    cat     | 58.21 | 45.72 |
|    dog     | 55.93 | 55.05 |
+------------+-------+-------+
2026/04/10 16:00:10 - mmengine - INFO - Iter(val) [15/15]    aAcc: 93.5500  mDice: 70.4700  mAcc: 66.5500  data_time: 0.0100  time: 0.0677
2026/04/10 16:00:17 - mmengine - INFO - Exp name: unet1_conf_20260410_155352
2026/04/10 16:00:17 - mmengine - INFO - Iter(train) [1748/3800]  lr: 1.2353e-04  eta: 0:06:26  time: 0.1845  data_time: 0.0062  memory: 4434  loss: 0.0060  decode.loss_focal: 0.0011  decode.loss_dice: 0.0049  decode.acc_seg: 99.5680
2026/04/10 16:00:18 - mmengine - INFO - per class results:
2026/04/10 16:00:18 - mmengine - INFO - 
+------------+-------+-------+
|   Class    |  Dice |  Acc  |
+------------+-------+-------+
| background |  97.3 | 98.84 |
|    cat     |  55.7 | 42.32 |
|    dog     | 56.41 | 58.59 |
+------------+-------+-------+
2026/04/10 16:00:18 - mmengine - INFO - Iter(val) [15/15]    aAcc: 93.4500  mDice: 69.8000  mAcc: 66.5800  data_time: 0.0089  time: 0.0661
2026/04/10 16:00:25 - mmengine - INFO - Exp name: unet1_conf_20260410_155352
2026/04/10 16:00:25 - mmengine - INFO - Iter(train) [1786/3800]  lr: 1.2172e-04  eta: 0:06:19  time: 0.1851  data_time: 0.0066  memory: 4434  loss: 0.0047  decode.loss_focal: 0.0009  decode.loss_dice: 0.0039  decode.acc_seg: 99.5470
2026/04/10 16:00:26 - mmengine - INFO - per class results:
2026/04/10 16:00:26 - mmengine - INFO - 
+------------+-------+-------+
|   Class    |  Dice |  Acc  |
+------------+-------+-------+
| background | 97.33 | 98.79 |
|    cat     | 58.23 | 45.68 |
|    dog     | 57.26 | 58.23 |
+------------+-------+-------+
2026/04/10 16:00:26 - mmengine - INFO - Iter(val) [15/15]    aAcc: 93.6100  mDice: 70.9400  mAcc: 67.5700  data_time: 0.0091  time: 0.0659
2026/04/10 16:00:33 - mmengine - INFO - Exp name: unet1_conf_20260410_155352
2026/04/10 16:00:33 - mmengine - INFO - Iter(train) [1824/3800]  lr: 1.1989e-04  eta: 0:06:12  time: 0.1849  data_time: 0.0065  memory: 4434  loss: 0.0056  decode.loss_focal: 0.0010  decode.loss_dice: 0.0046  decode.acc_seg: 99.5510
2026/04/10 16:00:34 - mmengine - INFO - per class results:
2026/04/10 16:00:34 - mmengine - INFO - 
+------------+-------+-------+
|   Class    |  Dice |  Acc  |
+------------+-------+-------+
| background | 97.34 | 98.82 |
|    cat     | 57.56 | 44.61 |
|    dog     | 57.96 | 59.69 |
+------------+-------+-------+
2026/04/10 16:00:34 - mmengine - INFO - Iter(val) [15/15]    aAcc: 93.6200  mDice: 70.9500  mAcc: 67.7100  data_time: 0.0089  time: 0.0660
2026/04/10 16:00:41 - mmengine - INFO - Exp name: unet1_conf_20260410_155352
2026/04/10 16:00:41 - mmengine - INFO - Iter(train) [1862/3800]  lr: 1.1806e-04  eta: 0:06:05  time: 0.1841  data_time: 0.0060  memory: 4434  loss: 0.0047  decode.loss_focal: 0.0009  decode.loss_dice: 0.0038  decode.acc_seg: 99.3032
2026/04/10 16:00:42 - mmengine - INFO - per class results:
2026/04/10 16:00:42 - mmengine - INFO - 
+------------+-------+-------+
|   Class    |  Dice |  Acc  |
+------------+-------+-------+
| background |  97.4 | 98.77 |
|    cat     | 60.59 | 48.53 |
|    dog     | 57.96 | 58.71 |
+------------+-------+-------+
2026/04/10 16:00:42 - mmengine - INFO - Iter(val) [15/15]    aAcc: 93.8000  mDice: 71.9900  mAcc: 68.6700  data_time: 0.0082  time: 0.0651
2026/04/10 16:00:49 - mmengine - INFO - Exp name: unet1_conf_20260410_155352
2026/04/10 16:00:49 - mmengine - INFO - Iter(train) [1900/3800]  lr: 1.1622e-04  eta: 0:05:57  time: 0.1840  data_time: 0.0059  memory: 4434  loss: 0.0043  decode.loss_focal: 0.0009  decode.loss_dice: 0.0034  decode.acc_seg: 99.5766
2026/04/10 16:00:49 - mmengine - INFO - Saving checkpoint at 50 epochs
2026/04/10 16:00:51 - mmengine - INFO - per class results:
2026/04/10 16:00:51 - mmengine - INFO - 
+------------+-------+-------+
|   Class    |  Dice |  Acc  |
+------------+-------+-------+
| background | 97.31 | 98.92 |
|    cat     | 57.02 | 43.71 |
|    dog     | 56.43 | 57.19 |
+------------+-------+-------+
2026/04/10 16:00:51 - mmengine - INFO - Iter(val) [15/15]    aAcc: 93.5500  mDice: 70.2500  mAcc: 66.6100  data_time: 0.0262  time: 0.0826
2026/04/10 16:00:58 - mmengine - INFO - Exp name: unet1_conf_20260410_155352
2026/04/10 16:00:58 - mmengine - INFO - Iter(train) [1938/3800]  lr: 1.1437e-04  eta: 0:05:50  time: 0.1841  data_time: 0.0060  memory: 4434  loss: 0.0053  decode.loss_focal: 0.0009  decode.loss_dice: 0.0044  decode.acc_seg: 98.6130
2026/04/10 16:00:59 - mmengine - INFO - per class results:
2026/04/10 16:00:59 - mmengine - INFO - 
+------------+-------+-------+
|   Class    |  Dice |  Acc  |
+------------+-------+-------+
| background | 97.34 | 98.86 |
|    cat     |  60.7 | 49.03 |
|    dog     | 57.25 | 55.42 |
+------------+-------+-------+
2026/04/10 16:00:59 - mmengine - INFO - Iter(val) [15/15]    aAcc: 93.7700  mDice: 71.7600  mAcc: 67.7700  data_time: 0.0089  time: 0.0655
2026/04/10 16:01:07 - mmengine - INFO - Exp name: unet1_conf_20260410_155352
2026/04/10 16:01:07 - mmengine - INFO - Iter(train) [1976/3800]  lr: 1.1252e-04  eta: 0:05:43  time: 0.1837  data_time: 0.0057  memory: 4434  loss: 0.0048  decode.loss_focal: 0.0009  decode.loss_dice: 0.0039  decode.acc_seg: 98.9000
2026/04/10 16:01:08 - mmengine - INFO - per class results:
2026/04/10 16:01:08 - mmengine - INFO - 
+------------+-------+-------+
|   Class    |  Dice |  Acc  |
+------------+-------+-------+
| background | 97.31 | 98.85 |
|    cat     | 56.85 | 43.25 |
|    dog     | 57.41 | 59.61 |
+------------+-------+-------+
2026/04/10 16:01:08 - mmengine - INFO - Iter(val) [15/15]    aAcc: 93.5600  mDice: 70.5200  mAcc: 67.2400  data_time: 0.0087  time: 0.0655
2026/04/10 16:01:12 - mmengine - INFO - Exp name: unet1_conf_20260410_155352
2026/04/10 16:01:15 - mmengine - INFO - Exp name: unet1_conf_20260410_155352
2026/04/10 16:01:15 - mmengine - INFO - Iter(train) [2014/3800]  lr: 1.1065e-04  eta: 0:05:36  time: 0.1858  data_time: 0.0066  memory: 4434  loss: 0.0052  decode.loss_focal: 0.0009  decode.loss_dice: 0.0043  decode.acc_seg: 99.6151
2026/04/10 16:01:16 - mmengine - INFO - per class results:
2026/04/10 16:01:16 - mmengine - INFO - 
+------------+-------+-------+
|   Class    |  Dice |  Acc  |
+------------+-------+-------+
| background | 97.36 | 98.83 |
|    cat     | 57.52 | 44.43 |
|    dog     |  57.5 | 59.49 |
+------------+-------+-------+
2026/04/10 16:01:16 - mmengine - INFO - Iter(val) [15/15]    aAcc: 93.6100  mDice: 70.7900  mAcc: 67.5800  data_time: 0.0080  time: 0.0647
2026/04/10 16:01:23 - mmengine - INFO - Exp name: unet1_conf_20260410_155352
2026/04/10 16:01:23 - mmengine - INFO - Iter(train) [2052/3800]  lr: 1.0878e-04  eta: 0:05:28  time: 0.1845  data_time: 0.0062  memory: 4434  loss: 0.0048  decode.loss_focal: 0.0009  decode.loss_dice: 0.0039  decode.acc_seg: 99.6454
2026/04/10 16:01:24 - mmengine - INFO - per class results:
2026/04/10 16:01:24 - mmengine - INFO - 
+------------+-------+-------+
|   Class    |  Dice |  Acc  |
+------------+-------+-------+
| background | 97.32 | 98.95 |
|    cat     | 57.98 | 44.79 |
|    dog     | 57.22 | 57.22 |
+------------+-------+-------+
2026/04/10 16:01:24 - mmengine - INFO - Iter(val) [15/15]    aAcc: 93.6500  mDice: 70.8400  mAcc: 66.9900  data_time: 0.0095  time: 0.0671
2026/04/10 16:01:31 - mmengine - INFO - Exp name: unet1_conf_20260410_155352
2026/04/10 16:01:31 - mmengine - INFO - Iter(train) [2090/3800]  lr: 1.0690e-04  eta: 0:05:21  time: 0.1842  data_time: 0.0059  memory: 4434  loss: 0.0045  decode.loss_focal: 0.0008  decode.loss_dice: 0.0037  decode.acc_seg: 99.2422
2026/04/10 16:01:32 - mmengine - INFO - per class results:
2026/04/10 16:01:32 - mmengine - INFO - 
+------------+-------+-------+
|   Class    |  Dice |  Acc  |
+------------+-------+-------+
| background | 97.35 | 98.92 |
|    cat     | 56.69 | 42.92 |
|    dog     | 58.09 | 60.28 |
+------------+-------+-------+
2026/04/10 16:01:32 - mmengine - INFO - Iter(val) [15/15]    aAcc: 93.6300  mDice: 70.7100  mAcc: 67.3700  data_time: 0.0258  time: 0.0826
2026/04/10 16:01:39 - mmengine - INFO - Exp name: unet1_conf_20260410_155352
2026/04/10 16:01:39 - mmengine - INFO - Iter(train) [2128/3800]  lr: 1.0502e-04  eta: 0:05:14  time: 0.1841  data_time: 0.0059  memory: 4434  loss: 0.0045  decode.loss_focal: 0.0009  decode.loss_dice: 0.0037  decode.acc_seg: 99.6555
2026/04/10 16:01:40 - mmengine - INFO - per class results:
2026/04/10 16:01:40 - mmengine - INFO - 
+------------+-------+-------+
|   Class    |  Dice |  Acc  |
+------------+-------+-------+
| background |  97.3 | 98.89 |
|    cat     | 56.73 | 43.13 |
|    dog     | 57.44 | 59.08 |
+------------+-------+-------+
2026/04/10 16:01:40 - mmengine - INFO - Iter(val) [15/15]    aAcc: 93.5600  mDice: 70.4900  mAcc: 67.0300  data_time: 0.0083  time: 0.0650
2026/04/10 16:01:47 - mmengine - INFO - Exp name: unet1_conf_20260410_155352
2026/04/10 16:01:47 - mmengine - INFO - Iter(train) [2166/3800]  lr: 1.0312e-04  eta: 0:05:07  time: 0.1840  data_time: 0.0059  memory: 4434  loss: 0.0042  decode.loss_focal: 0.0007  decode.loss_dice: 0.0034  decode.acc_seg: 99.6042
2026/04/10 16:01:48 - mmengine - INFO - per class results:
2026/04/10 16:01:48 - mmengine - INFO - 
+------------+-------+-------+
|   Class    |  Dice |  Acc  |
+------------+-------+-------+
| background | 97.28 | 98.98 |
|    cat     | 56.18 | 42.42 |
|    dog     | 57.24 | 57.92 |
+------------+-------+-------+
2026/04/10 16:01:48 - mmengine - INFO - Iter(val) [15/15]    aAcc: 93.5500  mDice: 70.2300  mAcc: 66.4400  data_time: 0.0098  time: 0.0671
