2026/04/09 15:43:30 - mmengine - INFO - 
------------------------------------------------------------
System environment:
    sys.platform: linux
    Python: 3.10.16 (main, Jan 14 2025, 22:49:19) [Clang 19.1.6 ]
    CUDA available: True
    MUSA available: False
    numpy_random_seed: 1530081665
    GPU 0: NVIDIA A10
    CUDA_HOME: /usr
    NVCC: Cuda compilation tools, release 12.8, V12.8.93
    GCC: x86_64-alt-linux-gcc (GCC) 13.2.1 20240128 (ALT Sisyphus 13.2.1-alt3)
    PyTorch: 2.4.0+cu121
    PyTorch compiling details: PyTorch built with:
  - GCC 9.3
  - C++ Version: 201703
  - Intel(R) oneAPI Math Kernel Library Version 2022.2-Product Build 20220804 for Intel(R) 64 architecture applications
  - Intel(R) MKL-DNN v3.4.2 (Git Hash 1137e04ec0b5251ca2b4400a4fd3c667ce843d67)
  - OpenMP 201511 (a.k.a. OpenMP 4.5)
  - LAPACK is enabled (usually provided by MKL)
  - NNPACK is enabled
  - CPU capability usage: AVX512
  - CUDA Runtime 12.1
  - NVCC architecture flags: -gencode;arch=compute_50,code=sm_50;-gencode;arch=compute_60,code=sm_60;-gencode;arch=compute_70,code=sm_70;-gencode;arch=compute_75,code=sm_75;-gencode;arch=compute_80,code=sm_80;-gencode;arch=compute_86,code=sm_86;-gencode;arch=compute_90,code=sm_90
  - CuDNN 90.1  (built against CUDA 12.4)
  - Magma 2.6.1
  - Build settings: BLAS_INFO=mkl, BUILD_TYPE=Release, CUDA_VERSION=12.1, CUDNN_VERSION=9.1.0, CXX_COMPILER=/opt/rh/devtoolset-9/root/usr/bin/c++, CXX_FLAGS= -D_GLIBCXX_USE_CXX11_ABI=0 -fabi-version=11 -fvisibility-inlines-hidden -DUSE_PTHREADPOOL -DNDEBUG -DUSE_KINETO -DLIBKINETO_NOROCTRACER -DUSE_FBGEMM -DUSE_PYTORCH_QNNPACK -DUSE_XNNPACK -DSYMBOLICATE_MOBILE_DEBUG_HANDLE -O2 -fPIC -Wall -Wextra -Werror=return-type -Werror=non-virtual-dtor -Werror=bool-operation -Wnarrowing -Wno-missing-field-initializers -Wno-type-limits -Wno-array-bounds -Wno-unknown-pragmas -Wno-unused-parameter -Wno-unused-function -Wno-unused-result -Wno-strict-overflow -Wno-strict-aliasing -Wno-stringop-overflow -Wsuggest-override -Wno-psabi -Wno-error=pedantic -Wno-error=old-style-cast -Wno-missing-braces -fdiagnostics-color=always -faligned-new -Wno-unused-but-set-variable -Wno-maybe-uninitialized -fno-math-errno -fno-trapping-math -Werror=format -Wno-stringop-overflow, LAPACK_INFO=mkl, PERF_WITH_AVX=1, PERF_WITH_AVX2=1, PERF_WITH_AVX512=1, TORCH_VERSION=2.4.0, USE_CUDA=ON, USE_CUDNN=ON, USE_CUSPARSELT=1, USE_EXCEPTION_PTR=1, USE_GFLAGS=OFF, USE_GLOG=OFF, USE_GLOO=ON, USE_MKL=ON, USE_MKLDNN=ON, USE_MPI=OFF, USE_NCCL=1, USE_NNPACK=ON, USE_OPENMP=ON, USE_ROCM=OFF, USE_ROCM_KERNEL_ASSERT=OFF, 

    TorchVision: 0.19.0+cu121
    OpenCV: 4.11.0
    MMEngine: 0.10.7

Runtime environment:
    cudnn_benchmark: True
    mp_cfg: {'mp_start_method': 'fork', 'opencv_num_threads': 0}
    dist_cfg: {'backend': 'nccl'}
    seed: 1530081665
    Distributed launcher: none
    Distributed training: False
    GPU number: 1
------------------------------------------------------------

2026/04/09 15:43:31 - mmengine - INFO - Config:
batch_size = 8
data_preprocessor = dict(
    bgr_to_rgb=True,
    mean=[
        123.675,
        116.28,
        103.53,
    ],
    pad_val=0,
    seg_pad_val=255,
    size=(
        256,
        256,
    ),
    std=[
        58.395,
        57.12,
        57.375,
    ],
    type='SegDataPreProcessor')
data_root = 'data/cleared'
dataset_type = 'AnimalsDataset'
default_hooks = dict(
    checkpoint=dict(
        by_epoch=True,
        interval=20,
        rule='greater',
        save_best='mDice',
        type='CheckpointHook'),
    logger=dict(interval=100, type='LoggerHook'),
    param_scheduler=dict(type='ParamSchedulerHook'),
    sampler_seed=dict(type='DistSamplerSeedHook'),
    visualization=dict(draw=True, interval=50, type='SegVisualizationHook'))
default_scope = 'mmseg'
env_cfg = dict(
    cudnn_benchmark=True,
    dist_cfg=dict(backend='nccl'),
    mp_cfg=dict(mp_start_method='fork', opencv_num_threads=0))
epoch_num = 100
input_size = (
    256,
    256,
)
launcher = 'none'
load_from = 'practicum_work/artifacts/mmsegmentation_work_dir/best_mDice_epoch_16.pth'
log_level = 'INFO'
log_processor = dict(by_epoch=False)
model = dict(
    auxiliary_head=dict(
        align_corners=False,
        channels=64,
        concat_input=False,
        dropout_ratio=0.1,
        in_channels=128,
        in_index=3,
        loss_decode=[
            dict(
                alpha=[
                    0.1,
                    0.45,
                    0.45,
                ],
                gamma=3.0,
                loss_name='loss_focal',
                loss_weight=1.0,
                type='FocalLoss',
                use_sigmoid=True),
            dict(loss_name='loss_dice', loss_weight=1.0, type='DiceLoss'),
        ],
        norm_cfg=dict(requires_grad=True, type='SyncBN'),
        num_classes=3,
        num_convs=1,
        type='FCNHead'),
    backbone=dict(
        act_cfg=dict(type='ReLU'),
        base_channels=64,
        conv_cfg=None,
        dec_dilations=(
            1,
            1,
            1,
            1,
        ),
        dec_num_convs=(
            2,
            2,
            2,
            2,
        ),
        downsamples=(
            True,
            True,
            True,
            True,
        ),
        enc_dilations=(
            1,
            1,
            1,
            1,
            1,
        ),
        enc_num_convs=(
            2,
            2,
            2,
            2,
            2,
        ),
        in_channels=3,
        norm_cfg=dict(requires_grad=True, type='SyncBN'),
        norm_eval=False,
        num_stages=5,
        strides=(
            1,
            1,
            1,
            1,
            1,
        ),
        type='UNet',
        upsample_cfg=dict(type='InterpConv'),
        with_cp=False),
    data_preprocessor=dict(
        bgr_to_rgb=True,
        mean=[
            123.675,
            116.28,
            103.53,
        ],
        pad_val=0,
        seg_pad_val=255,
        size=(
            256,
            256,
        ),
        std=[
            58.395,
            57.12,
            57.375,
        ],
        type='SegDataPreProcessor'),
    decode_head=dict(
        align_corners=False,
        channels=64,
        concat_input=False,
        dropout_ratio=0.1,
        in_channels=64,
        in_index=4,
        loss_decode=[
            dict(
                alpha=[
                    0.1,
                    0.45,
                    0.45,
                ],
                gamma=3.0,
                loss_name='loss_focal',
                loss_weight=1.0,
                type='FocalLoss',
                use_sigmoid=True),
            dict(loss_name='loss_dice', loss_weight=1.0, type='DiceLoss'),
        ],
        norm_cfg=dict(requires_grad=True, type='SyncBN'),
        num_classes=3,
        num_convs=1,
        type='FCNHead'),
    pretrained=None,
    test_cfg=dict(crop_size=256, mode='whole', stride=170),
    train_cfg=dict(),
    type='EncoderDecoder')
norm_cfg = dict(requires_grad=True, type='SyncBN')
num_workers = 4
optim_wrapper = dict(
    optimizer=dict(lr=0.001, momentum=0.9, type='SGD', weight_decay=0.0005),
    type='OptimWrapper')
optimizer = dict(lr=0.001, momentum=0.9, type='SGD', weight_decay=0.0005)
param_scheduler = [
    dict(
        begin=0,
        by_epoch=True,
        end=100,
        eta_min=1e-05,
        power=0.9,
        type='PolyLR'),
]
resume = False
test_cfg = dict(type='TestLoop')
test_dataloader = dict(
    batch_size=8,
    dataset=dict(
        data_prefix=dict(img_path='img/test', seg_map_path='labels/test'),
        data_root='data/cleared',
        img_suffix='.jpg',
        pipeline=[
            dict(type='LoadImageFromFile'),
            dict(type='LoadAnnotations'),
            dict(type='PackSegInputs'),
        ],
        seg_map_suffix='.png',
        type='AnimalsDataset'),
    num_workers=4,
    persistent_workers=True,
    sampler=dict(shuffle=False, type='DefaultSampler'))
test_dataset = dict(
    data_prefix=dict(img_path='img/test', seg_map_path='labels/test'),
    data_root='data/cleared',
    img_suffix='.jpg',
    pipeline=[
        dict(type='LoadImageFromFile'),
        dict(type='LoadAnnotations'),
        dict(type='PackSegInputs'),
    ],
    seg_map_suffix='.png',
    type='AnimalsDataset')
test_evaluator = dict(
    classwise=True, iou_metrics=[
        'mDice',
    ], type='IoUMetric')
test_pipeline = [
    dict(type='LoadImageFromFile'),
    dict(type='LoadAnnotations'),
    dict(type='PackSegInputs'),
]
train_cfg = dict(max_epochs=100, type='EpochBasedTrainLoop')
train_dataloader = dict(
    batch_size=8,
    dataset=dict(
        data_prefix=dict(img_path='img/train', seg_map_path='labels/train'),
        data_root='data/cleared',
        img_suffix='.jpg',
        pipeline=[
            dict(type='LoadImageFromFile'),
            dict(type='LoadAnnotations'),
            dict(type='PhotoMetricDistortion'),
            dict(degree=(
                -45,
                45,
            ), type='RandomRotFlip'),
            dict(type='PackSegInputs'),
        ],
        seg_map_suffix='.png',
        type='AnimalsDataset'),
    num_workers=4,
    persistent_workers=True,
    sampler=dict(shuffle=True, type='DefaultSampler'))
train_dataset = dict(
    data_prefix=dict(img_path='img/train', seg_map_path='labels/train'),
    data_root='data/cleared',
    img_suffix='.jpg',
    pipeline=[
        dict(type='LoadImageFromFile'),
        dict(type='LoadAnnotations'),
        dict(type='PhotoMetricDistortion'),
        dict(degree=(
            -45,
            45,
        ), type='RandomRotFlip'),
        dict(type='PackSegInputs'),
    ],
    seg_map_suffix='.png',
    type='AnimalsDataset')
train_evaluator = dict(
    classwise=True, iou_metrics=[
        'mDice',
    ], type='IoUMetric')
train_pipeline = [
    dict(type='LoadImageFromFile'),
    dict(type='LoadAnnotations'),
    dict(type='PhotoMetricDistortion'),
    dict(degree=(
        -45,
        45,
    ), type='RandomRotFlip'),
    dict(type='PackSegInputs'),
]
tta_model = dict(type='SegTTAModel')
val_cfg = dict(type='ValLoop')
val_dataloader = dict(
    batch_size=8,
    dataset=dict(
        data_prefix=dict(img_path='img/val', seg_map_path='labels/val'),
        data_root='data/cleared',
        img_suffix='.jpg',
        pipeline=[
            dict(type='LoadImageFromFile'),
            dict(type='LoadAnnotations'),
            dict(type='PackSegInputs'),
        ],
        seg_map_suffix='.png',
        type='AnimalsDataset'),
    num_workers=4,
    persistent_workers=True,
    sampler=dict(shuffle=False, type='DefaultSampler'))
val_dataset = dict(
    data_prefix=dict(img_path='img/val', seg_map_path='labels/val'),
    data_root='data/cleared',
    img_suffix='.jpg',
    pipeline=[
        dict(type='LoadImageFromFile'),
        dict(type='LoadAnnotations'),
        dict(type='PackSegInputs'),
    ],
    seg_map_suffix='.png',
    type='AnimalsDataset')
val_evaluator = dict(
    classwise=True, iou_metrics=[
        'mDice',
    ], type='IoUMetric')
val_pipeline = [
    dict(type='LoadImageFromFile'),
    dict(type='LoadAnnotations'),
    dict(type='PackSegInputs'),
]
vis_backends = [
    dict(type='LocalVisBackend'),
]
visualizer = dict(
    name='visualizer',
    type='SegLocalVisualizer',
    vis_backends=[
        dict(type='LocalVisBackend'),
        dict(
            exp_name='sprint6_unet_v8',
            run_name='unet-s5-d16',
            tracking_uri='http://localhost:5000',
            type='MLflowVisBackend'),
    ])
work_dir = 'practicum_work/artifacts/mmsegmentation_work_dir'

2026/04/09 15:43:33 - mmengine - WARNING - Please make sure that the mlflow server is running.
2026/04/09 15:43:35 - mmengine - INFO - Distributed training is not used, all SyncBatchNorm (SyncBN) layers in the model will be automatically reverted to BatchNormXd layers if they are used.
2026/04/09 15:43:35 - mmengine - INFO - Hooks will be executed in the following order:
before_run:
(VERY_HIGH   ) RuntimeInfoHook                    
(BELOW_NORMAL) LoggerHook                         
 -------------------- 
before_train:
(VERY_HIGH   ) RuntimeInfoHook                    
(NORMAL      ) IterTimerHook                      
(VERY_LOW    ) CheckpointHook                     
 -------------------- 
before_train_epoch:
(VERY_HIGH   ) RuntimeInfoHook                    
(NORMAL      ) IterTimerHook                      
(NORMAL      ) DistSamplerSeedHook                
 -------------------- 
before_train_iter:
(VERY_HIGH   ) RuntimeInfoHook                    
(NORMAL      ) IterTimerHook                      
 -------------------- 
after_train_iter:
(VERY_HIGH   ) RuntimeInfoHook                    
(NORMAL      ) IterTimerHook                      
(BELOW_NORMAL) LoggerHook                         
(LOW         ) ParamSchedulerHook                 
(VERY_LOW    ) CheckpointHook                     
 -------------------- 
after_train_epoch:
(NORMAL      ) IterTimerHook                      
(LOW         ) ParamSchedulerHook                 
(VERY_LOW    ) CheckpointHook                     
 -------------------- 
before_val:
(VERY_HIGH   ) RuntimeInfoHook                    
 -------------------- 
before_val_epoch:
(NORMAL      ) IterTimerHook                      
 -------------------- 
before_val_iter:
(NORMAL      ) IterTimerHook                      
 -------------------- 
after_val_iter:
(NORMAL      ) IterTimerHook                      
(NORMAL      ) SegVisualizationHook               
(BELOW_NORMAL) LoggerHook                         
 -------------------- 
after_val_epoch:
(VERY_HIGH   ) RuntimeInfoHook                    
(NORMAL      ) IterTimerHook                      
(BELOW_NORMAL) LoggerHook                         
(LOW         ) ParamSchedulerHook                 
(VERY_LOW    ) CheckpointHook                     
 -------------------- 
after_val:
(VERY_HIGH   ) RuntimeInfoHook                    
 -------------------- 
after_train:
(VERY_HIGH   ) RuntimeInfoHook                    
(VERY_LOW    ) CheckpointHook                     
 -------------------- 
before_test:
(VERY_HIGH   ) RuntimeInfoHook                    
 -------------------- 
before_test_epoch:
(NORMAL      ) IterTimerHook                      
 -------------------- 
before_test_iter:
(NORMAL      ) IterTimerHook                      
 -------------------- 
after_test_iter:
(NORMAL      ) IterTimerHook                      
(NORMAL      ) SegVisualizationHook               
(BELOW_NORMAL) LoggerHook                         
 -------------------- 
after_test_epoch:
(VERY_HIGH   ) RuntimeInfoHook                    
(NORMAL      ) IterTimerHook                      
(BELOW_NORMAL) LoggerHook                         
 -------------------- 
after_test:
(VERY_HIGH   ) RuntimeInfoHook                    
 -------------------- 
after_run:
(BELOW_NORMAL) LoggerHook                         
 -------------------- 
2026/04/09 15:43:38 - mmengine - WARNING - The prefix is not set in metric class IoUMetric.
Name of parameter - Initialization information

backbone.encoder.0.0.convs.0.conv.weight - torch.Size([64, 3, 3, 3]): 
KaimingInit: a=0, mode=fan_out, nonlinearity=relu, distribution =normal, bias=0 

backbone.encoder.0.0.convs.0.bn.weight - torch.Size([64]): 
The value is the same before and after calling `init_weights` of EncoderDecoder  

backbone.encoder.0.0.convs.0.bn.bias - torch.Size([64]): 
The value is the same before and after calling `init_weights` of EncoderDecoder  

backbone.encoder.0.0.convs.1.conv.weight - torch.Size([64, 64, 3, 3]): 
KaimingInit: a=0, mode=fan_out, nonlinearity=relu, distribution =normal, bias=0 

backbone.encoder.0.0.convs.1.bn.weight - torch.Size([64]): 
The value is the same before and after calling `init_weights` of EncoderDecoder  

backbone.encoder.0.0.convs.1.bn.bias - torch.Size([64]): 
The value is the same before and after calling `init_weights` of EncoderDecoder  

backbone.encoder.1.1.convs.0.conv.weight - torch.Size([128, 64, 3, 3]): 
KaimingInit: a=0, mode=fan_out, nonlinearity=relu, distribution =normal, bias=0 

backbone.encoder.1.1.convs.0.bn.weight - torch.Size([128]): 
The value is the same before and after calling `init_weights` of EncoderDecoder  

backbone.encoder.1.1.convs.0.bn.bias - torch.Size([128]): 
The value is the same before and after calling `init_weights` of EncoderDecoder  

backbone.encoder.1.1.convs.1.conv.weight - torch.Size([128, 128, 3, 3]): 
KaimingInit: a=0, mode=fan_out, nonlinearity=relu, distribution =normal, bias=0 

backbone.encoder.1.1.convs.1.bn.weight - torch.Size([128]): 
The value is the same before and after calling `init_weights` of EncoderDecoder  

backbone.encoder.1.1.convs.1.bn.bias - torch.Size([128]): 
The value is the same before and after calling `init_weights` of EncoderDecoder  

backbone.encoder.2.1.convs.0.conv.weight - torch.Size([256, 128, 3, 3]): 
KaimingInit: a=0, mode=fan_out, nonlinearity=relu, distribution =normal, bias=0 

backbone.encoder.2.1.convs.0.bn.weight - torch.Size([256]): 
The value is the same before and after calling `init_weights` of EncoderDecoder  

backbone.encoder.2.1.convs.0.bn.bias - torch.Size([256]): 
The value is the same before and after calling `init_weights` of EncoderDecoder  

backbone.encoder.2.1.convs.1.conv.weight - torch.Size([256, 256, 3, 3]): 
KaimingInit: a=0, mode=fan_out, nonlinearity=relu, distribution =normal, bias=0 

backbone.encoder.2.1.convs.1.bn.weight - torch.Size([256]): 
The value is the same before and after calling `init_weights` of EncoderDecoder  

backbone.encoder.2.1.convs.1.bn.bias - torch.Size([256]): 
The value is the same before and after calling `init_weights` of EncoderDecoder  

backbone.encoder.3.1.convs.0.conv.weight - torch.Size([512, 256, 3, 3]): 
KaimingInit: a=0, mode=fan_out, nonlinearity=relu, distribution =normal, bias=0 

backbone.encoder.3.1.convs.0.bn.weight - torch.Size([512]): 
The value is the same before and after calling `init_weights` of EncoderDecoder  

backbone.encoder.3.1.convs.0.bn.bias - torch.Size([512]): 
The value is the same before and after calling `init_weights` of EncoderDecoder  

backbone.encoder.3.1.convs.1.conv.weight - torch.Size([512, 512, 3, 3]): 
KaimingInit: a=0, mode=fan_out, nonlinearity=relu, distribution =normal, bias=0 

backbone.encoder.3.1.convs.1.bn.weight - torch.Size([512]): 
The value is the same before and after calling `init_weights` of EncoderDecoder  

backbone.encoder.3.1.convs.1.bn.bias - torch.Size([512]): 
The value is the same before and after calling `init_weights` of EncoderDecoder  

backbone.encoder.4.1.convs.0.conv.weight - torch.Size([1024, 512, 3, 3]): 
KaimingInit: a=0, mode=fan_out, nonlinearity=relu, distribution =normal, bias=0 

backbone.encoder.4.1.convs.0.bn.weight - torch.Size([1024]): 
The value is the same before and after calling `init_weights` of EncoderDecoder  

backbone.encoder.4.1.convs.0.bn.bias - torch.Size([1024]): 
The value is the same before and after calling `init_weights` of EncoderDecoder  

backbone.encoder.4.1.convs.1.conv.weight - torch.Size([1024, 1024, 3, 3]): 
KaimingInit: a=0, mode=fan_out, nonlinearity=relu, distribution =normal, bias=0 

backbone.encoder.4.1.convs.1.bn.weight - torch.Size([1024]): 
The value is the same before and after calling `init_weights` of EncoderDecoder  

backbone.encoder.4.1.convs.1.bn.bias - torch.Size([1024]): 
The value is the same before and after calling `init_weights` of EncoderDecoder  

backbone.decoder.0.conv_block.convs.0.conv.weight - torch.Size([64, 128, 3, 3]): 
KaimingInit: a=0, mode=fan_out, nonlinearity=relu, distribution =normal, bias=0 

backbone.decoder.0.conv_block.convs.0.bn.weight - torch.Size([64]): 
The value is the same before and after calling `init_weights` of EncoderDecoder  

backbone.decoder.0.conv_block.convs.0.bn.bias - torch.Size([64]): 
The value is the same before and after calling `init_weights` of EncoderDecoder  

backbone.decoder.0.conv_block.convs.1.conv.weight - torch.Size([64, 64, 3, 3]): 
KaimingInit: a=0, mode=fan_out, nonlinearity=relu, distribution =normal, bias=0 

backbone.decoder.0.conv_block.convs.1.bn.weight - torch.Size([64]): 
The value is the same before and after calling `init_weights` of EncoderDecoder  

backbone.decoder.0.conv_block.convs.1.bn.bias - torch.Size([64]): 
The value is the same before and after calling `init_weights` of EncoderDecoder  

backbone.decoder.0.upsample.interp_upsample.1.conv.weight - torch.Size([64, 128, 1, 1]): 
KaimingInit: a=0, mode=fan_out, nonlinearity=relu, distribution =normal, bias=0 

backbone.decoder.0.upsample.interp_upsample.1.bn.weight - torch.Size([64]): 
The value is the same before and after calling `init_weights` of EncoderDecoder  

backbone.decoder.0.upsample.interp_upsample.1.bn.bias - torch.Size([64]): 
The value is the same before and after calling `init_weights` of EncoderDecoder  

backbone.decoder.1.conv_block.convs.0.conv.weight - torch.Size([128, 256, 3, 3]): 
KaimingInit: a=0, mode=fan_out, nonlinearity=relu, distribution =normal, bias=0 

backbone.decoder.1.conv_block.convs.0.bn.weight - torch.Size([128]): 
The value is the same before and after calling `init_weights` of EncoderDecoder  

backbone.decoder.1.conv_block.convs.0.bn.bias - torch.Size([128]): 
The value is the same before and after calling `init_weights` of EncoderDecoder  

backbone.decoder.1.conv_block.convs.1.conv.weight - torch.Size([128, 128, 3, 3]): 
KaimingInit: a=0, mode=fan_out, nonlinearity=relu, distribution =normal, bias=0 

backbone.decoder.1.conv_block.convs.1.bn.weight - torch.Size([128]): 
The value is the same before and after calling `init_weights` of EncoderDecoder  

backbone.decoder.1.conv_block.convs.1.bn.bias - torch.Size([128]): 
The value is the same before and after calling `init_weights` of EncoderDecoder  

backbone.decoder.1.upsample.interp_upsample.1.conv.weight - torch.Size([128, 256, 1, 1]): 
KaimingInit: a=0, mode=fan_out, nonlinearity=relu, distribution =normal, bias=0 

backbone.decoder.1.upsample.interp_upsample.1.bn.weight - torch.Size([128]): 
The value is the same before and after calling `init_weights` of EncoderDecoder  

backbone.decoder.1.upsample.interp_upsample.1.bn.bias - torch.Size([128]): 
The value is the same before and after calling `init_weights` of EncoderDecoder  

backbone.decoder.2.conv_block.convs.0.conv.weight - torch.Size([256, 512, 3, 3]): 
KaimingInit: a=0, mode=fan_out, nonlinearity=relu, distribution =normal, bias=0 

backbone.decoder.2.conv_block.convs.0.bn.weight - torch.Size([256]): 
The value is the same before and after calling `init_weights` of EncoderDecoder  

backbone.decoder.2.conv_block.convs.0.bn.bias - torch.Size([256]): 
The value is the same before and after calling `init_weights` of EncoderDecoder  

backbone.decoder.2.conv_block.convs.1.conv.weight - torch.Size([256, 256, 3, 3]): 
KaimingInit: a=0, mode=fan_out, nonlinearity=relu, distribution =normal, bias=0 

backbone.decoder.2.conv_block.convs.1.bn.weight - torch.Size([256]): 
The value is the same before and after calling `init_weights` of EncoderDecoder  

backbone.decoder.2.conv_block.convs.1.bn.bias - torch.Size([256]): 
The value is the same before and after calling `init_weights` of EncoderDecoder  

backbone.decoder.2.upsample.interp_upsample.1.conv.weight - torch.Size([256, 512, 1, 1]): 
KaimingInit: a=0, mode=fan_out, nonlinearity=relu, distribution =normal, bias=0 

backbone.decoder.2.upsample.interp_upsample.1.bn.weight - torch.Size([256]): 
The value is the same before and after calling `init_weights` of EncoderDecoder  

backbone.decoder.2.upsample.interp_upsample.1.bn.bias - torch.Size([256]): 
The value is the same before and after calling `init_weights` of EncoderDecoder  

backbone.decoder.3.conv_block.convs.0.conv.weight - torch.Size([512, 1024, 3, 3]): 
KaimingInit: a=0, mode=fan_out, nonlinearity=relu, distribution =normal, bias=0 

backbone.decoder.3.conv_block.convs.0.bn.weight - torch.Size([512]): 
The value is the same before and after calling `init_weights` of EncoderDecoder  

backbone.decoder.3.conv_block.convs.0.bn.bias - torch.Size([512]): 
The value is the same before and after calling `init_weights` of EncoderDecoder  

backbone.decoder.3.conv_block.convs.1.conv.weight - torch.Size([512, 512, 3, 3]): 
KaimingInit: a=0, mode=fan_out, nonlinearity=relu, distribution =normal, bias=0 

backbone.decoder.3.conv_block.convs.1.bn.weight - torch.Size([512]): 
The value is the same before and after calling `init_weights` of EncoderDecoder  

backbone.decoder.3.conv_block.convs.1.bn.bias - torch.Size([512]): 
The value is the same before and after calling `init_weights` of EncoderDecoder  

backbone.decoder.3.upsample.interp_upsample.1.conv.weight - torch.Size([512, 1024, 1, 1]): 
KaimingInit: a=0, mode=fan_out, nonlinearity=relu, distribution =normal, bias=0 

backbone.decoder.3.upsample.interp_upsample.1.bn.weight - torch.Size([512]): 
The value is the same before and after calling `init_weights` of EncoderDecoder  

backbone.decoder.3.upsample.interp_upsample.1.bn.bias - torch.Size([512]): 
The value is the same before and after calling `init_weights` of EncoderDecoder  

decode_head.conv_seg.weight - torch.Size([3, 64, 1, 1]): 
NormalInit: mean=0, std=0.01, bias=0 

decode_head.conv_seg.bias - torch.Size([3]): 
NormalInit: mean=0, std=0.01, bias=0 

decode_head.convs.0.conv.weight - torch.Size([64, 64, 3, 3]): 
The value is the same before and after calling `init_weights` of EncoderDecoder  

decode_head.convs.0.bn.weight - torch.Size([64]): 
The value is the same before and after calling `init_weights` of EncoderDecoder  

decode_head.convs.0.bn.bias - torch.Size([64]): 
The value is the same before and after calling `init_weights` of EncoderDecoder  

auxiliary_head.conv_seg.weight - torch.Size([3, 64, 1, 1]): 
NormalInit: mean=0, std=0.01, bias=0 

auxiliary_head.conv_seg.bias - torch.Size([3]): 
NormalInit: mean=0, std=0.01, bias=0 

auxiliary_head.convs.0.conv.weight - torch.Size([64, 128, 3, 3]): 
The value is the same before and after calling `init_weights` of EncoderDecoder  

auxiliary_head.convs.0.bn.weight - torch.Size([64]): 
The value is the same before and after calling `init_weights` of EncoderDecoder  

auxiliary_head.convs.0.bn.bias - torch.Size([64]): 
The value is the same before and after calling `init_weights` of EncoderDecoder  
2026/04/09 15:43:39 - mmengine - INFO - Load checkpoint from practicum_work/artifacts/mmsegmentation_work_dir/best_mDice_epoch_16.pth
2026/04/09 15:43:39 - mmengine - WARNING - "FileClient" will be deprecated in future. Please use io functions in https://mmengine.readthedocs.io/en/latest/api/fileio.html#file-io
2026/04/09 15:43:39 - mmengine - WARNING - "HardDiskBackend" is the alias of "LocalBackend" and the former will be deprecated in future.
2026/04/09 15:43:39 - mmengine - INFO - Checkpoints will be saved to /data_12/gpudev/kashnitskii/yx/s6_project/practicum_work/artifacts/mmsegmentation_work_dir.
2026/04/09 15:43:53 - mmengine - INFO - Exp name: unet1_conf_20260409_154330
2026/04/09 15:43:53 - mmengine - INFO - Iter(train) [  25/2500]  lr: 1.0000e-03  eta: 0:22:45  time: 0.5278  data_time: 0.0063  memory: 19184  loss: 0.0357  decode.loss_focal: 0.0034  decode.loss_dice: 0.0144  decode.acc_seg: 97.6852  aux.loss_focal: 0.0032  aux.loss_dice: 0.0147  aux.acc_seg: 98.3429
2026/04/09 15:43:54 - mmengine - INFO - per class results:
2026/04/09 15:43:54 - mmengine - INFO - 
+------------+-------+-------+
|   Class    |  Dice |  Acc  |
+------------+-------+-------+
| background | 96.93 | 98.03 |
|    cat     | 54.98 | 46.16 |
|    dog     | 49.25 | 49.73 |
+------------+-------+-------+
2026/04/09 15:43:54 - mmengine - INFO - Iter(val) [15/15]    aAcc: 92.6100  mDice: 67.0500  mAcc: 64.6400  data_time: 0.0175  time: 0.0759
2026/04/09 15:43:54 - mmengine - INFO - The best checkpoint with 67.0500 mDice at 1 epoch is saved to best_mDice_epoch_1.pth.
2026/04/09 15:43:59 - mmengine - INFO - Exp name: unet1_conf_20260409_154330
2026/04/09 15:43:59 - mmengine - INFO - Iter(train) [  50/2500]  lr: 9.9100e-04  eta: 0:14:53  time: 0.1657  data_time: 0.0058  memory: 4420  loss: 0.0287  decode.loss_focal: 0.0028  decode.loss_dice: 0.0112  decode.acc_seg: 98.9609  aux.loss_focal: 0.0028  aux.loss_dice: 0.0120  aux.acc_seg: 98.9868
2026/04/09 15:44:00 - mmengine - INFO - per class results:
2026/04/09 15:44:00 - mmengine - INFO - 
+------------+-------+-------+
|   Class    |  Dice |  Acc  |
+------------+-------+-------+
| background | 96.97 | 98.16 |
|    cat     | 55.07 | 45.81 |
|    dog     | 51.02 | 51.12 |
+------------+-------+-------+
2026/04/09 15:44:00 - mmengine - INFO - Iter(val) [15/15]    aAcc: 92.7600  mDice: 67.6900  mAcc: 65.0300  data_time: 0.0287  time: 0.0828
2026/04/09 15:44:00 - mmengine - INFO - The previous best checkpoint /data_12/gpudev/kashnitskii/yx/s6_project/practicum_work/artifacts/mmsegmentation_work_dir/best_mDice_epoch_1.pth is removed
2026/04/09 15:44:00 - mmengine - INFO - The best checkpoint with 67.6900 mDice at 2 epoch is saved to best_mDice_epoch_2.pth.
2026/04/09 15:44:05 - mmengine - INFO - Exp name: unet1_conf_20260409_154330
2026/04/09 15:44:05 - mmengine - INFO - Iter(train) [  75/2500]  lr: 9.8198e-04  eta: 0:12:13  time: 0.1658  data_time: 0.0056  memory: 4420  loss: 0.0318  decode.loss_focal: 0.0028  decode.loss_dice: 0.0131  decode.acc_seg: 98.7106  aux.loss_focal: 0.0029  aux.loss_dice: 0.0131  aux.acc_seg: 98.7198
2026/04/09 15:44:06 - mmengine - INFO - per class results:
2026/04/09 15:44:06 - mmengine - INFO - 
+------------+-------+-------+
|   Class    |  Dice |  Acc  |
+------------+-------+-------+
| background | 96.91 | 98.47 |
|    cat     | 50.46 | 38.45 |
|    dog     | 50.14 | 51.65 |
+------------+-------+-------+
2026/04/09 15:44:06 - mmengine - INFO - Iter(val) [15/15]    aAcc: 92.5700  mDice: 65.8400  mAcc: 62.8600  data_time: 0.0096  time: 0.0643
2026/04/09 15:44:10 - mmengine - INFO - Exp name: unet1_conf_20260409_154330
2026/04/09 15:44:10 - mmengine - INFO - Iter(train) [ 100/2500]  lr: 9.7296e-04  eta: 0:10:50  time: 0.1669  data_time: 0.0060  memory: 4420  loss: 0.0312  decode.loss_focal: 0.0030  decode.loss_dice: 0.0125  decode.acc_seg: 99.0707  aux.loss_focal: 0.0030  aux.loss_dice: 0.0128  aux.acc_seg: 99.0250
2026/04/09 15:44:12 - mmengine - INFO - per class results:
2026/04/09 15:44:12 - mmengine - INFO - 
+------------+-------+-------+
|   Class    |  Dice |  Acc  |
+------------+-------+-------+
| background | 96.99 | 98.15 |
|    cat     | 55.17 |  45.6 |
|    dog     | 51.14 | 51.98 |
+------------+-------+-------+
2026/04/09 15:44:12 - mmengine - INFO - Iter(val) [15/15]    aAcc: 92.7700  mDice: 67.7600  mAcc: 65.2400  data_time: 0.0279  time: 0.0824
2026/04/09 15:44:12 - mmengine - INFO - The previous best checkpoint /data_12/gpudev/kashnitskii/yx/s6_project/practicum_work/artifacts/mmsegmentation_work_dir/best_mDice_epoch_2.pth is removed
2026/04/09 15:44:12 - mmengine - INFO - The best checkpoint with 67.7600 mDice at 4 epoch is saved to best_mDice_epoch_4.pth.
2026/04/09 15:44:17 - mmengine - INFO - Exp name: unet1_conf_20260409_154330
2026/04/09 15:44:17 - mmengine - INFO - Iter(train) [ 125/2500]  lr: 9.6393e-04  eta: 0:10:00  time: 0.1667  data_time: 0.0058  memory: 4420  loss: 0.0367  decode.loss_focal: 0.0035  decode.loss_dice: 0.0156  decode.acc_seg: 94.3085  aux.loss_focal: 0.0030  aux.loss_dice: 0.0146  aux.acc_seg: 95.9305
2026/04/09 15:44:18 - mmengine - INFO - per class results:
2026/04/09 15:44:18 - mmengine - INFO - 
+------------+-------+-------+
|   Class    |  Dice |  Acc  |
+------------+-------+-------+
| background | 96.97 | 98.11 |
|    cat     | 53.63 | 43.19 |
|    dog     |  50.9 | 53.68 |
+------------+-------+-------+
2026/04/09 15:44:18 - mmengine - INFO - Iter(val) [15/15]    aAcc: 92.6500  mDice: 67.1700  mAcc: 64.9900  data_time: 0.0109  time: 0.0658
2026/04/09 15:44:22 - mmengine - INFO - Exp name: unet1_conf_20260409_154330
2026/04/09 15:44:22 - mmengine - INFO - Iter(train) [ 150/2500]  lr: 9.5488e-04  eta: 0:09:24  time: 0.1670  data_time: 0.0056  memory: 4420  loss: 0.0355  decode.loss_focal: 0.0034  decode.loss_dice: 0.0140  decode.acc_seg: 98.0988  aux.loss_focal: 0.0035  aux.loss_dice: 0.0147  aux.acc_seg: 98.1277
2026/04/09 15:44:23 - mmengine - INFO - per class results:
2026/04/09 15:44:23 - mmengine - INFO - 
+------------+-------+-------+
|   Class    |  Dice |  Acc  |
+------------+-------+-------+
| background | 96.88 |  98.4 |
|    cat     | 49.89 | 37.99 |
|    dog     | 50.46 | 52.41 |
+------------+-------+-------+
2026/04/09 15:44:23 - mmengine - INFO - Iter(val) [15/15]    aAcc: 92.5100  mDice: 65.7400  mAcc: 62.9300  data_time: 0.0271  time: 0.0812
2026/04/09 15:44:28 - mmengine - INFO - Exp name: unet1_conf_20260409_154330
2026/04/09 15:44:28 - mmengine - INFO - Iter(train) [ 175/2500]  lr: 9.4583e-04  eta: 0:08:58  time: 0.1675  data_time: 0.0057  memory: 4420  loss: 0.0407  decode.loss_focal: 0.0047  decode.loss_dice: 0.0149  decode.acc_seg: 98.2483  aux.loss_focal: 0.0048  aux.loss_dice: 0.0164  aux.acc_seg: 97.4136
2026/04/09 15:44:29 - mmengine - INFO - per class results:
2026/04/09 15:44:29 - mmengine - INFO - 
+------------+-------+-------+
|   Class    |  Dice |  Acc  |
+------------+-------+-------+
| background | 96.91 | 98.34 |
|    cat     | 50.19 | 38.28 |
|    dog     | 50.42 | 53.31 |
+------------+-------+-------+
2026/04/09 15:44:29 - mmengine - INFO - Iter(val) [15/15]    aAcc: 92.5200  mDice: 65.8400  mAcc: 63.3100  data_time: 0.0091  time: 0.0636
2026/04/09 15:44:33 - mmengine - INFO - Exp name: unet1_conf_20260409_154330
2026/04/09 15:44:33 - mmengine - INFO - Iter(train) [ 200/2500]  lr: 9.3677e-04  eta: 0:08:37  time: 0.1682  data_time: 0.0057  memory: 4420  loss: 0.0313  decode.loss_focal: 0.0032  decode.loss_dice: 0.0124  decode.acc_seg: 99.4324  aux.loss_focal: 0.0032  aux.loss_dice: 0.0126  aux.acc_seg: 99.4949
2026/04/09 15:44:35 - mmengine - INFO - per class results:
2026/04/09 15:44:35 - mmengine - INFO - 
+------------+-------+-------+
|   Class    |  Dice |  Acc  |
+------------+-------+-------+
| background | 96.92 |  98.4 |
|    cat     | 52.56 | 41.63 |
|    dog     | 50.55 | 50.62 |
+------------+-------+-------+
2026/04/09 15:44:35 - mmengine - INFO - Iter(val) [15/15]    aAcc: 92.6800  mDice: 66.6800  mAcc: 63.5500  data_time: 0.0267  time: 0.0814
2026/04/09 15:44:39 - mmengine - INFO - Exp name: unet1_conf_20260409_154330
2026/04/09 15:44:39 - mmengine - INFO - Iter(train) [ 225/2500]  lr: 9.2770e-04  eta: 0:08:20  time: 0.1681  data_time: 0.0057  memory: 4420  loss: 0.0306  decode.loss_focal: 0.0030  decode.loss_dice: 0.0124  decode.acc_seg: 97.8683  aux.loss_focal: 0.0029  aux.loss_dice: 0.0123  aux.acc_seg: 98.1216
2026/04/09 15:44:40 - mmengine - INFO - per class results:
2026/04/09 15:44:40 - mmengine - INFO - 
+------------+-------+-------+
|   Class    |  Dice |  Acc  |
+------------+-------+-------+
| background | 96.95 | 98.29 |
|    cat     | 53.23 | 42.46 |
|    dog     | 50.78 |  51.9 |
+------------+-------+-------+
2026/04/09 15:44:40 - mmengine - INFO - Iter(val) [15/15]    aAcc: 92.6800  mDice: 66.9800  mAcc: 64.2100  data_time: 0.0094  time: 0.0640
2026/04/09 15:44:45 - mmengine - INFO - Exp name: unet1_conf_20260409_154330
2026/04/09 15:44:45 - mmengine - INFO - Iter(train) [ 250/2500]  lr: 9.1862e-04  eta: 0:08:06  time: 0.1690  data_time: 0.0062  memory: 4420  loss: 0.0320  decode.loss_focal: 0.0031  decode.loss_dice: 0.0125  decode.acc_seg: 97.2855  aux.loss_focal: 0.0030  aux.loss_dice: 0.0134  aux.acc_seg: 97.1115
2026/04/09 15:44:46 - mmengine - INFO - per class results:
2026/04/09 15:44:46 - mmengine - INFO - 
+------------+-------+-------+
|   Class    |  Dice |  Acc  |
+------------+-------+-------+
| background | 96.92 | 98.38 |
|    cat     | 53.99 |  43.7 |
|    dog     |  49.2 | 48.02 |
+------------+-------+-------+
2026/04/09 15:44:46 - mmengine - INFO - Iter(val) [15/15]    aAcc: 92.6900  mDice: 66.7000  mAcc: 63.3700  data_time: 0.0157  time: 0.0707
2026/04/09 15:44:50 - mmengine - INFO - Exp name: unet1_conf_20260409_154330
2026/04/09 15:44:50 - mmengine - INFO - Iter(train) [ 275/2500]  lr: 9.0953e-04  eta: 0:07:53  time: 0.1690  data_time: 0.0059  memory: 4420  loss: 0.0388  decode.loss_focal: 0.0038  decode.loss_dice: 0.0153  decode.acc_seg: 94.7601  aux.loss_focal: 0.0036  aux.loss_dice: 0.0161  aux.acc_seg: 95.2194
2026/04/09 15:44:51 - mmengine - INFO - per class results:
2026/04/09 15:44:51 - mmengine - INFO - 
+------------+-------+-------+
|   Class    |  Dice |  Acc  |
+------------+-------+-------+
| background |  96.9 | 98.52 |
|    cat     | 50.93 | 39.05 |
|    dog     | 49.97 | 50.37 |
+------------+-------+-------+
2026/04/09 15:44:51 - mmengine - INFO - Iter(val) [15/15]    aAcc: 92.6000  mDice: 65.9300  mAcc: 62.6500  data_time: 0.0095  time: 0.0642
2026/04/09 15:44:56 - mmengine - INFO - Exp name: unet1_conf_20260409_154330
2026/04/09 15:44:56 - mmengine - INFO - Iter(train) [ 300/2500]  lr: 9.0043e-04  eta: 0:07:42  time: 0.1694  data_time: 0.0056  memory: 4420  loss: 0.0346  decode.loss_focal: 0.0033  decode.loss_dice: 0.0141  decode.acc_seg: 97.5815  aux.loss_focal: 0.0033  aux.loss_dice: 0.0138  aux.acc_seg: 97.8226
2026/04/09 15:44:57 - mmengine - INFO - per class results:
2026/04/09 15:44:57 - mmengine - INFO - 
+------------+-------+-------+
|   Class    |  Dice |  Acc  |
+------------+-------+-------+
| background | 96.97 |  98.3 |
|    cat     | 53.73 | 43.25 |
|    dog     | 49.68 | 50.31 |
+------------+-------+-------+
2026/04/09 15:44:57 - mmengine - INFO - Iter(val) [15/15]    aAcc: 92.6800  mDice: 66.7900  mAcc: 63.9500  data_time: 0.0270  time: 0.0823
2026/04/09 15:45:02 - mmengine - INFO - Exp name: unet1_conf_20260409_154330
2026/04/09 15:45:02 - mmengine - INFO - Iter(train) [ 325/2500]  lr: 8.9131e-04  eta: 0:07:31  time: 0.1694  data_time: 0.0057  memory: 4420  loss: 0.0465  decode.loss_focal: 0.0061  decode.loss_dice: 0.0166  decode.acc_seg: 97.3190  aux.loss_focal: 0.0065  aux.loss_dice: 0.0172  aux.acc_seg: 97.1512
2026/04/09 15:45:03 - mmengine - INFO - per class results:
2026/04/09 15:45:03 - mmengine - INFO - 
+------------+-------+-------+
|   Class    |  Dice |  Acc  |
+------------+-------+-------+
| background |  96.9 | 98.48 |
|    cat     |  51.4 | 39.89 |
|    dog     | 49.25 | 49.35 |
+------------+-------+-------+
2026/04/09 15:45:03 - mmengine - INFO - Iter(val) [15/15]    aAcc: 92.5800  mDice: 65.8500  mAcc: 62.5700  data_time: 0.0097  time: 0.0646
2026/04/09 15:45:07 - mmengine - INFO - Exp name: unet1_conf_20260409_154330
2026/04/09 15:45:07 - mmengine - INFO - Iter(train) [ 350/2500]  lr: 8.8219e-04  eta: 0:07:22  time: 0.1696  data_time: 0.0057  memory: 4420  loss: 0.0544  decode.loss_focal: 0.0075  decode.loss_dice: 0.0194  decode.acc_seg: 93.5226  aux.loss_focal: 0.0079  aux.loss_dice: 0.0196  aux.acc_seg: 93.7668
2026/04/09 15:45:08 - mmengine - INFO - per class results:
2026/04/09 15:45:08 - mmengine - INFO - 
+------------+-------+-------+
|   Class    |  Dice |  Acc  |
+------------+-------+-------+
| background | 96.88 | 98.68 |
|    cat     | 50.52 | 38.45 |
|    dog     | 48.63 | 47.63 |
+------------+-------+-------+
2026/04/09 15:45:08 - mmengine - INFO - Iter(val) [15/15]    aAcc: 92.5900  mDice: 65.3400  mAcc: 61.5900  data_time: 0.0279  time: 0.0831
2026/04/09 15:45:13 - mmengine - INFO - Exp name: unet1_conf_20260409_154330
2026/04/09 15:45:13 - mmengine - INFO - Iter(train) [ 375/2500]  lr: 8.7306e-04  eta: 0:07:14  time: 0.1693  data_time: 0.0055  memory: 4420  loss: 0.0289  decode.loss_focal: 0.0024  decode.loss_dice: 0.0118  decode.acc_seg: 98.9578  aux.loss_focal: 0.0024  aux.loss_dice: 0.0124  aux.acc_seg: 99.1531
2026/04/09 15:45:14 - mmengine - INFO - per class results:
2026/04/09 15:45:14 - mmengine - INFO - 
+------------+-------+-------+
|   Class    |  Dice |  Acc  |
+------------+-------+-------+
| background | 96.91 | 98.15 |
|    cat     | 55.08 | 46.47 |
|    dog     | 48.68 | 47.31 |
+------------+-------+-------+
2026/04/09 15:45:14 - mmengine - INFO - Iter(val) [15/15]    aAcc: 92.6300  mDice: 66.8900  mAcc: 63.9700  data_time: 0.0105  time: 0.0655
2026/04/09 15:45:19 - mmengine - INFO - Exp name: unet1_conf_20260409_154330
2026/04/09 15:45:19 - mmengine - INFO - Iter(train) [ 400/2500]  lr: 8.6392e-04  eta: 0:07:06  time: 0.1711  data_time: 0.0062  memory: 4420  loss: 0.0432  decode.loss_focal: 0.0055  decode.loss_dice: 0.0164  decode.acc_seg: 93.4250  aux.loss_focal: 0.0050  aux.loss_dice: 0.0164  aux.acc_seg: 93.4967
2026/04/09 15:45:20 - mmengine - INFO - per class results:
2026/04/09 15:45:20 - mmengine - INFO - 
+------------+-------+-------+
|   Class    |  Dice |  Acc  |
+------------+-------+-------+
| background | 96.96 | 98.16 |
|    cat     | 55.43 | 47.03 |
|    dog     | 49.27 | 48.06 |
+------------+-------+-------+
2026/04/09 15:45:20 - mmengine - INFO - Iter(val) [15/15]    aAcc: 92.7100  mDice: 67.2200  mAcc: 64.4200  data_time: 0.0259  time: 0.0811
2026/04/09 15:45:24 - mmengine - INFO - Exp name: unet1_conf_20260409_154330
2026/04/09 15:45:24 - mmengine - INFO - Iter(train) [ 425/2500]  lr: 8.5476e-04  eta: 0:06:58  time: 0.1698  data_time: 0.0058  memory: 4420  loss: 0.0445  decode.loss_focal: 0.0046  decode.loss_dice: 0.0168  decode.acc_seg: 96.4340  aux.loss_focal: 0.0049  aux.loss_dice: 0.0182  aux.acc_seg: 95.9488
2026/04/09 15:45:25 - mmengine - INFO - per class results:
2026/04/09 15:45:25 - mmengine - INFO - 
+------------+-------+-------+
|   Class    |  Dice |  Acc  |
+------------+-------+-------+
| background |  96.9 | 98.41 |
|    cat     |  50.0 | 38.15 |
|    dog     | 49.87 | 51.71 |
+------------+-------+-------+
2026/04/09 15:45:25 - mmengine - INFO - Iter(val) [15/15]    aAcc: 92.5100  mDice: 65.5900  mAcc: 62.7600  data_time: 0.0091  time: 0.0643
2026/04/09 15:45:30 - mmengine - INFO - Exp name: unet1_conf_20260409_154330
2026/04/09 15:45:30 - mmengine - INFO - Iter(train) [ 450/2500]  lr: 8.4560e-04  eta: 0:06:51  time: 0.1717  data_time: 0.0063  memory: 4420  loss: 0.0280  decode.loss_focal: 0.0023  decode.loss_dice: 0.0115  decode.acc_seg: 98.4131  aux.loss_focal: 0.0024  aux.loss_dice: 0.0119  aux.acc_seg: 98.2376
2026/04/09 15:45:31 - mmengine - INFO - per class results:
2026/04/09 15:45:31 - mmengine - INFO - 
+------------+-------+-------+
|   Class    |  Dice |  Acc  |
+------------+-------+-------+
| background | 96.97 | 97.72 |
|    cat     | 55.56 | 47.65 |
|    dog     | 50.04 | 52.94 |
+------------+-------+-------+
2026/04/09 15:45:31 - mmengine - INFO - Iter(val) [15/15]    aAcc: 92.5700  mDice: 67.5300  mAcc: 66.1100  data_time: 0.0161  time: 0.0714
2026/04/09 15:45:36 - mmengine - INFO - Exp name: unet1_conf_20260409_154330
2026/04/09 15:45:36 - mmengine - INFO - Iter(train) [ 475/2500]  lr: 8.3642e-04  eta: 0:06:44  time: 0.1706  data_time: 0.0057  memory: 4420  loss: 0.0267  decode.loss_focal: 0.0024  decode.loss_dice: 0.0107  decode.acc_seg: 98.2895  aux.loss_focal: 0.0024  aux.loss_dice: 0.0111  aux.acc_seg: 98.8770
2026/04/09 15:45:37 - mmengine - INFO - per class results:
2026/04/09 15:45:37 - mmengine - INFO - 
+------------+-------+-------+
|   Class    |  Dice |  Acc  |
+------------+-------+-------+
| background | 96.96 | 97.96 |
|    cat     | 53.37 | 43.61 |
|    dog     | 50.08 | 53.31 |
+------------+-------+-------+
2026/04/09 15:45:37 - mmengine - INFO - Iter(val) [15/15]    aAcc: 92.5300  mDice: 66.8000  mAcc: 64.9600  data_time: 0.0090  time: 0.0728
2026/04/09 15:45:41 - mmengine - INFO - Exp name: unet1_conf_20260409_154330
2026/04/09 15:45:41 - mmengine - INFO - Iter(train) [ 500/2500]  lr: 8.2723e-04  eta: 0:06:37  time: 0.1717  data_time: 0.0059  memory: 4420  loss: 0.0436  decode.loss_focal: 0.0050  decode.loss_dice: 0.0185  decode.acc_seg: 91.4780  aux.loss_focal: 0.0041  aux.loss_dice: 0.0160  aux.acc_seg: 93.6996
2026/04/09 15:45:41 - mmengine - INFO - Saving checkpoint at 20 epochs
2026/04/09 15:45:43 - mmengine - INFO - per class results:
2026/04/09 15:45:43 - mmengine - INFO - 
+------------+-------+-------+
|   Class    |  Dice |  Acc  |
+------------+-------+-------+
| background | 96.92 | 97.74 |
|    cat     | 53.56 | 44.62 |
|    dog     |  49.3 | 53.22 |
+------------+-------+-------+
2026/04/09 15:45:43 - mmengine - INFO - Iter(val) [15/15]    aAcc: 92.4000  mDice: 66.5900  mAcc: 65.1900  data_time: 0.0265  time: 0.0900
2026/04/09 15:45:48 - mmengine - INFO - Exp name: unet1_conf_20260409_154330
2026/04/09 15:45:48 - mmengine - INFO - Iter(train) [ 525/2500]  lr: 8.1803e-04  eta: 0:06:31  time: 0.1715  data_time: 0.0057  memory: 4420  loss: 0.0304  decode.loss_focal: 0.0029  decode.loss_dice: 0.0124  decode.acc_seg: 99.2218  aux.loss_focal: 0.0028  aux.loss_dice: 0.0122  aux.acc_seg: 99.4034
2026/04/09 15:45:49 - mmengine - INFO - per class results:
2026/04/09 15:45:49 - mmengine - INFO - 
+------------+-------+-------+
|   Class    |  Dice |  Acc  |
+------------+-------+-------+
| background | 96.96 | 98.14 |
|    cat     | 54.81 | 45.79 |
|    dog     | 49.54 | 49.46 |
+------------+-------+-------+
2026/04/09 15:45:49 - mmengine - INFO - Iter(val) [15/15]    aAcc: 92.6700  mDice: 67.1000  mAcc: 64.4600  data_time: 0.0101  time: 0.0658
2026/04/09 15:45:54 - mmengine - INFO - Exp name: unet1_conf_20260409_154330
2026/04/09 15:45:54 - mmengine - INFO - Iter(train) [ 550/2500]  lr: 8.0882e-04  eta: 0:06:24  time: 0.1722  data_time: 0.0062  memory: 4420  loss: 0.0442  decode.loss_focal: 0.0047  decode.loss_dice: 0.0181  decode.acc_seg: 90.1550  aux.loss_focal: 0.0042  aux.loss_dice: 0.0171  aux.acc_seg: 92.2012
2026/04/09 15:45:55 - mmengine - INFO - per class results:
2026/04/09 15:45:55 - mmengine - INFO - 
+------------+-------+-------+
|   Class    |  Dice |  Acc  |
+------------+-------+-------+
| background | 96.95 | 97.99 |
|    cat     |  54.4 | 45.12 |
|    dog     | 50.19 | 52.17 |
+------------+-------+-------+
2026/04/09 15:45:55 - mmengine - INFO - Iter(val) [15/15]    aAcc: 92.6000  mDice: 67.1800  mAcc: 65.0900  data_time: 0.0152  time: 0.0707
2026/04/09 15:45:59 - mmengine - INFO - Exp name: unet1_conf_20260409_154330
2026/04/09 15:45:59 - mmengine - INFO - Iter(train) [ 575/2500]  lr: 7.9960e-04  eta: 0:06:18  time: 0.1733  data_time: 0.0066  memory: 4420  loss: 0.0287  decode.loss_focal: 0.0026  decode.loss_dice: 0.0115  decode.acc_seg: 98.1201  aux.loss_focal: 0.0025  aux.loss_dice: 0.0120  aux.acc_seg: 98.8586
2026/04/09 15:46:00 - mmengine - INFO - per class results:
2026/04/09 15:46:00 - mmengine - INFO - 
+------------+-------+-------+
|   Class    |  Dice |  Acc  |
+------------+-------+-------+
| background | 96.91 | 98.28 |
|    cat     | 52.86 | 42.49 |
|    dog     | 50.07 |  50.4 |
+------------+-------+-------+
2026/04/09 15:46:00 - mmengine - INFO - Iter(val) [15/15]    aAcc: 92.6200  mDice: 66.6100  mAcc: 63.7200  data_time: 0.0095  time: 0.0649
2026/04/09 15:46:05 - mmengine - INFO - Exp name: unet1_conf_20260409_154330
2026/04/09 15:46:05 - mmengine - INFO - Iter(train) [ 600/2500]  lr: 7.9036e-04  eta: 0:06:12  time: 0.1727  data_time: 0.0063  memory: 4420  loss: 0.0356  decode.loss_focal: 0.0038  decode.loss_dice: 0.0136  decode.acc_seg: 97.2351  aux.loss_focal: 0.0035  aux.loss_dice: 0.0146  aux.acc_seg: 97.1817
2026/04/09 15:46:06 - mmengine - INFO - per class results:
2026/04/09 15:46:06 - mmengine - INFO - 
+------------+-------+-------+
|   Class    |  Dice |  Acc  |
+------------+-------+-------+
| background | 96.86 | 98.43 |
|    cat     | 53.79 | 44.38 |
|    dog     | 48.66 | 45.22 |
+------------+-------+-------+
2026/04/09 15:46:06 - mmengine - INFO - Iter(val) [15/15]    aAcc: 92.6600  mDice: 66.4400  mAcc: 62.6800  data_time: 0.0265  time: 0.0823
2026/04/09 15:46:11 - mmengine - INFO - Exp name: unet1_conf_20260409_154330
2026/04/09 15:46:11 - mmengine - INFO - Iter(train) [ 625/2500]  lr: 7.8111e-04  eta: 0:06:06  time: 0.1720  data_time: 0.0058  memory: 4420  loss: 0.0395  decode.loss_focal: 0.0051  decode.loss_dice: 0.0148  decode.acc_seg: 97.2092  aux.loss_focal: 0.0048  aux.loss_dice: 0.0149  aux.acc_seg: 98.4116
2026/04/09 15:46:12 - mmengine - INFO - per class results:
2026/04/09 15:46:12 - mmengine - INFO - 
+------------+-------+-------+
|   Class    |  Dice |  Acc  |
+------------+-------+-------+
| background | 96.91 | 98.21 |
|    cat     | 52.42 | 41.95 |
|    dog     | 49.84 | 51.13 |
+------------+-------+-------+
2026/04/09 15:46:12 - mmengine - INFO - Iter(val) [15/15]    aAcc: 92.5500  mDice: 66.3900  mAcc: 63.7600  data_time: 0.0100  time: 0.0658
2026/04/09 15:46:16 - mmengine - INFO - Exp name: unet1_conf_20260409_154330
2026/04/09 15:46:16 - mmengine - INFO - Iter(train) [ 650/2500]  lr: 7.7185e-04  eta: 0:06:01  time: 0.1720  data_time: 0.0057  memory: 4420  loss: 0.0287  decode.loss_focal: 0.0025  decode.loss_dice: 0.0118  decode.acc_seg: 98.6481  aux.loss_focal: 0.0024  aux.loss_dice: 0.0120  aux.acc_seg: 98.4985
2026/04/09 15:46:18 - mmengine - INFO - per class results:
2026/04/09 15:46:18 - mmengine - INFO - 
+------------+-------+-------+
|   Class    |  Dice |  Acc  |
+------------+-------+-------+
| background | 96.92 | 98.12 |
|    cat     | 53.99 | 44.89 |
|    dog     | 49.29 | 49.25 |
+------------+-------+-------+
2026/04/09 15:46:18 - mmengine - INFO - Iter(val) [15/15]    aAcc: 92.5900  mDice: 66.7400  mAcc: 64.0900  data_time: 0.0267  time: 0.0825
2026/04/09 15:46:22 - mmengine - INFO - Exp name: unet1_conf_20260409_154330
2026/04/09 15:46:22 - mmengine - INFO - Iter(train) [ 675/2500]  lr: 7.6258e-04  eta: 0:05:55  time: 0.1717  data_time: 0.0057  memory: 4420  loss: 0.0404  decode.loss_focal: 0.0047  decode.loss_dice: 0.0155  decode.acc_seg: 95.7230  aux.loss_focal: 0.0046  aux.loss_dice: 0.0157  aux.acc_seg: 96.4066
2026/04/09 15:46:23 - mmengine - INFO - per class results:
2026/04/09 15:46:23 - mmengine - INFO - 
+------------+-------+-------+
|   Class    |  Dice |  Acc  |
+------------+-------+-------+
| background | 96.94 | 98.24 |
|    cat     | 54.26 | 44.89 |
|    dog     | 49.49 | 48.71 |
+------------+-------+-------+
2026/04/09 15:46:23 - mmengine - INFO - Iter(val) [15/15]    aAcc: 92.6700  mDice: 66.9000  mAcc: 63.9400  data_time: 0.0092  time: 0.0648
2026/04/09 15:46:28 - mmengine - INFO - Exp name: unet1_conf_20260409_154330
2026/04/09 15:46:28 - mmengine - INFO - Iter(train) [ 700/2500]  lr: 7.5330e-04  eta: 0:05:49  time: 0.1724  data_time: 0.0056  memory: 4420  loss: 0.0297  decode.loss_focal: 0.0026  decode.loss_dice: 0.0123  decode.acc_seg: 99.0677  aux.loss_focal: 0.0027  aux.loss_dice: 0.0122  aux.acc_seg: 99.1287
2026/04/09 15:46:29 - mmengine - INFO - per class results:
2026/04/09 15:46:29 - mmengine - INFO - 
+------------+-------+-------+
|   Class    |  Dice |  Acc  |
+------------+-------+-------+
| background | 96.94 | 98.17 |
|    cat     | 54.04 | 44.43 |
|    dog     | 49.68 | 50.02 |
+------------+-------+-------+
2026/04/09 15:46:29 - mmengine - INFO - Iter(val) [15/15]    aAcc: 92.6300  mDice: 66.8900  mAcc: 64.2100  data_time: 0.0270  time: 0.0826
2026/04/09 15:46:34 - mmengine - INFO - Exp name: unet1_conf_20260409_154330
2026/04/09 15:46:34 - mmengine - INFO - Iter(train) [ 725/2500]  lr: 7.4400e-04  eta: 0:05:44  time: 0.1737  data_time: 0.0065  memory: 4420  loss: 0.0368  decode.loss_focal: 0.0044  decode.loss_dice: 0.0142  decode.acc_seg: 98.5886  aux.loss_focal: 0.0043  aux.loss_dice: 0.0139  aux.acc_seg: 98.8678
2026/04/09 15:46:35 - mmengine - INFO - per class results:
2026/04/09 15:46:35 - mmengine - INFO - 
+------------+-------+-------+
|   Class    |  Dice |  Acc  |
+------------+-------+-------+
| background | 96.91 | 98.33 |
|    cat     | 54.61 | 45.68 |
|    dog     | 48.81 | 46.08 |
+------------+-------+-------+
2026/04/09 15:46:35 - mmengine - INFO - Iter(val) [15/15]    aAcc: 92.6900  mDice: 66.7800  mAcc: 63.3600  data_time: 0.0091  time: 0.0648
2026/04/09 15:46:40 - mmengine - INFO - Exp name: unet1_conf_20260409_154330
2026/04/09 15:46:40 - mmengine - INFO - Iter(train) [ 750/2500]  lr: 7.3469e-04  eta: 0:05:39  time: 0.1727  data_time: 0.0058  memory: 4420  loss: 0.0397  decode.loss_focal: 0.0047  decode.loss_dice: 0.0139  decode.acc_seg: 95.2652  aux.loss_focal: 0.0062  aux.loss_dice: 0.0149  aux.acc_seg: 94.7525
2026/04/09 15:46:41 - mmengine - INFO - per class results:
2026/04/09 15:46:41 - mmengine - INFO - 
+------------+-------+-------+
|   Class    |  Dice |  Acc  |
+------------+-------+-------+
| background | 96.94 | 98.11 |
|    cat     | 52.99 | 42.51 |
|    dog     | 49.99 | 52.58 |
+------------+-------+-------+
2026/04/09 15:46:41 - mmengine - INFO - Iter(val) [15/15]    aAcc: 92.5600  mDice: 66.6400  mAcc: 64.4000  data_time: 0.0150  time: 0.0709
2026/04/09 15:46:45 - mmengine - INFO - Exp name: unet1_conf_20260409_154330
2026/04/09 15:46:45 - mmengine - INFO - Iter(train) [ 775/2500]  lr: 7.2537e-04  eta: 0:05:33  time: 0.1732  data_time: 0.0057  memory: 4420  loss: 0.0328  decode.loss_focal: 0.0030  decode.loss_dice: 0.0131  decode.acc_seg: 98.7823  aux.loss_focal: 0.0031  aux.loss_dice: 0.0135  aux.acc_seg: 98.8464
2026/04/09 15:46:46 - mmengine - INFO - per class results:
2026/04/09 15:46:46 - mmengine - INFO - 
+------------+-------+-------+
|   Class    |  Dice |  Acc  |
+------------+-------+-------+
| background | 96.95 | 98.56 |
|    cat     | 53.39 | 42.81 |
|    dog     | 48.64 | 46.48 |
+------------+-------+-------+
2026/04/09 15:46:46 - mmengine - INFO - Iter(val) [15/15]    aAcc: 92.7300  mDice: 66.3300  mAcc: 62.6200  data_time: 0.0099  time: 0.0663
2026/04/09 15:46:51 - mmengine - INFO - Exp name: unet1_conf_20260409_154330
2026/04/09 15:46:51 - mmengine - INFO - Iter(train) [ 800/2500]  lr: 7.1603e-04  eta: 0:05:28  time: 0.1729  data_time: 0.0058  memory: 4420  loss: 0.0325  decode.loss_focal: 0.0032  decode.loss_dice: 0.0125  decode.acc_seg: 99.1043  aux.loss_focal: 0.0035  aux.loss_dice: 0.0133  aux.acc_seg: 99.0814
2026/04/09 15:46:52 - mmengine - INFO - per class results:
2026/04/09 15:46:52 - mmengine - INFO - 
+------------+-------+-------+
|   Class    |  Dice |  Acc  |
+------------+-------+-------+
| background | 96.95 |  97.9 |
|    cat     |  55.2 | 46.93 |
|    dog     | 49.19 | 50.42 |
+------------+-------+-------+
2026/04/09 15:46:52 - mmengine - INFO - Iter(val) [15/15]    aAcc: 92.5700  mDice: 67.1100  mAcc: 65.0900  data_time: 0.0263  time: 0.0823
2026/04/09 15:46:57 - mmengine - INFO - Exp name: unet1_conf_20260409_154330
2026/04/09 15:46:57 - mmengine - INFO - Iter(train) [ 825/2500]  lr: 7.0668e-04  eta: 0:05:23  time: 0.1735  data_time: 0.0060  memory: 4420  loss: 0.0346  decode.loss_focal: 0.0033  decode.loss_dice: 0.0141  decode.acc_seg: 97.7417  aux.loss_focal: 0.0033  aux.loss_dice: 0.0139  aux.acc_seg: 97.9095
2026/04/09 15:46:58 - mmengine - INFO - per class results:
2026/04/09 15:46:58 - mmengine - INFO - 
+------------+-------+-------+
|   Class    |  Dice |  Acc  |
+------------+-------+-------+
| background | 96.99 | 97.98 |
|    cat     | 54.71 | 45.47 |
|    dog     | 49.61 |  51.9 |
+------------+-------+-------+
2026/04/09 15:46:58 - mmengine - INFO - Iter(val) [15/15]    aAcc: 92.6100  mDice: 67.1000  mAcc: 65.1200  data_time: 0.0107  time: 0.0671
2026/04/09 15:47:03 - mmengine - INFO - Exp name: unet1_conf_20260409_154330
2026/04/09 15:47:03 - mmengine - INFO - Iter(train) [ 850/2500]  lr: 6.9731e-04  eta: 0:05:17  time: 0.1732  data_time: 0.0056  memory: 4420  loss: 0.0515  decode.loss_focal: 0.0053  decode.loss_dice: 0.0172  decode.acc_seg: 94.7693  aux.loss_focal: 0.0063  aux.loss_dice: 0.0227  aux.acc_seg: 77.8091
2026/04/09 15:47:04 - mmengine - INFO - per class results:
2026/04/09 15:47:04 - mmengine - INFO - 
+------------+------+-------+
|   Class    | Dice |  Acc  |
+------------+------+-------+
| background | 96.9 | 98.44 |
|    cat     | 50.7 | 38.97 |
|    dog     | 49.3 | 50.48 |
+------------+------+-------+
2026/04/09 15:47:04 - mmengine - INFO - Iter(val) [15/15]    aAcc: 92.5300  mDice: 65.6300  mAcc: 62.6300  data_time: 0.0255  time: 0.0811
2026/04/09 15:47:09 - mmengine - INFO - Exp name: unet1_conf_20260409_154330
2026/04/09 15:47:09 - mmengine - INFO - Iter(train) [ 875/2500]  lr: 6.8793e-04  eta: 0:05:12  time: 0.1746  data_time: 0.0066  memory: 4420  loss: 0.0326  decode.loss_focal: 0.0033  decode.loss_dice: 0.0127  decode.acc_seg: 99.4370  aux.loss_focal: 0.0035  aux.loss_dice: 0.0131  aux.acc_seg: 99.3942
2026/04/09 15:47:10 - mmengine - INFO - per class results:
2026/04/09 15:47:10 - mmengine - INFO - 
+------------+-------+-------+
|   Class    |  Dice |  Acc  |
+------------+-------+-------+
| background | 96.96 | 98.42 |
|    cat     |  54.3 | 44.27 |
|    dog     | 49.38 | 47.82 |
+------------+-------+-------+
2026/04/09 15:47:10 - mmengine - INFO - Iter(val) [15/15]    aAcc: 92.7500  mDice: 66.8800  mAcc: 63.5000  data_time: 0.0091  time: 0.0652
2026/04/09 15:47:14 - mmengine - INFO - Exp name: unet1_conf_20260409_154330
2026/04/09 15:47:14 - mmengine - INFO - Iter(train) [ 900/2500]  lr: 6.7854e-04  eta: 0:05:07  time: 0.1743  data_time: 0.0062  memory: 4420  loss: 0.0296  decode.loss_focal: 0.0028  decode.loss_dice: 0.0118  decode.acc_seg: 99.4797  aux.loss_focal: 0.0027  aux.loss_dice: 0.0123  aux.acc_seg: 99.4858
2026/04/09 15:47:15 - mmengine - INFO - per class results:
2026/04/09 15:47:15 - mmengine - INFO - 
+------------+-------+-------+
|   Class    |  Dice |  Acc  |
+------------+-------+-------+
| background | 96.89 | 98.21 |
|    cat     | 51.31 | 40.56 |
|    dog     | 49.02 | 50.84 |
+------------+-------+-------+
2026/04/09 15:47:15 - mmengine - INFO - Iter(val) [15/15]    aAcc: 92.4500  mDice: 65.7400  mAcc: 63.2100  data_time: 0.0141  time: 0.0697
2026/04/09 15:47:20 - mmengine - INFO - Exp name: unet1_conf_20260409_154330
2026/04/09 15:47:20 - mmengine - INFO - Iter(train) [ 925/2500]  lr: 6.6913e-04  eta: 0:05:02  time: 0.1732  data_time: 0.0055  memory: 4420  loss: 0.0304  decode.loss_focal: 0.0030  decode.loss_dice: 0.0118  decode.acc_seg: 99.5438  aux.loss_focal: 0.0031  aux.loss_dice: 0.0125  aux.acc_seg: 99.5361
2026/04/09 15:47:21 - mmengine - INFO - per class results:
2026/04/09 15:47:21 - mmengine - INFO - 
+------------+-------+-------+
|   Class    |  Dice |  Acc  |
+------------+-------+-------+
| background | 96.91 |  98.3 |
|    cat     | 51.76 | 40.85 |
|    dog     | 49.21 | 50.39 |
+------------+-------+-------+
2026/04/09 15:47:21 - mmengine - INFO - Iter(val) [15/15]    aAcc: 92.5300  mDice: 65.9600  mAcc: 63.1800  data_time: 0.0084  time: 0.0641
2026/04/09 15:47:26 - mmengine - INFO - Exp name: unet1_conf_20260409_154330
2026/04/09 15:47:26 - mmengine - INFO - Iter(train) [ 950/2500]  lr: 6.5970e-04  eta: 0:04:57  time: 0.1724  data_time: 0.0061  memory: 4420  loss: 0.0476  decode.loss_focal: 0.0060  decode.loss_dice: 0.0169  decode.acc_seg: 94.9432  aux.loss_focal: 0.0065  aux.loss_dice: 0.0182  aux.acc_seg: 94.1803
2026/04/09 15:47:27 - mmengine - INFO - per class results:
2026/04/09 15:47:27 - mmengine - INFO - 
+------------+-------+-------+
|   Class    |  Dice |  Acc  |
+------------+-------+-------+
| background | 96.97 | 97.79 |
|    cat     | 54.82 | 46.23 |
|    dog     | 49.14 | 52.34 |
+------------+-------+-------+
2026/04/09 15:47:27 - mmengine - INFO - Iter(val) [15/15]    aAcc: 92.5000  mDice: 66.9700  mAcc: 65.4500  data_time: 0.0266  time: 0.0824
2026/04/09 15:47:32 - mmengine - INFO - Exp name: unet1_conf_20260409_154330
2026/04/09 15:47:32 - mmengine - INFO - Iter(train) [ 975/2500]  lr: 6.5027e-04  eta: 0:04:52  time: 0.1746  data_time: 0.0065  memory: 4420  loss: 0.0536  decode.loss_focal: 0.0097  decode.loss_dice: 0.0193  decode.acc_seg: 90.2176  aux.loss_focal: 0.0066  aux.loss_dice: 0.0180  aux.acc_seg: 91.9479
2026/04/09 15:47:33 - mmengine - INFO - per class results:
2026/04/09 15:47:33 - mmengine - INFO - 
+------------+-------+-------+
|   Class    |  Dice |  Acc  |
+------------+-------+-------+
| background |  96.9 | 98.46 |
|    cat     | 52.97 | 42.55 |
|    dog     | 49.18 | 47.52 |
+------------+-------+-------+
2026/04/09 15:47:33 - mmengine - INFO - Iter(val) [15/15]    aAcc: 92.6600  mDice: 66.3500  mAcc: 62.8400  data_time: 0.0096  time: 0.0664
2026/04/09 15:47:38 - mmengine - INFO - Exp name: unet1_conf_20260409_154330
2026/04/09 15:47:38 - mmengine - INFO - Iter(train) [1000/2500]  lr: 6.4081e-04  eta: 0:04:47  time: 0.1737  data_time: 0.0058  memory: 4420  loss: 0.0303  decode.loss_focal: 0.0027  decode.loss_dice: 0.0122  decode.acc_seg: 97.7310  aux.loss_focal: 0.0027  aux.loss_dice: 0.0127  aux.acc_seg: 97.4792
2026/04/09 15:47:38 - mmengine - INFO - Saving checkpoint at 40 epochs
2026/04/09 15:47:40 - mmengine - INFO - per class results:
2026/04/09 15:47:40 - mmengine - INFO - 
+------------+-------+-------+
|   Class    |  Dice |  Acc  |
+------------+-------+-------+
| background | 96.93 | 98.11 |
|    cat     | 53.61 | 44.02 |
|    dog     | 48.66 | 49.62 |
+------------+-------+-------+
2026/04/09 15:47:40 - mmengine - INFO - Iter(val) [15/15]    aAcc: 92.5400  mDice: 66.4000  mAcc: 63.9200  data_time: 0.0145  time: 0.0704
2026/04/09 15:47:44 - mmengine - INFO - Exp name: unet1_conf_20260409_154330
2026/04/09 15:47:44 - mmengine - INFO - Iter(train) [1025/2500]  lr: 6.3134e-04  eta: 0:04:42  time: 0.1735  data_time: 0.0057  memory: 4420  loss: 0.0310  decode.loss_focal: 0.0029  decode.loss_dice: 0.0123  decode.acc_seg: 98.3063  aux.loss_focal: 0.0029  aux.loss_dice: 0.0129  aux.acc_seg: 98.6267
2026/04/09 15:47:45 - mmengine - INFO - per class results:
2026/04/09 15:47:45 - mmengine - INFO - 
+------------+-------+-------+
|   Class    |  Dice |  Acc  |
+------------+-------+-------+
| background | 96.94 | 98.09 |
|    cat     | 52.28 | 41.86 |
|    dog     | 49.23 | 52.23 |
+------------+-------+-------+
2026/04/09 15:47:45 - mmengine - INFO - Iter(val) [15/15]    aAcc: 92.4800  mDice: 66.1500  mAcc: 64.0600  data_time: 0.0099  time: 0.0661
