2026/04/09 12:19:52 - mmengine - INFO - 
------------------------------------------------------------
System environment:
    sys.platform: linux
    Python: 3.10.16 (main, Jan 14 2025, 22:49:19) [Clang 19.1.6 ]
    CUDA available: True
    MUSA available: False
    numpy_random_seed: 1592685951
    GPU 0: NVIDIA A10
    CUDA_HOME: /usr
    NVCC: Cuda compilation tools, release 12.8, V12.8.93
    GCC: x86_64-alt-linux-gcc (GCC) 13.2.1 20240128 (ALT Sisyphus 13.2.1-alt3)
    PyTorch: 2.4.0+cu121
    PyTorch compiling details: PyTorch built with:
  - GCC 9.3
  - C++ Version: 201703
  - Intel(R) oneAPI Math Kernel Library Version 2022.2-Product Build 20220804 for Intel(R) 64 architecture applications
  - Intel(R) MKL-DNN v3.4.2 (Git Hash 1137e04ec0b5251ca2b4400a4fd3c667ce843d67)
  - OpenMP 201511 (a.k.a. OpenMP 4.5)
  - LAPACK is enabled (usually provided by MKL)
  - NNPACK is enabled
  - CPU capability usage: AVX512
  - CUDA Runtime 12.1
  - NVCC architecture flags: -gencode;arch=compute_50,code=sm_50;-gencode;arch=compute_60,code=sm_60;-gencode;arch=compute_70,code=sm_70;-gencode;arch=compute_75,code=sm_75;-gencode;arch=compute_80,code=sm_80;-gencode;arch=compute_86,code=sm_86;-gencode;arch=compute_90,code=sm_90
  - CuDNN 90.1  (built against CUDA 12.4)
  - Magma 2.6.1
  - Build settings: BLAS_INFO=mkl, BUILD_TYPE=Release, CUDA_VERSION=12.1, CUDNN_VERSION=9.1.0, CXX_COMPILER=/opt/rh/devtoolset-9/root/usr/bin/c++, CXX_FLAGS= -D_GLIBCXX_USE_CXX11_ABI=0 -fabi-version=11 -fvisibility-inlines-hidden -DUSE_PTHREADPOOL -DNDEBUG -DUSE_KINETO -DLIBKINETO_NOROCTRACER -DUSE_FBGEMM -DUSE_PYTORCH_QNNPACK -DUSE_XNNPACK -DSYMBOLICATE_MOBILE_DEBUG_HANDLE -O2 -fPIC -Wall -Wextra -Werror=return-type -Werror=non-virtual-dtor -Werror=bool-operation -Wnarrowing -Wno-missing-field-initializers -Wno-type-limits -Wno-array-bounds -Wno-unknown-pragmas -Wno-unused-parameter -Wno-unused-function -Wno-unused-result -Wno-strict-overflow -Wno-strict-aliasing -Wno-stringop-overflow -Wsuggest-override -Wno-psabi -Wno-error=pedantic -Wno-error=old-style-cast -Wno-missing-braces -fdiagnostics-color=always -faligned-new -Wno-unused-but-set-variable -Wno-maybe-uninitialized -fno-math-errno -fno-trapping-math -Werror=format -Wno-stringop-overflow, LAPACK_INFO=mkl, PERF_WITH_AVX=1, PERF_WITH_AVX2=1, PERF_WITH_AVX512=1, TORCH_VERSION=2.4.0, USE_CUDA=ON, USE_CUDNN=ON, USE_CUSPARSELT=1, USE_EXCEPTION_PTR=1, USE_GFLAGS=OFF, USE_GLOG=OFF, USE_GLOO=ON, USE_MKL=ON, USE_MKLDNN=ON, USE_MPI=OFF, USE_NCCL=1, USE_NNPACK=ON, USE_OPENMP=ON, USE_ROCM=OFF, USE_ROCM_KERNEL_ASSERT=OFF, 

    TorchVision: 0.19.0+cu121
    OpenCV: 4.11.0
    MMEngine: 0.10.7

Runtime environment:
    cudnn_benchmark: True
    mp_cfg: {'mp_start_method': 'fork', 'opencv_num_threads': 0}
    dist_cfg: {'backend': 'nccl'}
    seed: 1592685951
    Distributed launcher: none
    Distributed training: False
    GPU number: 1
------------------------------------------------------------

2026/04/09 12:19:52 - mmengine - INFO - Config:
batch_size = 8
data_preprocessor = dict(
    bgr_to_rgb=True,
    mean=[
        123.675,
        116.28,
        103.53,
    ],
    pad_val=0,
    seg_pad_val=255,
    size=(
        256,
        256,
    ),
    std=[
        58.395,
        57.12,
        57.375,
    ],
    type='SegDataPreProcessor')
data_root = 'data/cleared'
dataset_type = 'AnimalsDataset'
default_hooks = dict(
    checkpoint=dict(
        by_epoch=True,
        interval=20,
        rule='greater',
        save_best='mDice',
        type='CheckpointHook'),
    logger=dict(interval=100, type='LoggerHook'),
    param_scheduler=dict(type='ParamSchedulerHook'),
    sampler_seed=dict(type='DistSamplerSeedHook'),
    visualization=dict(draw=True, interval=50, type='SegVisualizationHook'))
default_scope = 'mmseg'
env_cfg = dict(
    cudnn_benchmark=True,
    dist_cfg=dict(backend='nccl'),
    mp_cfg=dict(mp_start_method='fork', opencv_num_threads=0))
epoch_num = 200
input_size = (
    256,
    256,
)
launcher = 'none'
load_from = None
log_level = 'INFO'
log_processor = dict(by_epoch=False)
model = dict(
    auxiliary_head=dict(
        align_corners=False,
        channels=64,
        concat_input=False,
        dropout_ratio=0.1,
        in_channels=128,
        in_index=3,
        loss_decode=[
            dict(
                gamma=2.0,
                loss_name='loss_focal',
                loss_weight=1.0,
                type='FocalLoss',
                use_sigmoid=True),
            dict(loss_name='loss_dice', loss_weight=4.0, type='DiceLoss'),
        ],
        norm_cfg=dict(requires_grad=True, type='SyncBN'),
        num_classes=3,
        num_convs=1,
        type='FCNHead'),
    backbone=dict(
        act_cfg=dict(type='ReLU'),
        base_channels=64,
        conv_cfg=None,
        dec_dilations=(
            1,
            1,
            1,
            1,
        ),
        dec_num_convs=(
            2,
            2,
            2,
            2,
        ),
        downsamples=(
            True,
            True,
            True,
            True,
        ),
        enc_dilations=(
            1,
            1,
            1,
            1,
            1,
        ),
        enc_num_convs=(
            2,
            2,
            2,
            2,
            2,
        ),
        in_channels=3,
        norm_cfg=dict(requires_grad=True, type='SyncBN'),
        norm_eval=False,
        num_stages=5,
        strides=(
            1,
            1,
            1,
            1,
            1,
        ),
        type='UNet',
        upsample_cfg=dict(type='InterpConv'),
        with_cp=False),
    data_preprocessor=dict(
        bgr_to_rgb=True,
        mean=[
            123.675,
            116.28,
            103.53,
        ],
        pad_val=0,
        seg_pad_val=255,
        size=(
            256,
            256,
        ),
        std=[
            58.395,
            57.12,
            57.375,
        ],
        type='SegDataPreProcessor'),
    decode_head=dict(
        align_corners=False,
        channels=64,
        concat_input=False,
        dropout_ratio=0.1,
        in_channels=64,
        in_index=4,
        loss_decode=[
            dict(
                gamma=2.0,
                loss_name='loss_focal',
                loss_weight=1.0,
                type='FocalLoss',
                use_sigmoid=True),
            dict(loss_name='loss_dice', loss_weight=4.0, type='DiceLoss'),
        ],
        norm_cfg=dict(requires_grad=True, type='SyncBN'),
        num_classes=3,
        num_convs=1,
        type='FCNHead'),
    pretrained=None,
    test_cfg=dict(crop_size=256, mode='whole', stride=170),
    train_cfg=dict(),
    type='EncoderDecoder')
norm_cfg = dict(requires_grad=True, type='SyncBN')
num_workers = 4
optim_wrapper = dict(
    optimizer=dict(lr=0.01, momentum=0.9, type='SGD', weight_decay=0.0005),
    type='OptimWrapper')
optimizer = dict(lr=0.01, momentum=0.9, type='SGD', weight_decay=0.0005)
param_scheduler = [
    dict(
        begin=0,
        by_epoch=True,
        end=200,
        eta_min=1e-05,
        power=0.9,
        type='PolyLR'),
]
resume = False
test_cfg = dict(type='TestLoop')
test_dataloader = dict(
    batch_size=8,
    dataset=dict(
        data_prefix=dict(img_path='img/test', seg_map_path='labels/test'),
        data_root='data/cleared',
        img_suffix='.jpg',
        pipeline=[
            dict(type='LoadImageFromFile'),
            dict(type='LoadAnnotations'),
            dict(type='PackSegInputs'),
        ],
        seg_map_suffix='.png',
        type='AnimalsDataset'),
    num_workers=4,
    persistent_workers=True,
    sampler=dict(shuffle=False, type='DefaultSampler'))
test_dataset = dict(
    data_prefix=dict(img_path='img/test', seg_map_path='labels/test'),
    data_root='data/cleared',
    img_suffix='.jpg',
    pipeline=[
        dict(type='LoadImageFromFile'),
        dict(type='LoadAnnotations'),
        dict(type='PackSegInputs'),
    ],
    seg_map_suffix='.png',
    type='AnimalsDataset')
test_evaluator = dict(
    classwise=True, iou_metrics=[
        'mDice',
    ], type='IoUMetric')
test_pipeline = [
    dict(type='LoadImageFromFile'),
    dict(type='LoadAnnotations'),
    dict(type='PackSegInputs'),
]
train_cfg = dict(max_epochs=200, type='EpochBasedTrainLoop')
train_dataloader = dict(
    batch_size=8,
    dataset=dict(
        data_prefix=dict(img_path='img/train', seg_map_path='labels/train'),
        data_root='data/cleared',
        img_suffix='.jpg',
        pipeline=[
            dict(type='LoadImageFromFile'),
            dict(type='LoadAnnotations'),
            dict(type='PhotoMetricDistortion'),
            dict(degree=(
                -45,
                45,
            ), type='RandomRotFlip'),
            dict(type='PackSegInputs'),
        ],
        seg_map_suffix='.png',
        type='AnimalsDataset'),
    num_workers=4,
    persistent_workers=True,
    sampler=dict(shuffle=True, type='DefaultSampler'))
train_dataset = dict(
    data_prefix=dict(img_path='img/train', seg_map_path='labels/train'),
    data_root='data/cleared',
    img_suffix='.jpg',
    pipeline=[
        dict(type='LoadImageFromFile'),
        dict(type='LoadAnnotations'),
        dict(type='PhotoMetricDistortion'),
        dict(degree=(
            -45,
            45,
        ), type='RandomRotFlip'),
        dict(type='PackSegInputs'),
    ],
    seg_map_suffix='.png',
    type='AnimalsDataset')
train_pipeline = [
    dict(type='LoadImageFromFile'),
    dict(type='LoadAnnotations'),
    dict(type='PhotoMetricDistortion'),
    dict(degree=(
        -45,
        45,
    ), type='RandomRotFlip'),
    dict(type='PackSegInputs'),
]
tta_model = dict(type='SegTTAModel')
val_cfg = dict(type='ValLoop')
val_dataloader = dict(
    batch_size=8,
    dataset=dict(
        data_prefix=dict(img_path='img/val', seg_map_path='labels/val'),
        data_root='data/cleared',
        img_suffix='.jpg',
        pipeline=[
            dict(type='LoadImageFromFile'),
            dict(type='LoadAnnotations'),
            dict(type='PackSegInputs'),
        ],
        seg_map_suffix='.png',
        type='AnimalsDataset'),
    num_workers=4,
    persistent_workers=True,
    sampler=dict(shuffle=False, type='DefaultSampler'))
val_dataset = dict(
    data_prefix=dict(img_path='img/val', seg_map_path='labels/val'),
    data_root='data/cleared',
    img_suffix='.jpg',
    pipeline=[
        dict(type='LoadImageFromFile'),
        dict(type='LoadAnnotations'),
        dict(type='PackSegInputs'),
    ],
    seg_map_suffix='.png',
    type='AnimalsDataset')
val_evaluator = dict(
    classwise=True, iou_metrics=[
        'mDice',
    ], type='IoUMetric')
val_pipeline = [
    dict(type='LoadImageFromFile'),
    dict(type='LoadAnnotations'),
    dict(type='PackSegInputs'),
]
vis_backends = [
    dict(type='LocalVisBackend'),
]
visualizer = dict(
    name='visualizer',
    type='SegLocalVisualizer',
    vis_backends=[
        dict(type='LocalVisBackend'),
        dict(
            exp_name='sprint6_unet_v5',
            run_name='unet-s5-d16',
            tracking_uri='http://localhost:5000',
            type='MLflowVisBackend'),
    ])
work_dir = 'practicum_work/artifacts/mmsegmentation_work_dir'

2026/04/09 12:19:54 - mmengine - WARNING - Please make sure that the mlflow server is running.
2026/04/09 12:19:55 - mmengine - INFO - Distributed training is not used, all SyncBatchNorm (SyncBN) layers in the model will be automatically reverted to BatchNormXd layers if they are used.
2026/04/09 12:19:55 - mmengine - INFO - Hooks will be executed in the following order:
before_run:
(VERY_HIGH   ) RuntimeInfoHook                    
(BELOW_NORMAL) LoggerHook                         
 -------------------- 
before_train:
(VERY_HIGH   ) RuntimeInfoHook                    
(NORMAL      ) IterTimerHook                      
(VERY_LOW    ) CheckpointHook                     
 -------------------- 
before_train_epoch:
(VERY_HIGH   ) RuntimeInfoHook                    
(NORMAL      ) IterTimerHook                      
(NORMAL      ) DistSamplerSeedHook                
 -------------------- 
before_train_iter:
(VERY_HIGH   ) RuntimeInfoHook                    
(NORMAL      ) IterTimerHook                      
 -------------------- 
after_train_iter:
(VERY_HIGH   ) RuntimeInfoHook                    
(NORMAL      ) IterTimerHook                      
(BELOW_NORMAL) LoggerHook                         
(LOW         ) ParamSchedulerHook                 
(VERY_LOW    ) CheckpointHook                     
 -------------------- 
after_train_epoch:
(NORMAL      ) IterTimerHook                      
(LOW         ) ParamSchedulerHook                 
(VERY_LOW    ) CheckpointHook                     
 -------------------- 
before_val:
(VERY_HIGH   ) RuntimeInfoHook                    
 -------------------- 
before_val_epoch:
(NORMAL      ) IterTimerHook                      
 -------------------- 
before_val_iter:
(NORMAL      ) IterTimerHook                      
 -------------------- 
after_val_iter:
(NORMAL      ) IterTimerHook                      
(NORMAL      ) SegVisualizationHook               
(BELOW_NORMAL) LoggerHook                         
 -------------------- 
after_val_epoch:
(VERY_HIGH   ) RuntimeInfoHook                    
(NORMAL      ) IterTimerHook                      
(BELOW_NORMAL) LoggerHook                         
(LOW         ) ParamSchedulerHook                 
(VERY_LOW    ) CheckpointHook                     
 -------------------- 
after_val:
(VERY_HIGH   ) RuntimeInfoHook                    
 -------------------- 
after_train:
(VERY_HIGH   ) RuntimeInfoHook                    
(VERY_LOW    ) CheckpointHook                     
 -------------------- 
before_test:
(VERY_HIGH   ) RuntimeInfoHook                    
 -------------------- 
before_test_epoch:
(NORMAL      ) IterTimerHook                      
 -------------------- 
before_test_iter:
(NORMAL      ) IterTimerHook                      
 -------------------- 
after_test_iter:
(NORMAL      ) IterTimerHook                      
(NORMAL      ) SegVisualizationHook               
(BELOW_NORMAL) LoggerHook                         
 -------------------- 
after_test_epoch:
(VERY_HIGH   ) RuntimeInfoHook                    
(NORMAL      ) IterTimerHook                      
(BELOW_NORMAL) LoggerHook                         
 -------------------- 
after_test:
(VERY_HIGH   ) RuntimeInfoHook                    
 -------------------- 
after_run:
(BELOW_NORMAL) LoggerHook                         
 -------------------- 
2026/04/09 12:19:56 - mmengine - WARNING - The prefix is not set in metric class IoUMetric.
Name of parameter - Initialization information

backbone.encoder.0.0.convs.0.conv.weight - torch.Size([64, 3, 3, 3]): 
KaimingInit: a=0, mode=fan_out, nonlinearity=relu, distribution =normal, bias=0 

backbone.encoder.0.0.convs.0.bn.weight - torch.Size([64]): 
The value is the same before and after calling `init_weights` of EncoderDecoder  

backbone.encoder.0.0.convs.0.bn.bias - torch.Size([64]): 
The value is the same before and after calling `init_weights` of EncoderDecoder  

backbone.encoder.0.0.convs.1.conv.weight - torch.Size([64, 64, 3, 3]): 
KaimingInit: a=0, mode=fan_out, nonlinearity=relu, distribution =normal, bias=0 

backbone.encoder.0.0.convs.1.bn.weight - torch.Size([64]): 
The value is the same before and after calling `init_weights` of EncoderDecoder  

backbone.encoder.0.0.convs.1.bn.bias - torch.Size([64]): 
The value is the same before and after calling `init_weights` of EncoderDecoder  

backbone.encoder.1.1.convs.0.conv.weight - torch.Size([128, 64, 3, 3]): 
KaimingInit: a=0, mode=fan_out, nonlinearity=relu, distribution =normal, bias=0 

backbone.encoder.1.1.convs.0.bn.weight - torch.Size([128]): 
The value is the same before and after calling `init_weights` of EncoderDecoder  

backbone.encoder.1.1.convs.0.bn.bias - torch.Size([128]): 
The value is the same before and after calling `init_weights` of EncoderDecoder  

backbone.encoder.1.1.convs.1.conv.weight - torch.Size([128, 128, 3, 3]): 
KaimingInit: a=0, mode=fan_out, nonlinearity=relu, distribution =normal, bias=0 

backbone.encoder.1.1.convs.1.bn.weight - torch.Size([128]): 
The value is the same before and after calling `init_weights` of EncoderDecoder  

backbone.encoder.1.1.convs.1.bn.bias - torch.Size([128]): 
The value is the same before and after calling `init_weights` of EncoderDecoder  

backbone.encoder.2.1.convs.0.conv.weight - torch.Size([256, 128, 3, 3]): 
KaimingInit: a=0, mode=fan_out, nonlinearity=relu, distribution =normal, bias=0 

backbone.encoder.2.1.convs.0.bn.weight - torch.Size([256]): 
The value is the same before and after calling `init_weights` of EncoderDecoder  

backbone.encoder.2.1.convs.0.bn.bias - torch.Size([256]): 
The value is the same before and after calling `init_weights` of EncoderDecoder  

backbone.encoder.2.1.convs.1.conv.weight - torch.Size([256, 256, 3, 3]): 
KaimingInit: a=0, mode=fan_out, nonlinearity=relu, distribution =normal, bias=0 

backbone.encoder.2.1.convs.1.bn.weight - torch.Size([256]): 
The value is the same before and after calling `init_weights` of EncoderDecoder  

backbone.encoder.2.1.convs.1.bn.bias - torch.Size([256]): 
The value is the same before and after calling `init_weights` of EncoderDecoder  

backbone.encoder.3.1.convs.0.conv.weight - torch.Size([512, 256, 3, 3]): 
KaimingInit: a=0, mode=fan_out, nonlinearity=relu, distribution =normal, bias=0 

backbone.encoder.3.1.convs.0.bn.weight - torch.Size([512]): 
The value is the same before and after calling `init_weights` of EncoderDecoder  

backbone.encoder.3.1.convs.0.bn.bias - torch.Size([512]): 
The value is the same before and after calling `init_weights` of EncoderDecoder  

backbone.encoder.3.1.convs.1.conv.weight - torch.Size([512, 512, 3, 3]): 
KaimingInit: a=0, mode=fan_out, nonlinearity=relu, distribution =normal, bias=0 

backbone.encoder.3.1.convs.1.bn.weight - torch.Size([512]): 
The value is the same before and after calling `init_weights` of EncoderDecoder  

backbone.encoder.3.1.convs.1.bn.bias - torch.Size([512]): 
The value is the same before and after calling `init_weights` of EncoderDecoder  

backbone.encoder.4.1.convs.0.conv.weight - torch.Size([1024, 512, 3, 3]): 
KaimingInit: a=0, mode=fan_out, nonlinearity=relu, distribution =normal, bias=0 

backbone.encoder.4.1.convs.0.bn.weight - torch.Size([1024]): 
The value is the same before and after calling `init_weights` of EncoderDecoder  

backbone.encoder.4.1.convs.0.bn.bias - torch.Size([1024]): 
The value is the same before and after calling `init_weights` of EncoderDecoder  

backbone.encoder.4.1.convs.1.conv.weight - torch.Size([1024, 1024, 3, 3]): 
KaimingInit: a=0, mode=fan_out, nonlinearity=relu, distribution =normal, bias=0 

backbone.encoder.4.1.convs.1.bn.weight - torch.Size([1024]): 
The value is the same before and after calling `init_weights` of EncoderDecoder  

backbone.encoder.4.1.convs.1.bn.bias - torch.Size([1024]): 
The value is the same before and after calling `init_weights` of EncoderDecoder  

backbone.decoder.0.conv_block.convs.0.conv.weight - torch.Size([64, 128, 3, 3]): 
KaimingInit: a=0, mode=fan_out, nonlinearity=relu, distribution =normal, bias=0 

backbone.decoder.0.conv_block.convs.0.bn.weight - torch.Size([64]): 
The value is the same before and after calling `init_weights` of EncoderDecoder  

backbone.decoder.0.conv_block.convs.0.bn.bias - torch.Size([64]): 
The value is the same before and after calling `init_weights` of EncoderDecoder  

backbone.decoder.0.conv_block.convs.1.conv.weight - torch.Size([64, 64, 3, 3]): 
KaimingInit: a=0, mode=fan_out, nonlinearity=relu, distribution =normal, bias=0 

backbone.decoder.0.conv_block.convs.1.bn.weight - torch.Size([64]): 
The value is the same before and after calling `init_weights` of EncoderDecoder  

backbone.decoder.0.conv_block.convs.1.bn.bias - torch.Size([64]): 
The value is the same before and after calling `init_weights` of EncoderDecoder  

backbone.decoder.0.upsample.interp_upsample.1.conv.weight - torch.Size([64, 128, 1, 1]): 
KaimingInit: a=0, mode=fan_out, nonlinearity=relu, distribution =normal, bias=0 

backbone.decoder.0.upsample.interp_upsample.1.bn.weight - torch.Size([64]): 
The value is the same before and after calling `init_weights` of EncoderDecoder  

backbone.decoder.0.upsample.interp_upsample.1.bn.bias - torch.Size([64]): 
The value is the same before and after calling `init_weights` of EncoderDecoder  

backbone.decoder.1.conv_block.convs.0.conv.weight - torch.Size([128, 256, 3, 3]): 
KaimingInit: a=0, mode=fan_out, nonlinearity=relu, distribution =normal, bias=0 

backbone.decoder.1.conv_block.convs.0.bn.weight - torch.Size([128]): 
The value is the same before and after calling `init_weights` of EncoderDecoder  

backbone.decoder.1.conv_block.convs.0.bn.bias - torch.Size([128]): 
The value is the same before and after calling `init_weights` of EncoderDecoder  

backbone.decoder.1.conv_block.convs.1.conv.weight - torch.Size([128, 128, 3, 3]): 
KaimingInit: a=0, mode=fan_out, nonlinearity=relu, distribution =normal, bias=0 

backbone.decoder.1.conv_block.convs.1.bn.weight - torch.Size([128]): 
The value is the same before and after calling `init_weights` of EncoderDecoder  

backbone.decoder.1.conv_block.convs.1.bn.bias - torch.Size([128]): 
The value is the same before and after calling `init_weights` of EncoderDecoder  

backbone.decoder.1.upsample.interp_upsample.1.conv.weight - torch.Size([128, 256, 1, 1]): 
KaimingInit: a=0, mode=fan_out, nonlinearity=relu, distribution =normal, bias=0 

backbone.decoder.1.upsample.interp_upsample.1.bn.weight - torch.Size([128]): 
The value is the same before and after calling `init_weights` of EncoderDecoder  

backbone.decoder.1.upsample.interp_upsample.1.bn.bias - torch.Size([128]): 
The value is the same before and after calling `init_weights` of EncoderDecoder  

backbone.decoder.2.conv_block.convs.0.conv.weight - torch.Size([256, 512, 3, 3]): 
KaimingInit: a=0, mode=fan_out, nonlinearity=relu, distribution =normal, bias=0 

backbone.decoder.2.conv_block.convs.0.bn.weight - torch.Size([256]): 
The value is the same before and after calling `init_weights` of EncoderDecoder  

backbone.decoder.2.conv_block.convs.0.bn.bias - torch.Size([256]): 
The value is the same before and after calling `init_weights` of EncoderDecoder  

backbone.decoder.2.conv_block.convs.1.conv.weight - torch.Size([256, 256, 3, 3]): 
KaimingInit: a=0, mode=fan_out, nonlinearity=relu, distribution =normal, bias=0 

backbone.decoder.2.conv_block.convs.1.bn.weight - torch.Size([256]): 
The value is the same before and after calling `init_weights` of EncoderDecoder  

backbone.decoder.2.conv_block.convs.1.bn.bias - torch.Size([256]): 
The value is the same before and after calling `init_weights` of EncoderDecoder  

backbone.decoder.2.upsample.interp_upsample.1.conv.weight - torch.Size([256, 512, 1, 1]): 
KaimingInit: a=0, mode=fan_out, nonlinearity=relu, distribution =normal, bias=0 

backbone.decoder.2.upsample.interp_upsample.1.bn.weight - torch.Size([256]): 
The value is the same before and after calling `init_weights` of EncoderDecoder  

backbone.decoder.2.upsample.interp_upsample.1.bn.bias - torch.Size([256]): 
The value is the same before and after calling `init_weights` of EncoderDecoder  

backbone.decoder.3.conv_block.convs.0.conv.weight - torch.Size([512, 1024, 3, 3]): 
KaimingInit: a=0, mode=fan_out, nonlinearity=relu, distribution =normal, bias=0 

backbone.decoder.3.conv_block.convs.0.bn.weight - torch.Size([512]): 
The value is the same before and after calling `init_weights` of EncoderDecoder  

backbone.decoder.3.conv_block.convs.0.bn.bias - torch.Size([512]): 
The value is the same before and after calling `init_weights` of EncoderDecoder  

backbone.decoder.3.conv_block.convs.1.conv.weight - torch.Size([512, 512, 3, 3]): 
KaimingInit: a=0, mode=fan_out, nonlinearity=relu, distribution =normal, bias=0 

backbone.decoder.3.conv_block.convs.1.bn.weight - torch.Size([512]): 
The value is the same before and after calling `init_weights` of EncoderDecoder  

backbone.decoder.3.conv_block.convs.1.bn.bias - torch.Size([512]): 
The value is the same before and after calling `init_weights` of EncoderDecoder  

backbone.decoder.3.upsample.interp_upsample.1.conv.weight - torch.Size([512, 1024, 1, 1]): 
KaimingInit: a=0, mode=fan_out, nonlinearity=relu, distribution =normal, bias=0 

backbone.decoder.3.upsample.interp_upsample.1.bn.weight - torch.Size([512]): 
The value is the same before and after calling `init_weights` of EncoderDecoder  

backbone.decoder.3.upsample.interp_upsample.1.bn.bias - torch.Size([512]): 
The value is the same before and after calling `init_weights` of EncoderDecoder  

decode_head.conv_seg.weight - torch.Size([3, 64, 1, 1]): 
NormalInit: mean=0, std=0.01, bias=0 

decode_head.conv_seg.bias - torch.Size([3]): 
NormalInit: mean=0, std=0.01, bias=0 

decode_head.convs.0.conv.weight - torch.Size([64, 64, 3, 3]): 
The value is the same before and after calling `init_weights` of EncoderDecoder  

decode_head.convs.0.bn.weight - torch.Size([64]): 
The value is the same before and after calling `init_weights` of EncoderDecoder  

decode_head.convs.0.bn.bias - torch.Size([64]): 
The value is the same before and after calling `init_weights` of EncoderDecoder  

auxiliary_head.conv_seg.weight - torch.Size([3, 64, 1, 1]): 
NormalInit: mean=0, std=0.01, bias=0 

auxiliary_head.conv_seg.bias - torch.Size([3]): 
NormalInit: mean=0, std=0.01, bias=0 

auxiliary_head.convs.0.conv.weight - torch.Size([64, 128, 3, 3]): 
The value is the same before and after calling `init_weights` of EncoderDecoder  

auxiliary_head.convs.0.bn.weight - torch.Size([64]): 
The value is the same before and after calling `init_weights` of EncoderDecoder  

auxiliary_head.convs.0.bn.bias - torch.Size([64]): 
The value is the same before and after calling `init_weights` of EncoderDecoder  
2026/04/09 12:19:57 - mmengine - WARNING - "FileClient" will be deprecated in future. Please use io functions in https://mmengine.readthedocs.io/en/latest/api/fileio.html#file-io
2026/04/09 12:19:57 - mmengine - WARNING - "HardDiskBackend" is the alias of "LocalBackend" and the former will be deprecated in future.
2026/04/09 12:19:57 - mmengine - INFO - Checkpoints will be saved to /data_12/gpudev/kashnitskii/yx/s6_project/practicum_work/artifacts/mmsegmentation_work_dir.
2026/04/09 12:20:10 - mmengine - INFO - Exp name: unet1_conf_20260409_121951
2026/04/09 12:20:10 - mmengine - INFO - Iter(train) [  25/5000]  lr: 1.0000e-02  eta: 0:45:11  time: 0.5268  data_time: 0.0058  memory: 19184  loss: 1.0989  decode.loss_focal: 0.0981  decode.loss_dice: 0.4551  decode.acc_seg: 81.3995  aux.loss_focal: 0.0956  aux.loss_dice: 0.4501  aux.acc_seg: 81.3995
2026/04/09 12:20:11 - mmengine - INFO - per class results:
2026/04/09 12:20:11 - mmengine - INFO - 
+------------+-------+-------+
|   Class    |  Dice |  Acc  |
+------------+-------+-------+
| background | 94.32 | 100.0 |
|    cat     |  0.0  |  0.0  |
|    dog     |  0.0  |  0.0  |
+------------+-------+-------+
2026/04/09 12:20:11 - mmengine - INFO - Iter(val) [15/15]    aAcc: 89.2600  mDice: 31.4400  mAcc: 33.3300  data_time: 0.0170  time: 0.0743
2026/04/09 12:20:12 - mmengine - INFO - The best checkpoint with 31.4400 mDice at 1 epoch is saved to best_mDice_epoch_1.pth.
2026/04/09 12:20:16 - mmengine - INFO - Exp name: unet1_conf_20260409_121951
2026/04/09 12:20:16 - mmengine - INFO - Iter(train) [  50/5000]  lr: 9.9548e-03  eta: 0:29:44  time: 0.1656  data_time: 0.0056  memory: 4420  loss: 0.9276  decode.loss_focal: 0.0869  decode.loss_dice: 0.3888  decode.acc_seg: 88.9908  aux.loss_focal: 0.0711  aux.loss_dice: 0.3808  aux.acc_seg: 88.9908
2026/04/09 12:20:18 - mmengine - INFO - per class results:
2026/04/09 12:20:18 - mmengine - INFO - 
+------------+-------+-------+
|   Class    |  Dice |  Acc  |
+------------+-------+-------+
| background | 94.32 | 100.0 |
|    cat     |  0.0  |  0.0  |
|    dog     |  0.0  |  0.0  |
+------------+-------+-------+
2026/04/09 12:20:18 - mmengine - INFO - Iter(val) [15/15]    aAcc: 89.2600  mDice: 31.4400  mAcc: 33.3300  data_time: 0.0334  time: 0.0880
2026/04/09 12:20:22 - mmengine - INFO - Exp name: unet1_conf_20260409_121951
2026/04/09 12:20:22 - mmengine - INFO - Iter(train) [  75/5000]  lr: 9.9096e-03  eta: 0:24:32  time: 0.1646  data_time: 0.0056  memory: 4420  loss: 0.8120  decode.loss_focal: 0.0558  decode.loss_dice: 0.3563  decode.acc_seg: 92.9657  aux.loss_focal: 0.0485  aux.loss_dice: 0.3514  aux.acc_seg: 92.9657
2026/04/09 12:20:23 - mmengine - INFO - per class results:
2026/04/09 12:20:23 - mmengine - INFO - 
+------------+-------+-------+
|   Class    |  Dice |  Acc  |
+------------+-------+-------+
| background | 94.32 | 100.0 |
|    cat     |  0.0  |  0.0  |
|    dog     |  0.0  |  0.0  |
+------------+-------+-------+
2026/04/09 12:20:23 - mmengine - INFO - Iter(val) [15/15]    aAcc: 89.2600  mDice: 31.4400  mAcc: 33.3300  data_time: 0.0098  time: 0.0638
2026/04/09 12:20:27 - mmengine - INFO - Exp name: unet1_conf_20260409_121951
2026/04/09 12:20:27 - mmengine - INFO - Iter(train) [ 100/5000]  lr: 9.8644e-03  eta: 0:21:55  time: 0.1660  data_time: 0.0059  memory: 4420  loss: 0.8728  decode.loss_focal: 0.0533  decode.loss_dice: 0.3905  decode.acc_seg: 82.1320  aux.loss_focal: 0.0493  aux.loss_dice: 0.3798  aux.acc_seg: 82.1320
2026/04/09 12:20:29 - mmengine - INFO - per class results:
2026/04/09 12:20:29 - mmengine - INFO - 
+------------+-------+-------+
|   Class    |  Dice |  Acc  |
+------------+-------+-------+
| background | 94.32 | 100.0 |
|    cat     |  0.0  |  0.0  |
|    dog     |  0.0  |  0.0  |
+------------+-------+-------+
2026/04/09 12:20:29 - mmengine - INFO - Iter(val) [15/15]    aAcc: 89.2600  mDice: 31.4400  mAcc: 33.3300  data_time: 0.0290  time: 0.0833
2026/04/09 12:20:33 - mmengine - INFO - Exp name: unet1_conf_20260409_121951
2026/04/09 12:20:33 - mmengine - INFO - Iter(train) [ 125/5000]  lr: 9.8191e-03  eta: 0:20:19  time: 0.1672  data_time: 0.0067  memory: 4420  loss: 0.8438  decode.loss_focal: 0.0516  decode.loss_dice: 0.3764  decode.acc_seg: 80.6915  aux.loss_focal: 0.0487  aux.loss_dice: 0.3672  aux.acc_seg: 80.6915
2026/04/09 12:20:34 - mmengine - INFO - per class results:
2026/04/09 12:20:34 - mmengine - INFO - 
+------------+-------+-------+
|   Class    |  Dice |  Acc  |
+------------+-------+-------+
| background | 94.32 | 100.0 |
|    cat     |  0.0  |  0.0  |
|    dog     |  0.0  |  0.0  |
+------------+-------+-------+
2026/04/09 12:20:34 - mmengine - INFO - Iter(val) [15/15]    aAcc: 89.2600  mDice: 31.4400  mAcc: 33.3300  data_time: 0.0097  time: 0.0638
2026/04/09 12:20:39 - mmengine - INFO - Exp name: unet1_conf_20260409_121951
2026/04/09 12:20:39 - mmengine - INFO - Iter(train) [ 150/5000]  lr: 9.7738e-03  eta: 0:19:13  time: 0.1660  data_time: 0.0060  memory: 4420  loss: 0.8200  decode.loss_focal: 0.0490  decode.loss_dice: 0.3622  decode.acc_seg: 85.6949  aux.loss_focal: 0.0496  aux.loss_dice: 0.3592  aux.acc_seg: 85.6949
2026/04/09 12:20:40 - mmengine - INFO - per class results:
2026/04/09 12:20:40 - mmengine - INFO - 
+------------+-------+-------+
|   Class    |  Dice |  Acc  |
+------------+-------+-------+
| background | 94.32 | 100.0 |
|    cat     |  0.0  |  0.0  |
|    dog     |  0.0  |  0.0  |
+------------+-------+-------+
2026/04/09 12:20:40 - mmengine - INFO - Iter(val) [15/15]    aAcc: 89.2600  mDice: 31.4400  mAcc: 33.3300  data_time: 0.0152  time: 0.0699
2026/04/09 12:20:44 - mmengine - INFO - Exp name: unet1_conf_20260409_121951
2026/04/09 12:20:44 - mmengine - INFO - Iter(train) [ 175/5000]  lr: 9.7285e-03  eta: 0:18:25  time: 0.1655  data_time: 0.0056  memory: 4420  loss: 0.7531  decode.loss_focal: 0.0413  decode.loss_dice: 0.3385  decode.acc_seg: 93.3105  aux.loss_focal: 0.0394  aux.loss_dice: 0.3340  aux.acc_seg: 93.3105
2026/04/09 12:20:45 - mmengine - INFO - per class results:
2026/04/09 12:20:45 - mmengine - INFO - 
+------------+-------+-------+
|   Class    |  Dice |  Acc  |
+------------+-------+-------+
| background | 94.32 | 100.0 |
|    cat     |  0.0  |  0.0  |
|    dog     |  0.0  |  0.0  |
+------------+-------+-------+
2026/04/09 12:20:45 - mmengine - INFO - Iter(val) [15/15]    aAcc: 89.2600  mDice: 31.4400  mAcc: 33.3300  data_time: 0.0102  time: 0.0653
2026/04/09 12:20:50 - mmengine - INFO - Exp name: unet1_conf_20260409_121951
2026/04/09 12:20:50 - mmengine - INFO - Iter(train) [ 200/5000]  lr: 9.6832e-03  eta: 0:17:49  time: 0.1668  data_time: 0.0057  memory: 4420  loss: 0.8407  decode.loss_focal: 0.0456  decode.loss_dice: 0.3761  decode.acc_seg: 73.8251  aux.loss_focal: 0.0457  aux.loss_dice: 0.3733  aux.acc_seg: 73.8251
2026/04/09 12:20:51 - mmengine - INFO - per class results:
2026/04/09 12:20:51 - mmengine - INFO - 
+------------+-------+-------+
|   Class    |  Dice |  Acc  |
+------------+-------+-------+
| background | 94.32 | 100.0 |
|    cat     |  0.0  |  0.0  |
|    dog     |  0.0  |  0.0  |
+------------+-------+-------+
2026/04/09 12:20:51 - mmengine - INFO - Iter(val) [15/15]    aAcc: 89.2600  mDice: 31.4400  mAcc: 33.3300  data_time: 0.0261  time: 0.0809
2026/04/09 12:20:55 - mmengine - INFO - Exp name: unet1_conf_20260409_121951
2026/04/09 12:20:55 - mmengine - INFO - Iter(train) [ 225/5000]  lr: 9.6378e-03  eta: 0:17:20  time: 0.1664  data_time: 0.0057  memory: 4420  loss: 0.8088  decode.loss_focal: 0.0485  decode.loss_dice: 0.3600  decode.acc_seg: 87.5565  aux.loss_focal: 0.0470  aux.loss_dice: 0.3534  aux.acc_seg: 87.5565
2026/04/09 12:20:56 - mmengine - INFO - per class results:
2026/04/09 12:20:56 - mmengine - INFO - 
+------------+-------+-------+
|   Class    |  Dice |  Acc  |
+------------+-------+-------+
| background | 94.32 | 100.0 |
|    cat     |  0.0  |  0.0  |
|    dog     |  0.0  |  0.0  |
+------------+-------+-------+
2026/04/09 12:20:56 - mmengine - INFO - Iter(val) [15/15]    aAcc: 89.2600  mDice: 31.4400  mAcc: 33.3300  data_time: 0.0095  time: 0.0642
2026/04/09 12:21:01 - mmengine - INFO - Exp name: unet1_conf_20260409_121951
2026/04/09 12:21:01 - mmengine - INFO - Iter(train) [ 250/5000]  lr: 9.5924e-03  eta: 0:16:55  time: 0.1655  data_time: 0.0056  memory: 4420  loss: 0.7594  decode.loss_focal: 0.0415  decode.loss_dice: 0.3392  decode.acc_seg: 87.0193  aux.loss_focal: 0.0407  aux.loss_dice: 0.3380  aux.acc_seg: 87.0193
2026/04/09 12:21:02 - mmengine - INFO - per class results:
2026/04/09 12:21:02 - mmengine - INFO - 
+------------+-------+-------+
|   Class    |  Dice |  Acc  |
+------------+-------+-------+
| background | 94.32 | 100.0 |
|    cat     |  0.0  |  0.0  |
|    dog     |  0.0  |  0.0  |
+------------+-------+-------+
2026/04/09 12:21:02 - mmengine - INFO - Iter(val) [15/15]    aAcc: 89.2600  mDice: 31.4400  mAcc: 33.3300  data_time: 0.0268  time: 0.0810
2026/04/09 12:21:07 - mmengine - INFO - Exp name: unet1_conf_20260409_121951
2026/04/09 12:21:07 - mmengine - INFO - Iter(train) [ 275/5000]  lr: 9.5470e-03  eta: 0:16:34  time: 0.1662  data_time: 0.0059  memory: 4420  loss: 0.6809  decode.loss_focal: 0.0346  decode.loss_dice: 0.3071  decode.acc_seg: 94.5419  aux.loss_focal: 0.0341  aux.loss_dice: 0.3051  aux.acc_seg: 94.5419
2026/04/09 12:21:08 - mmengine - INFO - per class results:
2026/04/09 12:21:08 - mmengine - INFO - 
+------------+-------+-------+
|   Class    |  Dice |  Acc  |
+------------+-------+-------+
| background | 94.32 | 100.0 |
|    cat     |  0.0  |  0.0  |
|    dog     |  0.0  |  0.0  |
+------------+-------+-------+
2026/04/09 12:21:08 - mmengine - INFO - Iter(val) [15/15]    aAcc: 89.2600  mDice: 31.4400  mAcc: 33.3300  data_time: 0.0094  time: 0.0641
2026/04/09 12:21:12 - mmengine - INFO - Exp name: unet1_conf_20260409_121951
2026/04/09 12:21:12 - mmengine - INFO - Iter(train) [ 300/5000]  lr: 9.5016e-03  eta: 0:16:16  time: 0.1671  data_time: 0.0057  memory: 4420  loss: 0.7656  decode.loss_focal: 0.0401  decode.loss_dice: 0.3443  decode.acc_seg: 84.7031  aux.loss_focal: 0.0404  aux.loss_dice: 0.3407  aux.acc_seg: 84.7031
2026/04/09 12:21:13 - mmengine - INFO - per class results:
2026/04/09 12:21:13 - mmengine - INFO - 
+------------+-------+-------+
|   Class    |  Dice |  Acc  |
+------------+-------+-------+
| background | 94.32 | 100.0 |
|    cat     |  0.0  |  0.0  |
|    dog     |  0.0  |  0.0  |
+------------+-------+-------+
2026/04/09 12:21:13 - mmengine - INFO - Iter(val) [15/15]    aAcc: 89.2600  mDice: 31.4400  mAcc: 33.3300  data_time: 0.0269  time: 0.0815
2026/04/09 12:21:18 - mmengine - INFO - Exp name: unet1_conf_20260409_121951
2026/04/09 12:21:18 - mmengine - INFO - Iter(train) [ 325/5000]  lr: 9.4562e-03  eta: 0:16:00  time: 0.1675  data_time: 0.0057  memory: 4420  loss: 0.6392  decode.loss_focal: 0.0316  decode.loss_dice: 0.2884  decode.acc_seg: 98.6664  aux.loss_focal: 0.0306  aux.loss_dice: 0.2886  aux.acc_seg: 98.6664
2026/04/09 12:21:19 - mmengine - INFO - per class results:
2026/04/09 12:21:19 - mmengine - INFO - 
+------------+-------+-------+
|   Class    |  Dice |  Acc  |
+------------+-------+-------+
| background | 94.32 | 100.0 |
|    cat     |  0.0  |  0.0  |
|    dog     |  0.0  |  0.0  |
+------------+-------+-------+
2026/04/09 12:21:19 - mmengine - INFO - Iter(val) [15/15]    aAcc: 89.2600  mDice: 31.4400  mAcc: 33.3300  data_time: 0.0097  time: 0.0645
2026/04/09 12:21:23 - mmengine - INFO - Exp name: unet1_conf_20260409_121951
2026/04/09 12:21:23 - mmengine - INFO - Iter(train) [ 350/5000]  lr: 9.4107e-03  eta: 0:15:46  time: 0.1680  data_time: 0.0058  memory: 4420  loss: 0.6399  decode.loss_focal: 0.0322  decode.loss_dice: 0.2892  decode.acc_seg: 97.0428  aux.loss_focal: 0.0321  aux.loss_dice: 0.2864  aux.acc_seg: 97.0428
2026/04/09 12:21:24 - mmengine - INFO - per class results:
2026/04/09 12:21:24 - mmengine - INFO - 
+------------+-------+-------+
|   Class    |  Dice |  Acc  |
+------------+-------+-------+
| background | 94.32 | 100.0 |
|    cat     |  0.0  |  0.0  |
|    dog     |  0.0  |  0.0  |
+------------+-------+-------+
2026/04/09 12:21:24 - mmengine - INFO - Iter(val) [15/15]    aAcc: 89.2600  mDice: 31.4400  mAcc: 33.3300  data_time: 0.0149  time: 0.0696
2026/04/09 12:21:29 - mmengine - INFO - Exp name: unet1_conf_20260409_121951
2026/04/09 12:21:29 - mmengine - INFO - Iter(train) [ 375/5000]  lr: 9.3652e-03  eta: 0:15:34  time: 0.1689  data_time: 0.0061  memory: 4420  loss: 0.7222  decode.loss_focal: 0.0383  decode.loss_dice: 0.3239  decode.acc_seg: 92.2607  aux.loss_focal: 0.0368  aux.loss_dice: 0.3232  aux.acc_seg: 92.2607
2026/04/09 12:21:30 - mmengine - INFO - per class results:
2026/04/09 12:21:30 - mmengine - INFO - 
+------------+-------+-------+
|   Class    |  Dice |  Acc  |
+------------+-------+-------+
| background | 94.32 | 100.0 |
|    cat     |  0.0  |  0.0  |
|    dog     |  0.0  |  0.0  |
+------------+-------+-------+
2026/04/09 12:21:30 - mmengine - INFO - Iter(val) [15/15]    aAcc: 89.2600  mDice: 31.4400  mAcc: 33.3300  data_time: 0.0088  time: 0.0640
2026/04/09 12:21:34 - mmengine - INFO - Exp name: unet1_conf_20260409_121951
2026/04/09 12:21:34 - mmengine - INFO - Iter(train) [ 400/5000]  lr: 9.3197e-03  eta: 0:15:22  time: 0.1686  data_time: 0.0058  memory: 4420  loss: 0.7835  decode.loss_focal: 0.0453  decode.loss_dice: 0.3455  decode.acc_seg: 97.6456  aux.loss_focal: 0.0457  aux.loss_dice: 0.3470  aux.acc_seg: 97.6456
2026/04/09 12:21:36 - mmengine - INFO - per class results:
2026/04/09 12:21:36 - mmengine - INFO - 
+------------+-------+-------+
|   Class    |  Dice |  Acc  |
+------------+-------+-------+
| background | 94.32 | 100.0 |
|    cat     |  0.0  |  0.0  |
|    dog     |  0.0  |  0.0  |
+------------+-------+-------+
2026/04/09 12:21:36 - mmengine - INFO - Iter(val) [15/15]    aAcc: 89.2600  mDice: 31.4400  mAcc: 33.3300  data_time: 0.0269  time: 0.0820
2026/04/09 12:21:40 - mmengine - INFO - Exp name: unet1_conf_20260409_121951
2026/04/09 12:21:40 - mmengine - INFO - Iter(train) [ 425/5000]  lr: 9.2741e-03  eta: 0:15:12  time: 0.1697  data_time: 0.0062  memory: 4420  loss: 0.6439  decode.loss_focal: 0.0296  decode.loss_dice: 0.2944  decode.acc_seg: 92.4133  aux.loss_focal: 0.0289  aux.loss_dice: 0.2910  aux.acc_seg: 92.4133
2026/04/09 12:21:41 - mmengine - INFO - per class results:
2026/04/09 12:21:41 - mmengine - INFO - 
+------------+-------+-------+
|   Class    |  Dice |  Acc  |
+------------+-------+-------+
| background | 94.32 | 100.0 |
|    cat     |  0.0  |  0.0  |
|    dog     |  0.0  |  0.0  |
+------------+-------+-------+
2026/04/09 12:21:41 - mmengine - INFO - Iter(val) [15/15]    aAcc: 89.2600  mDice: 31.4400  mAcc: 33.3300  data_time: 0.0086  time: 0.0634
2026/04/09 12:21:46 - mmengine - INFO - Exp name: unet1_conf_20260409_121951
2026/04/09 12:21:46 - mmengine - INFO - Iter(train) [ 450/5000]  lr: 9.2285e-03  eta: 0:15:02  time: 0.1692  data_time: 0.0055  memory: 4420  loss: 0.6820  decode.loss_focal: 0.0372  decode.loss_dice: 0.3061  decode.acc_seg: 94.6518  aux.loss_focal: 0.0366  aux.loss_dice: 0.3020  aux.acc_seg: 94.6518
2026/04/09 12:21:47 - mmengine - INFO - per class results:
2026/04/09 12:21:47 - mmengine - INFO - 
+------------+-------+-------+
|   Class    |  Dice |  Acc  |
+------------+-------+-------+
| background | 94.32 | 100.0 |
|    cat     |  0.0  |  0.0  |
|    dog     |  0.0  |  0.0  |
+------------+-------+-------+
2026/04/09 12:21:47 - mmengine - INFO - Iter(val) [15/15]    aAcc: 89.2600  mDice: 31.4400  mAcc: 33.3300  data_time: 0.0253  time: 0.0808
2026/04/09 12:21:52 - mmengine - INFO - Exp name: unet1_conf_20260409_121951
2026/04/09 12:21:52 - mmengine - INFO - Iter(train) [ 475/5000]  lr: 9.1829e-03  eta: 0:14:53  time: 0.1719  data_time: 0.0070  memory: 4420  loss: 0.6240  decode.loss_focal: 0.0296  decode.loss_dice: 0.2817  decode.acc_seg: 93.3136  aux.loss_focal: 0.0305  aux.loss_dice: 0.2821  aux.acc_seg: 93.3136
2026/04/09 12:21:53 - mmengine - INFO - per class results:
2026/04/09 12:21:53 - mmengine - INFO - 
+------------+-------+-------+
|   Class    |  Dice |  Acc  |
+------------+-------+-------+
| background | 94.32 | 100.0 |
|    cat     |  0.0  |  0.0  |
|    dog     |  0.0  |  0.0  |
+------------+-------+-------+
2026/04/09 12:21:53 - mmengine - INFO - Iter(val) [15/15]    aAcc: 89.2600  mDice: 31.4400  mAcc: 33.3300  data_time: 0.0088  time: 0.0636
2026/04/09 12:21:57 - mmengine - INFO - Exp name: unet1_conf_20260409_121951
2026/04/09 12:21:57 - mmengine - INFO - Iter(train) [ 500/5000]  lr: 9.1373e-03  eta: 0:14:45  time: 0.1706  data_time: 0.0060  memory: 4420  loss: 0.6527  decode.loss_focal: 0.0351  decode.loss_dice: 0.2944  decode.acc_seg: 88.4247  aux.loss_focal: 0.0337  aux.loss_dice: 0.2895  aux.acc_seg: 88.4247
2026/04/09 12:21:57 - mmengine - INFO - Saving checkpoint at 20 epochs
2026/04/09 12:21:59 - mmengine - INFO - per class results:
2026/04/09 12:21:59 - mmengine - INFO - 
+------------+-------+-------+
|   Class    |  Dice |  Acc  |
+------------+-------+-------+
| background | 94.32 | 100.0 |
|    cat     |  0.0  |  0.0  |
|    dog     |  0.0  |  0.0  |
+------------+-------+-------+
2026/04/09 12:21:59 - mmengine - INFO - Iter(val) [15/15]    aAcc: 89.2600  mDice: 31.4400  mAcc: 33.3300  data_time: 0.0265  time: 0.0824
2026/04/09 12:22:03 - mmengine - INFO - Exp name: unet1_conf_20260409_121951
2026/04/09 12:22:03 - mmengine - INFO - Iter(train) [ 525/5000]  lr: 9.0917e-03  eta: 0:14:37  time: 0.1703  data_time: 0.0060  memory: 4420  loss: 0.7242  decode.loss_focal: 0.0383  decode.loss_dice: 0.3279  decode.acc_seg: 82.4646  aux.loss_focal: 0.0373  aux.loss_dice: 0.3206  aux.acc_seg: 82.4646
2026/04/09 12:22:04 - mmengine - INFO - per class results:
2026/04/09 12:22:04 - mmengine - INFO - 
+------------+-------+-------+
|   Class    |  Dice |  Acc  |
+------------+-------+-------+
| background | 94.32 | 100.0 |
|    cat     |  0.0  |  0.0  |
|    dog     |  0.0  |  0.0  |
+------------+-------+-------+
2026/04/09 12:22:04 - mmengine - INFO - Iter(val) [15/15]    aAcc: 89.2600  mDice: 31.4400  mAcc: 33.3300  data_time: 0.0093  time: 0.0651
2026/04/09 12:22:09 - mmengine - INFO - Exp name: unet1_conf_20260409_121951
2026/04/09 12:22:09 - mmengine - INFO - Iter(train) [ 550/5000]  lr: 9.0460e-03  eta: 0:14:29  time: 0.1698  data_time: 0.0057  memory: 4420  loss: 0.7002  decode.loss_focal: 0.0363  decode.loss_dice: 0.3155  decode.acc_seg: 84.2255  aux.loss_focal: 0.0363  aux.loss_dice: 0.3122  aux.acc_seg: 84.1934
2026/04/09 12:22:10 - mmengine - INFO - per class results:
2026/04/09 12:22:10 - mmengine - INFO - 
+------------+-------+-------+
|   Class    |  Dice |  Acc  |
+------------+-------+-------+
| background | 94.32 | 100.0 |
|    cat     |  0.0  |  0.0  |
|    dog     |  0.0  |  0.0  |
+------------+-------+-------+
2026/04/09 12:22:10 - mmengine - INFO - Iter(val) [15/15]    aAcc: 89.2600  mDice: 31.4400  mAcc: 33.3300  data_time: 0.0260  time: 0.0815
2026/04/09 12:22:15 - mmengine - INFO - Exp name: unet1_conf_20260409_121951
2026/04/09 12:22:15 - mmengine - INFO - Iter(train) [ 575/5000]  lr: 9.0003e-03  eta: 0:14:21  time: 0.1700  data_time: 0.0057  memory: 4420  loss: 0.5589  decode.loss_focal: 0.0266  decode.loss_dice: 0.2540  decode.acc_seg: 97.4106  aux.loss_focal: 0.0262  aux.loss_dice: 0.2521  aux.acc_seg: 95.1340
2026/04/09 12:22:16 - mmengine - INFO - per class results:
2026/04/09 12:22:16 - mmengine - INFO - 
+------------+-------+-------+
|   Class    |  Dice |  Acc  |
+------------+-------+-------+
| background | 94.32 | 100.0 |
|    cat     |  0.0  |  0.0  |
|    dog     |  0.0  |  0.0  |
+------------+-------+-------+
2026/04/09 12:22:16 - mmengine - INFO - Iter(val) [15/15]    aAcc: 89.2600  mDice: 31.4400  mAcc: 33.3300  data_time: 0.0086  time: 0.0638
2026/04/09 12:22:20 - mmengine - INFO - Exp name: unet1_conf_20260409_121951
2026/04/09 12:22:20 - mmengine - INFO - Iter(train) [ 600/5000]  lr: 8.9546e-03  eta: 0:14:14  time: 0.1702  data_time: 0.0057  memory: 4420  loss: 0.6060  decode.loss_focal: 0.0303  decode.loss_dice: 0.2745  decode.acc_seg: 96.0144  aux.loss_focal: 0.0298  aux.loss_dice: 0.2714  aux.acc_seg: 93.8965
2026/04/09 12:22:21 - mmengine - INFO - per class results:
2026/04/09 12:22:21 - mmengine - INFO - 
+------------+-------+-------+
|   Class    |  Dice |  Acc  |
+------------+-------+-------+
| background | 94.32 | 100.0 |
|    cat     |  0.0  |  0.0  |
|    dog     |  0.0  |  0.0  |
+------------+-------+-------+
2026/04/09 12:22:21 - mmengine - INFO - Iter(val) [15/15]    aAcc: 89.2600  mDice: 31.4400  mAcc: 33.3300  data_time: 0.0150  time: 0.0712
2026/04/09 12:22:26 - mmengine - INFO - Exp name: unet1_conf_20260409_121951
2026/04/09 12:22:26 - mmengine - INFO - Iter(train) [ 625/5000]  lr: 8.9088e-03  eta: 0:14:07  time: 0.1705  data_time: 0.0055  memory: 4420  loss: 0.6113  decode.loss_focal: 0.0302  decode.loss_dice: 0.2765  decode.acc_seg: 98.1659  aux.loss_focal: 0.0303  aux.loss_dice: 0.2743  aux.acc_seg: 98.2407
2026/04/09 12:22:27 - mmengine - INFO - per class results:
2026/04/09 12:22:27 - mmengine - INFO - 
+------------+-------+-------+
|   Class    |  Dice |  Acc  |
+------------+-------+-------+
| background | 94.32 | 100.0 |
|    cat     |  0.0  |  0.0  |
|    dog     |  0.0  |  0.0  |
+------------+-------+-------+
2026/04/09 12:22:27 - mmengine - INFO - Iter(val) [15/15]    aAcc: 89.2600  mDice: 31.4400  mAcc: 33.3300  data_time: 0.0086  time: 0.0642
2026/04/09 12:22:32 - mmengine - INFO - Exp name: unet1_conf_20260409_121951
2026/04/09 12:22:32 - mmengine - INFO - Iter(train) [ 650/5000]  lr: 8.8630e-03  eta: 0:14:00  time: 0.1708  data_time: 0.0056  memory: 4420  loss: 0.6067  decode.loss_focal: 0.0322  decode.loss_dice: 0.2740  decode.acc_seg: 92.0166  aux.loss_focal: 0.0311  aux.loss_dice: 0.2694  aux.acc_seg: 92.0166
2026/04/09 12:22:33 - mmengine - INFO - per class results:
2026/04/09 12:22:33 - mmengine - INFO - 
+------------+-------+-------+
|   Class    |  Dice |  Acc  |
+------------+-------+-------+
| background | 94.32 | 100.0 |
|    cat     |  0.0  |  0.0  |
|    dog     |  0.0  |  0.0  |
+------------+-------+-------+
2026/04/09 12:22:33 - mmengine - INFO - Iter(val) [15/15]    aAcc: 89.2600  mDice: 31.4400  mAcc: 33.3300  data_time: 0.0256  time: 0.0808
2026/04/09 12:22:38 - mmengine - INFO - Exp name: unet1_conf_20260409_121951
2026/04/09 12:22:38 - mmengine - INFO - Iter(train) [ 675/5000]  lr: 8.8172e-03  eta: 0:13:54  time: 0.1708  data_time: 0.0056  memory: 4420  loss: 0.6341  decode.loss_focal: 0.0304  decode.loss_dice: 0.2899  decode.acc_seg: 81.6971  aux.loss_focal: 0.0296  aux.loss_dice: 0.2842  aux.acc_seg: 84.6466
2026/04/09 12:22:39 - mmengine - INFO - per class results:
2026/04/09 12:22:39 - mmengine - INFO - 
+------------+-------+-------+
|   Class    |  Dice |  Acc  |
+------------+-------+-------+
| background | 94.32 | 100.0 |
|    cat     |  0.0  |  0.0  |
|    dog     |  0.0  |  0.0  |
+------------+-------+-------+
2026/04/09 12:22:39 - mmengine - INFO - Iter(val) [15/15]    aAcc: 89.2600  mDice: 31.4400  mAcc: 33.3300  data_time: 0.0100  time: 0.0655
2026/04/09 12:22:43 - mmengine - INFO - Exp name: unet1_conf_20260409_121951
2026/04/09 12:22:43 - mmengine - INFO - Iter(train) [ 700/5000]  lr: 8.7714e-03  eta: 0:13:48  time: 0.1709  data_time: 0.0057  memory: 4420  loss: 0.5884  decode.loss_focal: 0.0275  decode.loss_dice: 0.2669  decode.acc_seg: 91.1865  aux.loss_focal: 0.0277  aux.loss_dice: 0.2662  aux.acc_seg: 91.1865
2026/04/09 12:22:44 - mmengine - INFO - per class results:
2026/04/09 12:22:44 - mmengine - INFO - 
+------------+-------+-------+
|   Class    |  Dice |  Acc  |
+------------+-------+-------+
| background | 94.32 | 100.0 |
|    cat     |  0.0  |  0.0  |
|    dog     |  0.0  |  0.0  |
+------------+-------+-------+
2026/04/09 12:22:44 - mmengine - INFO - Iter(val) [15/15]    aAcc: 89.2600  mDice: 31.4400  mAcc: 33.3300  data_time: 0.0259  time: 0.0813
2026/04/09 12:22:49 - mmengine - INFO - Exp name: unet1_conf_20260409_121951
2026/04/09 12:22:49 - mmengine - INFO - Iter(train) [ 725/5000]  lr: 8.7255e-03  eta: 0:13:41  time: 0.1714  data_time: 0.0058  memory: 4420  loss: 0.6617  decode.loss_focal: 0.0348  decode.loss_dice: 0.2963  decode.acc_seg: 88.6322  aux.loss_focal: 0.0339  aux.loss_dice: 0.2967  aux.acc_seg: 87.0377
2026/04/09 12:22:50 - mmengine - INFO - per class results:
2026/04/09 12:22:50 - mmengine - INFO - 
+------------+-------+-------+
|   Class    |  Dice |  Acc  |
+------------+-------+-------+
| background | 94.44 | 99.98 |
|    cat     |  3.67 |  1.91 |
|    dog     |  0.0  |  0.0  |
+------------+-------+-------+
2026/04/09 12:22:50 - mmengine - INFO - Iter(val) [15/15]    aAcc: 89.3600  mDice: 32.7100  mAcc: 33.9600  data_time: 0.0093  time: 0.0651
2026/04/09 12:22:50 - mmengine - INFO - The previous best checkpoint /data_12/gpudev/kashnitskii/yx/s6_project/practicum_work/artifacts/mmsegmentation_work_dir/best_mDice_epoch_1.pth is removed
2026/04/09 12:22:50 - mmengine - INFO - The best checkpoint with 32.7100 mDice at 29 epoch is saved to best_mDice_epoch_29.pth.
2026/04/09 12:22:55 - mmengine - INFO - Exp name: unet1_conf_20260409_121951
2026/04/09 12:22:55 - mmengine - INFO - Iter(train) [ 750/5000]  lr: 8.6797e-03  eta: 0:13:35  time: 0.1723  data_time: 0.0063  memory: 4420  loss: 0.6590  decode.loss_focal: 0.0368  decode.loss_dice: 0.2958  decode.acc_seg: 93.2037  aux.loss_focal: 0.0360  aux.loss_dice: 0.2904  aux.acc_seg: 95.7047
2026/04/09 12:22:57 - mmengine - INFO - per class results:
2026/04/09 12:22:57 - mmengine - INFO - 
+------------+-------+-------+
|   Class    |  Dice |  Acc  |
+------------+-------+-------+
| background | 95.28 | 99.45 |
|    cat     | 28.28 | 20.49 |
|    dog     |  0.0  |  0.0  |
+------------+-------+-------+
2026/04/09 12:22:57 - mmengine - INFO - Iter(val) [15/15]    aAcc: 90.1100  mDice: 41.1900  mAcc: 39.9800  data_time: 0.0269  time: 0.0825
2026/04/09 12:22:57 - mmengine - INFO - The previous best checkpoint /data_12/gpudev/kashnitskii/yx/s6_project/practicum_work/artifacts/mmsegmentation_work_dir/best_mDice_epoch_29.pth is removed
2026/04/09 12:22:57 - mmengine - INFO - The best checkpoint with 41.1900 mDice at 30 epoch is saved to best_mDice_epoch_30.pth.
2026/04/09 12:23:02 - mmengine - INFO - Exp name: unet1_conf_20260409_121951
2026/04/09 12:23:02 - mmengine - INFO - Iter(train) [ 775/5000]  lr: 8.6337e-03  eta: 0:13:29  time: 0.1719  data_time: 0.0061  memory: 4420  loss: 0.5294  decode.loss_focal: 0.0236  decode.loss_dice: 0.2449  decode.acc_seg: 94.8776  aux.loss_focal: 0.0225  aux.loss_dice: 0.2385  aux.acc_seg: 95.4285
2026/04/09 12:23:03 - mmengine - INFO - per class results:
2026/04/09 12:23:03 - mmengine - INFO - 
+------------+-------+-------+
|   Class    |  Dice |  Acc  |
+------------+-------+-------+
| background | 95.06 | 99.43 |
|    cat     | 28.73 | 19.93 |
|    dog     |  0.0  |  0.0  |
+------------+-------+-------+
2026/04/09 12:23:03 - mmengine - INFO - Iter(val) [15/15]    aAcc: 90.0500  mDice: 41.2600  mAcc: 39.7800  data_time: 0.0100  time: 0.0659
2026/04/09 12:23:03 - mmengine - INFO - The previous best checkpoint /data_12/gpudev/kashnitskii/yx/s6_project/practicum_work/artifacts/mmsegmentation_work_dir/best_mDice_epoch_30.pth is removed
2026/04/09 12:23:04 - mmengine - INFO - The best checkpoint with 41.2600 mDice at 31 epoch is saved to best_mDice_epoch_31.pth.
