2026/04/10 11:11:27 - mmengine - INFO - 
------------------------------------------------------------
System environment:
    sys.platform: linux
    Python: 3.10.16 (main, Jan 14 2025, 22:49:19) [Clang 19.1.6 ]
    CUDA available: True
    MUSA available: False
    numpy_random_seed: 1635911501
    GPU 0: NVIDIA A10
    CUDA_HOME: /usr
    NVCC: Cuda compilation tools, release 12.8, V12.8.93
    GCC: x86_64-alt-linux-gcc (GCC) 13.2.1 20240128 (ALT Sisyphus 13.2.1-alt3)
    PyTorch: 2.4.0+cu121
    PyTorch compiling details: PyTorch built with:
  - GCC 9.3
  - C++ Version: 201703
  - Intel(R) oneAPI Math Kernel Library Version 2022.2-Product Build 20220804 for Intel(R) 64 architecture applications
  - Intel(R) MKL-DNN v3.4.2 (Git Hash 1137e04ec0b5251ca2b4400a4fd3c667ce843d67)
  - OpenMP 201511 (a.k.a. OpenMP 4.5)
  - LAPACK is enabled (usually provided by MKL)
  - NNPACK is enabled
  - CPU capability usage: AVX512
  - CUDA Runtime 12.1
  - NVCC architecture flags: -gencode;arch=compute_50,code=sm_50;-gencode;arch=compute_60,code=sm_60;-gencode;arch=compute_70,code=sm_70;-gencode;arch=compute_75,code=sm_75;-gencode;arch=compute_80,code=sm_80;-gencode;arch=compute_86,code=sm_86;-gencode;arch=compute_90,code=sm_90
  - CuDNN 90.1  (built against CUDA 12.4)
  - Magma 2.6.1
  - Build settings: BLAS_INFO=mkl, BUILD_TYPE=Release, CUDA_VERSION=12.1, CUDNN_VERSION=9.1.0, CXX_COMPILER=/opt/rh/devtoolset-9/root/usr/bin/c++, CXX_FLAGS= -D_GLIBCXX_USE_CXX11_ABI=0 -fabi-version=11 -fvisibility-inlines-hidden -DUSE_PTHREADPOOL -DNDEBUG -DUSE_KINETO -DLIBKINETO_NOROCTRACER -DUSE_FBGEMM -DUSE_PYTORCH_QNNPACK -DUSE_XNNPACK -DSYMBOLICATE_MOBILE_DEBUG_HANDLE -O2 -fPIC -Wall -Wextra -Werror=return-type -Werror=non-virtual-dtor -Werror=bool-operation -Wnarrowing -Wno-missing-field-initializers -Wno-type-limits -Wno-array-bounds -Wno-unknown-pragmas -Wno-unused-parameter -Wno-unused-function -Wno-unused-result -Wno-strict-overflow -Wno-strict-aliasing -Wno-stringop-overflow -Wsuggest-override -Wno-psabi -Wno-error=pedantic -Wno-error=old-style-cast -Wno-missing-braces -fdiagnostics-color=always -faligned-new -Wno-unused-but-set-variable -Wno-maybe-uninitialized -fno-math-errno -fno-trapping-math -Werror=format -Wno-stringop-overflow, LAPACK_INFO=mkl, PERF_WITH_AVX=1, PERF_WITH_AVX2=1, PERF_WITH_AVX512=1, TORCH_VERSION=2.4.0, USE_CUDA=ON, USE_CUDNN=ON, USE_CUSPARSELT=1, USE_EXCEPTION_PTR=1, USE_GFLAGS=OFF, USE_GLOG=OFF, USE_GLOO=ON, USE_MKL=ON, USE_MKLDNN=ON, USE_MPI=OFF, USE_NCCL=1, USE_NNPACK=ON, USE_OPENMP=ON, USE_ROCM=OFF, USE_ROCM_KERNEL_ASSERT=OFF, 

    TorchVision: 0.19.0+cu121
    OpenCV: 4.11.0
    MMEngine: 0.10.7

Runtime environment:
    cudnn_benchmark: True
    mp_cfg: {'mp_start_method': 'fork', 'opencv_num_threads': 0}
    dist_cfg: {'backend': 'nccl'}
    seed: 1635911501
    Distributed launcher: none
    Distributed training: False
    GPU number: 1
------------------------------------------------------------

2026/04/10 11:11:27 - mmengine - INFO - Config:
batch_size = 8
data_preprocessor = dict(
    bgr_to_rgb=True,
    mean=[
        123.675,
        116.28,
        103.53,
    ],
    pad_val=0,
    seg_pad_val=255,
    size=(
        256,
        256,
    ),
    std=[
        58.395,
        57.12,
        57.375,
    ],
    type='SegDataPreProcessor')
data_root = 'data/cleared'
dataset_type = 'AnimalsDataset'
default_hooks = dict(
    checkpoint=dict(
        by_epoch=True,
        interval=50,
        rule='greater',
        save_best='mDice',
        type='CheckpointHook'),
    logger=dict(interval=100, type='LoggerHook'),
    param_scheduler=dict(type='ParamSchedulerHook'),
    sampler_seed=dict(type='DistSamplerSeedHook'),
    visualization=dict(draw=True, interval=100, type='SegVisualizationHook'))
default_scope = 'mmseg'
env_cfg = dict(
    cudnn_benchmark=True,
    dist_cfg=dict(backend='nccl'),
    mp_cfg=dict(mp_start_method='fork', opencv_num_threads=0))
epoch_num = 300
input_size = (
    256,
    256,
)
launcher = 'none'
load_from = None
log_level = 'INFO'
log_processor = dict(by_epoch=False)
model = dict(
    auxiliary_head=None,
    backbone=dict(
        act_cfg=dict(type='ReLU'),
        base_channels=64,
        conv_cfg=None,
        dec_dilations=(
            1,
            1,
            1,
            1,
        ),
        dec_num_convs=(
            2,
            2,
            2,
            2,
        ),
        downsamples=(
            True,
            True,
            True,
            True,
        ),
        enc_dilations=(
            1,
            1,
            1,
            1,
            1,
        ),
        enc_num_convs=(
            2,
            2,
            2,
            2,
            2,
        ),
        in_channels=3,
        norm_cfg=dict(requires_grad=True, type='SyncBN'),
        norm_eval=False,
        num_stages=5,
        strides=(
            1,
            1,
            1,
            1,
            1,
        ),
        type='UNet',
        upsample_cfg=dict(type='InterpConv'),
        with_cp=False),
    data_preprocessor=dict(
        bgr_to_rgb=True,
        mean=[
            123.675,
            116.28,
            103.53,
        ],
        pad_val=0,
        seg_pad_val=255,
        size=(
            256,
            256,
        ),
        std=[
            58.395,
            57.12,
            57.375,
        ],
        type='SegDataPreProcessor'),
    decode_head=dict(
        align_corners=False,
        channels=16,
        dilations=(
            1,
            12,
            24,
            36,
        ),
        dropout_ratio=0.1,
        in_channels=64,
        in_index=4,
        loss_decode=[
            dict(
                class_weight=[
                    0.01,
                    1.0,
                    1.0,
                ],
                gamma=5.0,
                loss_name='loss_focal',
                loss_weight=3.0,
                type='FocalLoss',
                use_sigmoid=True),
            dict(loss_name='loss_dice', loss_weight=1.0, type='DiceLoss'),
        ],
        norm_cfg=dict(requires_grad=True, type='SyncBN'),
        num_classes=3,
        type='ASPPHead'),
    pretrained=None,
    test_cfg=dict(crop_size=256, mode='whole', stride=170),
    train_cfg=dict(),
    type='EncoderDecoder')
norm_cfg = dict(requires_grad=True, type='SyncBN')
num_workers = 4
optim_wrapper = dict(
    optimizer=dict(lr=0.0002, type='AdamW', weight_decay=0.3),
    type='OptimWrapper')
optimizer = dict(lr=0.0002, type='AdamW', weight_decay=0.3)
param_scheduler = [
    dict(
        begin=0,
        by_epoch=True,
        end=300,
        eta_min=1e-06,
        power=0.9,
        type='PolyLR'),
]
resume = False
test_cfg = dict(type='TestLoop')
test_dataloader = dict(
    batch_size=8,
    dataset=dict(
        data_prefix=dict(img_path='img/test', seg_map_path='labels/test'),
        data_root='data/cleared',
        img_suffix='.jpg',
        pipeline=[
            dict(type='LoadImageFromFile'),
            dict(type='LoadAnnotations'),
            dict(type='PackSegInputs'),
        ],
        seg_map_suffix='.png',
        type='AnimalsDataset'),
    num_workers=4,
    persistent_workers=True,
    sampler=dict(shuffle=False, type='DefaultSampler'))
test_dataset = dict(
    data_prefix=dict(img_path='img/test', seg_map_path='labels/test'),
    data_root='data/cleared',
    img_suffix='.jpg',
    pipeline=[
        dict(type='LoadImageFromFile'),
        dict(type='LoadAnnotations'),
        dict(type='PackSegInputs'),
    ],
    seg_map_suffix='.png',
    type='AnimalsDataset')
test_evaluator = dict(
    classwise=True, iou_metrics=[
        'mDice',
    ], num_classes=3, type='IoUMetric')
test_pipeline = [
    dict(type='LoadImageFromFile'),
    dict(type='LoadAnnotations'),
    dict(type='PackSegInputs'),
]
train_cfg = dict(max_epochs=300, type='EpochBasedTrainLoop')
train_dataloader = dict(
    batch_size=8,
    dataset=dict(
        data_prefix=dict(img_path='img/train', seg_map_path='labels/train'),
        data_root='data/cleared',
        img_suffix='.jpg',
        pipeline=[
            dict(type='LoadImageFromFile'),
            dict(type='LoadAnnotations'),
            dict(direction='horizontal', prob=0.5, type='RandomFlip'),
            dict(degree=(
                -20,
                20,
            ), type='RandomRotFlip'),
            dict(
                cutout_ratio=(
                    0.05,
                    0.1,
                ),
                n_holes=(
                    7,
                    15,
                ),
                prob=0.4,
                type='RandomCutOut'),
            dict(type='PhotoMetricDistortion'),
            dict(
                transforms=[
                    dict(num_steps=10, p=0.33, type='GridDistortion'),
                ],
                type='Albu'),
            dict(type='PackSegInputs'),
        ],
        seg_map_suffix='.png',
        type='AnimalsDataset'),
    drop_last=True,
    num_workers=4,
    persistent_workers=True,
    sampler=dict(shuffle=True, type='DefaultSampler'))
train_dataset = dict(
    data_prefix=dict(img_path='img/train', seg_map_path='labels/train'),
    data_root='data/cleared',
    img_suffix='.jpg',
    pipeline=[
        dict(type='LoadImageFromFile'),
        dict(type='LoadAnnotations'),
        dict(direction='horizontal', prob=0.5, type='RandomFlip'),
        dict(degree=(
            -20,
            20,
        ), type='RandomRotFlip'),
        dict(
            cutout_ratio=(
                0.05,
                0.1,
            ),
            n_holes=(
                7,
                15,
            ),
            prob=0.4,
            type='RandomCutOut'),
        dict(type='PhotoMetricDistortion'),
        dict(
            transforms=[
                dict(num_steps=10, p=0.33, type='GridDistortion'),
            ],
            type='Albu'),
        dict(type='PackSegInputs'),
    ],
    seg_map_suffix='.png',
    type='AnimalsDataset')
train_pipeline = [
    dict(type='LoadImageFromFile'),
    dict(type='LoadAnnotations'),
    dict(direction='horizontal', prob=0.5, type='RandomFlip'),
    dict(degree=(
        -20,
        20,
    ), type='RandomRotFlip'),
    dict(
        cutout_ratio=(
            0.05,
            0.1,
        ),
        n_holes=(
            7,
            15,
        ),
        prob=0.4,
        type='RandomCutOut'),
    dict(type='PhotoMetricDistortion'),
    dict(
        transforms=[
            dict(num_steps=10, p=0.33, type='GridDistortion'),
        ],
        type='Albu'),
    dict(type='PackSegInputs'),
]
tta_model = dict(type='SegTTAModel')
val_cfg = dict(type='ValLoop')
val_dataloader = dict(
    batch_size=8,
    dataset=dict(
        data_prefix=dict(img_path='img/val', seg_map_path='labels/val'),
        data_root='data/cleared',
        img_suffix='.jpg',
        pipeline=[
            dict(type='LoadImageFromFile'),
            dict(type='LoadAnnotations'),
            dict(type='PackSegInputs'),
        ],
        seg_map_suffix='.png',
        type='AnimalsDataset'),
    num_workers=4,
    persistent_workers=True,
    sampler=dict(shuffle=False, type='DefaultSampler'))
val_dataset = dict(
    data_prefix=dict(img_path='img/val', seg_map_path='labels/val'),
    data_root='data/cleared',
    img_suffix='.jpg',
    pipeline=[
        dict(type='LoadImageFromFile'),
        dict(type='LoadAnnotations'),
        dict(type='PackSegInputs'),
    ],
    seg_map_suffix='.png',
    type='AnimalsDataset')
val_evaluator = dict(
    classwise=True, iou_metrics=[
        'mDice',
    ], num_classes=3, type='IoUMetric')
val_pipeline = [
    dict(type='LoadImageFromFile'),
    dict(type='LoadAnnotations'),
    dict(type='PackSegInputs'),
]
vis_backends = [
    dict(type='LocalVisBackend'),
]
visualizer = dict(
    name='visualizer',
    type='SegLocalVisualizer',
    vis_backends=[
        dict(type='LocalVisBackend'),
        dict(
            exp_name='deeplabv3_unet_v2',
            run_name='deeplabv3_unet_s5-d16',
            tracking_uri='http://localhost:5000',
            type='MLflowVisBackend'),
    ])
work_dir = 'practicum_work/artifacts/mmsegmentation_work_dir'

2026/04/10 11:11:29 - mmengine - WARNING - Please make sure that the mlflow server is running.
2026/04/10 11:11:31 - mmengine - INFO - Distributed training is not used, all SyncBatchNorm (SyncBN) layers in the model will be automatically reverted to BatchNormXd layers if they are used.
2026/04/10 11:11:31 - mmengine - INFO - Hooks will be executed in the following order:
before_run:
(VERY_HIGH   ) RuntimeInfoHook                    
(BELOW_NORMAL) LoggerHook                         
 -------------------- 
before_train:
(VERY_HIGH   ) RuntimeInfoHook                    
(NORMAL      ) IterTimerHook                      
(VERY_LOW    ) CheckpointHook                     
 -------------------- 
before_train_epoch:
(VERY_HIGH   ) RuntimeInfoHook                    
(NORMAL      ) IterTimerHook                      
(NORMAL      ) DistSamplerSeedHook                
 -------------------- 
before_train_iter:
(VERY_HIGH   ) RuntimeInfoHook                    
(NORMAL      ) IterTimerHook                      
 -------------------- 
after_train_iter:
(VERY_HIGH   ) RuntimeInfoHook                    
(NORMAL      ) IterTimerHook                      
(BELOW_NORMAL) LoggerHook                         
(LOW         ) ParamSchedulerHook                 
(VERY_LOW    ) CheckpointHook                     
 -------------------- 
after_train_epoch:
(NORMAL      ) IterTimerHook                      
(LOW         ) ParamSchedulerHook                 
(VERY_LOW    ) CheckpointHook                     
 -------------------- 
before_val:
(VERY_HIGH   ) RuntimeInfoHook                    
 -------------------- 
before_val_epoch:
(NORMAL      ) IterTimerHook                      
 -------------------- 
before_val_iter:
(NORMAL      ) IterTimerHook                      
 -------------------- 
after_val_iter:
(NORMAL      ) IterTimerHook                      
(NORMAL      ) SegVisualizationHook               
(BELOW_NORMAL) LoggerHook                         
 -------------------- 
after_val_epoch:
(VERY_HIGH   ) RuntimeInfoHook                    
(NORMAL      ) IterTimerHook                      
(BELOW_NORMAL) LoggerHook                         
(LOW         ) ParamSchedulerHook                 
(VERY_LOW    ) CheckpointHook                     
 -------------------- 
after_val:
(VERY_HIGH   ) RuntimeInfoHook                    
 -------------------- 
after_train:
(VERY_HIGH   ) RuntimeInfoHook                    
(VERY_LOW    ) CheckpointHook                     
 -------------------- 
before_test:
(VERY_HIGH   ) RuntimeInfoHook                    
 -------------------- 
before_test_epoch:
(NORMAL      ) IterTimerHook                      
 -------------------- 
before_test_iter:
(NORMAL      ) IterTimerHook                      
 -------------------- 
after_test_iter:
(NORMAL      ) IterTimerHook                      
(NORMAL      ) SegVisualizationHook               
(BELOW_NORMAL) LoggerHook                         
 -------------------- 
after_test_epoch:
(VERY_HIGH   ) RuntimeInfoHook                    
(NORMAL      ) IterTimerHook                      
(BELOW_NORMAL) LoggerHook                         
 -------------------- 
after_test:
(VERY_HIGH   ) RuntimeInfoHook                    
 -------------------- 
after_run:
(BELOW_NORMAL) LoggerHook                         
 -------------------- 
2026/04/10 11:11:32 - mmengine - WARNING - The prefix is not set in metric class IoUMetric.
Name of parameter - Initialization information

backbone.encoder.0.0.convs.0.conv.weight - torch.Size([64, 3, 3, 3]): 
KaimingInit: a=0, mode=fan_out, nonlinearity=relu, distribution =normal, bias=0 

backbone.encoder.0.0.convs.0.bn.weight - torch.Size([64]): 
The value is the same before and after calling `init_weights` of EncoderDecoder  

backbone.encoder.0.0.convs.0.bn.bias - torch.Size([64]): 
The value is the same before and after calling `init_weights` of EncoderDecoder  

backbone.encoder.0.0.convs.1.conv.weight - torch.Size([64, 64, 3, 3]): 
KaimingInit: a=0, mode=fan_out, nonlinearity=relu, distribution =normal, bias=0 

backbone.encoder.0.0.convs.1.bn.weight - torch.Size([64]): 
The value is the same before and after calling `init_weights` of EncoderDecoder  

backbone.encoder.0.0.convs.1.bn.bias - torch.Size([64]): 
The value is the same before and after calling `init_weights` of EncoderDecoder  

backbone.encoder.1.1.convs.0.conv.weight - torch.Size([128, 64, 3, 3]): 
KaimingInit: a=0, mode=fan_out, nonlinearity=relu, distribution =normal, bias=0 

backbone.encoder.1.1.convs.0.bn.weight - torch.Size([128]): 
The value is the same before and after calling `init_weights` of EncoderDecoder  

backbone.encoder.1.1.convs.0.bn.bias - torch.Size([128]): 
The value is the same before and after calling `init_weights` of EncoderDecoder  

backbone.encoder.1.1.convs.1.conv.weight - torch.Size([128, 128, 3, 3]): 
KaimingInit: a=0, mode=fan_out, nonlinearity=relu, distribution =normal, bias=0 

backbone.encoder.1.1.convs.1.bn.weight - torch.Size([128]): 
The value is the same before and after calling `init_weights` of EncoderDecoder  

backbone.encoder.1.1.convs.1.bn.bias - torch.Size([128]): 
The value is the same before and after calling `init_weights` of EncoderDecoder  

backbone.encoder.2.1.convs.0.conv.weight - torch.Size([256, 128, 3, 3]): 
KaimingInit: a=0, mode=fan_out, nonlinearity=relu, distribution =normal, bias=0 

backbone.encoder.2.1.convs.0.bn.weight - torch.Size([256]): 
The value is the same before and after calling `init_weights` of EncoderDecoder  

backbone.encoder.2.1.convs.0.bn.bias - torch.Size([256]): 
The value is the same before and after calling `init_weights` of EncoderDecoder  

backbone.encoder.2.1.convs.1.conv.weight - torch.Size([256, 256, 3, 3]): 
KaimingInit: a=0, mode=fan_out, nonlinearity=relu, distribution =normal, bias=0 

backbone.encoder.2.1.convs.1.bn.weight - torch.Size([256]): 
The value is the same before and after calling `init_weights` of EncoderDecoder  

backbone.encoder.2.1.convs.1.bn.bias - torch.Size([256]): 
The value is the same before and after calling `init_weights` of EncoderDecoder  

backbone.encoder.3.1.convs.0.conv.weight - torch.Size([512, 256, 3, 3]): 
KaimingInit: a=0, mode=fan_out, nonlinearity=relu, distribution =normal, bias=0 

backbone.encoder.3.1.convs.0.bn.weight - torch.Size([512]): 
The value is the same before and after calling `init_weights` of EncoderDecoder  

backbone.encoder.3.1.convs.0.bn.bias - torch.Size([512]): 
The value is the same before and after calling `init_weights` of EncoderDecoder  

backbone.encoder.3.1.convs.1.conv.weight - torch.Size([512, 512, 3, 3]): 
KaimingInit: a=0, mode=fan_out, nonlinearity=relu, distribution =normal, bias=0 

backbone.encoder.3.1.convs.1.bn.weight - torch.Size([512]): 
The value is the same before and after calling `init_weights` of EncoderDecoder  

backbone.encoder.3.1.convs.1.bn.bias - torch.Size([512]): 
The value is the same before and after calling `init_weights` of EncoderDecoder  

backbone.encoder.4.1.convs.0.conv.weight - torch.Size([1024, 512, 3, 3]): 
KaimingInit: a=0, mode=fan_out, nonlinearity=relu, distribution =normal, bias=0 

backbone.encoder.4.1.convs.0.bn.weight - torch.Size([1024]): 
The value is the same before and after calling `init_weights` of EncoderDecoder  

backbone.encoder.4.1.convs.0.bn.bias - torch.Size([1024]): 
The value is the same before and after calling `init_weights` of EncoderDecoder  

backbone.encoder.4.1.convs.1.conv.weight - torch.Size([1024, 1024, 3, 3]): 
KaimingInit: a=0, mode=fan_out, nonlinearity=relu, distribution =normal, bias=0 

backbone.encoder.4.1.convs.1.bn.weight - torch.Size([1024]): 
The value is the same before and after calling `init_weights` of EncoderDecoder  

backbone.encoder.4.1.convs.1.bn.bias - torch.Size([1024]): 
The value is the same before and after calling `init_weights` of EncoderDecoder  

backbone.decoder.0.conv_block.convs.0.conv.weight - torch.Size([64, 128, 3, 3]): 
KaimingInit: a=0, mode=fan_out, nonlinearity=relu, distribution =normal, bias=0 

backbone.decoder.0.conv_block.convs.0.bn.weight - torch.Size([64]): 
The value is the same before and after calling `init_weights` of EncoderDecoder  

backbone.decoder.0.conv_block.convs.0.bn.bias - torch.Size([64]): 
The value is the same before and after calling `init_weights` of EncoderDecoder  

backbone.decoder.0.conv_block.convs.1.conv.weight - torch.Size([64, 64, 3, 3]): 
KaimingInit: a=0, mode=fan_out, nonlinearity=relu, distribution =normal, bias=0 

backbone.decoder.0.conv_block.convs.1.bn.weight - torch.Size([64]): 
The value is the same before and after calling `init_weights` of EncoderDecoder  

backbone.decoder.0.conv_block.convs.1.bn.bias - torch.Size([64]): 
The value is the same before and after calling `init_weights` of EncoderDecoder  

backbone.decoder.0.upsample.interp_upsample.1.conv.weight - torch.Size([64, 128, 1, 1]): 
KaimingInit: a=0, mode=fan_out, nonlinearity=relu, distribution =normal, bias=0 

backbone.decoder.0.upsample.interp_upsample.1.bn.weight - torch.Size([64]): 
The value is the same before and after calling `init_weights` of EncoderDecoder  

backbone.decoder.0.upsample.interp_upsample.1.bn.bias - torch.Size([64]): 
The value is the same before and after calling `init_weights` of EncoderDecoder  

backbone.decoder.1.conv_block.convs.0.conv.weight - torch.Size([128, 256, 3, 3]): 
KaimingInit: a=0, mode=fan_out, nonlinearity=relu, distribution =normal, bias=0 

backbone.decoder.1.conv_block.convs.0.bn.weight - torch.Size([128]): 
The value is the same before and after calling `init_weights` of EncoderDecoder  

backbone.decoder.1.conv_block.convs.0.bn.bias - torch.Size([128]): 
The value is the same before and after calling `init_weights` of EncoderDecoder  

backbone.decoder.1.conv_block.convs.1.conv.weight - torch.Size([128, 128, 3, 3]): 
KaimingInit: a=0, mode=fan_out, nonlinearity=relu, distribution =normal, bias=0 

backbone.decoder.1.conv_block.convs.1.bn.weight - torch.Size([128]): 
The value is the same before and after calling `init_weights` of EncoderDecoder  

backbone.decoder.1.conv_block.convs.1.bn.bias - torch.Size([128]): 
The value is the same before and after calling `init_weights` of EncoderDecoder  

backbone.decoder.1.upsample.interp_upsample.1.conv.weight - torch.Size([128, 256, 1, 1]): 
KaimingInit: a=0, mode=fan_out, nonlinearity=relu, distribution =normal, bias=0 

backbone.decoder.1.upsample.interp_upsample.1.bn.weight - torch.Size([128]): 
The value is the same before and after calling `init_weights` of EncoderDecoder  

backbone.decoder.1.upsample.interp_upsample.1.bn.bias - torch.Size([128]): 
The value is the same before and after calling `init_weights` of EncoderDecoder  

backbone.decoder.2.conv_block.convs.0.conv.weight - torch.Size([256, 512, 3, 3]): 
KaimingInit: a=0, mode=fan_out, nonlinearity=relu, distribution =normal, bias=0 

backbone.decoder.2.conv_block.convs.0.bn.weight - torch.Size([256]): 
The value is the same before and after calling `init_weights` of EncoderDecoder  

backbone.decoder.2.conv_block.convs.0.bn.bias - torch.Size([256]): 
The value is the same before and after calling `init_weights` of EncoderDecoder  

backbone.decoder.2.conv_block.convs.1.conv.weight - torch.Size([256, 256, 3, 3]): 
KaimingInit: a=0, mode=fan_out, nonlinearity=relu, distribution =normal, bias=0 

backbone.decoder.2.conv_block.convs.1.bn.weight - torch.Size([256]): 
The value is the same before and after calling `init_weights` of EncoderDecoder  

backbone.decoder.2.conv_block.convs.1.bn.bias - torch.Size([256]): 
The value is the same before and after calling `init_weights` of EncoderDecoder  

backbone.decoder.2.upsample.interp_upsample.1.conv.weight - torch.Size([256, 512, 1, 1]): 
KaimingInit: a=0, mode=fan_out, nonlinearity=relu, distribution =normal, bias=0 

backbone.decoder.2.upsample.interp_upsample.1.bn.weight - torch.Size([256]): 
The value is the same before and after calling `init_weights` of EncoderDecoder  

backbone.decoder.2.upsample.interp_upsample.1.bn.bias - torch.Size([256]): 
The value is the same before and after calling `init_weights` of EncoderDecoder  

backbone.decoder.3.conv_block.convs.0.conv.weight - torch.Size([512, 1024, 3, 3]): 
KaimingInit: a=0, mode=fan_out, nonlinearity=relu, distribution =normal, bias=0 

backbone.decoder.3.conv_block.convs.0.bn.weight - torch.Size([512]): 
The value is the same before and after calling `init_weights` of EncoderDecoder  

backbone.decoder.3.conv_block.convs.0.bn.bias - torch.Size([512]): 
The value is the same before and after calling `init_weights` of EncoderDecoder  

backbone.decoder.3.conv_block.convs.1.conv.weight - torch.Size([512, 512, 3, 3]): 
KaimingInit: a=0, mode=fan_out, nonlinearity=relu, distribution =normal, bias=0 

backbone.decoder.3.conv_block.convs.1.bn.weight - torch.Size([512]): 
The value is the same before and after calling `init_weights` of EncoderDecoder  

backbone.decoder.3.conv_block.convs.1.bn.bias - torch.Size([512]): 
The value is the same before and after calling `init_weights` of EncoderDecoder  

backbone.decoder.3.upsample.interp_upsample.1.conv.weight - torch.Size([512, 1024, 1, 1]): 
KaimingInit: a=0, mode=fan_out, nonlinearity=relu, distribution =normal, bias=0 

backbone.decoder.3.upsample.interp_upsample.1.bn.weight - torch.Size([512]): 
The value is the same before and after calling `init_weights` of EncoderDecoder  

backbone.decoder.3.upsample.interp_upsample.1.bn.bias - torch.Size([512]): 
The value is the same before and after calling `init_weights` of EncoderDecoder  

decode_head.conv_seg.weight - torch.Size([3, 16, 1, 1]): 
NormalInit: mean=0, std=0.01, bias=0 

decode_head.conv_seg.bias - torch.Size([3]): 
NormalInit: mean=0, std=0.01, bias=0 

decode_head.image_pool.1.conv.weight - torch.Size([16, 64, 1, 1]): 
The value is the same before and after calling `init_weights` of EncoderDecoder  

decode_head.image_pool.1.bn.weight - torch.Size([16]): 
The value is the same before and after calling `init_weights` of EncoderDecoder  

decode_head.image_pool.1.bn.bias - torch.Size([16]): 
The value is the same before and after calling `init_weights` of EncoderDecoder  

decode_head.aspp_modules.0.conv.weight - torch.Size([16, 64, 1, 1]): 
The value is the same before and after calling `init_weights` of EncoderDecoder  

decode_head.aspp_modules.0.bn.weight - torch.Size([16]): 
The value is the same before and after calling `init_weights` of EncoderDecoder  

decode_head.aspp_modules.0.bn.bias - torch.Size([16]): 
The value is the same before and after calling `init_weights` of EncoderDecoder  

decode_head.aspp_modules.1.conv.weight - torch.Size([16, 64, 3, 3]): 
The value is the same before and after calling `init_weights` of EncoderDecoder  

decode_head.aspp_modules.1.bn.weight - torch.Size([16]): 
The value is the same before and after calling `init_weights` of EncoderDecoder  

decode_head.aspp_modules.1.bn.bias - torch.Size([16]): 
The value is the same before and after calling `init_weights` of EncoderDecoder  

decode_head.aspp_modules.2.conv.weight - torch.Size([16, 64, 3, 3]): 
The value is the same before and after calling `init_weights` of EncoderDecoder  

decode_head.aspp_modules.2.bn.weight - torch.Size([16]): 
The value is the same before and after calling `init_weights` of EncoderDecoder  

decode_head.aspp_modules.2.bn.bias - torch.Size([16]): 
The value is the same before and after calling `init_weights` of EncoderDecoder  

decode_head.aspp_modules.3.conv.weight - torch.Size([16, 64, 3, 3]): 
The value is the same before and after calling `init_weights` of EncoderDecoder  

decode_head.aspp_modules.3.bn.weight - torch.Size([16]): 
The value is the same before and after calling `init_weights` of EncoderDecoder  

decode_head.aspp_modules.3.bn.bias - torch.Size([16]): 
The value is the same before and after calling `init_weights` of EncoderDecoder  

decode_head.bottleneck.conv.weight - torch.Size([16, 80, 3, 3]): 
Initialized by user-defined `init_weights` in ConvModule  

decode_head.bottleneck.bn.weight - torch.Size([16]): 
The value is the same before and after calling `init_weights` of EncoderDecoder  

decode_head.bottleneck.bn.bias - torch.Size([16]): 
The value is the same before and after calling `init_weights` of EncoderDecoder  
2026/04/10 11:11:32 - mmengine - WARNING - "FileClient" will be deprecated in future. Please use io functions in https://mmengine.readthedocs.io/en/latest/api/fileio.html#file-io
2026/04/10 11:11:32 - mmengine - WARNING - "HardDiskBackend" is the alias of "LocalBackend" and the former will be deprecated in future.
2026/04/10 11:11:32 - mmengine - INFO - Checkpoints will be saved to /data_12/gpudev/kashnitskii/yx/s6_project/practicum_work/artifacts/mmsegmentation_work_dir.
2026/04/10 11:11:44 - mmengine - INFO - Exp name: deeplab_v3_conf_20260410_111127
2026/04/10 11:11:44 - mmengine - INFO - Iter(train) [  24/7200]  lr: 2.0000e-04  eta: 1:01:24  time: 0.2560  data_time: 0.0061  memory: 19183  loss: 0.4358  decode.loss_focal: 0.0196  decode.loss_dice: 0.4162  decode.acc_seg: 86.5137
2026/04/10 11:11:45 - mmengine - INFO - per class results:
2026/04/10 11:11:45 - mmengine - INFO - 
+------------+-------+-------+
|   Class    |  Dice |  Acc  |
+------------+-------+-------+
| background | 94.18 | 99.65 |
|    cat     |  1.2  |  0.63 |
|    dog     |  0.61 |  0.31 |
+------------+-------+-------+
2026/04/10 11:11:45 - mmengine - INFO - Iter(val) [15/15]    aAcc: 89.0000  mDice: 32.0000  mAcc: 33.5300  data_time: 0.0137  time: 0.0738
2026/04/10 11:11:46 - mmengine - INFO - The best checkpoint with 32.0000 mDice at 1 epoch is saved to best_mDice_epoch_1.pth.
2026/04/10 11:11:52 - mmengine - INFO - Exp name: deeplab_v3_conf_20260410_111127
2026/04/10 11:11:52 - mmengine - INFO - Iter(train) [  48/7200]  lr: 1.9940e-04  eta: 0:46:04  time: 0.2568  data_time: 0.0060  memory: 4731  loss: 0.4215  decode.loss_focal: 0.0176  decode.loss_dice: 0.4039  decode.acc_seg: 90.7303
2026/04/10 11:11:53 - mmengine - INFO - per class results:
2026/04/10 11:11:53 - mmengine - INFO - 
+------------+-------+-------+
|   Class    |  Dice |  Acc  |
+------------+-------+-------+
| background | 94.32 | 100.0 |
|    cat     |  0.0  |  0.0  |
|    dog     |  0.0  |  0.0  |
+------------+-------+-------+
2026/04/10 11:11:53 - mmengine - INFO - Iter(val) [15/15]    aAcc: 89.2600  mDice: 31.4400  mAcc: 33.3300  data_time: 0.0099  time: 0.0694
2026/04/10 11:11:59 - mmengine - INFO - Exp name: deeplab_v3_conf_20260410_111127
2026/04/10 11:11:59 - mmengine - INFO - Iter(train) [  72/7200]  lr: 1.9880e-04  eta: 0:40:54  time: 0.2560  data_time: 0.0058  memory: 4731  loss: 0.4045  decode.loss_focal: 0.0157  decode.loss_dice: 0.3889  decode.acc_seg: 94.3913
2026/04/10 11:12:00 - mmengine - INFO - per class results:
2026/04/10 11:12:00 - mmengine - INFO - 
+------------+-------+-------+
|   Class    |  Dice |  Acc  |
+------------+-------+-------+
| background | 94.32 | 100.0 |
|    cat     |  0.0  |  0.0  |
|    dog     |  0.0  |  0.0  |
+------------+-------+-------+
2026/04/10 11:12:00 - mmengine - INFO - Iter(val) [15/15]    aAcc: 89.2600  mDice: 31.4400  mAcc: 33.3300  data_time: 0.0091  time: 0.0685
2026/04/10 11:12:07 - mmengine - INFO - Exp name: deeplab_v3_conf_20260410_111127
2026/04/10 11:12:07 - mmengine - INFO - Iter(train) [  96/7200]  lr: 1.9820e-04  eta: 0:38:19  time: 0.2577  data_time: 0.0065  memory: 4731  loss: 0.3886  decode.loss_focal: 0.0142  decode.loss_dice: 0.3744  decode.acc_seg: 94.0901
2026/04/10 11:12:08 - mmengine - INFO - per class results:
2026/04/10 11:12:08 - mmengine - INFO - 
+------------+-------+-------+
|   Class    |  Dice |  Acc  |
+------------+-------+-------+
| background | 94.32 | 100.0 |
|    cat     |  0.0  |  0.0  |
|    dog     |  0.0  |  0.0  |
+------------+-------+-------+
2026/04/10 11:12:08 - mmengine - INFO - Iter(val) [15/15]    aAcc: 89.2600  mDice: 31.4400  mAcc: 33.3300  data_time: 0.0304  time: 0.0902
2026/04/10 11:12:14 - mmengine - INFO - Exp name: deeplab_v3_conf_20260410_111127
2026/04/10 11:12:14 - mmengine - INFO - Iter(train) [ 120/7200]  lr: 1.9760e-04  eta: 0:36:42  time: 0.2582  data_time: 0.0064  memory: 4731  loss: 0.3702  decode.loss_focal: 0.0126  decode.loss_dice: 0.3576  decode.acc_seg: 88.1018
2026/04/10 11:12:15 - mmengine - INFO - per class results:
2026/04/10 11:12:15 - mmengine - INFO - 
+------------+-------+-------+
|   Class    |  Dice |  Acc  |
+------------+-------+-------+
| background | 94.32 | 100.0 |
|    cat     |  0.0  |  0.0  |
|    dog     |  0.0  |  0.0  |
+------------+-------+-------+
2026/04/10 11:12:15 - mmengine - INFO - Iter(val) [15/15]    aAcc: 89.2600  mDice: 31.4400  mAcc: 33.3300  data_time: 0.0101  time: 0.0701
2026/04/10 11:12:22 - mmengine - INFO - Exp name: deeplab_v3_conf_20260410_111127
2026/04/10 11:12:22 - mmengine - INFO - Iter(train) [ 144/7200]  lr: 1.9700e-04  eta: 0:35:36  time: 0.2580  data_time: 0.0063  memory: 4731  loss: 0.3539  decode.loss_focal: 0.0114  decode.loss_dice: 0.3426  decode.acc_seg: 92.8625
2026/04/10 11:12:23 - mmengine - INFO - per class results:
2026/04/10 11:12:23 - mmengine - INFO - 
+------------+-------+-------+
|   Class    |  Dice |  Acc  |
+------------+-------+-------+
| background | 94.32 | 100.0 |
|    cat     |  0.0  |  0.0  |
|    dog     |  0.0  |  0.0  |
+------------+-------+-------+
2026/04/10 11:12:23 - mmengine - INFO - Iter(val) [15/15]    aAcc: 89.2600  mDice: 31.4400  mAcc: 33.3300  data_time: 0.0100  time: 0.0697
2026/04/10 11:12:29 - mmengine - INFO - Exp name: deeplab_v3_conf_20260410_111127
2026/04/10 11:12:29 - mmengine - INFO - Iter(train) [ 168/7200]  lr: 1.9640e-04  eta: 0:34:48  time: 0.2591  data_time: 0.0062  memory: 4731  loss: 0.3372  decode.loss_focal: 0.0102  decode.loss_dice: 0.3270  decode.acc_seg: 90.0442
2026/04/10 11:12:30 - mmengine - INFO - per class results:
2026/04/10 11:12:30 - mmengine - INFO - 
+------------+-------+-------+
|   Class    |  Dice |  Acc  |
+------------+-------+-------+
| background | 94.32 | 100.0 |
|    cat     |  0.0  |  0.0  |
|    dog     |  0.0  |  0.0  |
+------------+-------+-------+
2026/04/10 11:12:30 - mmengine - INFO - Iter(val) [15/15]    aAcc: 89.2600  mDice: 31.4400  mAcc: 33.3300  data_time: 0.0101  time: 0.0699
2026/04/10 11:12:36 - mmengine - INFO - Exp name: deeplab_v3_conf_20260410_111127
2026/04/10 11:12:36 - mmengine - INFO - Iter(train) [ 192/7200]  lr: 1.9580e-04  eta: 0:34:12  time: 0.2599  data_time: 0.0061  memory: 4731  loss: 0.3217  decode.loss_focal: 0.0094  decode.loss_dice: 0.3123  decode.acc_seg: 94.5936
2026/04/10 11:12:38 - mmengine - INFO - per class results:
2026/04/10 11:12:38 - mmengine - INFO - 
+------------+-------+-------+
|   Class    |  Dice |  Acc  |
+------------+-------+-------+
| background | 94.32 | 100.0 |
|    cat     |  0.0  |  0.0  |
|    dog     |  0.0  |  0.0  |
+------------+-------+-------+
2026/04/10 11:12:38 - mmengine - INFO - Iter(val) [15/15]    aAcc: 89.2600  mDice: 31.4400  mAcc: 33.3300  data_time: 0.0153  time: 0.0751
2026/04/10 11:12:44 - mmengine - INFO - Exp name: deeplab_v3_conf_20260410_111127
2026/04/10 11:12:44 - mmengine - INFO - Iter(train) [ 216/7200]  lr: 1.9520e-04  eta: 0:33:41  time: 0.2602  data_time: 0.0071  memory: 4731  loss: 0.3072  decode.loss_focal: 0.0086  decode.loss_dice: 0.2986  decode.acc_seg: 86.3398
2026/04/10 11:12:45 - mmengine - INFO - per class results:
2026/04/10 11:12:45 - mmengine - INFO - 
+------------+-------+-------+
|   Class    |  Dice |  Acc  |
+------------+-------+-------+
| background | 94.32 | 100.0 |
|    cat     |  0.0  |  0.0  |
|    dog     |  0.0  |  0.0  |
+------------+-------+-------+
2026/04/10 11:12:45 - mmengine - INFO - Iter(val) [15/15]    aAcc: 89.2600  mDice: 31.4400  mAcc: 33.3300  data_time: 0.0100  time: 0.0705
2026/04/10 11:12:51 - mmengine - INFO - Exp name: deeplab_v3_conf_20260410_111127
2026/04/10 11:12:51 - mmengine - INFO - Iter(train) [ 240/7200]  lr: 1.9460e-04  eta: 0:33:16  time: 0.2591  data_time: 0.0061  memory: 4731  loss: 0.2967  decode.loss_focal: 0.0082  decode.loss_dice: 0.2885  decode.acc_seg: 88.4718
2026/04/10 11:12:52 - mmengine - INFO - per class results:
2026/04/10 11:12:52 - mmengine - INFO - 
+------------+-------+-------+
|   Class    |  Dice |  Acc  |
+------------+-------+-------+
| background | 94.32 | 100.0 |
|    cat     |  0.0  |  0.0  |
|    dog     |  0.0  |  0.0  |
+------------+-------+-------+
2026/04/10 11:12:52 - mmengine - INFO - Iter(val) [15/15]    aAcc: 89.2600  mDice: 31.4400  mAcc: 33.3300  data_time: 0.0095  time: 0.0697
2026/04/10 11:12:59 - mmengine - INFO - Exp name: deeplab_v3_conf_20260410_111127
2026/04/10 11:12:59 - mmengine - INFO - Iter(train) [ 264/7200]  lr: 1.9400e-04  eta: 0:32:54  time: 0.2608  data_time: 0.0067  memory: 4731  loss: 0.2804  decode.loss_focal: 0.0072  decode.loss_dice: 0.2732  decode.acc_seg: 93.1051
2026/04/10 11:13:00 - mmengine - INFO - per class results:
2026/04/10 11:13:00 - mmengine - INFO - 
+------------+-------+-------+
|   Class    |  Dice |  Acc  |
+------------+-------+-------+
| background | 94.32 | 100.0 |
|    cat     |  0.0  |  0.0  |
|    dog     |  0.0  |  0.0  |
+------------+-------+-------+
2026/04/10 11:13:00 - mmengine - INFO - Iter(val) [15/15]    aAcc: 89.2600  mDice: 31.4400  mAcc: 33.3300  data_time: 0.0090  time: 0.0692
2026/04/10 11:13:06 - mmengine - INFO - Exp name: deeplab_v3_conf_20260410_111127
2026/04/10 11:13:06 - mmengine - INFO - Iter(train) [ 288/7200]  lr: 1.9340e-04  eta: 0:32:35  time: 0.2617  data_time: 0.0066  memory: 4731  loss: 0.2666  decode.loss_focal: 0.0067  decode.loss_dice: 0.2599  decode.acc_seg: 85.5434
2026/04/10 11:13:08 - mmengine - INFO - per class results:
2026/04/10 11:13:08 - mmengine - INFO - 
+------------+-------+-------+
|   Class    |  Dice |  Acc  |
+------------+-------+-------+
| background | 94.32 | 100.0 |
|    cat     |  0.0  |  0.0  |
|    dog     |  0.0  |  0.0  |
+------------+-------+-------+
2026/04/10 11:13:08 - mmengine - INFO - Iter(val) [15/15]    aAcc: 89.2600  mDice: 31.4400  mAcc: 33.3300  data_time: 0.0270  time: 0.0873
2026/04/10 11:13:14 - mmengine - INFO - Exp name: deeplab_v3_conf_20260410_111127
2026/04/10 11:13:14 - mmengine - INFO - Iter(train) [ 312/7200]  lr: 1.9280e-04  eta: 0:32:18  time: 0.2609  data_time: 0.0064  memory: 4731  loss: 0.2567  decode.loss_focal: 0.0065  decode.loss_dice: 0.2503  decode.acc_seg: 90.0351
2026/04/10 11:13:15 - mmengine - INFO - per class results:
2026/04/10 11:13:15 - mmengine - INFO - 
+------------+-------+-------+
|   Class    |  Dice |  Acc  |
+------------+-------+-------+
| background | 94.32 | 100.0 |
|    cat     |  0.0  |  0.0  |
|    dog     |  0.0  |  0.0  |
+------------+-------+-------+
2026/04/10 11:13:15 - mmengine - INFO - Iter(val) [15/15]    aAcc: 89.2600  mDice: 31.4400  mAcc: 33.3300  data_time: 0.0088  time: 0.0693
2026/04/10 11:13:21 - mmengine - INFO - Exp name: deeplab_v3_conf_20260410_111127
2026/04/10 11:13:21 - mmengine - INFO - Iter(train) [ 336/7200]  lr: 1.9220e-04  eta: 0:32:03  time: 0.2619  data_time: 0.0064  memory: 4731  loss: 0.2475  decode.loss_focal: 0.0062  decode.loss_dice: 0.2413  decode.acc_seg: 92.6325
2026/04/10 11:13:23 - mmengine - INFO - per class results:
2026/04/10 11:13:23 - mmengine - INFO - 
+------------+-------+-------+
|   Class    |  Dice |  Acc  |
+------------+-------+-------+
| background | 94.32 | 100.0 |
|    cat     |  0.0  |  0.0  |
|    dog     |  0.0  |  0.0  |
+------------+-------+-------+
2026/04/10 11:13:23 - mmengine - INFO - Iter(val) [15/15]    aAcc: 89.2600  mDice: 31.4400  mAcc: 33.3300  data_time: 0.0087  time: 0.0695
2026/04/10 11:13:29 - mmengine - INFO - Exp name: deeplab_v3_conf_20260410_111127
2026/04/10 11:13:29 - mmengine - INFO - Iter(train) [ 360/7200]  lr: 1.9159e-04  eta: 0:31:49  time: 0.2620  data_time: 0.0059  memory: 4731  loss: 0.2354  decode.loss_focal: 0.0060  decode.loss_dice: 0.2294  decode.acc_seg: 84.7923
2026/04/10 11:13:30 - mmengine - INFO - per class results:
2026/04/10 11:13:30 - mmengine - INFO - 
+------------+-------+-------+
|   Class    |  Dice |  Acc  |
+------------+-------+-------+
| background | 94.32 | 100.0 |
|    cat     |  0.0  |  0.0  |
|    dog     |  0.0  |  0.0  |
+------------+-------+-------+
2026/04/10 11:13:30 - mmengine - INFO - Iter(val) [15/15]    aAcc: 89.2600  mDice: 31.4400  mAcc: 33.3300  data_time: 0.0095  time: 0.0702
2026/04/10 11:13:36 - mmengine - INFO - Exp name: deeplab_v3_conf_20260410_111127
2026/04/10 11:13:36 - mmengine - INFO - Iter(train) [ 384/7200]  lr: 1.9099e-04  eta: 0:31:36  time: 0.2620  data_time: 0.0060  memory: 4731  loss: 0.2248  decode.loss_focal: 0.0055  decode.loss_dice: 0.2193  decode.acc_seg: 92.9617
2026/04/10 11:13:37 - mmengine - INFO - per class results:
2026/04/10 11:13:37 - mmengine - INFO - 
+------------+-------+-------+
|   Class    |  Dice |  Acc  |
+------------+-------+-------+
| background | 94.32 | 100.0 |
|    cat     |  0.0  |  0.0  |
|    dog     |  0.0  |  0.0  |
+------------+-------+-------+
2026/04/10 11:13:37 - mmengine - INFO - Iter(val) [15/15]    aAcc: 89.2600  mDice: 31.4400  mAcc: 33.3300  data_time: 0.0105  time: 0.0714
2026/04/10 11:13:44 - mmengine - INFO - Exp name: deeplab_v3_conf_20260410_111127
2026/04/10 11:13:44 - mmengine - INFO - Iter(train) [ 408/7200]  lr: 1.9039e-04  eta: 0:31:24  time: 0.2623  data_time: 0.0060  memory: 4731  loss: 0.2178  decode.loss_focal: 0.0056  decode.loss_dice: 0.2122  decode.acc_seg: 92.7557
2026/04/10 11:13:45 - mmengine - INFO - per class results:
2026/04/10 11:13:45 - mmengine - INFO - 
+------------+-------+-------+
|   Class    |  Dice |  Acc  |
+------------+-------+-------+
| background | 94.32 | 100.0 |
|    cat     |  0.0  |  0.0  |
|    dog     |  0.0  |  0.0  |
+------------+-------+-------+
2026/04/10 11:13:45 - mmengine - INFO - Iter(val) [15/15]    aAcc: 89.2600  mDice: 31.4400  mAcc: 33.3300  data_time: 0.0085  time: 0.0696
2026/04/10 11:13:51 - mmengine - INFO - Exp name: deeplab_v3_conf_20260410_111127
2026/04/10 11:13:51 - mmengine - INFO - Iter(train) [ 432/7200]  lr: 1.8979e-04  eta: 0:31:13  time: 0.2632  data_time: 0.0062  memory: 4731  loss: 0.2113  decode.loss_focal: 0.0058  decode.loss_dice: 0.2054  decode.acc_seg: 87.7069
2026/04/10 11:13:52 - mmengine - INFO - per class results:
2026/04/10 11:13:52 - mmengine - INFO - 
+------------+-------+-------+
|   Class    |  Dice |  Acc  |
+------------+-------+-------+
| background | 94.32 | 100.0 |
|    cat     |  0.0  |  0.0  |
|    dog     |  0.0  |  0.0  |
+------------+-------+-------+
2026/04/10 11:13:52 - mmengine - INFO - Iter(val) [15/15]    aAcc: 89.2600  mDice: 31.4400  mAcc: 33.3300  data_time: 0.0085  time: 0.0693
2026/04/10 11:13:59 - mmengine - INFO - Exp name: deeplab_v3_conf_20260410_111127
2026/04/10 11:13:59 - mmengine - INFO - Iter(train) [ 456/7200]  lr: 1.8918e-04  eta: 0:31:03  time: 0.2642  data_time: 0.0065  memory: 4731  loss: 0.2016  decode.loss_focal: 0.0053  decode.loss_dice: 0.1962  decode.acc_seg: 89.5519
2026/04/10 11:14:00 - mmengine - INFO - per class results:
2026/04/10 11:14:00 - mmengine - INFO - 
+------------+-------+-------+
|   Class    |  Dice |  Acc  |
+------------+-------+-------+
| background | 94.32 | 100.0 |
|    cat     |  0.0  |  0.0  |
|    dog     |  0.0  |  0.0  |
+------------+-------+-------+
2026/04/10 11:14:00 - mmengine - INFO - Iter(val) [15/15]    aAcc: 89.2600  mDice: 31.4400  mAcc: 33.3300  data_time: 0.0091  time: 0.0702
2026/04/10 11:14:06 - mmengine - INFO - Exp name: deeplab_v3_conf_20260410_111127
2026/04/10 11:14:06 - mmengine - INFO - Iter(train) [ 480/7200]  lr: 1.8858e-04  eta: 0:30:53  time: 0.2651  data_time: 0.0070  memory: 4731  loss: 0.2004  decode.loss_focal: 0.0063  decode.loss_dice: 0.1942  decode.acc_seg: 90.9788
2026/04/10 11:14:07 - mmengine - INFO - per class results:
2026/04/10 11:14:07 - mmengine - INFO - 
+------------+-------+-------+
|   Class    |  Dice |  Acc  |
+------------+-------+-------+
| background | 94.32 | 100.0 |
|    cat     |  0.0  |  0.0  |
|    dog     |  0.0  |  0.0  |
+------------+-------+-------+
2026/04/10 11:14:07 - mmengine - INFO - Iter(val) [15/15]    aAcc: 89.2600  mDice: 31.4400  mAcc: 33.3300  data_time: 0.0095  time: 0.0705
2026/04/10 11:14:14 - mmengine - INFO - Exp name: deeplab_v3_conf_20260410_111127
2026/04/10 11:14:14 - mmengine - INFO - Iter(train) [ 504/7200]  lr: 1.8798e-04  eta: 0:30:44  time: 0.2644  data_time: 0.0062  memory: 4731  loss: 0.1851  decode.loss_focal: 0.0052  decode.loss_dice: 0.1799  decode.acc_seg: 88.0770
2026/04/10 11:14:15 - mmengine - INFO - per class results:
2026/04/10 11:14:15 - mmengine - INFO - 
+------------+-------+-------+
|   Class    |  Dice |  Acc  |
+------------+-------+-------+
| background | 94.32 | 100.0 |
|    cat     |  0.0  |  0.0  |
|    dog     |  0.0  |  0.0  |
+------------+-------+-------+
2026/04/10 11:14:15 - mmengine - INFO - Iter(val) [15/15]    aAcc: 89.2600  mDice: 31.4400  mAcc: 33.3300  data_time: 0.0099  time: 0.0716
2026/04/10 11:14:21 - mmengine - INFO - Exp name: deeplab_v3_conf_20260410_111127
2026/04/10 11:14:21 - mmengine - INFO - Iter(train) [ 528/7200]  lr: 1.8738e-04  eta: 0:30:35  time: 0.2644  data_time: 0.0063  memory: 4731  loss: 0.1798  decode.loss_focal: 0.0056  decode.loss_dice: 0.1742  decode.acc_seg: 91.8249
2026/04/10 11:14:22 - mmengine - INFO - per class results:
2026/04/10 11:14:22 - mmengine - INFO - 
+------------+-------+-------+
|   Class    |  Dice |  Acc  |
+------------+-------+-------+
| background | 94.32 | 100.0 |
|    cat     |  0.0  |  0.0  |
|    dog     |  0.0  |  0.0  |
+------------+-------+-------+
2026/04/10 11:14:22 - mmengine - INFO - Iter(val) [15/15]    aAcc: 89.2600  mDice: 31.4400  mAcc: 33.3300  data_time: 0.0079  time: 0.0691
2026/04/10 11:14:29 - mmengine - INFO - Exp name: deeplab_v3_conf_20260410_111127
2026/04/10 11:14:29 - mmengine - INFO - Iter(train) [ 552/7200]  lr: 1.8677e-04  eta: 0:30:26  time: 0.2663  data_time: 0.0072  memory: 4731  loss: 0.1739  decode.loss_focal: 0.0055  decode.loss_dice: 0.1684  decode.acc_seg: 92.1583
2026/04/10 11:14:30 - mmengine - INFO - per class results:
2026/04/10 11:14:30 - mmengine - INFO - 
+------------+-------+-------+
|   Class    |  Dice |  Acc  |
+------------+-------+-------+
| background | 94.32 | 100.0 |
|    cat     |  0.0  |  0.0  |
|    dog     |  0.0  |  0.0  |
+------------+-------+-------+
2026/04/10 11:14:30 - mmengine - INFO - Iter(val) [15/15]    aAcc: 89.2600  mDice: 31.4400  mAcc: 33.3300  data_time: 0.0085  time: 0.0702
2026/04/10 11:14:36 - mmengine - INFO - Exp name: deeplab_v3_conf_20260410_111127
2026/04/10 11:14:36 - mmengine - INFO - Iter(train) [ 576/7200]  lr: 1.8617e-04  eta: 0:30:17  time: 0.2649  data_time: 0.0058  memory: 4731  loss: 0.1730  decode.loss_focal: 0.0059  decode.loss_dice: 0.1671  decode.acc_seg: 89.6873
2026/04/10 11:14:37 - mmengine - INFO - per class results:
2026/04/10 11:14:37 - mmengine - INFO - 
+------------+-------+-------+
|   Class    |  Dice |  Acc  |
+------------+-------+-------+
| background | 94.32 | 100.0 |
|    cat     |  0.0  |  0.0  |
|    dog     |  0.0  |  0.0  |
+------------+-------+-------+
2026/04/10 11:14:37 - mmengine - INFO - Iter(val) [15/15]    aAcc: 89.2600  mDice: 31.4400  mAcc: 33.3300  data_time: 0.0081  time: 0.0694
2026/04/10 11:14:44 - mmengine - INFO - Exp name: deeplab_v3_conf_20260410_111127
2026/04/10 11:14:44 - mmengine - INFO - Iter(train) [ 600/7200]  lr: 1.8556e-04  eta: 0:30:09  time: 0.2645  data_time: 0.0061  memory: 4731  loss: 0.1663  decode.loss_focal: 0.0059  decode.loss_dice: 0.1603  decode.acc_seg: 87.8492
2026/04/10 11:14:45 - mmengine - INFO - per class results:
2026/04/10 11:14:45 - mmengine - INFO - 
+------------+-------+-------+
|   Class    |  Dice |  Acc  |
+------------+-------+-------+
| background | 94.32 | 100.0 |
|    cat     |  0.0  |  0.0  |
|    dog     |  0.0  |  0.0  |
+------------+-------+-------+
2026/04/10 11:14:45 - mmengine - INFO - Iter(val) [15/15]    aAcc: 89.2600  mDice: 31.4400  mAcc: 33.3300  data_time: 0.0282  time: 0.0895
