2026/04/09 15:35:20 - mmengine - INFO - 
------------------------------------------------------------
System environment:
    sys.platform: linux
    Python: 3.10.16 (main, Jan 14 2025, 22:49:19) [Clang 19.1.6 ]
    CUDA available: True
    MUSA available: False
    numpy_random_seed: 1817693880
    GPU 0: NVIDIA A10
    CUDA_HOME: /usr
    NVCC: Cuda compilation tools, release 12.8, V12.8.93
    GCC: x86_64-alt-linux-gcc (GCC) 13.2.1 20240128 (ALT Sisyphus 13.2.1-alt3)
    PyTorch: 2.4.0+cu121
    PyTorch compiling details: PyTorch built with:
  - GCC 9.3
  - C++ Version: 201703
  - Intel(R) oneAPI Math Kernel Library Version 2022.2-Product Build 20220804 for Intel(R) 64 architecture applications
  - Intel(R) MKL-DNN v3.4.2 (Git Hash 1137e04ec0b5251ca2b4400a4fd3c667ce843d67)
  - OpenMP 201511 (a.k.a. OpenMP 4.5)
  - LAPACK is enabled (usually provided by MKL)
  - NNPACK is enabled
  - CPU capability usage: AVX512
  - CUDA Runtime 12.1
  - NVCC architecture flags: -gencode;arch=compute_50,code=sm_50;-gencode;arch=compute_60,code=sm_60;-gencode;arch=compute_70,code=sm_70;-gencode;arch=compute_75,code=sm_75;-gencode;arch=compute_80,code=sm_80;-gencode;arch=compute_86,code=sm_86;-gencode;arch=compute_90,code=sm_90
  - CuDNN 90.1  (built against CUDA 12.4)
  - Magma 2.6.1
  - Build settings: BLAS_INFO=mkl, BUILD_TYPE=Release, CUDA_VERSION=12.1, CUDNN_VERSION=9.1.0, CXX_COMPILER=/opt/rh/devtoolset-9/root/usr/bin/c++, CXX_FLAGS= -D_GLIBCXX_USE_CXX11_ABI=0 -fabi-version=11 -fvisibility-inlines-hidden -DUSE_PTHREADPOOL -DNDEBUG -DUSE_KINETO -DLIBKINETO_NOROCTRACER -DUSE_FBGEMM -DUSE_PYTORCH_QNNPACK -DUSE_XNNPACK -DSYMBOLICATE_MOBILE_DEBUG_HANDLE -O2 -fPIC -Wall -Wextra -Werror=return-type -Werror=non-virtual-dtor -Werror=bool-operation -Wnarrowing -Wno-missing-field-initializers -Wno-type-limits -Wno-array-bounds -Wno-unknown-pragmas -Wno-unused-parameter -Wno-unused-function -Wno-unused-result -Wno-strict-overflow -Wno-strict-aliasing -Wno-stringop-overflow -Wsuggest-override -Wno-psabi -Wno-error=pedantic -Wno-error=old-style-cast -Wno-missing-braces -fdiagnostics-color=always -faligned-new -Wno-unused-but-set-variable -Wno-maybe-uninitialized -fno-math-errno -fno-trapping-math -Werror=format -Wno-stringop-overflow, LAPACK_INFO=mkl, PERF_WITH_AVX=1, PERF_WITH_AVX2=1, PERF_WITH_AVX512=1, TORCH_VERSION=2.4.0, USE_CUDA=ON, USE_CUDNN=ON, USE_CUSPARSELT=1, USE_EXCEPTION_PTR=1, USE_GFLAGS=OFF, USE_GLOG=OFF, USE_GLOO=ON, USE_MKL=ON, USE_MKLDNN=ON, USE_MPI=OFF, USE_NCCL=1, USE_NNPACK=ON, USE_OPENMP=ON, USE_ROCM=OFF, USE_ROCM_KERNEL_ASSERT=OFF, 

    TorchVision: 0.19.0+cu121
    OpenCV: 4.11.0
    MMEngine: 0.10.7

Runtime environment:
    cudnn_benchmark: True
    mp_cfg: {'mp_start_method': 'fork', 'opencv_num_threads': 0}
    dist_cfg: {'backend': 'nccl'}
    seed: 1817693880
    Distributed launcher: none
    Distributed training: False
    GPU number: 1
------------------------------------------------------------

2026/04/09 15:35:20 - mmengine - INFO - Config:
batch_size = 8
data_preprocessor = dict(
    bgr_to_rgb=True,
    mean=[
        123.675,
        116.28,
        103.53,
    ],
    pad_val=0,
    seg_pad_val=255,
    size=(
        256,
        256,
    ),
    std=[
        58.395,
        57.12,
        57.375,
    ],
    type='SegDataPreProcessor')
data_root = 'data/cleared'
dataset_type = 'AnimalsDataset'
default_hooks = dict(
    checkpoint=dict(
        by_epoch=True,
        interval=20,
        rule='greater',
        save_best='mDice',
        type='CheckpointHook'),
    logger=dict(interval=100, type='LoggerHook'),
    param_scheduler=dict(type='ParamSchedulerHook'),
    sampler_seed=dict(type='DistSamplerSeedHook'),
    visualization=dict(draw=True, interval=50, type='SegVisualizationHook'))
default_scope = 'mmseg'
env_cfg = dict(
    cudnn_benchmark=True,
    dist_cfg=dict(backend='nccl'),
    mp_cfg=dict(mp_start_method='fork', opencv_num_threads=0))
epoch_num = 200
input_size = (
    256,
    256,
)
launcher = 'none'
load_from = 'practicum_work/artifacts/mmsegmentation_work_dir/best_mDice_epoch_16.pth'
log_level = 'INFO'
log_processor = dict(by_epoch=False)
model = dict(
    auxiliary_head=dict(
        align_corners=False,
        channels=64,
        concat_input=False,
        dropout_ratio=0.1,
        in_channels=128,
        in_index=3,
        loss_decode=[
            dict(
                gamma=3.0,
                loss_name='loss_focal',
                loss_weight=1.0,
                type='FocalLoss',
                use_sigmoid=True),
            dict(loss_name='loss_dice', loss_weight=1.0, type='DiceLoss'),
        ],
        norm_cfg=dict(requires_grad=True, type='SyncBN'),
        num_classes=3,
        num_convs=1,
        type='FCNHead'),
    backbone=dict(
        act_cfg=dict(type='ReLU'),
        base_channels=64,
        conv_cfg=None,
        dec_dilations=(
            1,
            1,
            1,
            1,
        ),
        dec_num_convs=(
            2,
            2,
            2,
            2,
        ),
        downsamples=(
            True,
            True,
            True,
            True,
        ),
        enc_dilations=(
            1,
            1,
            1,
            1,
            1,
        ),
        enc_num_convs=(
            2,
            2,
            2,
            2,
            2,
        ),
        in_channels=3,
        norm_cfg=dict(requires_grad=True, type='SyncBN'),
        norm_eval=False,
        num_stages=5,
        strides=(
            1,
            1,
            1,
            1,
            1,
        ),
        type='UNet',
        upsample_cfg=dict(type='InterpConv'),
        with_cp=False),
    data_preprocessor=dict(
        bgr_to_rgb=True,
        mean=[
            123.675,
            116.28,
            103.53,
        ],
        pad_val=0,
        seg_pad_val=255,
        size=(
            256,
            256,
        ),
        std=[
            58.395,
            57.12,
            57.375,
        ],
        type='SegDataPreProcessor'),
    decode_head=dict(
        align_corners=False,
        channels=64,
        concat_input=False,
        dropout_ratio=0.1,
        in_channels=64,
        in_index=4,
        loss_decode=[
            dict(
                gamma=3.0,
                loss_name='loss_focal',
                loss_weight=1.0,
                type='FocalLoss',
                use_sigmoid=True),
            dict(loss_name='loss_dice', loss_weight=1.0, type='DiceLoss'),
        ],
        norm_cfg=dict(requires_grad=True, type='SyncBN'),
        num_classes=3,
        num_convs=1,
        type='FCNHead'),
    pretrained=None,
    test_cfg=dict(crop_size=256, mode='whole', stride=170),
    train_cfg=dict(),
    type='EncoderDecoder')
norm_cfg = dict(requires_grad=True, type='SyncBN')
num_workers = 4
optim_wrapper = dict(
    optimizer=dict(lr=0.001, momentum=0.9, type='SGD', weight_decay=0.0005),
    type='OptimWrapper')
optimizer = dict(lr=0.001, momentum=0.9, type='SGD', weight_decay=0.0005)
param_scheduler = [
    dict(
        begin=0,
        by_epoch=True,
        end=200,
        eta_min=1e-05,
        power=0.9,
        type='PolyLR'),
]
resume = False
test_cfg = dict(type='TestLoop')
test_dataloader = dict(
    batch_size=8,
    dataset=dict(
        data_prefix=dict(img_path='img/test', seg_map_path='labels/test'),
        data_root='data/cleared',
        img_suffix='.jpg',
        pipeline=[
            dict(type='LoadImageFromFile'),
            dict(type='LoadAnnotations'),
            dict(type='PackSegInputs'),
        ],
        seg_map_suffix='.png',
        type='AnimalsDataset'),
    num_workers=4,
    persistent_workers=True,
    sampler=dict(shuffle=False, type='DefaultSampler'))
test_dataset = dict(
    data_prefix=dict(img_path='img/test', seg_map_path='labels/test'),
    data_root='data/cleared',
    img_suffix='.jpg',
    pipeline=[
        dict(type='LoadImageFromFile'),
        dict(type='LoadAnnotations'),
        dict(type='PackSegInputs'),
    ],
    seg_map_suffix='.png',
    type='AnimalsDataset')
test_evaluator = dict(
    classwise=True, iou_metrics=[
        'mDice',
    ], type='IoUMetric')
test_pipeline = [
    dict(type='LoadImageFromFile'),
    dict(type='LoadAnnotations'),
    dict(type='PackSegInputs'),
]
train_cfg = dict(max_epochs=200, type='EpochBasedTrainLoop')
train_dataloader = dict(
    batch_size=8,
    dataset=dict(
        data_prefix=dict(img_path='img/train', seg_map_path='labels/train'),
        data_root='data/cleared',
        img_suffix='.jpg',
        pipeline=[
            dict(type='LoadImageFromFile'),
            dict(type='LoadAnnotations'),
            dict(type='PhotoMetricDistortion'),
            dict(degree=(
                -45,
                45,
            ), type='RandomRotFlip'),
            dict(type='PackSegInputs'),
        ],
        seg_map_suffix='.png',
        type='AnimalsDataset'),
    num_workers=4,
    persistent_workers=True,
    sampler=dict(shuffle=True, type='DefaultSampler'))
train_dataset = dict(
    data_prefix=dict(img_path='img/train', seg_map_path='labels/train'),
    data_root='data/cleared',
    img_suffix='.jpg',
    pipeline=[
        dict(type='LoadImageFromFile'),
        dict(type='LoadAnnotations'),
        dict(type='PhotoMetricDistortion'),
        dict(degree=(
            -45,
            45,
        ), type='RandomRotFlip'),
        dict(type='PackSegInputs'),
    ],
    seg_map_suffix='.png',
    type='AnimalsDataset')
train_evaluator = dict(
    classwise=True, iou_metrics=[
        'mDice',
    ], type='IoUMetric')
train_pipeline = [
    dict(type='LoadImageFromFile'),
    dict(type='LoadAnnotations'),
    dict(type='PhotoMetricDistortion'),
    dict(degree=(
        -45,
        45,
    ), type='RandomRotFlip'),
    dict(type='PackSegInputs'),
]
tta_model = dict(type='SegTTAModel')
val_cfg = dict(type='ValLoop')
val_dataloader = dict(
    batch_size=8,
    dataset=dict(
        data_prefix=dict(img_path='img/val', seg_map_path='labels/val'),
        data_root='data/cleared',
        img_suffix='.jpg',
        pipeline=[
            dict(type='LoadImageFromFile'),
            dict(type='LoadAnnotations'),
            dict(type='PackSegInputs'),
        ],
        seg_map_suffix='.png',
        type='AnimalsDataset'),
    num_workers=4,
    persistent_workers=True,
    sampler=dict(shuffle=False, type='DefaultSampler'))
val_dataset = dict(
    data_prefix=dict(img_path='img/val', seg_map_path='labels/val'),
    data_root='data/cleared',
    img_suffix='.jpg',
    pipeline=[
        dict(type='LoadImageFromFile'),
        dict(type='LoadAnnotations'),
        dict(type='PackSegInputs'),
    ],
    seg_map_suffix='.png',
    type='AnimalsDataset')
val_evaluator = dict(
    classwise=True, iou_metrics=[
        'mDice',
    ], type='IoUMetric')
val_pipeline = [
    dict(type='LoadImageFromFile'),
    dict(type='LoadAnnotations'),
    dict(type='PackSegInputs'),
]
vis_backends = [
    dict(type='LocalVisBackend'),
]
visualizer = dict(
    name='visualizer',
    type='SegLocalVisualizer',
    vis_backends=[
        dict(type='LocalVisBackend'),
        dict(
            exp_name='sprint6_unet_v7',
            run_name='unet-s5-d16',
            tracking_uri='http://localhost:5000',
            type='MLflowVisBackend'),
    ])
work_dir = 'practicum_work/artifacts/mmsegmentation_work_dir'

2026/04/09 15:35:24 - mmengine - WARNING - Please make sure that the mlflow server is running.
2026/04/09 15:35:26 - mmengine - INFO - Distributed training is not used, all SyncBatchNorm (SyncBN) layers in the model will be automatically reverted to BatchNormXd layers if they are used.
2026/04/09 15:35:26 - mmengine - INFO - Hooks will be executed in the following order:
before_run:
(VERY_HIGH   ) RuntimeInfoHook                    
(BELOW_NORMAL) LoggerHook                         
 -------------------- 
before_train:
(VERY_HIGH   ) RuntimeInfoHook                    
(NORMAL      ) IterTimerHook                      
(VERY_LOW    ) CheckpointHook                     
 -------------------- 
before_train_epoch:
(VERY_HIGH   ) RuntimeInfoHook                    
(NORMAL      ) IterTimerHook                      
(NORMAL      ) DistSamplerSeedHook                
 -------------------- 
before_train_iter:
(VERY_HIGH   ) RuntimeInfoHook                    
(NORMAL      ) IterTimerHook                      
 -------------------- 
after_train_iter:
(VERY_HIGH   ) RuntimeInfoHook                    
(NORMAL      ) IterTimerHook                      
(BELOW_NORMAL) LoggerHook                         
(LOW         ) ParamSchedulerHook                 
(VERY_LOW    ) CheckpointHook                     
 -------------------- 
after_train_epoch:
(NORMAL      ) IterTimerHook                      
(LOW         ) ParamSchedulerHook                 
(VERY_LOW    ) CheckpointHook                     
 -------------------- 
before_val:
(VERY_HIGH   ) RuntimeInfoHook                    
 -------------------- 
before_val_epoch:
(NORMAL      ) IterTimerHook                      
 -------------------- 
before_val_iter:
(NORMAL      ) IterTimerHook                      
 -------------------- 
after_val_iter:
(NORMAL      ) IterTimerHook                      
(NORMAL      ) SegVisualizationHook               
(BELOW_NORMAL) LoggerHook                         
 -------------------- 
after_val_epoch:
(VERY_HIGH   ) RuntimeInfoHook                    
(NORMAL      ) IterTimerHook                      
(BELOW_NORMAL) LoggerHook                         
(LOW         ) ParamSchedulerHook                 
(VERY_LOW    ) CheckpointHook                     
 -------------------- 
after_val:
(VERY_HIGH   ) RuntimeInfoHook                    
 -------------------- 
after_train:
(VERY_HIGH   ) RuntimeInfoHook                    
(VERY_LOW    ) CheckpointHook                     
 -------------------- 
before_test:
(VERY_HIGH   ) RuntimeInfoHook                    
 -------------------- 
before_test_epoch:
(NORMAL      ) IterTimerHook                      
 -------------------- 
before_test_iter:
(NORMAL      ) IterTimerHook                      
 -------------------- 
after_test_iter:
(NORMAL      ) IterTimerHook                      
(NORMAL      ) SegVisualizationHook               
(BELOW_NORMAL) LoggerHook                         
 -------------------- 
after_test_epoch:
(VERY_HIGH   ) RuntimeInfoHook                    
(NORMAL      ) IterTimerHook                      
(BELOW_NORMAL) LoggerHook                         
 -------------------- 
after_test:
(VERY_HIGH   ) RuntimeInfoHook                    
 -------------------- 
after_run:
(BELOW_NORMAL) LoggerHook                         
 -------------------- 
2026/04/09 15:35:29 - mmengine - WARNING - The prefix is not set in metric class IoUMetric.
Name of parameter - Initialization information

backbone.encoder.0.0.convs.0.conv.weight - torch.Size([64, 3, 3, 3]): 
KaimingInit: a=0, mode=fan_out, nonlinearity=relu, distribution =normal, bias=0 

backbone.encoder.0.0.convs.0.bn.weight - torch.Size([64]): 
The value is the same before and after calling `init_weights` of EncoderDecoder  

backbone.encoder.0.0.convs.0.bn.bias - torch.Size([64]): 
The value is the same before and after calling `init_weights` of EncoderDecoder  

backbone.encoder.0.0.convs.1.conv.weight - torch.Size([64, 64, 3, 3]): 
KaimingInit: a=0, mode=fan_out, nonlinearity=relu, distribution =normal, bias=0 

backbone.encoder.0.0.convs.1.bn.weight - torch.Size([64]): 
The value is the same before and after calling `init_weights` of EncoderDecoder  

backbone.encoder.0.0.convs.1.bn.bias - torch.Size([64]): 
The value is the same before and after calling `init_weights` of EncoderDecoder  

backbone.encoder.1.1.convs.0.conv.weight - torch.Size([128, 64, 3, 3]): 
KaimingInit: a=0, mode=fan_out, nonlinearity=relu, distribution =normal, bias=0 

backbone.encoder.1.1.convs.0.bn.weight - torch.Size([128]): 
The value is the same before and after calling `init_weights` of EncoderDecoder  

backbone.encoder.1.1.convs.0.bn.bias - torch.Size([128]): 
The value is the same before and after calling `init_weights` of EncoderDecoder  

backbone.encoder.1.1.convs.1.conv.weight - torch.Size([128, 128, 3, 3]): 
KaimingInit: a=0, mode=fan_out, nonlinearity=relu, distribution =normal, bias=0 

backbone.encoder.1.1.convs.1.bn.weight - torch.Size([128]): 
The value is the same before and after calling `init_weights` of EncoderDecoder  

backbone.encoder.1.1.convs.1.bn.bias - torch.Size([128]): 
The value is the same before and after calling `init_weights` of EncoderDecoder  

backbone.encoder.2.1.convs.0.conv.weight - torch.Size([256, 128, 3, 3]): 
KaimingInit: a=0, mode=fan_out, nonlinearity=relu, distribution =normal, bias=0 

backbone.encoder.2.1.convs.0.bn.weight - torch.Size([256]): 
The value is the same before and after calling `init_weights` of EncoderDecoder  

backbone.encoder.2.1.convs.0.bn.bias - torch.Size([256]): 
The value is the same before and after calling `init_weights` of EncoderDecoder  

backbone.encoder.2.1.convs.1.conv.weight - torch.Size([256, 256, 3, 3]): 
KaimingInit: a=0, mode=fan_out, nonlinearity=relu, distribution =normal, bias=0 

backbone.encoder.2.1.convs.1.bn.weight - torch.Size([256]): 
The value is the same before and after calling `init_weights` of EncoderDecoder  

backbone.encoder.2.1.convs.1.bn.bias - torch.Size([256]): 
The value is the same before and after calling `init_weights` of EncoderDecoder  

backbone.encoder.3.1.convs.0.conv.weight - torch.Size([512, 256, 3, 3]): 
KaimingInit: a=0, mode=fan_out, nonlinearity=relu, distribution =normal, bias=0 

backbone.encoder.3.1.convs.0.bn.weight - torch.Size([512]): 
The value is the same before and after calling `init_weights` of EncoderDecoder  

backbone.encoder.3.1.convs.0.bn.bias - torch.Size([512]): 
The value is the same before and after calling `init_weights` of EncoderDecoder  

backbone.encoder.3.1.convs.1.conv.weight - torch.Size([512, 512, 3, 3]): 
KaimingInit: a=0, mode=fan_out, nonlinearity=relu, distribution =normal, bias=0 

backbone.encoder.3.1.convs.1.bn.weight - torch.Size([512]): 
The value is the same before and after calling `init_weights` of EncoderDecoder  

backbone.encoder.3.1.convs.1.bn.bias - torch.Size([512]): 
The value is the same before and after calling `init_weights` of EncoderDecoder  

backbone.encoder.4.1.convs.0.conv.weight - torch.Size([1024, 512, 3, 3]): 
KaimingInit: a=0, mode=fan_out, nonlinearity=relu, distribution =normal, bias=0 

backbone.encoder.4.1.convs.0.bn.weight - torch.Size([1024]): 
The value is the same before and after calling `init_weights` of EncoderDecoder  

backbone.encoder.4.1.convs.0.bn.bias - torch.Size([1024]): 
The value is the same before and after calling `init_weights` of EncoderDecoder  

backbone.encoder.4.1.convs.1.conv.weight - torch.Size([1024, 1024, 3, 3]): 
KaimingInit: a=0, mode=fan_out, nonlinearity=relu, distribution =normal, bias=0 

backbone.encoder.4.1.convs.1.bn.weight - torch.Size([1024]): 
The value is the same before and after calling `init_weights` of EncoderDecoder  

backbone.encoder.4.1.convs.1.bn.bias - torch.Size([1024]): 
The value is the same before and after calling `init_weights` of EncoderDecoder  

backbone.decoder.0.conv_block.convs.0.conv.weight - torch.Size([64, 128, 3, 3]): 
KaimingInit: a=0, mode=fan_out, nonlinearity=relu, distribution =normal, bias=0 

backbone.decoder.0.conv_block.convs.0.bn.weight - torch.Size([64]): 
The value is the same before and after calling `init_weights` of EncoderDecoder  

backbone.decoder.0.conv_block.convs.0.bn.bias - torch.Size([64]): 
The value is the same before and after calling `init_weights` of EncoderDecoder  

backbone.decoder.0.conv_block.convs.1.conv.weight - torch.Size([64, 64, 3, 3]): 
KaimingInit: a=0, mode=fan_out, nonlinearity=relu, distribution =normal, bias=0 

backbone.decoder.0.conv_block.convs.1.bn.weight - torch.Size([64]): 
The value is the same before and after calling `init_weights` of EncoderDecoder  

backbone.decoder.0.conv_block.convs.1.bn.bias - torch.Size([64]): 
The value is the same before and after calling `init_weights` of EncoderDecoder  

backbone.decoder.0.upsample.interp_upsample.1.conv.weight - torch.Size([64, 128, 1, 1]): 
KaimingInit: a=0, mode=fan_out, nonlinearity=relu, distribution =normal, bias=0 

backbone.decoder.0.upsample.interp_upsample.1.bn.weight - torch.Size([64]): 
The value is the same before and after calling `init_weights` of EncoderDecoder  

backbone.decoder.0.upsample.interp_upsample.1.bn.bias - torch.Size([64]): 
The value is the same before and after calling `init_weights` of EncoderDecoder  

backbone.decoder.1.conv_block.convs.0.conv.weight - torch.Size([128, 256, 3, 3]): 
KaimingInit: a=0, mode=fan_out, nonlinearity=relu, distribution =normal, bias=0 

backbone.decoder.1.conv_block.convs.0.bn.weight - torch.Size([128]): 
The value is the same before and after calling `init_weights` of EncoderDecoder  

backbone.decoder.1.conv_block.convs.0.bn.bias - torch.Size([128]): 
The value is the same before and after calling `init_weights` of EncoderDecoder  

backbone.decoder.1.conv_block.convs.1.conv.weight - torch.Size([128, 128, 3, 3]): 
KaimingInit: a=0, mode=fan_out, nonlinearity=relu, distribution =normal, bias=0 

backbone.decoder.1.conv_block.convs.1.bn.weight - torch.Size([128]): 
The value is the same before and after calling `init_weights` of EncoderDecoder  

backbone.decoder.1.conv_block.convs.1.bn.bias - torch.Size([128]): 
The value is the same before and after calling `init_weights` of EncoderDecoder  

backbone.decoder.1.upsample.interp_upsample.1.conv.weight - torch.Size([128, 256, 1, 1]): 
KaimingInit: a=0, mode=fan_out, nonlinearity=relu, distribution =normal, bias=0 

backbone.decoder.1.upsample.interp_upsample.1.bn.weight - torch.Size([128]): 
The value is the same before and after calling `init_weights` of EncoderDecoder  

backbone.decoder.1.upsample.interp_upsample.1.bn.bias - torch.Size([128]): 
The value is the same before and after calling `init_weights` of EncoderDecoder  

backbone.decoder.2.conv_block.convs.0.conv.weight - torch.Size([256, 512, 3, 3]): 
KaimingInit: a=0, mode=fan_out, nonlinearity=relu, distribution =normal, bias=0 

backbone.decoder.2.conv_block.convs.0.bn.weight - torch.Size([256]): 
The value is the same before and after calling `init_weights` of EncoderDecoder  

backbone.decoder.2.conv_block.convs.0.bn.bias - torch.Size([256]): 
The value is the same before and after calling `init_weights` of EncoderDecoder  

backbone.decoder.2.conv_block.convs.1.conv.weight - torch.Size([256, 256, 3, 3]): 
KaimingInit: a=0, mode=fan_out, nonlinearity=relu, distribution =normal, bias=0 

backbone.decoder.2.conv_block.convs.1.bn.weight - torch.Size([256]): 
The value is the same before and after calling `init_weights` of EncoderDecoder  

backbone.decoder.2.conv_block.convs.1.bn.bias - torch.Size([256]): 
The value is the same before and after calling `init_weights` of EncoderDecoder  

backbone.decoder.2.upsample.interp_upsample.1.conv.weight - torch.Size([256, 512, 1, 1]): 
KaimingInit: a=0, mode=fan_out, nonlinearity=relu, distribution =normal, bias=0 

backbone.decoder.2.upsample.interp_upsample.1.bn.weight - torch.Size([256]): 
The value is the same before and after calling `init_weights` of EncoderDecoder  

backbone.decoder.2.upsample.interp_upsample.1.bn.bias - torch.Size([256]): 
The value is the same before and after calling `init_weights` of EncoderDecoder  

backbone.decoder.3.conv_block.convs.0.conv.weight - torch.Size([512, 1024, 3, 3]): 
KaimingInit: a=0, mode=fan_out, nonlinearity=relu, distribution =normal, bias=0 

backbone.decoder.3.conv_block.convs.0.bn.weight - torch.Size([512]): 
The value is the same before and after calling `init_weights` of EncoderDecoder  

backbone.decoder.3.conv_block.convs.0.bn.bias - torch.Size([512]): 
The value is the same before and after calling `init_weights` of EncoderDecoder  

backbone.decoder.3.conv_block.convs.1.conv.weight - torch.Size([512, 512, 3, 3]): 
KaimingInit: a=0, mode=fan_out, nonlinearity=relu, distribution =normal, bias=0 

backbone.decoder.3.conv_block.convs.1.bn.weight - torch.Size([512]): 
The value is the same before and after calling `init_weights` of EncoderDecoder  

backbone.decoder.3.conv_block.convs.1.bn.bias - torch.Size([512]): 
The value is the same before and after calling `init_weights` of EncoderDecoder  

backbone.decoder.3.upsample.interp_upsample.1.conv.weight - torch.Size([512, 1024, 1, 1]): 
KaimingInit: a=0, mode=fan_out, nonlinearity=relu, distribution =normal, bias=0 

backbone.decoder.3.upsample.interp_upsample.1.bn.weight - torch.Size([512]): 
The value is the same before and after calling `init_weights` of EncoderDecoder  

backbone.decoder.3.upsample.interp_upsample.1.bn.bias - torch.Size([512]): 
The value is the same before and after calling `init_weights` of EncoderDecoder  

decode_head.conv_seg.weight - torch.Size([3, 64, 1, 1]): 
NormalInit: mean=0, std=0.01, bias=0 

decode_head.conv_seg.bias - torch.Size([3]): 
NormalInit: mean=0, std=0.01, bias=0 

decode_head.convs.0.conv.weight - torch.Size([64, 64, 3, 3]): 
The value is the same before and after calling `init_weights` of EncoderDecoder  

decode_head.convs.0.bn.weight - torch.Size([64]): 
The value is the same before and after calling `init_weights` of EncoderDecoder  

decode_head.convs.0.bn.bias - torch.Size([64]): 
The value is the same before and after calling `init_weights` of EncoderDecoder  

auxiliary_head.conv_seg.weight - torch.Size([3, 64, 1, 1]): 
NormalInit: mean=0, std=0.01, bias=0 

auxiliary_head.conv_seg.bias - torch.Size([3]): 
NormalInit: mean=0, std=0.01, bias=0 

auxiliary_head.convs.0.conv.weight - torch.Size([64, 128, 3, 3]): 
The value is the same before and after calling `init_weights` of EncoderDecoder  

auxiliary_head.convs.0.bn.weight - torch.Size([64]): 
The value is the same before and after calling `init_weights` of EncoderDecoder  

auxiliary_head.convs.0.bn.bias - torch.Size([64]): 
The value is the same before and after calling `init_weights` of EncoderDecoder  
2026/04/09 15:35:30 - mmengine - INFO - Load checkpoint from practicum_work/artifacts/mmsegmentation_work_dir/best_mDice_epoch_16.pth
2026/04/09 15:35:30 - mmengine - WARNING - "FileClient" will be deprecated in future. Please use io functions in https://mmengine.readthedocs.io/en/latest/api/fileio.html#file-io
2026/04/09 15:35:30 - mmengine - WARNING - "HardDiskBackend" is the alias of "LocalBackend" and the former will be deprecated in future.
2026/04/09 15:35:30 - mmengine - INFO - Checkpoints will be saved to /data_12/gpudev/kashnitskii/yx/s6_project/practicum_work/artifacts/mmsegmentation_work_dir.
2026/04/09 15:35:45 - mmengine - INFO - Exp name: unet1_conf_20260409_153519
2026/04/09 15:35:45 - mmengine - INFO - Iter(train) [  25/5000]  lr: 1.0000e-03  eta: 0:51:10  time: 0.5364  data_time: 0.0073  memory: 19184  loss: 0.0450  decode.loss_focal: 0.0062  decode.loss_dice: 0.0159  decode.acc_seg: 96.5546  aux.loss_focal: 0.0063  aux.loss_dice: 0.0166  aux.acc_seg: 96.4661
2026/04/09 15:35:46 - mmengine - INFO - per class results:
2026/04/09 15:35:46 - mmengine - INFO - 
+------------+-------+-------+
|   Class    |  Dice |  Acc  |
+------------+-------+-------+
| background | 96.97 | 98.21 |
|    cat     | 55.57 | 46.62 |
|    dog     | 49.78 | 48.77 |
+------------+-------+-------+
2026/04/09 15:35:46 - mmengine - INFO - Iter(val) [15/15]    aAcc: 92.7600  mDice: 67.4400  mAcc: 64.5300  data_time: 0.0195  time: 0.0796
2026/04/09 15:35:47 - mmengine - INFO - The best checkpoint with 67.4400 mDice at 1 epoch is saved to best_mDice_epoch_1.pth.
2026/04/09 15:35:51 - mmengine - INFO - Exp name: unet1_conf_20260409_153519
2026/04/09 15:35:51 - mmengine - INFO - Iter(train) [  50/5000]  lr: 9.9552e-04  eta: 0:32:45  time: 0.1656  data_time: 0.0061  memory: 4420  loss: 0.0318  decode.loss_focal: 0.0032  decode.loss_dice: 0.0127  decode.acc_seg: 96.9040  aux.loss_focal: 0.0032  aux.loss_dice: 0.0127  aux.acc_seg: 97.1634
2026/04/09 15:35:53 - mmengine - INFO - per class results:
2026/04/09 15:35:53 - mmengine - INFO - 
+------------+-------+-------+
|   Class    |  Dice |  Acc  |
+------------+-------+-------+
| background | 96.97 | 98.19 |
|    cat     | 55.77 |  47.4 |
|    dog     | 49.57 | 47.91 |
+------------+-------+-------+
2026/04/09 15:35:53 - mmengine - INFO - Iter(val) [15/15]    aAcc: 92.7500  mDice: 67.4300  mAcc: 64.5000  data_time: 0.0370  time: 0.0915
2026/04/09 15:35:57 - mmengine - INFO - Exp name: unet1_conf_20260409_153519
2026/04/09 15:35:57 - mmengine - INFO - Iter(train) [  75/5000]  lr: 9.9104e-04  eta: 0:26:35  time: 0.1664  data_time: 0.0063  memory: 4420  loss: 0.0320  decode.loss_focal: 0.0030  decode.loss_dice: 0.0122  decode.acc_seg: 99.2493  aux.loss_focal: 0.0031  aux.loss_dice: 0.0137  aux.acc_seg: 99.2767
2026/04/09 15:35:58 - mmengine - INFO - per class results:
2026/04/09 15:35:58 - mmengine - INFO - 
+------------+-------+-------+
|   Class    |  Dice |  Acc  |
+------------+-------+-------+
| background | 96.95 | 98.25 |
|    cat     | 52.48 | 41.39 |
|    dog     | 50.18 |  52.4 |
+------------+-------+-------+
2026/04/09 15:35:58 - mmengine - INFO - Iter(val) [15/15]    aAcc: 92.6100  mDice: 66.5400  mAcc: 64.0100  data_time: 0.0098  time: 0.0643
2026/04/09 15:36:02 - mmengine - INFO - Exp name: unet1_conf_20260409_153519
2026/04/09 15:36:02 - mmengine - INFO - Iter(train) [ 100/5000]  lr: 9.8656e-04  eta: 0:23:27  time: 0.1673  data_time: 0.0060  memory: 4420  loss: 0.0350  decode.loss_focal: 0.0038  decode.loss_dice: 0.0135  decode.acc_seg: 96.5179  aux.loss_focal: 0.0037  aux.loss_dice: 0.0140  aux.acc_seg: 96.7178
2026/04/09 15:36:04 - mmengine - INFO - per class results:
2026/04/09 15:36:04 - mmengine - INFO - 
+------------+-------+-------+
|   Class    |  Dice |  Acc  |
+------------+-------+-------+
| background | 96.96 | 98.32 |
|    cat     | 55.24 | 45.84 |
|    dog     | 49.32 |  47.7 |
+------------+-------+-------+
2026/04/09 15:36:04 - mmengine - INFO - Iter(val) [15/15]    aAcc: 92.7600  mDice: 67.1800  mAcc: 63.9500  data_time: 0.0269  time: 0.0812
2026/04/09 15:36:08 - mmengine - INFO - Exp name: unet1_conf_20260409_153519
2026/04/09 15:36:08 - mmengine - INFO - Iter(train) [ 125/5000]  lr: 9.8207e-04  eta: 0:21:33  time: 0.1657  data_time: 0.0059  memory: 4420  loss: 0.0360  decode.loss_focal: 0.0038  decode.loss_dice: 0.0145  decode.acc_seg: 98.4055  aux.loss_focal: 0.0035  aux.loss_dice: 0.0143  aux.acc_seg: 98.0713
2026/04/09 15:36:09 - mmengine - INFO - per class results:
2026/04/09 15:36:09 - mmengine - INFO - 
+------------+-------+-------+
|   Class    |  Dice |  Acc  |
+------------+-------+-------+
| background | 96.98 | 98.37 |
|    cat     |  55.9 | 47.17 |
|    dog     | 48.72 | 45.79 |
+------------+-------+-------+
2026/04/09 15:36:09 - mmengine - INFO - Iter(val) [15/15]    aAcc: 92.8100  mDice: 67.2000  mAcc: 63.7700  data_time: 0.0100  time: 0.0647
2026/04/09 15:36:14 - mmengine - INFO - Exp name: unet1_conf_20260409_153519
2026/04/09 15:36:14 - mmengine - INFO - Iter(train) [ 150/5000]  lr: 9.7758e-04  eta: 0:20:15  time: 0.1657  data_time: 0.0058  memory: 4420  loss: 0.0354  decode.loss_focal: 0.0035  decode.loss_dice: 0.0139  decode.acc_seg: 98.7976  aux.loss_focal: 0.0036  aux.loss_dice: 0.0144  aux.acc_seg: 98.8586
2026/04/09 15:36:15 - mmengine - INFO - per class results:
2026/04/09 15:36:15 - mmengine - INFO - 
+------------+-------+-------+
|   Class    |  Dice |  Acc  |
+------------+-------+-------+
| background | 96.93 | 98.48 |
|    cat     | 54.99 | 45.78 |
|    dog     | 48.07 | 44.37 |
+------------+-------+-------+
2026/04/09 15:36:15 - mmengine - INFO - Iter(val) [15/15]    aAcc: 92.7600  mDice: 66.6600  mAcc: 62.8700  data_time: 0.0144  time: 0.0688
2026/04/09 15:36:19 - mmengine - INFO - Exp name: unet1_conf_20260409_153519
2026/04/09 15:36:19 - mmengine - INFO - Iter(train) [ 175/5000]  lr: 9.7309e-04  eta: 0:19:19  time: 0.1668  data_time: 0.0055  memory: 4420  loss: 0.0365  decode.loss_focal: 0.0040  decode.loss_dice: 0.0140  decode.acc_seg: 99.3256  aux.loss_focal: 0.0043  aux.loss_dice: 0.0142  aux.acc_seg: 99.3042
2026/04/09 15:36:20 - mmengine - INFO - per class results:
2026/04/09 15:36:20 - mmengine - INFO - 
+------------+-------+-------+
|   Class    |  Dice |  Acc  |
+------------+-------+-------+
| background | 96.93 | 98.35 |
|    cat     | 53.29 | 42.92 |
|    dog     | 49.41 | 49.13 |
+------------+-------+-------+
2026/04/09 15:36:20 - mmengine - INFO - Iter(val) [15/15]    aAcc: 92.6500  mDice: 66.5400  mAcc: 63.4600  data_time: 0.0105  time: 0.0655
2026/04/09 15:36:25 - mmengine - INFO - Exp name: unet1_conf_20260409_153519
2026/04/09 15:36:25 - mmengine - INFO - Iter(train) [ 200/5000]  lr: 9.6860e-04  eta: 0:18:35  time: 0.1675  data_time: 0.0061  memory: 4420  loss: 0.0290  decode.loss_focal: 0.0029  decode.loss_dice: 0.0113  decode.acc_seg: 99.1623  aux.loss_focal: 0.0030  aux.loss_dice: 0.0118  aux.acc_seg: 99.1119
2026/04/09 15:36:26 - mmengine - INFO - per class results:
2026/04/09 15:36:26 - mmengine - INFO - 
+------------+-------+-------+
|   Class    |  Dice |  Acc  |
+------------+-------+-------+
| background | 96.97 | 98.13 |
|    cat     | 54.84 | 45.27 |
|    dog     | 49.69 | 50.64 |
+------------+-------+-------+
2026/04/09 15:36:26 - mmengine - INFO - Iter(val) [15/15]    aAcc: 92.6800  mDice: 67.1700  mAcc: 64.6800  data_time: 0.0280  time: 0.0831
2026/04/09 15:36:31 - mmengine - INFO - Exp name: unet1_conf_20260409_153519
2026/04/09 15:36:31 - mmengine - INFO - Iter(train) [ 225/5000]  lr: 9.6411e-04  eta: 0:18:01  time: 0.1677  data_time: 0.0060  memory: 4420  loss: 0.0425  decode.loss_focal: 0.0050  decode.loss_dice: 0.0159  decode.acc_seg: 93.5654  aux.loss_focal: 0.0051  aux.loss_dice: 0.0165  aux.acc_seg: 93.7775
2026/04/09 15:36:32 - mmengine - INFO - per class results:
2026/04/09 15:36:32 - mmengine - INFO - 
+------------+-------+-------+
|   Class    |  Dice |  Acc  |
+------------+-------+-------+
| background | 96.96 | 98.03 |
|    cat     | 55.61 | 47.34 |
|    dog     |  49.3 |  49.1 |
+------------+-------+-------+
2026/04/09 15:36:32 - mmengine - INFO - Iter(val) [15/15]    aAcc: 92.6600  mDice: 67.2900  mAcc: 64.8200  data_time: 0.0089  time: 0.0639
2026/04/09 15:36:36 - mmengine - INFO - Exp name: unet1_conf_20260409_153519
2026/04/09 15:36:36 - mmengine - INFO - Iter(train) [ 250/5000]  lr: 9.5961e-04  eta: 0:17:33  time: 0.1678  data_time: 0.0060  memory: 4420  loss: 0.0314  decode.loss_focal: 0.0029  decode.loss_dice: 0.0126  decode.acc_seg: 98.9212  aux.loss_focal: 0.0030  aux.loss_dice: 0.0128  aux.acc_seg: 98.9502
2026/04/09 15:36:37 - mmengine - INFO - per class results:
2026/04/09 15:36:37 - mmengine - INFO - 
+------------+-------+-------+
|   Class    |  Dice |  Acc  |
+------------+-------+-------+
| background | 96.89 | 98.59 |
|    cat     | 54.15 |  44.3 |
|    dog     | 47.79 | 43.57 |
+------------+-------+-------+
2026/04/09 15:36:37 - mmengine - INFO - Iter(val) [15/15]    aAcc: 92.7200  mDice: 66.2800  mAcc: 62.1500  data_time: 0.0267  time: 0.0817
2026/04/09 15:36:42 - mmengine - INFO - Exp name: unet1_conf_20260409_153519
2026/04/09 15:36:42 - mmengine - INFO - Iter(train) [ 275/5000]  lr: 9.5511e-04  eta: 0:17:10  time: 0.1701  data_time: 0.0075  memory: 4420  loss: 0.0275  decode.loss_focal: 0.0026  decode.loss_dice: 0.0109  decode.acc_seg: 99.1791  aux.loss_focal: 0.0027  aux.loss_dice: 0.0112  aux.acc_seg: 99.2386
2026/04/09 15:36:43 - mmengine - INFO - per class results:
2026/04/09 15:36:43 - mmengine - INFO - 
+------------+-------+-------+
|   Class    |  Dice |  Acc  |
+------------+-------+-------+
| background | 96.93 | 98.31 |
|    cat     | 54.91 | 45.69 |
|    dog     | 48.33 | 46.37 |
+------------+-------+-------+
2026/04/09 15:36:43 - mmengine - INFO - Iter(val) [15/15]    aAcc: 92.6900  mDice: 66.7200  mAcc: 63.4600  data_time: 0.0100  time: 0.0653
2026/04/09 15:36:47 - mmengine - INFO - Exp name: unet1_conf_20260409_153519
2026/04/09 15:36:47 - mmengine - INFO - Iter(train) [ 300/5000]  lr: 9.5061e-04  eta: 0:16:49  time: 0.1678  data_time: 0.0060  memory: 4420  loss: 0.0359  decode.loss_focal: 0.0038  decode.loss_dice: 0.0150  decode.acc_seg: 98.2925  aux.loss_focal: 0.0034  aux.loss_dice: 0.0137  aux.acc_seg: 98.6313
2026/04/09 15:36:49 - mmengine - INFO - per class results:
2026/04/09 15:36:49 - mmengine - INFO - 
+------------+-------+-------+
|   Class    |  Dice |  Acc  |
+------------+-------+-------+
| background |  96.9 | 98.54 |
|    cat     | 53.95 | 43.98 |
|    dog     | 48.13 | 44.63 |
+------------+-------+-------+
2026/04/09 15:36:49 - mmengine - INFO - Iter(val) [15/15]    aAcc: 92.7100  mDice: 66.3300  mAcc: 62.3800  data_time: 0.0273  time: 0.0825
2026/04/09 15:36:53 - mmengine - INFO - Exp name: unet1_conf_20260409_153519
2026/04/09 15:36:53 - mmengine - INFO - Iter(train) [ 325/5000]  lr: 9.4611e-04  eta: 0:16:32  time: 0.1685  data_time: 0.0061  memory: 4420  loss: 0.0346  decode.loss_focal: 0.0034  decode.loss_dice: 0.0139  decode.acc_seg: 98.6221  aux.loss_focal: 0.0033  aux.loss_dice: 0.0140  aux.acc_seg: 98.8525
2026/04/09 15:36:54 - mmengine - INFO - per class results:
2026/04/09 15:36:54 - mmengine - INFO - 
+------------+-------+-------+
|   Class    |  Dice |  Acc  |
+------------+-------+-------+
| background | 96.84 | 98.76 |
|    cat     | 52.61 | 41.82 |
|    dog     | 46.97 | 42.16 |
+------------+-------+-------+
2026/04/09 15:36:54 - mmengine - INFO - Iter(val) [15/15]    aAcc: 92.6600  mDice: 65.4700  mAcc: 60.9100  data_time: 0.0098  time: 0.0649
2026/04/09 15:36:59 - mmengine - INFO - Exp name: unet1_conf_20260409_153519
2026/04/09 15:36:59 - mmengine - INFO - Iter(train) [ 350/5000]  lr: 9.4160e-04  eta: 0:16:15  time: 0.1685  data_time: 0.0059  memory: 4420  loss: 0.0292  decode.loss_focal: 0.0028  decode.loss_dice: 0.0114  decode.acc_seg: 98.9258  aux.loss_focal: 0.0029  aux.loss_dice: 0.0122  aux.acc_seg: 98.8541
2026/04/09 15:37:00 - mmengine - INFO - per class results:
2026/04/09 15:37:00 - mmengine - INFO - 
+------------+-------+-------+
|   Class    |  Dice |  Acc  |
+------------+-------+-------+
| background | 96.94 | 98.17 |
|    cat     | 53.13 | 42.72 |
|    dog     | 50.14 | 51.96 |
+------------+-------+-------+
2026/04/09 15:37:00 - mmengine - INFO - Iter(val) [15/15]    aAcc: 92.6000  mDice: 66.7400  mAcc: 64.2900  data_time: 0.0159  time: 0.0714
2026/04/09 15:37:04 - mmengine - INFO - Exp name: unet1_conf_20260409_153519
2026/04/09 15:37:04 - mmengine - INFO - Iter(train) [ 375/5000]  lr: 9.3709e-04  eta: 0:16:01  time: 0.1687  data_time: 0.0058  memory: 4420  loss: 0.0377  decode.loss_focal: 0.0056  decode.loss_dice: 0.0145  decode.acc_seg: 93.6432  aux.loss_focal: 0.0040  aux.loss_dice: 0.0136  aux.acc_seg: 94.2368
2026/04/09 15:37:05 - mmengine - INFO - per class results:
2026/04/09 15:37:05 - mmengine - INFO - 
+------------+-------+-------+
|   Class    |  Dice |  Acc  |
+------------+-------+-------+
| background | 96.86 | 98.49 |
|    cat     | 52.17 | 41.16 |
|    dog     | 49.33 | 47.94 |
+------------+-------+-------+
2026/04/09 15:37:05 - mmengine - INFO - Iter(val) [15/15]    aAcc: 92.6200  mDice: 66.1200  mAcc: 62.5300  data_time: 0.0106  time: 0.0658
2026/04/09 15:37:10 - mmengine - INFO - Exp name: unet1_conf_20260409_153519
2026/04/09 15:37:10 - mmengine - INFO - Iter(train) [ 400/5000]  lr: 9.3258e-04  eta: 0:15:48  time: 0.1689  data_time: 0.0055  memory: 4420  loss: 0.0349  decode.loss_focal: 0.0036  decode.loss_dice: 0.0133  decode.acc_seg: 97.6486  aux.loss_focal: 0.0037  aux.loss_dice: 0.0144  aux.acc_seg: 97.5250
2026/04/09 15:37:11 - mmengine - INFO - per class results:
2026/04/09 15:37:11 - mmengine - INFO - 
+------------+-------+-------+
|   Class    |  Dice |  Acc  |
+------------+-------+-------+
| background | 96.88 | 98.42 |
|    cat     | 52.03 | 40.95 |
|    dog     | 49.48 | 49.18 |
+------------+-------+-------+
2026/04/09 15:37:11 - mmengine - INFO - Iter(val) [15/15]    aAcc: 92.6000  mDice: 66.1300  mAcc: 62.8500  data_time: 0.0271  time: 0.0818
2026/04/09 15:37:16 - mmengine - INFO - Exp name: unet1_conf_20260409_153519
2026/04/09 15:37:16 - mmengine - INFO - Iter(train) [ 425/5000]  lr: 9.2806e-04  eta: 0:15:36  time: 0.1701  data_time: 0.0061  memory: 4420  loss: 0.0329  decode.loss_focal: 0.0037  decode.loss_dice: 0.0130  decode.acc_seg: 97.1710  aux.loss_focal: 0.0035  aux.loss_dice: 0.0128  aux.acc_seg: 97.7249
2026/04/09 15:37:17 - mmengine - INFO - per class results:
2026/04/09 15:37:17 - mmengine - INFO - 
+------------+-------+-------+
|   Class    |  Dice |  Acc  |
+------------+-------+-------+
| background | 96.98 | 98.17 |
|    cat     | 55.71 | 47.14 |
|    dog     | 49.97 | 48.99 |
+------------+-------+-------+
2026/04/09 15:37:17 - mmengine - INFO - Iter(val) [15/15]    aAcc: 92.7700  mDice: 67.5600  mAcc: 64.7700  data_time: 0.0104  time: 0.0659
2026/04/09 15:37:17 - mmengine - INFO - The previous best checkpoint /data_12/gpudev/kashnitskii/yx/s6_project/practicum_work/artifacts/mmsegmentation_work_dir/best_mDice_epoch_1.pth is removed
2026/04/09 15:37:17 - mmengine - INFO - The best checkpoint with 67.5600 mDice at 17 epoch is saved to best_mDice_epoch_17.pth.
2026/04/09 15:37:22 - mmengine - INFO - Exp name: unet1_conf_20260409_153519
2026/04/09 15:37:22 - mmengine - INFO - Iter(train) [ 450/5000]  lr: 9.2355e-04  eta: 0:15:25  time: 0.1695  data_time: 0.0060  memory: 4420  loss: 0.0357  decode.loss_focal: 0.0037  decode.loss_dice: 0.0143  decode.acc_seg: 96.5622  aux.loss_focal: 0.0035  aux.loss_dice: 0.0142  aux.acc_seg: 96.6080
2026/04/09 15:37:23 - mmengine - INFO - per class results:
2026/04/09 15:37:23 - mmengine - INFO - 
+------------+-------+-------+
|   Class    |  Dice |  Acc  |
+------------+-------+-------+
| background | 96.88 | 98.66 |
|    cat     | 52.53 |  41.8 |
|    dog     | 48.07 | 44.63 |
+------------+-------+-------+
2026/04/09 15:37:23 - mmengine - INFO - Iter(val) [15/15]    aAcc: 92.6700  mDice: 65.8300  mAcc: 61.7000  data_time: 0.0272  time: 0.0825
2026/04/09 15:37:28 - mmengine - INFO - Exp name: unet1_conf_20260409_153519
2026/04/09 15:37:28 - mmengine - INFO - Iter(train) [ 475/5000]  lr: 9.1903e-04  eta: 0:15:15  time: 0.1705  data_time: 0.0065  memory: 4420  loss: 0.0470  decode.loss_focal: 0.0062  decode.loss_dice: 0.0174  decode.acc_seg: 93.0115  aux.loss_focal: 0.0058  aux.loss_dice: 0.0175  aux.acc_seg: 93.5089
2026/04/09 15:37:29 - mmengine - INFO - per class results:
2026/04/09 15:37:29 - mmengine - INFO - 
+------------+-------+-------+
|   Class    |  Dice |  Acc  |
+------------+-------+-------+
| background | 96.85 | 98.65 |
|    cat     | 50.24 |  38.3 |
|    dog     | 49.23 | 48.13 |
+------------+-------+-------+
2026/04/09 15:37:29 - mmengine - INFO - Iter(val) [15/15]    aAcc: 92.5800  mDice: 65.4400  mAcc: 61.6900  data_time: 0.0106  time: 0.0661
2026/04/09 15:37:33 - mmengine - INFO - Exp name: unet1_conf_20260409_153519
2026/04/09 15:37:33 - mmengine - INFO - Iter(train) [ 500/5000]  lr: 9.1451e-04  eta: 0:15:06  time: 0.1690  data_time: 0.0058  memory: 4420  loss: 0.0330  decode.loss_focal: 0.0033  decode.loss_dice: 0.0133  decode.acc_seg: 98.6465  aux.loss_focal: 0.0033  aux.loss_dice: 0.0130  aux.acc_seg: 98.7076
2026/04/09 15:37:33 - mmengine - INFO - Saving checkpoint at 20 epochs
2026/04/09 15:37:35 - mmengine - INFO - per class results:
2026/04/09 15:37:35 - mmengine - INFO - 
+------------+-------+-------+
|   Class    |  Dice |  Acc  |
+------------+-------+-------+
| background | 96.94 | 98.59 |
|    cat     | 53.58 | 43.28 |
|    dog     | 47.93 | 44.89 |
+------------+-------+-------+
2026/04/09 15:37:35 - mmengine - INFO - Iter(val) [15/15]    aAcc: 92.7200  mDice: 66.1500  mAcc: 62.2500  data_time: 0.0291  time: 0.0848
2026/04/09 15:37:40 - mmengine - INFO - Exp name: unet1_conf_20260409_153519
2026/04/09 15:37:40 - mmengine - INFO - Iter(train) [ 525/5000]  lr: 9.0998e-04  eta: 0:14:56  time: 0.1703  data_time: 0.0059  memory: 4420  loss: 0.0382  decode.loss_focal: 0.0046  decode.loss_dice: 0.0144  decode.acc_seg: 98.9700  aux.loss_focal: 0.0048  aux.loss_dice: 0.0144  aux.acc_seg: 99.0448
2026/04/09 15:37:41 - mmengine - INFO - per class results:
2026/04/09 15:37:41 - mmengine - INFO - 
+------------+-------+-------+
|   Class    |  Dice |  Acc  |
+------------+-------+-------+
| background | 96.95 | 98.16 |
|    cat     |  55.2 | 46.12 |
|    dog     |  49.3 | 48.87 |
+------------+-------+-------+
2026/04/09 15:37:41 - mmengine - INFO - Iter(val) [15/15]    aAcc: 92.6900  mDice: 67.1500  mAcc: 64.3900  data_time: 0.0093  time: 0.0649
2026/04/09 15:37:45 - mmengine - INFO - Exp name: unet1_conf_20260409_153519
2026/04/09 15:37:45 - mmengine - INFO - Iter(train) [ 550/5000]  lr: 9.0546e-04  eta: 0:14:47  time: 0.1696  data_time: 0.0059  memory: 4420  loss: 0.0321  decode.loss_focal: 0.0030  decode.loss_dice: 0.0127  decode.acc_seg: 98.2269  aux.loss_focal: 0.0031  aux.loss_dice: 0.0133  aux.acc_seg: 98.6572
2026/04/09 15:37:47 - mmengine - INFO - per class results:
2026/04/09 15:37:47 - mmengine - INFO - 
+------------+-------+-------+
|   Class    |  Dice |  Acc  |
+------------+-------+-------+
| background | 96.93 | 98.38 |
|    cat     | 52.31 |  41.3 |
|    dog     | 49.17 | 49.69 |
+------------+-------+-------+
2026/04/09 15:37:47 - mmengine - INFO - Iter(val) [15/15]    aAcc: 92.6000  mDice: 66.1400  mAcc: 63.1200  data_time: 0.0281  time: 0.0838
2026/04/09 15:37:51 - mmengine - INFO - Exp name: unet1_conf_20260409_153519
2026/04/09 15:37:51 - mmengine - INFO - Iter(train) [ 575/5000]  lr: 9.0093e-04  eta: 0:14:39  time: 0.1709  data_time: 0.0058  memory: 4420  loss: 0.0453  decode.loss_focal: 0.0061  decode.loss_dice: 0.0162  decode.acc_seg: 96.5942  aux.loss_focal: 0.0062  aux.loss_dice: 0.0168  aux.acc_seg: 96.6171
2026/04/09 15:37:52 - mmengine - INFO - per class results:
2026/04/09 15:37:52 - mmengine - INFO - 
+------------+-------+-------+
|   Class    |  Dice |  Acc  |
+------------+-------+-------+
| background | 96.91 | 98.54 |
|    cat     | 53.15 | 42.69 |
|    dog     | 48.17 | 45.78 |
+------------+-------+-------+
2026/04/09 15:37:52 - mmengine - INFO - Iter(val) [15/15]    aAcc: 92.6700  mDice: 66.0800  mAcc: 62.3400  data_time: 0.0100  time: 0.0657
2026/04/09 15:37:57 - mmengine - INFO - Exp name: unet1_conf_20260409_153519
2026/04/09 15:37:57 - mmengine - INFO - Iter(train) [ 600/5000]  lr: 8.9640e-04  eta: 0:14:31  time: 0.1705  data_time: 0.0060  memory: 4420  loss: 0.0348  decode.loss_focal: 0.0034  decode.loss_dice: 0.0147  decode.acc_seg: 96.8689  aux.loss_focal: 0.0032  aux.loss_dice: 0.0135  aux.acc_seg: 98.2010
2026/04/09 15:37:58 - mmengine - INFO - per class results:
2026/04/09 15:37:58 - mmengine - INFO - 
+------------+-------+-------+
|   Class    |  Dice |  Acc  |
+------------+-------+-------+
| background |  96.9 | 98.57 |
|    cat     | 53.07 | 42.54 |
|    dog     | 48.14 | 45.39 |
+------------+-------+-------+
2026/04/09 15:37:58 - mmengine - INFO - Iter(val) [15/15]    aAcc: 92.6700  mDice: 66.0400  mAcc: 62.1700  data_time: 0.0274  time: 0.0835
2026/04/09 15:38:03 - mmengine - INFO - Exp name: unet1_conf_20260409_153519
2026/04/09 15:38:03 - mmengine - INFO - Iter(train) [ 625/5000]  lr: 8.9186e-04  eta: 0:14:23  time: 0.1718  data_time: 0.0066  memory: 4420  loss: 0.0346  decode.loss_focal: 0.0036  decode.loss_dice: 0.0143  decode.acc_seg: 97.8592  aux.loss_focal: 0.0032  aux.loss_dice: 0.0135  aux.acc_seg: 98.2025
2026/04/09 15:38:04 - mmengine - INFO - per class results:
2026/04/09 15:38:04 - mmengine - INFO - 
+------------+-------+-------+
|   Class    |  Dice |  Acc  |
+------------+-------+-------+
| background | 96.89 | 98.54 |
|    cat     | 51.59 | 40.24 |
|    dog     | 48.52 | 47.66 |
+------------+-------+-------+
2026/04/09 15:38:04 - mmengine - INFO - Iter(val) [15/15]    aAcc: 92.5800  mDice: 65.6700  mAcc: 62.1500  data_time: 0.0098  time: 0.0655
2026/04/09 15:38:08 - mmengine - INFO - Exp name: unet1_conf_20260409_153519
2026/04/09 15:38:08 - mmengine - INFO - Iter(train) [ 650/5000]  lr: 8.8733e-04  eta: 0:14:16  time: 0.1708  data_time: 0.0055  memory: 4420  loss: 0.0372  decode.loss_focal: 0.0043  decode.loss_dice: 0.0138  decode.acc_seg: 99.3484  aux.loss_focal: 0.0044  aux.loss_dice: 0.0147  aux.acc_seg: 99.3423
2026/04/09 15:38:09 - mmengine - INFO - per class results:
2026/04/09 15:38:09 - mmengine - INFO - 
+------------+-------+-------+
|   Class    |  Dice |  Acc  |
+------------+-------+-------+
| background | 96.89 | 98.35 |
|    cat     | 50.98 | 39.67 |
|    dog     |  49.2 | 50.42 |
+------------+-------+-------+
2026/04/09 15:38:09 - mmengine - INFO - Iter(val) [15/15]    aAcc: 92.5000  mDice: 65.6900  mAcc: 62.8100  data_time: 0.0156  time: 0.0713
2026/04/09 15:38:14 - mmengine - INFO - Exp name: unet1_conf_20260409_153519
2026/04/09 15:38:14 - mmengine - INFO - Iter(train) [ 675/5000]  lr: 8.8279e-04  eta: 0:14:08  time: 0.1717  data_time: 0.0059  memory: 4420  loss: 0.0324  decode.loss_focal: 0.0033  decode.loss_dice: 0.0133  decode.acc_seg: 95.2118  aux.loss_focal: 0.0031  aux.loss_dice: 0.0127  aux.acc_seg: 95.9213
2026/04/09 15:38:15 - mmengine - INFO - per class results:
2026/04/09 15:38:15 - mmengine - INFO - 
+------------+-------+-------+
|   Class    |  Dice |  Acc  |
+------------+-------+-------+
| background | 96.94 | 98.22 |
|    cat     | 52.29 | 41.53 |
|    dog     | 49.69 | 51.69 |
+------------+-------+-------+
2026/04/09 15:38:15 - mmengine - INFO - Iter(val) [15/15]    aAcc: 92.5600  mDice: 66.3100  mAcc: 63.8200  data_time: 0.0099  time: 0.0656
2026/04/09 15:38:20 - mmengine - INFO - Exp name: unet1_conf_20260409_153519
2026/04/09 15:38:20 - mmengine - INFO - Iter(train) [ 700/5000]  lr: 8.7825e-04  eta: 0:14:01  time: 0.1709  data_time: 0.0056  memory: 4420  loss: 0.0314  decode.loss_focal: 0.0036  decode.loss_dice: 0.0124  decode.acc_seg: 97.2733  aux.loss_focal: 0.0030  aux.loss_dice: 0.0125  aux.acc_seg: 97.5433
2026/04/09 15:38:21 - mmengine - INFO - per class results:
2026/04/09 15:38:21 - mmengine - INFO - 
+------------+-------+-------+
|   Class    |  Dice |  Acc  |
+------------+-------+-------+
| background | 96.94 | 98.46 |
|    cat     | 52.51 | 41.69 |
|    dog     | 49.12 | 48.64 |
+------------+-------+-------+
2026/04/09 15:38:21 - mmengine - INFO - Iter(val) [15/15]    aAcc: 92.6500  mDice: 66.1900  mAcc: 62.9300  data_time: 0.0268  time: 0.0823
2026/04/09 15:38:25 - mmengine - INFO - Exp name: unet1_conf_20260409_153519
2026/04/09 15:38:25 - mmengine - INFO - Iter(train) [ 725/5000]  lr: 8.7370e-04  eta: 0:13:55  time: 0.1716  data_time: 0.0059  memory: 4420  loss: 0.0364  decode.loss_focal: 0.0037  decode.loss_dice: 0.0139  decode.acc_seg: 95.6299  aux.loss_focal: 0.0037  aux.loss_dice: 0.0151  aux.acc_seg: 94.2703
2026/04/09 15:38:26 - mmengine - INFO - per class results:
2026/04/09 15:38:26 - mmengine - INFO - 
+------------+-------+-------+
|   Class    |  Dice |  Acc  |
+------------+-------+-------+
| background | 96.88 | 98.41 |
|    cat     | 49.19 | 37.12 |
|    dog     | 49.75 | 52.08 |
+------------+-------+-------+
2026/04/09 15:38:26 - mmengine - INFO - Iter(val) [15/15]    aAcc: 92.4500  mDice: 65.2700  mAcc: 62.5400  data_time: 0.0116  time: 0.0680
2026/04/09 15:38:31 - mmengine - INFO - Exp name: unet1_conf_20260409_153519
2026/04/09 15:38:31 - mmengine - INFO - Iter(train) [ 750/5000]  lr: 8.6915e-04  eta: 0:13:48  time: 0.1719  data_time: 0.0058  memory: 4420  loss: 0.0340  decode.loss_focal: 0.0038  decode.loss_dice: 0.0135  decode.acc_seg: 98.5687  aux.loss_focal: 0.0037  aux.loss_dice: 0.0130  aux.acc_seg: 98.9151
2026/04/09 15:38:32 - mmengine - INFO - per class results:
2026/04/09 15:38:32 - mmengine - INFO - 
+------------+-------+-------+
|   Class    |  Dice |  Acc  |
+------------+-------+-------+
| background | 96.99 | 98.17 |
|    cat     | 53.45 | 43.03 |
|    dog     | 49.63 | 51.86 |
+------------+-------+-------+
2026/04/09 15:38:32 - mmengine - INFO - Iter(val) [15/15]    aAcc: 92.6200  mDice: 66.6900  mAcc: 64.3600  data_time: 0.0275  time: 0.0833
2026/04/09 15:38:37 - mmengine - INFO - Exp name: unet1_conf_20260409_153519
2026/04/09 15:38:37 - mmengine - INFO - Iter(train) [ 775/5000]  lr: 8.6461e-04  eta: 0:13:42  time: 0.1725  data_time: 0.0059  memory: 4420  loss: 0.0298  decode.loss_focal: 0.0027  decode.loss_dice: 0.0112  decode.acc_seg: 98.8037  aux.loss_focal: 0.0029  aux.loss_dice: 0.0131  aux.acc_seg: 98.8388
2026/04/09 15:38:38 - mmengine - INFO - per class results:
2026/04/09 15:38:38 - mmengine - INFO - 
+------------+-------+-------+
|   Class    |  Dice |  Acc  |
+------------+-------+-------+
| background | 96.95 | 98.44 |
|    cat     | 52.09 | 41.14 |
|    dog     | 49.28 | 49.41 |
+------------+-------+-------+
2026/04/09 15:38:38 - mmengine - INFO - Iter(val) [15/15]    aAcc: 92.6300  mDice: 66.1100  mAcc: 63.0000  data_time: 0.0101  time: 0.0661
2026/04/09 15:38:43 - mmengine - INFO - Exp name: unet1_conf_20260409_153519
2026/04/09 15:38:43 - mmengine - INFO - Iter(train) [ 800/5000]  lr: 8.6005e-04  eta: 0:13:35  time: 0.1713  data_time: 0.0056  memory: 4420  loss: 0.0363  decode.loss_focal: 0.0042  decode.loss_dice: 0.0139  decode.acc_seg: 96.5134  aux.loss_focal: 0.0039  aux.loss_dice: 0.0143  aux.acc_seg: 96.2112
2026/04/09 15:38:44 - mmengine - INFO - per class results:
2026/04/09 15:38:44 - mmengine - INFO - 
+------------+-------+-------+
|   Class    |  Dice |  Acc  |
+------------+-------+-------+
| background | 96.93 | 98.47 |
|    cat     | 53.52 |  43.5 |
|    dog     | 48.16 | 45.94 |
+------------+-------+-------+
2026/04/09 15:38:44 - mmengine - INFO - Iter(val) [15/15]    aAcc: 92.6700  mDice: 66.2100  mAcc: 62.6400  data_time: 0.0278  time: 0.0835
2026/04/09 15:38:49 - mmengine - INFO - Exp name: unet1_conf_20260409_153519
2026/04/09 15:38:49 - mmengine - INFO - Iter(train) [ 825/5000]  lr: 8.5550e-04  eta: 0:13:29  time: 0.1718  data_time: 0.0058  memory: 4420  loss: 0.0324  decode.loss_focal: 0.0031  decode.loss_dice: 0.0128  decode.acc_seg: 98.5550  aux.loss_focal: 0.0031  aux.loss_dice: 0.0135  aux.acc_seg: 98.3841
2026/04/09 15:38:50 - mmengine - INFO - per class results:
2026/04/09 15:38:50 - mmengine - INFO - 
+------------+-------+-------+
|   Class    |  Dice |  Acc  |
+------------+-------+-------+
| background | 96.94 |  98.5 |
|    cat     | 52.28 |  41.2 |
|    dog     | 49.45 | 48.94 |
+------------+-------+-------+
2026/04/09 15:38:50 - mmengine - INFO - Iter(val) [15/15]    aAcc: 92.6700  mDice: 66.2300  mAcc: 62.8800  data_time: 0.0092  time: 0.0653
2026/04/09 15:38:54 - mmengine - INFO - Exp name: unet1_conf_20260409_153519
2026/04/09 15:38:54 - mmengine - INFO - Iter(train) [ 850/5000]  lr: 8.5094e-04  eta: 0:13:23  time: 0.1719  data_time: 0.0056  memory: 4420  loss: 0.0421  decode.loss_focal: 0.0052  decode.loss_dice: 0.0166  decode.acc_seg: 94.3039  aux.loss_focal: 0.0051  aux.loss_dice: 0.0152  aux.acc_seg: 95.1614
2026/04/09 15:38:55 - mmengine - INFO - per class results:
2026/04/09 15:38:55 - mmengine - INFO - 
+------------+-------+-------+
|   Class    |  Dice |  Acc  |
+------------+-------+-------+
| background | 96.95 | 98.44 |
|    cat     | 53.56 | 43.09 |
|    dog     | 49.55 | 48.51 |
+------------+-------+-------+
2026/04/09 15:38:55 - mmengine - INFO - Iter(val) [15/15]    aAcc: 92.7200  mDice: 66.6900  mAcc: 63.3500  data_time: 0.0156  time: 0.0715
2026/04/09 15:39:00 - mmengine - INFO - Exp name: unet1_conf_20260409_153519
2026/04/09 15:39:00 - mmengine - INFO - Iter(train) [ 875/5000]  lr: 8.4638e-04  eta: 0:13:17  time: 0.1728  data_time: 0.0060  memory: 4420  loss: 0.0294  decode.loss_focal: 0.0027  decode.loss_dice: 0.0121  decode.acc_seg: 98.4390  aux.loss_focal: 0.0028  aux.loss_dice: 0.0118  aux.acc_seg: 98.5474
2026/04/09 15:39:01 - mmengine - INFO - per class results:
2026/04/09 15:39:01 - mmengine - INFO - 
+------------+-------+-------+
|   Class    |  Dice |  Acc  |
+------------+-------+-------+
| background | 97.01 |  98.2 |
|    cat     | 54.31 | 44.26 |
|    dog     | 50.25 | 51.67 |
+------------+-------+-------+
2026/04/09 15:39:01 - mmengine - INFO - Iter(val) [15/15]    aAcc: 92.7200  mDice: 67.1900  mAcc: 64.7100  data_time: 0.0099  time: 0.0658
2026/04/09 15:39:06 - mmengine - INFO - Exp name: unet1_conf_20260409_153519
2026/04/09 15:39:06 - mmengine - INFO - Iter(train) [ 900/5000]  lr: 8.4182e-04  eta: 0:13:11  time: 0.1717  data_time: 0.0054  memory: 4420  loss: 0.0297  decode.loss_focal: 0.0029  decode.loss_dice: 0.0116  decode.acc_seg: 98.6313  aux.loss_focal: 0.0028  aux.loss_dice: 0.0124  aux.acc_seg: 98.5825
2026/04/09 15:39:07 - mmengine - INFO - per class results:
2026/04/09 15:39:07 - mmengine - INFO - 
+------------+-------+-------+
|   Class    |  Dice |  Acc  |
+------------+-------+-------+
| background | 96.93 | 98.46 |
|    cat     | 53.16 | 42.33 |
|    dog     | 48.87 | 48.07 |
+------------+-------+-------+
2026/04/09 15:39:07 - mmengine - INFO - Iter(val) [15/15]    aAcc: 92.6700  mDice: 66.3200  mAcc: 62.9500  data_time: 0.0276  time: 0.0841
2026/04/09 15:39:12 - mmengine - INFO - Exp name: unet1_conf_20260409_153519
2026/04/09 15:39:12 - mmengine - INFO - Iter(train) [ 925/5000]  lr: 8.3725e-04  eta: 0:13:05  time: 0.1719  data_time: 0.0057  memory: 4420  loss: 0.0316  decode.loss_focal: 0.0031  decode.loss_dice: 0.0127  decode.acc_seg: 97.6974  aux.loss_focal: 0.0030  aux.loss_dice: 0.0128  aux.acc_seg: 97.8561
2026/04/09 15:39:13 - mmengine - INFO - per class results:
2026/04/09 15:39:13 - mmengine - INFO - 
+------------+-------+-------+
|   Class    |  Dice |  Acc  |
+------------+-------+-------+
| background | 96.99 | 98.14 |
|    cat     | 54.68 | 45.11 |
|    dog     | 49.46 | 50.48 |
+------------+-------+-------+
2026/04/09 15:39:13 - mmengine - INFO - Iter(val) [15/15]    aAcc: 92.6700  mDice: 67.0400  mAcc: 64.5800  data_time: 0.0104  time: 0.0664
2026/04/09 15:39:17 - mmengine - INFO - Exp name: unet1_conf_20260409_153519
2026/04/09 15:39:17 - mmengine - INFO - Iter(train) [ 950/5000]  lr: 8.3268e-04  eta: 0:12:59  time: 0.1730  data_time: 0.0060  memory: 4420  loss: 0.0367  decode.loss_focal: 0.0039  decode.loss_dice: 0.0147  decode.acc_seg: 96.4478  aux.loss_focal: 0.0038  aux.loss_dice: 0.0142  aux.acc_seg: 96.6339
2026/04/09 15:39:18 - mmengine - INFO - per class results:
2026/04/09 15:39:18 - mmengine - INFO - 
+------------+-------+-------+
|   Class    |  Dice |  Acc  |
+------------+-------+-------+
| background | 96.99 | 98.41 |
|    cat     |  53.9 | 43.65 |
|    dog     | 48.95 | 48.22 |
+------------+-------+-------+
2026/04/09 15:39:18 - mmengine - INFO - Iter(val) [15/15]    aAcc: 92.7200  mDice: 66.6200  mAcc: 63.4300  data_time: 0.0273  time: 0.0840
2026/04/09 15:39:23 - mmengine - INFO - Exp name: unet1_conf_20260409_153519
2026/04/09 15:39:23 - mmengine - INFO - Iter(train) [ 975/5000]  lr: 8.2811e-04  eta: 0:12:53  time: 0.1730  data_time: 0.0060  memory: 4420  loss: 0.0370  decode.loss_focal: 0.0041  decode.loss_dice: 0.0148  decode.acc_seg: 95.1706  aux.loss_focal: 0.0037  aux.loss_dice: 0.0145  aux.acc_seg: 95.7764
2026/04/09 15:39:24 - mmengine - INFO - per class results:
2026/04/09 15:39:24 - mmengine - INFO - 
+------------+-------+-------+
|   Class    |  Dice |  Acc  |
+------------+-------+-------+
| background | 96.93 | 98.54 |
|    cat     | 52.71 | 41.85 |
|    dog     | 48.54 | 47.02 |
+------------+-------+-------+
2026/04/09 15:39:24 - mmengine - INFO - Iter(val) [15/15]    aAcc: 92.6600  mDice: 66.0600  mAcc: 62.4700  data_time: 0.0094  time: 0.0657
2026/04/09 15:39:29 - mmengine - INFO - Exp name: unet1_conf_20260409_153519
2026/04/09 15:39:29 - mmengine - INFO - Iter(train) [1000/5000]  lr: 8.2353e-04  eta: 0:12:48  time: 0.1738  data_time: 0.0060  memory: 4420  loss: 0.0317  decode.loss_focal: 0.0031  decode.loss_dice: 0.0125  decode.acc_seg: 97.2000  aux.loss_focal: 0.0032  aux.loss_dice: 0.0128  aux.acc_seg: 97.3221
2026/04/09 15:39:29 - mmengine - INFO - Saving checkpoint at 40 epochs
2026/04/09 15:39:31 - mmengine - INFO - per class results:
2026/04/09 15:39:31 - mmengine - INFO - 
+------------+-------+-------+
|   Class    |  Dice |  Acc  |
+------------+-------+-------+
| background | 96.94 |  98.4 |
|    cat     | 50.91 | 39.25 |
|    dog     | 48.84 | 50.63 |
+------------+-------+-------+
2026/04/09 15:39:31 - mmengine - INFO - Iter(val) [15/15]    aAcc: 92.5200  mDice: 65.5600  mAcc: 62.7600  data_time: 0.0264  time: 0.0823
2026/04/09 15:39:35 - mmengine - INFO - Exp name: unet1_conf_20260409_153519
2026/04/09 15:39:35 - mmengine - INFO - Iter(train) [1025/5000]  lr: 8.1896e-04  eta: 0:12:43  time: 0.1758  data_time: 0.0078  memory: 4420  loss: 0.0298  decode.loss_focal: 0.0031  decode.loss_dice: 0.0116  decode.acc_seg: 99.3332  aux.loss_focal: 0.0031  aux.loss_dice: 0.0120  aux.acc_seg: 99.3393
2026/04/09 15:39:36 - mmengine - INFO - per class results:
2026/04/09 15:39:36 - mmengine - INFO - 
+------------+-------+-------+
|   Class    |  Dice |  Acc  |
+------------+-------+-------+
| background | 96.92 | 98.46 |
|    cat     | 50.43 | 38.62 |
|    dog     | 49.38 | 50.78 |
+------------+-------+-------+
2026/04/09 15:39:36 - mmengine - INFO - Iter(val) [15/15]    aAcc: 92.5400  mDice: 65.5800  mAcc: 62.6200  data_time: 0.0091  time: 0.0655
2026/04/09 15:39:41 - mmengine - INFO - Exp name: unet1_conf_20260409_153519
2026/04/09 15:39:41 - mmengine - INFO - Iter(train) [1050/5000]  lr: 8.1438e-04  eta: 0:12:37  time: 0.1743  data_time: 0.0069  memory: 4420  loss: 0.0351  decode.loss_focal: 0.0044  decode.loss_dice: 0.0133  decode.acc_seg: 97.7875  aux.loss_focal: 0.0040  aux.loss_dice: 0.0134  aux.acc_seg: 98.1812
2026/04/09 15:39:42 - mmengine - INFO - per class results:
2026/04/09 15:39:42 - mmengine - INFO - 
+------------+-------+-------+
|   Class    |  Dice |  Acc  |
+------------+-------+-------+
| background | 96.98 | 98.25 |
|    cat     | 52.21 | 41.18 |
|    dog     | 49.85 | 52.41 |
+------------+-------+-------+
2026/04/09 15:39:42 - mmengine - INFO - Iter(val) [15/15]    aAcc: 92.5900  mDice: 66.3400  mAcc: 63.9400  data_time: 0.0278  time: 0.0845
2026/04/09 15:39:47 - mmengine - INFO - Exp name: unet1_conf_20260409_153519
2026/04/09 15:39:47 - mmengine - INFO - Iter(train) [1075/5000]  lr: 8.0979e-04  eta: 0:12:32  time: 0.1741  data_time: 0.0062  memory: 4420  loss: 0.0388  decode.loss_focal: 0.0046  decode.loss_dice: 0.0153  decode.acc_seg: 93.8950  aux.loss_focal: 0.0043  aux.loss_dice: 0.0146  aux.acc_seg: 94.2444
2026/04/09 15:39:48 - mmengine - INFO - per class results:
2026/04/09 15:39:48 - mmengine - INFO - 
+------------+-------+-------+
|   Class    |  Dice |  Acc  |
+------------+-------+-------+
| background | 96.93 | 98.34 |
|    cat     | 52.92 | 42.22 |
|    dog     | 49.47 | 49.72 |
+------------+-------+-------+
2026/04/09 15:39:48 - mmengine - INFO - Iter(val) [15/15]    aAcc: 92.6300  mDice: 66.4400  mAcc: 63.4300  data_time: 0.0091  time: 0.0655
2026/04/09 15:39:53 - mmengine - INFO - Exp name: unet1_conf_20260409_153519
2026/04/09 15:39:53 - mmengine - INFO - Iter(train) [1100/5000]  lr: 8.0521e-04  eta: 0:12:26  time: 0.1751  data_time: 0.0066  memory: 4420  loss: 0.0249  decode.loss_focal: 0.0023  decode.loss_dice: 0.0103  decode.acc_seg: 98.5519  aux.loss_focal: 0.0023  aux.loss_dice: 0.0100  aux.acc_seg: 98.6237
2026/04/09 15:39:54 - mmengine - INFO - per class results:
2026/04/09 15:39:54 - mmengine - INFO - 
+------------+-------+-------+
|   Class    |  Dice |  Acc  |
+------------+-------+-------+
| background | 96.91 | 98.45 |
|    cat     | 50.42 | 38.68 |
|    dog     | 49.44 | 50.72 |
+------------+-------+-------+
2026/04/09 15:39:54 - mmengine - INFO - Iter(val) [15/15]    aAcc: 92.5300  mDice: 65.5900  mAcc: 62.6200  data_time: 0.0150  time: 0.0710
2026/04/09 15:39:58 - mmengine - INFO - Exp name: unet1_conf_20260409_153519
2026/04/09 15:39:58 - mmengine - INFO - Iter(train) [1125/5000]  lr: 8.0062e-04  eta: 0:12:21  time: 0.1737  data_time: 0.0058  memory: 4420  loss: 0.0371  decode.loss_focal: 0.0044  decode.loss_dice: 0.0143  decode.acc_seg: 97.9248  aux.loss_focal: 0.0044  aux.loss_dice: 0.0140  aux.acc_seg: 98.2361
2026/04/09 15:40:00 - mmengine - INFO - per class results:
2026/04/09 15:40:00 - mmengine - INFO - 
+------------+-------+-------+
|   Class    |  Dice |  Acc  |
+------------+-------+-------+
| background | 96.93 | 98.43 |
|    cat     | 48.49 | 36.14 |
|    dog     | 49.71 | 53.09 |
+------------+-------+-------+
2026/04/09 15:40:00 - mmengine - INFO - Iter(val) [15/15]    aAcc: 92.4500  mDice: 65.0400  mAcc: 62.5500  data_time: 0.0098  time: 0.0659
2026/04/09 15:40:04 - mmengine - INFO - Exp name: unet1_conf_20260409_153519
2026/04/09 15:40:04 - mmengine - INFO - Iter(train) [1150/5000]  lr: 7.9602e-04  eta: 0:12:16  time: 0.1730  data_time: 0.0055  memory: 4420  loss: 0.0401  decode.loss_focal: 0.0045  decode.loss_dice: 0.0154  decode.acc_seg: 95.5902  aux.loss_focal: 0.0041  aux.loss_dice: 0.0161  aux.acc_seg: 95.6192
2026/04/09 15:40:05 - mmengine - INFO - per class results:
2026/04/09 15:40:05 - mmengine - INFO - 
+------------+-------+-------+
|   Class    |  Dice |  Acc  |
+------------+-------+-------+
| background | 96.89 | 98.55 |
|    cat     | 51.36 |  39.9 |
|    dog     | 49.27 | 48.48 |
+------------+-------+-------+
2026/04/09 15:40:05 - mmengine - INFO - Iter(val) [15/15]    aAcc: 92.6100  mDice: 65.8400  mAcc: 62.3100  data_time: 0.0275  time: 0.0840
2026/04/09 15:40:10 - mmengine - INFO - Exp name: unet1_conf_20260409_153519
2026/04/09 15:40:10 - mmengine - INFO - Iter(train) [1175/5000]  lr: 7.9143e-04  eta: 0:12:11  time: 0.1739  data_time: 0.0063  memory: 4420  loss: 0.0291  decode.loss_focal: 0.0030  decode.loss_dice: 0.0118  decode.acc_seg: 98.2498  aux.loss_focal: 0.0028  aux.loss_dice: 0.0115  aux.acc_seg: 98.3536
2026/04/09 15:40:11 - mmengine - INFO - per class results:
2026/04/09 15:40:11 - mmengine - INFO - 
+------------+-------+-------+
|   Class    |  Dice |  Acc  |
+------------+-------+-------+
| background | 96.97 | 98.33 |
|    cat     | 52.83 | 42.06 |
|    dog     | 49.83 | 50.79 |
+------------+-------+-------+
2026/04/09 15:40:11 - mmengine - INFO - Iter(val) [15/15]    aAcc: 92.6500  mDice: 66.5400  mAcc: 63.7300  data_time: 0.0102  time: 0.0665
2026/04/09 15:40:16 - mmengine - INFO - Exp name: unet1_conf_20260409_153519
2026/04/09 15:40:16 - mmengine - INFO - Iter(train) [1200/5000]  lr: 7.8683e-04  eta: 0:12:05  time: 0.1737  data_time: 0.0058  memory: 4420  loss: 0.0330  decode.loss_focal: 0.0034  decode.loss_dice: 0.0131  decode.acc_seg: 98.9166  aux.loss_focal: 0.0033  aux.loss_dice: 0.0133  aux.acc_seg: 98.9700
2026/04/09 15:40:17 - mmengine - INFO - per class results:
2026/04/09 15:40:17 - mmengine - INFO - 
+------------+-------+-------+
|   Class    |  Dice |  Acc  |
+------------+-------+-------+
| background | 96.95 | 98.52 |
|    cat     | 52.53 | 41.48 |
|    dog     |  48.9 | 48.09 |
+------------+-------+-------+
2026/04/09 15:40:17 - mmengine - INFO - Iter(val) [15/15]    aAcc: 92.6700  mDice: 66.1200  mAcc: 62.7000  data_time: 0.0281  time: 0.0845
2026/04/09 15:40:22 - mmengine - INFO - Exp name: unet1_conf_20260409_153519
2026/04/09 15:40:22 - mmengine - INFO - Iter(train) [1225/5000]  lr: 7.8223e-04  eta: 0:12:00  time: 0.1741  data_time: 0.0063  memory: 4420  loss: 0.0291  decode.loss_focal: 0.0029  decode.loss_dice: 0.0118  decode.acc_seg: 98.0942  aux.loss_focal: 0.0026  aux.loss_dice: 0.0118  aux.acc_seg: 98.6252
2026/04/09 15:40:23 - mmengine - INFO - per class results:
2026/04/09 15:40:23 - mmengine - INFO - 
+------------+-------+-------+
|   Class    |  Dice |  Acc  |
+------------+-------+-------+
| background | 96.89 | 98.48 |
|    cat     | 49.95 |  38.0 |
|    dog     | 49.72 | 50.96 |
+------------+-------+-------+
2026/04/09 15:40:23 - mmengine - INFO - Iter(val) [15/15]    aAcc: 92.5300  mDice: 65.5200  mAcc: 62.4800  data_time: 0.0103  time: 0.0675
2026/04/09 15:40:28 - mmengine - INFO - Exp name: unet1_conf_20260409_153519
2026/04/09 15:40:28 - mmengine - INFO - Iter(train) [1250/5000]  lr: 7.7763e-04  eta: 0:11:55  time: 0.1733  data_time: 0.0056  memory: 4420  loss: 0.0288  decode.loss_focal: 0.0030  decode.loss_dice: 0.0116  decode.acc_seg: 98.1323  aux.loss_focal: 0.0029  aux.loss_dice: 0.0114  aux.acc_seg: 98.0988
2026/04/09 15:40:29 - mmengine - INFO - per class results:
2026/04/09 15:40:29 - mmengine - INFO - 
+------------+-------+-------+
|   Class    |  Dice |  Acc  |
+------------+-------+-------+
| background | 96.92 | 98.37 |
|    cat     | 51.59 | 40.51 |
|    dog     | 49.43 | 50.35 |
+------------+-------+-------+
2026/04/09 15:40:29 - mmengine - INFO - Iter(val) [15/15]    aAcc: 92.5600  mDice: 65.9800  mAcc: 63.0700  data_time: 0.0276  time: 0.0843
2026/04/09 15:40:34 - mmengine - INFO - Exp name: unet1_conf_20260409_153519
2026/04/09 15:40:34 - mmengine - INFO - Iter(train) [1275/5000]  lr: 7.7302e-04  eta: 0:11:50  time: 0.1764  data_time: 0.0078  memory: 4420  loss: 0.0307  decode.loss_focal: 0.0034  decode.loss_dice: 0.0121  decode.acc_seg: 98.3948  aux.loss_focal: 0.0032  aux.loss_dice: 0.0120  aux.acc_seg: 98.6694
2026/04/09 15:40:35 - mmengine - INFO - per class results:
2026/04/09 15:40:35 - mmengine - INFO - 
+------------+-------+-------+
|   Class    |  Dice |  Acc  |
+------------+-------+-------+
| background | 96.94 | 98.21 |
|    cat     | 51.09 | 39.68 |
|    dog     | 49.74 | 53.25 |
+------------+-------+-------+
2026/04/09 15:40:35 - mmengine - INFO - Iter(val) [15/15]    aAcc: 92.4900  mDice: 65.9300  mAcc: 63.7100  data_time: 0.0105  time: 0.0673
2026/04/09 15:40:39 - mmengine - INFO - Exp name: unet1_conf_20260409_153519
2026/04/09 15:40:39 - mmengine - INFO - Iter(train) [1300/5000]  lr: 7.6841e-04  eta: 0:11:45  time: 0.1743  data_time: 0.0060  memory: 4420  loss: 0.0289  decode.loss_focal: 0.0030  decode.loss_dice: 0.0114  decode.acc_seg: 98.4009  aux.loss_focal: 0.0029  aux.loss_dice: 0.0117  aux.acc_seg: 98.6877
2026/04/09 15:40:40 - mmengine - INFO - per class results:
2026/04/09 15:40:40 - mmengine - INFO - 
+------------+-------+-------+
|   Class    |  Dice |  Acc  |
+------------+-------+-------+
| background |  96.9 | 98.26 |
|    cat     | 49.75 | 37.71 |
|    dog     | 51.05 | 55.04 |
+------------+-------+-------+
2026/04/09 15:40:40 - mmengine - INFO - Iter(val) [15/15]    aAcc: 92.4800  mDice: 65.9000  mAcc: 63.6700  data_time: 0.0158  time: 0.0724
2026/04/09 15:40:45 - mmengine - INFO - Exp name: unet1_conf_20260409_153519
2026/04/09 15:40:45 - mmengine - INFO - Iter(train) [1325/5000]  lr: 7.6379e-04  eta: 0:11:40  time: 0.1753  data_time: 0.0065  memory: 4420  loss: 0.0316  decode.loss_focal: 0.0031  decode.loss_dice: 0.0130  decode.acc_seg: 97.0795  aux.loss_focal: 0.0031  aux.loss_dice: 0.0124  aux.acc_seg: 97.6486
2026/04/09 15:40:46 - mmengine - INFO - per class results:
2026/04/09 15:40:46 - mmengine - INFO - 
+------------+-------+-------+
|   Class    |  Dice |  Acc  |
+------------+-------+-------+
| background | 96.89 |  98.6 |
|    cat     | 52.07 | 41.19 |
|    dog     | 48.41 |  46.1 |
+------------+-------+-------+
2026/04/09 15:40:46 - mmengine - INFO - Iter(val) [15/15]    aAcc: 92.6400  mDice: 65.7900  mAcc: 61.9600  data_time: 0.0095  time: 0.0656
2026/04/09 15:40:51 - mmengine - INFO - Exp name: unet1_conf_20260409_153519
2026/04/09 15:40:51 - mmengine - INFO - Iter(train) [1350/5000]  lr: 7.5918e-04  eta: 0:11:35  time: 0.1757  data_time: 0.0065  memory: 4420  loss: 0.0364  decode.loss_focal: 0.0038  decode.loss_dice: 0.0141  decode.acc_seg: 98.8968  aux.loss_focal: 0.0038  aux.loss_dice: 0.0147  aux.acc_seg: 98.9548
2026/04/09 15:40:52 - mmengine - INFO - per class results:
2026/04/09 15:40:52 - mmengine - INFO - 
+------------+-------+-------+
|   Class    |  Dice |  Acc  |
+------------+-------+-------+
| background | 96.88 | 98.65 |
|    cat     | 51.95 | 40.83 |
|    dog     | 48.77 | 46.17 |
+------------+-------+-------+
2026/04/09 15:40:52 - mmengine - INFO - Iter(val) [15/15]    aAcc: 92.6600  mDice: 65.8700  mAcc: 61.8800  data_time: 0.0284  time: 0.0847
2026/04/09 15:40:57 - mmengine - INFO - Exp name: unet1_conf_20260409_153519
2026/04/09 15:40:57 - mmengine - INFO - Iter(train) [1375/5000]  lr: 7.5456e-04  eta: 0:11:30  time: 0.1756  data_time: 0.0066  memory: 4420  loss: 0.0301  decode.loss_focal: 0.0032  decode.loss_dice: 0.0119  decode.acc_seg: 99.1074  aux.loss_focal: 0.0031  aux.loss_dice: 0.0120  aux.acc_seg: 99.2172
2026/04/09 15:40:58 - mmengine - INFO - per class results:
2026/04/09 15:40:58 - mmengine - INFO - 
+------------+-------+-------+
|   Class    |  Dice |  Acc  |
+------------+-------+-------+
| background | 96.91 | 98.42 |
|    cat     | 51.96 | 40.91 |
|    dog     | 49.61 | 49.62 |
+------------+-------+-------+
2026/04/09 15:40:58 - mmengine - INFO - Iter(val) [15/15]    aAcc: 92.6100  mDice: 66.1600  mAcc: 62.9800  data_time: 0.0103  time: 0.0669
2026/04/09 15:41:02 - mmengine - INFO - Exp name: unet1_conf_20260409_153519
2026/04/09 15:41:02 - mmengine - INFO - Iter(train) [1400/5000]  lr: 7.4994e-04  eta: 0:11:25  time: 0.1749  data_time: 0.0063  memory: 4420  loss: 0.0278  decode.loss_focal: 0.0028  decode.loss_dice: 0.0112  decode.acc_seg: 98.8022  aux.loss_focal: 0.0026  aux.loss_dice: 0.0112  aux.acc_seg: 98.9273
2026/04/09 15:41:04 - mmengine - INFO - per class results:
2026/04/09 15:41:04 - mmengine - INFO - 
+------------+-------+-------+
|   Class    |  Dice |  Acc  |
+------------+-------+-------+
| background |  96.9 | 98.46 |
|    cat     | 50.72 |  39.0 |
|    dog     | 49.78 | 50.64 |
+------------+-------+-------+
2026/04/09 15:41:04 - mmengine - INFO - Iter(val) [15/15]    aAcc: 92.5600  mDice: 65.8000  mAcc: 62.7000  data_time: 0.0268  time: 0.0833
2026/04/09 15:41:08 - mmengine - INFO - Exp name: unet1_conf_20260409_153519
2026/04/09 15:41:08 - mmengine - INFO - Iter(train) [1425/5000]  lr: 7.4531e-04  eta: 0:11:19  time: 0.1750  data_time: 0.0069  memory: 4420  loss: 0.0387  decode.loss_focal: 0.0051  decode.loss_dice: 0.0143  decode.acc_seg: 99.0021  aux.loss_focal: 0.0052  aux.loss_dice: 0.0140  aux.acc_seg: 99.0189
2026/04/09 15:41:09 - mmengine - INFO - per class results:
2026/04/09 15:41:09 - mmengine - INFO - 
+------------+-------+-------+
|   Class    |  Dice |  Acc  |
+------------+-------+-------+
| background | 96.96 | 98.36 |
|    cat     | 53.67 | 43.19 |
|    dog     | 48.74 | 48.69 |
+------------+-------+-------+
2026/04/09 15:41:09 - mmengine - INFO - Iter(val) [15/15]    aAcc: 92.6600  mDice: 66.4600  mAcc: 63.4100  data_time: 0.0108  time: 0.0672
2026/04/09 15:41:14 - mmengine - INFO - Exp name: unet1_conf_20260409_153519
2026/04/09 15:41:14 - mmengine - INFO - Iter(train) [1450/5000]  lr: 7.4068e-04  eta: 0:11:14  time: 0.1753  data_time: 0.0064  memory: 4420  loss: 0.0286  decode.loss_focal: 0.0027  decode.loss_dice: 0.0115  decode.acc_seg: 98.0850  aux.loss_focal: 0.0025  aux.loss_dice: 0.0119  aux.acc_seg: 98.4329
2026/04/09 15:41:15 - mmengine - INFO - per class results:
2026/04/09 15:41:15 - mmengine - INFO - 
+------------+-------+-------+
|   Class    |  Dice |  Acc  |
+------------+-------+-------+
| background | 96.97 | 98.34 |
|    cat     | 51.57 | 40.02 |
|    dog     | 50.44 | 52.91 |
+------------+-------+-------+
2026/04/09 15:41:15 - mmengine - INFO - Iter(val) [15/15]    aAcc: 92.6200  mDice: 66.3300  mAcc: 63.7600  data_time: 0.0272  time: 0.0838
