2026/04/09 19:01:53 - mmengine - INFO - 
------------------------------------------------------------
System environment:
    sys.platform: linux
    Python: 3.10.16 (main, Jan 14 2025, 22:49:19) [Clang 19.1.6 ]
    CUDA available: True
    MUSA available: False
    numpy_random_seed: 67435086
    GPU 0: NVIDIA A10
    CUDA_HOME: /usr
    NVCC: Cuda compilation tools, release 12.8, V12.8.93
    GCC: x86_64-alt-linux-gcc (GCC) 13.2.1 20240128 (ALT Sisyphus 13.2.1-alt3)
    PyTorch: 2.4.0+cu121
    PyTorch compiling details: PyTorch built with:
  - GCC 9.3
  - C++ Version: 201703
  - Intel(R) oneAPI Math Kernel Library Version 2022.2-Product Build 20220804 for Intel(R) 64 architecture applications
  - Intel(R) MKL-DNN v3.4.2 (Git Hash 1137e04ec0b5251ca2b4400a4fd3c667ce843d67)
  - OpenMP 201511 (a.k.a. OpenMP 4.5)
  - LAPACK is enabled (usually provided by MKL)
  - NNPACK is enabled
  - CPU capability usage: AVX512
  - CUDA Runtime 12.1
  - NVCC architecture flags: -gencode;arch=compute_50,code=sm_50;-gencode;arch=compute_60,code=sm_60;-gencode;arch=compute_70,code=sm_70;-gencode;arch=compute_75,code=sm_75;-gencode;arch=compute_80,code=sm_80;-gencode;arch=compute_86,code=sm_86;-gencode;arch=compute_90,code=sm_90
  - CuDNN 90.1  (built against CUDA 12.4)
  - Magma 2.6.1
  - Build settings: BLAS_INFO=mkl, BUILD_TYPE=Release, CUDA_VERSION=12.1, CUDNN_VERSION=9.1.0, CXX_COMPILER=/opt/rh/devtoolset-9/root/usr/bin/c++, CXX_FLAGS= -D_GLIBCXX_USE_CXX11_ABI=0 -fabi-version=11 -fvisibility-inlines-hidden -DUSE_PTHREADPOOL -DNDEBUG -DUSE_KINETO -DLIBKINETO_NOROCTRACER -DUSE_FBGEMM -DUSE_PYTORCH_QNNPACK -DUSE_XNNPACK -DSYMBOLICATE_MOBILE_DEBUG_HANDLE -O2 -fPIC -Wall -Wextra -Werror=return-type -Werror=non-virtual-dtor -Werror=bool-operation -Wnarrowing -Wno-missing-field-initializers -Wno-type-limits -Wno-array-bounds -Wno-unknown-pragmas -Wno-unused-parameter -Wno-unused-function -Wno-unused-result -Wno-strict-overflow -Wno-strict-aliasing -Wno-stringop-overflow -Wsuggest-override -Wno-psabi -Wno-error=pedantic -Wno-error=old-style-cast -Wno-missing-braces -fdiagnostics-color=always -faligned-new -Wno-unused-but-set-variable -Wno-maybe-uninitialized -fno-math-errno -fno-trapping-math -Werror=format -Wno-stringop-overflow, LAPACK_INFO=mkl, PERF_WITH_AVX=1, PERF_WITH_AVX2=1, PERF_WITH_AVX512=1, TORCH_VERSION=2.4.0, USE_CUDA=ON, USE_CUDNN=ON, USE_CUSPARSELT=1, USE_EXCEPTION_PTR=1, USE_GFLAGS=OFF, USE_GLOG=OFF, USE_GLOO=ON, USE_MKL=ON, USE_MKLDNN=ON, USE_MPI=OFF, USE_NCCL=1, USE_NNPACK=ON, USE_OPENMP=ON, USE_ROCM=OFF, USE_ROCM_KERNEL_ASSERT=OFF, 

    TorchVision: 0.19.0+cu121
    OpenCV: 4.11.0
    MMEngine: 0.10.7

Runtime environment:
    cudnn_benchmark: True
    mp_cfg: {'mp_start_method': 'fork', 'opencv_num_threads': 0}
    dist_cfg: {'backend': 'nccl'}
    seed: 67435086
    Distributed launcher: none
    Distributed training: False
    GPU number: 1
------------------------------------------------------------

2026/04/09 19:01:53 - mmengine - INFO - Config:
batch_size = 8
data_preprocessor = dict(
    bgr_to_rgb=True,
    mean=[
        123.675,
        116.28,
        103.53,
    ],
    pad_val=0,
    seg_pad_val=255,
    size=(
        256,
        256,
    ),
    std=[
        58.395,
        57.12,
        57.375,
    ],
    type='SegDataPreProcessor')
data_root = 'data/cleared'
dataset_type = 'AnimalsDataset'
default_hooks = dict(
    checkpoint=dict(
        by_epoch=True,
        interval=50,
        rule='greater',
        save_best='mDice',
        type='CheckpointHook'),
    logger=dict(interval=100, type='LoggerHook'),
    param_scheduler=dict(type='ParamSchedulerHook'),
    sampler_seed=dict(type='DistSamplerSeedHook'),
    visualization=dict(draw=True, interval=100, type='SegVisualizationHook'))
default_scope = 'mmseg'
env_cfg = dict(
    cudnn_benchmark=True,
    dist_cfg=dict(backend='nccl'),
    mp_cfg=dict(mp_start_method='fork', opencv_num_threads=0))
epoch_num = 200
input_size = (
    256,
    256,
)
launcher = 'none'
load_from = 'practicum_work/artifacts/mmsegmentation_work_dir/best_mDice_epoch_sgd_mdice_68.pth'
log_level = 'INFO'
log_processor = dict(by_epoch=False)
model = dict(
    auxiliary_head=dict(
        align_corners=False,
        channels=64,
        concat_input=False,
        dropout_ratio=0.1,
        in_channels=128,
        in_index=3,
        loss_decode=[
            dict(
                gamma=3.0,
                loss_name='loss_focal',
                loss_weight=1.0,
                type='FocalLoss',
                use_sigmoid=True),
            dict(loss_name='loss_dice', loss_weight=1.0, type='DiceLoss'),
        ],
        norm_cfg=dict(requires_grad=True, type='SyncBN'),
        num_classes=3,
        num_convs=1,
        type='FCNHead'),
    backbone=dict(
        act_cfg=dict(type='ReLU'),
        base_channels=64,
        conv_cfg=None,
        dec_dilations=(
            1,
            1,
            1,
            1,
        ),
        dec_num_convs=(
            2,
            2,
            2,
            2,
        ),
        downsamples=(
            True,
            True,
            True,
            True,
        ),
        enc_dilations=(
            1,
            1,
            1,
            1,
            1,
        ),
        enc_num_convs=(
            2,
            2,
            2,
            2,
            2,
        ),
        in_channels=3,
        norm_cfg=dict(requires_grad=True, type='SyncBN'),
        norm_eval=False,
        num_stages=5,
        strides=(
            1,
            1,
            1,
            1,
            1,
        ),
        type='UNet',
        upsample_cfg=dict(type='InterpConv'),
        with_cp=False),
    data_preprocessor=dict(
        bgr_to_rgb=True,
        mean=[
            123.675,
            116.28,
            103.53,
        ],
        pad_val=0,
        seg_pad_val=255,
        size=(
            256,
            256,
        ),
        std=[
            58.395,
            57.12,
            57.375,
        ],
        type='SegDataPreProcessor'),
    decode_head=dict(
        align_corners=False,
        channels=64,
        concat_input=False,
        dropout_ratio=0.1,
        in_channels=64,
        in_index=4,
        loss_decode=[
            dict(loss_weight=1.0, type='CrossEntropyLoss'),
            dict(loss_weight=0.5, type='DiceLoss'),
        ],
        norm_cfg=dict(requires_grad=True, type='SyncBN'),
        num_classes=3,
        num_convs=1,
        type='FCNHead'),
    pretrained=None,
    test_cfg=dict(crop_size=256, mode='whole', stride=170),
    train_cfg=dict(),
    type='EncoderDecoder')
norm_cfg = dict(requires_grad=True, type='SyncBN')
num_workers = 4
optim_wrapper = dict(
    optimizer=dict(lr=0.0001, momentum=0.9, type='SGD', weight_decay=0.0005),
    type='OptimWrapper')
optimizer = dict(lr=0.0001, momentum=0.9, type='SGD', weight_decay=0.0005)
param_scheduler = [
    dict(
        begin=0,
        by_epoch=True,
        end=200,
        eta_min=1e-06,
        power=0.9,
        type='PolyLR'),
]
resume = False
test_cfg = dict(type='TestLoop')
test_dataloader = dict(
    batch_size=8,
    dataset=dict(
        data_prefix=dict(img_path='img/test', seg_map_path='labels/test'),
        data_root='data/cleared',
        img_suffix='.jpg',
        pipeline=[
            dict(type='LoadImageFromFile'),
            dict(type='LoadAnnotations'),
            dict(type='PackSegInputs'),
        ],
        seg_map_suffix='.png',
        type='AnimalsDataset'),
    num_workers=4,
    persistent_workers=True,
    sampler=dict(shuffle=False, type='DefaultSampler'))
test_dataset = dict(
    data_prefix=dict(img_path='img/test', seg_map_path='labels/test'),
    data_root='data/cleared',
    img_suffix='.jpg',
    pipeline=[
        dict(type='LoadImageFromFile'),
        dict(type='LoadAnnotations'),
        dict(type='PackSegInputs'),
    ],
    seg_map_suffix='.png',
    type='AnimalsDataset')
test_evaluator = dict(
    classwise=True, iou_metrics=[
        'mDice',
    ], num_classes=3, type='IoUMetric')
test_pipeline = [
    dict(type='LoadImageFromFile'),
    dict(type='LoadAnnotations'),
    dict(type='PackSegInputs'),
]
train_cfg = dict(max_epochs=200, type='EpochBasedTrainLoop')
train_dataloader = dict(
    batch_size=8,
    dataset=dict(
        data_prefix=dict(img_path='img/train', seg_map_path='labels/train'),
        data_root='data/cleared',
        img_suffix='.jpg',
        pipeline=[
            dict(type='LoadImageFromFile'),
            dict(type='LoadAnnotations'),
            dict(direction='horizontal', prob=0.5, type='RandomFlip'),
            dict(degree=(
                -25,
                25,
            ), type='RandomRotFlip'),
            dict(crop_size=(
                224,
                224,
            ), type='RandomCrop'),
            dict(
                cutout_ratio=(
                    0.05,
                    0.1,
                ),
                n_holes=(
                    7,
                    15,
                ),
                prob=0.4,
                type='RandomCutOut'),
            dict(type='PhotoMetricDistortion'),
            dict(
                transforms=[
                    dict(num_steps=10, p=0.33, type='GridDistortion'),
                ],
                type='Albu'),
            dict(type='PackSegInputs'),
        ],
        seg_map_suffix='.png',
        type='AnimalsDataset'),
    drop_last=True,
    num_workers=4,
    persistent_workers=True,
    sampler=dict(shuffle=True, type='DefaultSampler'))
train_dataset = dict(
    data_prefix=dict(img_path='img/train', seg_map_path='labels/train'),
    data_root='data/cleared',
    img_suffix='.jpg',
    pipeline=[
        dict(type='LoadImageFromFile'),
        dict(type='LoadAnnotations'),
        dict(direction='horizontal', prob=0.5, type='RandomFlip'),
        dict(degree=(
            -25,
            25,
        ), type='RandomRotFlip'),
        dict(crop_size=(
            224,
            224,
        ), type='RandomCrop'),
        dict(
            cutout_ratio=(
                0.05,
                0.1,
            ),
            n_holes=(
                7,
                15,
            ),
            prob=0.4,
            type='RandomCutOut'),
        dict(type='PhotoMetricDistortion'),
        dict(
            transforms=[
                dict(num_steps=10, p=0.33, type='GridDistortion'),
            ],
            type='Albu'),
        dict(type='PackSegInputs'),
    ],
    seg_map_suffix='.png',
    type='AnimalsDataset')
train_pipeline = [
    dict(type='LoadImageFromFile'),
    dict(type='LoadAnnotations'),
    dict(direction='horizontal', prob=0.5, type='RandomFlip'),
    dict(degree=(
        -25,
        25,
    ), type='RandomRotFlip'),
    dict(crop_size=(
        224,
        224,
    ), type='RandomCrop'),
    dict(
        cutout_ratio=(
            0.05,
            0.1,
        ),
        n_holes=(
            7,
            15,
        ),
        prob=0.4,
        type='RandomCutOut'),
    dict(type='PhotoMetricDistortion'),
    dict(
        transforms=[
            dict(num_steps=10, p=0.33, type='GridDistortion'),
        ],
        type='Albu'),
    dict(type='PackSegInputs'),
]
tta_model = dict(type='SegTTAModel')
val_cfg = dict(type='ValLoop')
val_dataloader = dict(
    batch_size=8,
    dataset=dict(
        data_prefix=dict(img_path='img/val', seg_map_path='labels/val'),
        data_root='data/cleared',
        img_suffix='.jpg',
        pipeline=[
            dict(type='LoadImageFromFile'),
            dict(type='LoadAnnotations'),
            dict(type='PackSegInputs'),
        ],
        seg_map_suffix='.png',
        type='AnimalsDataset'),
    num_workers=4,
    persistent_workers=True,
    sampler=dict(shuffle=False, type='DefaultSampler'))
val_dataset = dict(
    data_prefix=dict(img_path='img/val', seg_map_path='labels/val'),
    data_root='data/cleared',
    img_suffix='.jpg',
    pipeline=[
        dict(type='LoadImageFromFile'),
        dict(type='LoadAnnotations'),
        dict(type='PackSegInputs'),
    ],
    seg_map_suffix='.png',
    type='AnimalsDataset')
val_evaluator = dict(
    classwise=True, iou_metrics=[
        'mDice',
    ], num_classes=3, type='IoUMetric')
val_pipeline = [
    dict(type='LoadImageFromFile'),
    dict(type='LoadAnnotations'),
    dict(type='PackSegInputs'),
]
vis_backends = [
    dict(type='LocalVisBackend'),
]
visualizer = dict(
    name='visualizer',
    type='SegLocalVisualizer',
    vis_backends=[
        dict(type='LocalVisBackend'),
        dict(
            exp_name='sprint6_unet_v15',
            run_name='unet-s5-d16',
            tracking_uri='http://localhost:5000',
            type='MLflowVisBackend'),
    ])
work_dir = 'practicum_work/artifacts/mmsegmentation_work_dir'

2026/04/09 19:01:55 - mmengine - WARNING - Please make sure that the mlflow server is running.
2026/04/09 19:01:56 - mmengine - INFO - Distributed training is not used, all SyncBatchNorm (SyncBN) layers in the model will be automatically reverted to BatchNormXd layers if they are used.
2026/04/09 19:01:56 - mmengine - INFO - Hooks will be executed in the following order:
before_run:
(VERY_HIGH   ) RuntimeInfoHook                    
(BELOW_NORMAL) LoggerHook                         
 -------------------- 
before_train:
(VERY_HIGH   ) RuntimeInfoHook                    
(NORMAL      ) IterTimerHook                      
(VERY_LOW    ) CheckpointHook                     
 -------------------- 
before_train_epoch:
(VERY_HIGH   ) RuntimeInfoHook                    
(NORMAL      ) IterTimerHook                      
(NORMAL      ) DistSamplerSeedHook                
 -------------------- 
before_train_iter:
(VERY_HIGH   ) RuntimeInfoHook                    
(NORMAL      ) IterTimerHook                      
 -------------------- 
after_train_iter:
(VERY_HIGH   ) RuntimeInfoHook                    
(NORMAL      ) IterTimerHook                      
(BELOW_NORMAL) LoggerHook                         
(LOW         ) ParamSchedulerHook                 
(VERY_LOW    ) CheckpointHook                     
 -------------------- 
after_train_epoch:
(NORMAL      ) IterTimerHook                      
(LOW         ) ParamSchedulerHook                 
(VERY_LOW    ) CheckpointHook                     
 -------------------- 
before_val:
(VERY_HIGH   ) RuntimeInfoHook                    
 -------------------- 
before_val_epoch:
(NORMAL      ) IterTimerHook                      
 -------------------- 
before_val_iter:
(NORMAL      ) IterTimerHook                      
 -------------------- 
after_val_iter:
(NORMAL      ) IterTimerHook                      
(NORMAL      ) SegVisualizationHook               
(BELOW_NORMAL) LoggerHook                         
 -------------------- 
after_val_epoch:
(VERY_HIGH   ) RuntimeInfoHook                    
(NORMAL      ) IterTimerHook                      
(BELOW_NORMAL) LoggerHook                         
(LOW         ) ParamSchedulerHook                 
(VERY_LOW    ) CheckpointHook                     
 -------------------- 
after_val:
(VERY_HIGH   ) RuntimeInfoHook                    
 -------------------- 
after_train:
(VERY_HIGH   ) RuntimeInfoHook                    
(VERY_LOW    ) CheckpointHook                     
 -------------------- 
before_test:
(VERY_HIGH   ) RuntimeInfoHook                    
 -------------------- 
before_test_epoch:
(NORMAL      ) IterTimerHook                      
 -------------------- 
before_test_iter:
(NORMAL      ) IterTimerHook                      
 -------------------- 
after_test_iter:
(NORMAL      ) IterTimerHook                      
(NORMAL      ) SegVisualizationHook               
(BELOW_NORMAL) LoggerHook                         
 -------------------- 
after_test_epoch:
(VERY_HIGH   ) RuntimeInfoHook                    
(NORMAL      ) IterTimerHook                      
(BELOW_NORMAL) LoggerHook                         
 -------------------- 
after_test:
(VERY_HIGH   ) RuntimeInfoHook                    
 -------------------- 
after_run:
(BELOW_NORMAL) LoggerHook                         
 -------------------- 
2026/04/09 19:01:57 - mmengine - WARNING - The prefix is not set in metric class IoUMetric.
Name of parameter - Initialization information

backbone.encoder.0.0.convs.0.conv.weight - torch.Size([64, 3, 3, 3]): 
KaimingInit: a=0, mode=fan_out, nonlinearity=relu, distribution =normal, bias=0 

backbone.encoder.0.0.convs.0.bn.weight - torch.Size([64]): 
The value is the same before and after calling `init_weights` of EncoderDecoder  

backbone.encoder.0.0.convs.0.bn.bias - torch.Size([64]): 
The value is the same before and after calling `init_weights` of EncoderDecoder  

backbone.encoder.0.0.convs.1.conv.weight - torch.Size([64, 64, 3, 3]): 
KaimingInit: a=0, mode=fan_out, nonlinearity=relu, distribution =normal, bias=0 

backbone.encoder.0.0.convs.1.bn.weight - torch.Size([64]): 
The value is the same before and after calling `init_weights` of EncoderDecoder  

backbone.encoder.0.0.convs.1.bn.bias - torch.Size([64]): 
The value is the same before and after calling `init_weights` of EncoderDecoder  

backbone.encoder.1.1.convs.0.conv.weight - torch.Size([128, 64, 3, 3]): 
KaimingInit: a=0, mode=fan_out, nonlinearity=relu, distribution =normal, bias=0 

backbone.encoder.1.1.convs.0.bn.weight - torch.Size([128]): 
The value is the same before and after calling `init_weights` of EncoderDecoder  

backbone.encoder.1.1.convs.0.bn.bias - torch.Size([128]): 
The value is the same before and after calling `init_weights` of EncoderDecoder  

backbone.encoder.1.1.convs.1.conv.weight - torch.Size([128, 128, 3, 3]): 
KaimingInit: a=0, mode=fan_out, nonlinearity=relu, distribution =normal, bias=0 

backbone.encoder.1.1.convs.1.bn.weight - torch.Size([128]): 
The value is the same before and after calling `init_weights` of EncoderDecoder  

backbone.encoder.1.1.convs.1.bn.bias - torch.Size([128]): 
The value is the same before and after calling `init_weights` of EncoderDecoder  

backbone.encoder.2.1.convs.0.conv.weight - torch.Size([256, 128, 3, 3]): 
KaimingInit: a=0, mode=fan_out, nonlinearity=relu, distribution =normal, bias=0 

backbone.encoder.2.1.convs.0.bn.weight - torch.Size([256]): 
The value is the same before and after calling `init_weights` of EncoderDecoder  

backbone.encoder.2.1.convs.0.bn.bias - torch.Size([256]): 
The value is the same before and after calling `init_weights` of EncoderDecoder  

backbone.encoder.2.1.convs.1.conv.weight - torch.Size([256, 256, 3, 3]): 
KaimingInit: a=0, mode=fan_out, nonlinearity=relu, distribution =normal, bias=0 

backbone.encoder.2.1.convs.1.bn.weight - torch.Size([256]): 
The value is the same before and after calling `init_weights` of EncoderDecoder  

backbone.encoder.2.1.convs.1.bn.bias - torch.Size([256]): 
The value is the same before and after calling `init_weights` of EncoderDecoder  

backbone.encoder.3.1.convs.0.conv.weight - torch.Size([512, 256, 3, 3]): 
KaimingInit: a=0, mode=fan_out, nonlinearity=relu, distribution =normal, bias=0 

backbone.encoder.3.1.convs.0.bn.weight - torch.Size([512]): 
The value is the same before and after calling `init_weights` of EncoderDecoder  

backbone.encoder.3.1.convs.0.bn.bias - torch.Size([512]): 
The value is the same before and after calling `init_weights` of EncoderDecoder  

backbone.encoder.3.1.convs.1.conv.weight - torch.Size([512, 512, 3, 3]): 
KaimingInit: a=0, mode=fan_out, nonlinearity=relu, distribution =normal, bias=0 

backbone.encoder.3.1.convs.1.bn.weight - torch.Size([512]): 
The value is the same before and after calling `init_weights` of EncoderDecoder  

backbone.encoder.3.1.convs.1.bn.bias - torch.Size([512]): 
The value is the same before and after calling `init_weights` of EncoderDecoder  

backbone.encoder.4.1.convs.0.conv.weight - torch.Size([1024, 512, 3, 3]): 
KaimingInit: a=0, mode=fan_out, nonlinearity=relu, distribution =normal, bias=0 

backbone.encoder.4.1.convs.0.bn.weight - torch.Size([1024]): 
The value is the same before and after calling `init_weights` of EncoderDecoder  

backbone.encoder.4.1.convs.0.bn.bias - torch.Size([1024]): 
The value is the same before and after calling `init_weights` of EncoderDecoder  

backbone.encoder.4.1.convs.1.conv.weight - torch.Size([1024, 1024, 3, 3]): 
KaimingInit: a=0, mode=fan_out, nonlinearity=relu, distribution =normal, bias=0 

backbone.encoder.4.1.convs.1.bn.weight - torch.Size([1024]): 
The value is the same before and after calling `init_weights` of EncoderDecoder  

backbone.encoder.4.1.convs.1.bn.bias - torch.Size([1024]): 
The value is the same before and after calling `init_weights` of EncoderDecoder  

backbone.decoder.0.conv_block.convs.0.conv.weight - torch.Size([64, 128, 3, 3]): 
KaimingInit: a=0, mode=fan_out, nonlinearity=relu, distribution =normal, bias=0 

backbone.decoder.0.conv_block.convs.0.bn.weight - torch.Size([64]): 
The value is the same before and after calling `init_weights` of EncoderDecoder  

backbone.decoder.0.conv_block.convs.0.bn.bias - torch.Size([64]): 
The value is the same before and after calling `init_weights` of EncoderDecoder  

backbone.decoder.0.conv_block.convs.1.conv.weight - torch.Size([64, 64, 3, 3]): 
KaimingInit: a=0, mode=fan_out, nonlinearity=relu, distribution =normal, bias=0 

backbone.decoder.0.conv_block.convs.1.bn.weight - torch.Size([64]): 
The value is the same before and after calling `init_weights` of EncoderDecoder  

backbone.decoder.0.conv_block.convs.1.bn.bias - torch.Size([64]): 
The value is the same before and after calling `init_weights` of EncoderDecoder  

backbone.decoder.0.upsample.interp_upsample.1.conv.weight - torch.Size([64, 128, 1, 1]): 
KaimingInit: a=0, mode=fan_out, nonlinearity=relu, distribution =normal, bias=0 

backbone.decoder.0.upsample.interp_upsample.1.bn.weight - torch.Size([64]): 
The value is the same before and after calling `init_weights` of EncoderDecoder  

backbone.decoder.0.upsample.interp_upsample.1.bn.bias - torch.Size([64]): 
The value is the same before and after calling `init_weights` of EncoderDecoder  

backbone.decoder.1.conv_block.convs.0.conv.weight - torch.Size([128, 256, 3, 3]): 
KaimingInit: a=0, mode=fan_out, nonlinearity=relu, distribution =normal, bias=0 

backbone.decoder.1.conv_block.convs.0.bn.weight - torch.Size([128]): 
The value is the same before and after calling `init_weights` of EncoderDecoder  

backbone.decoder.1.conv_block.convs.0.bn.bias - torch.Size([128]): 
The value is the same before and after calling `init_weights` of EncoderDecoder  

backbone.decoder.1.conv_block.convs.1.conv.weight - torch.Size([128, 128, 3, 3]): 
KaimingInit: a=0, mode=fan_out, nonlinearity=relu, distribution =normal, bias=0 

backbone.decoder.1.conv_block.convs.1.bn.weight - torch.Size([128]): 
The value is the same before and after calling `init_weights` of EncoderDecoder  

backbone.decoder.1.conv_block.convs.1.bn.bias - torch.Size([128]): 
The value is the same before and after calling `init_weights` of EncoderDecoder  

backbone.decoder.1.upsample.interp_upsample.1.conv.weight - torch.Size([128, 256, 1, 1]): 
KaimingInit: a=0, mode=fan_out, nonlinearity=relu, distribution =normal, bias=0 

backbone.decoder.1.upsample.interp_upsample.1.bn.weight - torch.Size([128]): 
The value is the same before and after calling `init_weights` of EncoderDecoder  

backbone.decoder.1.upsample.interp_upsample.1.bn.bias - torch.Size([128]): 
The value is the same before and after calling `init_weights` of EncoderDecoder  

backbone.decoder.2.conv_block.convs.0.conv.weight - torch.Size([256, 512, 3, 3]): 
KaimingInit: a=0, mode=fan_out, nonlinearity=relu, distribution =normal, bias=0 

backbone.decoder.2.conv_block.convs.0.bn.weight - torch.Size([256]): 
The value is the same before and after calling `init_weights` of EncoderDecoder  

backbone.decoder.2.conv_block.convs.0.bn.bias - torch.Size([256]): 
The value is the same before and after calling `init_weights` of EncoderDecoder  

backbone.decoder.2.conv_block.convs.1.conv.weight - torch.Size([256, 256, 3, 3]): 
KaimingInit: a=0, mode=fan_out, nonlinearity=relu, distribution =normal, bias=0 

backbone.decoder.2.conv_block.convs.1.bn.weight - torch.Size([256]): 
The value is the same before and after calling `init_weights` of EncoderDecoder  

backbone.decoder.2.conv_block.convs.1.bn.bias - torch.Size([256]): 
The value is the same before and after calling `init_weights` of EncoderDecoder  

backbone.decoder.2.upsample.interp_upsample.1.conv.weight - torch.Size([256, 512, 1, 1]): 
KaimingInit: a=0, mode=fan_out, nonlinearity=relu, distribution =normal, bias=0 

backbone.decoder.2.upsample.interp_upsample.1.bn.weight - torch.Size([256]): 
The value is the same before and after calling `init_weights` of EncoderDecoder  

backbone.decoder.2.upsample.interp_upsample.1.bn.bias - torch.Size([256]): 
The value is the same before and after calling `init_weights` of EncoderDecoder  

backbone.decoder.3.conv_block.convs.0.conv.weight - torch.Size([512, 1024, 3, 3]): 
KaimingInit: a=0, mode=fan_out, nonlinearity=relu, distribution =normal, bias=0 

backbone.decoder.3.conv_block.convs.0.bn.weight - torch.Size([512]): 
The value is the same before and after calling `init_weights` of EncoderDecoder  

backbone.decoder.3.conv_block.convs.0.bn.bias - torch.Size([512]): 
The value is the same before and after calling `init_weights` of EncoderDecoder  

backbone.decoder.3.conv_block.convs.1.conv.weight - torch.Size([512, 512, 3, 3]): 
KaimingInit: a=0, mode=fan_out, nonlinearity=relu, distribution =normal, bias=0 

backbone.decoder.3.conv_block.convs.1.bn.weight - torch.Size([512]): 
The value is the same before and after calling `init_weights` of EncoderDecoder  

backbone.decoder.3.conv_block.convs.1.bn.bias - torch.Size([512]): 
The value is the same before and after calling `init_weights` of EncoderDecoder  

backbone.decoder.3.upsample.interp_upsample.1.conv.weight - torch.Size([512, 1024, 1, 1]): 
KaimingInit: a=0, mode=fan_out, nonlinearity=relu, distribution =normal, bias=0 

backbone.decoder.3.upsample.interp_upsample.1.bn.weight - torch.Size([512]): 
The value is the same before and after calling `init_weights` of EncoderDecoder  

backbone.decoder.3.upsample.interp_upsample.1.bn.bias - torch.Size([512]): 
The value is the same before and after calling `init_weights` of EncoderDecoder  

decode_head.conv_seg.weight - torch.Size([3, 64, 1, 1]): 
NormalInit: mean=0, std=0.01, bias=0 

decode_head.conv_seg.bias - torch.Size([3]): 
NormalInit: mean=0, std=0.01, bias=0 

decode_head.convs.0.conv.weight - torch.Size([64, 64, 3, 3]): 
The value is the same before and after calling `init_weights` of EncoderDecoder  

decode_head.convs.0.bn.weight - torch.Size([64]): 
The value is the same before and after calling `init_weights` of EncoderDecoder  

decode_head.convs.0.bn.bias - torch.Size([64]): 
The value is the same before and after calling `init_weights` of EncoderDecoder  

auxiliary_head.conv_seg.weight - torch.Size([3, 64, 1, 1]): 
NormalInit: mean=0, std=0.01, bias=0 

auxiliary_head.conv_seg.bias - torch.Size([3]): 
NormalInit: mean=0, std=0.01, bias=0 

auxiliary_head.convs.0.conv.weight - torch.Size([64, 128, 3, 3]): 
The value is the same before and after calling `init_weights` of EncoderDecoder  

auxiliary_head.convs.0.bn.weight - torch.Size([64]): 
The value is the same before and after calling `init_weights` of EncoderDecoder  

auxiliary_head.convs.0.bn.bias - torch.Size([64]): 
The value is the same before and after calling `init_weights` of EncoderDecoder  
2026/04/09 19:01:57 - mmengine - INFO - Load checkpoint from practicum_work/artifacts/mmsegmentation_work_dir/best_mDice_epoch_sgd_mdice_68.pth
2026/04/09 19:01:57 - mmengine - WARNING - "FileClient" will be deprecated in future. Please use io functions in https://mmengine.readthedocs.io/en/latest/api/fileio.html#file-io
2026/04/09 19:01:57 - mmengine - WARNING - "HardDiskBackend" is the alias of "LocalBackend" and the former will be deprecated in future.
2026/04/09 19:01:57 - mmengine - INFO - Checkpoints will be saved to /data_12/gpudev/kashnitskii/yx/s6_project/practicum_work/artifacts/mmsegmentation_work_dir.
2026/04/09 19:02:07 - mmengine - INFO - Exp name: unet1_conf_20260409_190152
2026/04/09 19:02:07 - mmengine - INFO - Iter(train) [  24/4800]  lr: 1.0000e-04  eta: 0:32:37  time: 0.1784  data_time: 0.0058  memory: 19184  loss: 0.4858  decode.loss_ce: 0.1888  decode.loss_dice: 0.0923  decode.acc_seg: 93.8900  aux.loss_focal: 0.0200  aux.loss_dice: 0.1847  aux.acc_seg: 93.8008
2026/04/09 19:02:08 - mmengine - INFO - per class results:
2026/04/09 19:02:08 - mmengine - INFO - 
+------------+-------+-------+
|   Class    |  Dice |  Acc  |
+------------+-------+-------+
| background | 96.78 | 98.62 |
|    cat     | 50.22 | 38.92 |
|    dog     | 49.55 |  46.9 |
+------------+-------+-------+
2026/04/09 19:02:08 - mmengine - INFO - Iter(val) [15/15]    aAcc: 92.5500  mDice: 65.5200  mAcc: 61.4800  data_time: 0.0152  time: 0.0705
2026/04/09 19:02:09 - mmengine - INFO - The best checkpoint with 65.5200 mDice at 1 epoch is saved to best_mDice_epoch_1.pth.
2026/04/09 19:02:13 - mmengine - INFO - Exp name: unet1_conf_20260409_190152
2026/04/09 19:02:13 - mmengine - INFO - Iter(train) [  48/4800]  lr: 9.9552e-05  eta: 0:23:25  time: 0.1779  data_time: 0.0059  memory: 4414  loss: 0.4764  decode.loss_ce: 0.1802  decode.loss_dice: 0.0916  decode.acc_seg: 91.2279  aux.loss_focal: 0.0197  aux.loss_dice: 0.1850  aux.acc_seg: 90.6342
2026/04/09 19:02:14 - mmengine - INFO - per class results:
2026/04/09 19:02:14 - mmengine - INFO - 
+------------+-------+-------+
|   Class    |  Dice |  Acc  |
+------------+-------+-------+
| background | 96.77 | 98.64 |
|    cat     | 49.21 | 37.64 |
|    dog     | 50.56 | 48.27 |
+------------+-------+-------+
2026/04/09 19:02:14 - mmengine - INFO - Iter(val) [15/15]    aAcc: 92.5400  mDice: 65.5100  mAcc: 61.5200  data_time: 0.0092  time: 0.0635
2026/04/09 19:02:19 - mmengine - INFO - Exp name: unet1_conf_20260409_190152
2026/04/09 19:02:19 - mmengine - INFO - Iter(train) [  72/4800]  lr: 9.9104e-05  eta: 0:20:18  time: 0.1793  data_time: 0.0060  memory: 4414  loss: 0.4542  decode.loss_ce: 0.1649  decode.loss_dice: 0.0904  decode.acc_seg: 94.8456  aux.loss_focal: 0.0166  aux.loss_dice: 0.1823  aux.acc_seg: 91.6180
2026/04/09 19:02:20 - mmengine - INFO - per class results:
2026/04/09 19:02:20 - mmengine - INFO - 
+------------+-------+-------+
|   Class    |  Dice |  Acc  |
+------------+-------+-------+
| background | 96.81 | 98.54 |
|    cat     | 51.05 | 40.29 |
|    dog     | 50.32 | 47.77 |
+------------+-------+-------+
2026/04/09 19:02:20 - mmengine - INFO - Iter(val) [15/15]    aAcc: 92.6000  mDice: 66.0600  mAcc: 62.2000  data_time: 0.0094  time: 0.0639
2026/04/09 19:02:20 - mmengine - INFO - The previous best checkpoint /data_12/gpudev/kashnitskii/yx/s6_project/practicum_work/artifacts/mmsegmentation_work_dir/best_mDice_epoch_1.pth is removed
2026/04/09 19:02:20 - mmengine - INFO - The best checkpoint with 66.0600 mDice at 3 epoch is saved to best_mDice_epoch_3.pth.
2026/04/09 19:02:25 - mmengine - INFO - Exp name: unet1_conf_20260409_190152
2026/04/09 19:02:25 - mmengine - INFO - Iter(train) [  96/4800]  lr: 9.8656e-05  eta: 0:18:43  time: 0.1796  data_time: 0.0059  memory: 4414  loss: 0.4899  decode.loss_ce: 0.1926  decode.loss_dice: 0.0916  decode.acc_seg: 91.6524  aux.loss_focal: 0.0218  aux.loss_dice: 0.1838  aux.acc_seg: 91.6990
2026/04/09 19:02:26 - mmengine - INFO - per class results:
2026/04/09 19:02:26 - mmengine - INFO - 
+------------+-------+-------+
|   Class    |  Dice |  Acc  |
+------------+-------+-------+
| background | 96.83 | 98.45 |
|    cat     | 51.93 | 41.73 |
|    dog     | 50.53 | 48.05 |
+------------+-------+-------+
2026/04/09 19:02:26 - mmengine - INFO - Iter(val) [15/15]    aAcc: 92.6200  mDice: 66.4300  mAcc: 62.7400  data_time: 0.0162  time: 0.0708
2026/04/09 19:02:26 - mmengine - INFO - The previous best checkpoint /data_12/gpudev/kashnitskii/yx/s6_project/practicum_work/artifacts/mmsegmentation_work_dir/best_mDice_epoch_3.pth is removed
2026/04/09 19:02:26 - mmengine - INFO - The best checkpoint with 66.4300 mDice at 4 epoch is saved to best_mDice_epoch_4.pth.
2026/04/09 19:02:31 - mmengine - INFO - Exp name: unet1_conf_20260409_190152
2026/04/09 19:02:31 - mmengine - INFO - Iter(train) [ 120/4800]  lr: 9.8207e-05  eta: 0:17:46  time: 0.1801  data_time: 0.0058  memory: 4414  loss: 0.4492  decode.loss_ce: 0.1646  decode.loss_dice: 0.0891  decode.acc_seg: 92.4030  aux.loss_focal: 0.0172  aux.loss_dice: 0.1783  aux.acc_seg: 92.3033
2026/04/09 19:02:32 - mmengine - INFO - per class results:
2026/04/09 19:02:32 - mmengine - INFO - 
+------------+-------+-------+
|   Class    |  Dice |  Acc  |
+------------+-------+-------+
| background | 96.77 | 98.56 |
|    cat     | 49.84 | 38.76 |
|    dog     | 50.18 | 47.87 |
+------------+-------+-------+
2026/04/09 19:02:32 - mmengine - INFO - Iter(val) [15/15]    aAcc: 92.5200  mDice: 65.6000  mAcc: 61.7300  data_time: 0.0103  time: 0.0647
2026/04/09 19:02:36 - mmengine - INFO - Exp name: unet1_conf_20260409_190152
2026/04/09 19:02:36 - mmengine - INFO - Iter(train) [ 144/4800]  lr: 9.7758e-05  eta: 0:17:05  time: 0.1800  data_time: 0.0060  memory: 4414  loss: 0.4266  decode.loss_ce: 0.1485  decode.loss_dice: 0.0882  decode.acc_seg: 93.1775  aux.loss_focal: 0.0144  aux.loss_dice: 0.1756  aux.acc_seg: 93.2799
2026/04/09 19:02:37 - mmengine - INFO - per class results:
2026/04/09 19:02:37 - mmengine - INFO - 
+------------+-------+-------+
|   Class    |  Dice |  Acc  |
+------------+-------+-------+
| background | 96.79 | 98.54 |
|    cat     | 50.06 | 39.06 |
|    dog     | 50.13 | 48.01 |
+------------+-------+-------+
2026/04/09 19:02:37 - mmengine - INFO - Iter(val) [15/15]    aAcc: 92.5200  mDice: 65.6600  mAcc: 61.8700  data_time: 0.0092  time: 0.0635
2026/04/09 19:02:42 - mmengine - INFO - Exp name: unet1_conf_20260409_190152
2026/04/09 19:02:42 - mmengine - INFO - Iter(train) [ 168/4800]  lr: 9.7309e-05  eta: 0:16:35  time: 0.1809  data_time: 0.0070  memory: 4414  loss: 0.4100  decode.loss_ce: 0.1343  decode.loss_dice: 0.0869  decode.acc_seg: 95.1394  aux.loss_focal: 0.0139  aux.loss_dice: 0.1748  aux.acc_seg: 95.2764
2026/04/09 19:02:43 - mmengine - INFO - per class results:
2026/04/09 19:02:43 - mmengine - INFO - 
+------------+-------+-------+
|   Class    |  Dice |  Acc  |
+------------+-------+-------+
| background | 96.78 | 98.52 |
|    cat     | 49.95 |  38.9 |
|    dog     | 49.89 | 48.03 |
+------------+-------+-------+
2026/04/09 19:02:43 - mmengine - INFO - Iter(val) [15/15]    aAcc: 92.5000  mDice: 65.5400  mAcc: 61.8200  data_time: 0.0108  time: 0.0655
2026/04/09 19:02:47 - mmengine - INFO - Exp name: unet1_conf_20260409_190152
2026/04/09 19:02:47 - mmengine - INFO - Iter(train) [ 192/4800]  lr: 9.6860e-05  eta: 0:16:11  time: 0.1799  data_time: 0.0060  memory: 4414  loss: 0.3921  decode.loss_ce: 0.1213  decode.loss_dice: 0.0858  decode.acc_seg: 93.6897  aux.loss_focal: 0.0121  aux.loss_dice: 0.1730  aux.acc_seg: 93.9314
2026/04/09 19:02:48 - mmengine - INFO - per class results:
2026/04/09 19:02:48 - mmengine - INFO - 
+------------+-------+-------+
|   Class    |  Dice |  Acc  |
+------------+-------+-------+
| background | 96.78 | 98.51 |
|    cat     | 50.74 |  40.0 |
|    dog     | 49.69 | 47.26 |
+------------+-------+-------+
2026/04/09 19:02:48 - mmengine - INFO - Iter(val) [15/15]    aAcc: 92.5300  mDice: 65.7400  mAcc: 61.9200  data_time: 0.0145  time: 0.0688
2026/04/09 19:02:52 - mmengine - INFO - Exp name: unet1_conf_20260409_190152
2026/04/09 19:02:52 - mmengine - INFO - Iter(train) [ 216/4800]  lr: 9.6411e-05  eta: 0:15:52  time: 0.1800  data_time: 0.0057  memory: 4414  loss: 0.3872  decode.loss_ce: 0.1174  decode.loss_dice: 0.0855  decode.acc_seg: 95.0619  aux.loss_focal: 0.0116  aux.loss_dice: 0.1727  aux.acc_seg: 94.6635
2026/04/09 19:02:53 - mmengine - INFO - per class results:
2026/04/09 19:02:53 - mmengine - INFO - 
+------------+-------+-------+
|   Class    |  Dice |  Acc  |
+------------+-------+-------+
| background | 96.76 | 98.52 |
|    cat     | 49.62 | 38.44 |
|    dog     | 49.93 | 48.17 |
+------------+-------+-------+
2026/04/09 19:02:53 - mmengine - INFO - Iter(val) [15/15]    aAcc: 92.4700  mDice: 65.4300  mAcc: 61.7100  data_time: 0.0093  time: 0.0636
2026/04/09 19:02:58 - mmengine - INFO - Exp name: unet1_conf_20260409_190152
2026/04/09 19:02:58 - mmengine - INFO - Iter(train) [ 240/4800]  lr: 9.5961e-05  eta: 0:15:36  time: 0.1799  data_time: 0.0057  memory: 4414  loss: 0.4404  decode.loss_ce: 0.1564  decode.loss_dice: 0.0893  decode.acc_seg: 93.8083  aux.loss_focal: 0.0161  aux.loss_dice: 0.1786  aux.acc_seg: 93.5731
2026/04/09 19:02:59 - mmengine - INFO - per class results:
2026/04/09 19:02:59 - mmengine - INFO - 
+------------+-------+-------+
|   Class    |  Dice |  Acc  |
+------------+-------+-------+
| background | 96.76 | 98.51 |
|    cat     | 50.01 | 39.19 |
|    dog     | 49.64 | 47.27 |
+------------+-------+-------+
2026/04/09 19:02:59 - mmengine - INFO - Iter(val) [15/15]    aAcc: 92.4800  mDice: 65.4700  mAcc: 61.6600  data_time: 0.0090  time: 0.0634
2026/04/09 19:03:03 - mmengine - INFO - Exp name: unet1_conf_20260409_190152
2026/04/09 19:03:03 - mmengine - INFO - Iter(train) [ 264/4800]  lr: 9.5511e-05  eta: 0:15:23  time: 0.1806  data_time: 0.0061  memory: 4414  loss: 0.4201  decode.loss_ce: 0.1433  decode.loss_dice: 0.0871  decode.acc_seg: 95.9831  aux.loss_focal: 0.0155  aux.loss_dice: 0.1742  aux.acc_seg: 95.9475
2026/04/09 19:03:04 - mmengine - INFO - per class results:
2026/04/09 19:03:04 - mmengine - INFO - 
+------------+-------+-------+
|   Class    |  Dice |  Acc  |
+------------+-------+-------+
| background |  96.8 | 98.27 |
|    cat     | 51.73 | 41.52 |
|    dog     | 50.69 | 49.92 |
+------------+-------+-------+
2026/04/09 19:03:04 - mmengine - INFO - Iter(val) [15/15]    aAcc: 92.5300  mDice: 66.4100  mAcc: 63.2400  data_time: 0.0094  time: 0.0645
2026/04/09 19:03:09 - mmengine - INFO - Exp name: unet1_conf_20260409_190152
2026/04/09 19:03:09 - mmengine - INFO - Iter(train) [ 288/4800]  lr: 9.5061e-05  eta: 0:15:11  time: 0.1802  data_time: 0.0058  memory: 4414  loss: 0.3792  decode.loss_ce: 0.1131  decode.loss_dice: 0.0847  decode.acc_seg: 94.7153  aux.loss_focal: 0.0114  aux.loss_dice: 0.1700  aux.acc_seg: 94.2233
2026/04/09 19:03:10 - mmengine - INFO - per class results:
2026/04/09 19:03:10 - mmengine - INFO - 
+------------+-------+-------+
|   Class    |  Dice |  Acc  |
+------------+-------+-------+
| background | 96.78 | 98.41 |
|    cat     | 50.41 | 39.54 |
|    dog     | 50.09 | 48.96 |
+------------+-------+-------+
2026/04/09 19:03:10 - mmengine - INFO - Iter(val) [15/15]    aAcc: 92.4800  mDice: 65.7600  mAcc: 62.3100  data_time: 0.0266  time: 0.0817
2026/04/09 19:03:15 - mmengine - INFO - Exp name: unet1_conf_20260409_190152
2026/04/09 19:03:15 - mmengine - INFO - Iter(train) [ 312/4800]  lr: 9.4611e-05  eta: 0:15:00  time: 0.1809  data_time: 0.0058  memory: 4414  loss: 0.4144  decode.loss_ce: 0.1375  decode.loss_dice: 0.0876  decode.acc_seg: 94.0861  aux.loss_focal: 0.0141  aux.loss_dice: 0.1751  aux.acc_seg: 93.9690
2026/04/09 19:03:16 - mmengine - INFO - per class results:
2026/04/09 19:03:16 - mmengine - INFO - 
+------------+-------+-------+
|   Class    |  Dice |  Acc  |
+------------+-------+-------+
| background | 96.71 |  98.5 |
|    cat     | 49.09 | 37.96 |
|    dog     | 49.68 | 47.71 |
+------------+-------+-------+
2026/04/09 19:03:16 - mmengine - INFO - Iter(val) [15/15]    aAcc: 92.4100  mDice: 65.1600  mAcc: 61.3900  data_time: 0.0095  time: 0.0647
2026/04/09 19:03:20 - mmengine - INFO - Exp name: unet1_conf_20260409_190152
2026/04/09 19:03:20 - mmengine - INFO - Iter(train) [ 336/4800]  lr: 9.4160e-05  eta: 0:14:50  time: 0.1819  data_time: 0.0059  memory: 4414  loss: 0.3989  decode.loss_ce: 0.1263  decode.loss_dice: 0.0865  decode.acc_seg: 93.3948  aux.loss_focal: 0.0132  aux.loss_dice: 0.1728  aux.acc_seg: 93.3614
2026/04/09 19:03:21 - mmengine - INFO - per class results:
2026/04/09 19:03:21 - mmengine - INFO - 
+------------+-------+-------+
|   Class    |  Dice |  Acc  |
+------------+-------+-------+
| background | 96.74 | 98.26 |
|    cat     | 50.88 | 40.65 |
|    dog     | 49.71 | 48.79 |
+------------+-------+-------+
2026/04/09 19:03:21 - mmengine - INFO - Iter(val) [15/15]    aAcc: 92.4100  mDice: 65.7800  mAcc: 62.5700  data_time: 0.0089  time: 0.0640
2026/04/09 19:03:25 - mmengine - INFO - Exp name: unet1_conf_20260409_190152
2026/04/09 19:03:25 - mmengine - INFO - Iter(train) [ 360/4800]  lr: 9.3709e-05  eta: 0:14:41  time: 0.1822  data_time: 0.0056  memory: 4414  loss: 0.4085  decode.loss_ce: 0.1324  decode.loss_dice: 0.0877  decode.acc_seg: 96.7848  aux.loss_focal: 0.0133  aux.loss_dice: 0.1750  aux.acc_seg: 97.0907
2026/04/09 19:03:26 - mmengine - INFO - per class results:
2026/04/09 19:03:26 - mmengine - INFO - 
+------------+-------+-------+
|   Class    |  Dice |  Acc  |
+------------+-------+-------+
| background | 96.71 |  98.5 |
|    cat     | 49.79 | 38.99 |
|    dog     | 49.13 | 46.44 |
+------------+-------+-------+
2026/04/09 19:03:26 - mmengine - INFO - Iter(val) [15/15]    aAcc: 92.4200  mDice: 65.2100  mAcc: 61.3100  data_time: 0.0089  time: 0.0643
2026/04/09 19:03:31 - mmengine - INFO - Exp name: unet1_conf_20260409_190152
2026/04/09 19:03:31 - mmengine - INFO - Iter(train) [ 384/4800]  lr: 9.3258e-05  eta: 0:14:32  time: 0.1841  data_time: 0.0064  memory: 4414  loss: 0.4353  decode.loss_ce: 0.1506  decode.loss_dice: 0.0898  decode.acc_seg: 91.5400  aux.loss_focal: 0.0161  aux.loss_dice: 0.1789  aux.acc_seg: 91.7702
2026/04/09 19:03:32 - mmengine - INFO - per class results:
2026/04/09 19:03:32 - mmengine - INFO - 
+------------+-------+-------+
|   Class    |  Dice |  Acc  |
+------------+-------+-------+
| background | 96.76 | 98.22 |
|    cat     | 51.63 | 41.77 |
|    dog     | 50.09 | 48.98 |
+------------+-------+-------+
2026/04/09 19:03:32 - mmengine - INFO - Iter(val) [15/15]    aAcc: 92.4600  mDice: 66.1600  mAcc: 62.9900  data_time: 0.0104  time: 0.0659
2026/04/09 19:03:36 - mmengine - INFO - Exp name: unet1_conf_20260409_190152
2026/04/09 19:03:36 - mmengine - INFO - Iter(train) [ 408/4800]  lr: 9.2806e-05  eta: 0:14:25  time: 0.1837  data_time: 0.0061  memory: 4414  loss: 0.3680  decode.loss_ce: 0.1064  decode.loss_dice: 0.0845  decode.acc_seg: 97.0459  aux.loss_focal: 0.0096  aux.loss_dice: 0.1674  aux.acc_seg: 97.0882
2026/04/09 19:03:37 - mmengine - INFO - per class results:
2026/04/09 19:03:37 - mmengine - INFO - 
+------------+-------+-------+
|   Class    |  Dice |  Acc  |
+------------+-------+-------+
| background | 96.71 | 98.45 |
|    cat     | 50.18 | 39.51 |
|    dog     | 49.19 | 46.73 |
+------------+-------+-------+
2026/04/09 19:03:37 - mmengine - INFO - Iter(val) [15/15]    aAcc: 92.4200  mDice: 65.3600  mAcc: 61.5600  data_time: 0.0098  time: 0.0649
2026/04/09 19:03:42 - mmengine - INFO - Exp name: unet1_conf_20260409_190152
2026/04/09 19:03:42 - mmengine - INFO - Iter(train) [ 432/4800]  lr: 9.2355e-05  eta: 0:14:17  time: 0.1834  data_time: 0.0060  memory: 4414  loss: 0.3873  decode.loss_ce: 0.1192  decode.loss_dice: 0.0855  decode.acc_seg: 96.7577  aux.loss_focal: 0.0121  aux.loss_dice: 0.1705  aux.acc_seg: 96.7517
2026/04/09 19:03:43 - mmengine - INFO - per class results:
2026/04/09 19:03:43 - mmengine - INFO - 
+------------+-------+-------+
|   Class    |  Dice |  Acc  |
+------------+-------+-------+
| background | 96.74 | 98.25 |
|    cat     | 51.67 | 41.82 |
|    dog     | 49.74 |  48.0 |
+------------+-------+-------+
2026/04/09 19:03:43 - mmengine - INFO - Iter(val) [15/15]    aAcc: 92.4500  mDice: 66.0500  mAcc: 62.6900  data_time: 0.0099  time: 0.0654
2026/04/09 19:03:47 - mmengine - INFO - Exp name: unet1_conf_20260409_190152
2026/04/09 19:03:47 - mmengine - INFO - Iter(train) [ 456/4800]  lr: 9.1903e-05  eta: 0:14:10  time: 0.1839  data_time: 0.0058  memory: 4414  loss: 0.3836  decode.loss_ce: 0.1180  decode.loss_dice: 0.0846  decode.acc_seg: 97.0778  aux.loss_focal: 0.0123  aux.loss_dice: 0.1687  aux.acc_seg: 97.1024
2026/04/09 19:03:48 - mmengine - INFO - per class results:
2026/04/09 19:03:48 - mmengine - INFO - 
+------------+-------+-------+
|   Class    |  Dice |  Acc  |
+------------+-------+-------+
| background | 96.74 | 98.28 |
|    cat     | 51.42 | 41.35 |
|    dog     | 49.47 | 47.84 |
+------------+-------+-------+
2026/04/09 19:03:48 - mmengine - INFO - Iter(val) [15/15]    aAcc: 92.4400  mDice: 65.8800  mAcc: 62.4900  data_time: 0.0101  time: 0.0661
2026/04/09 19:03:53 - mmengine - INFO - Exp name: unet1_conf_20260409_190152
2026/04/09 19:03:53 - mmengine - INFO - Iter(train) [ 480/4800]  lr: 9.1451e-05  eta: 0:14:03  time: 0.1839  data_time: 0.0058  memory: 4414  loss: 0.3827  decode.loss_ce: 0.1148  decode.loss_dice: 0.0857  decode.acc_seg: 95.2303  aux.loss_focal: 0.0111  aux.loss_dice: 0.1711  aux.acc_seg: 95.2569
2026/04/09 19:03:54 - mmengine - INFO - per class results:
2026/04/09 19:03:54 - mmengine - INFO - 
+------------+-------+-------+
|   Class    |  Dice |  Acc  |
+------------+-------+-------+
| background | 96.72 | 98.23 |
|    cat     | 51.48 | 41.71 |
|    dog     | 49.48 | 47.73 |
+------------+-------+-------+
2026/04/09 19:03:54 - mmengine - INFO - Iter(val) [15/15]    aAcc: 92.4100  mDice: 65.9000  mAcc: 62.5600  data_time: 0.0091  time: 0.0655
2026/04/09 19:03:58 - mmengine - INFO - Exp name: unet1_conf_20260409_190152
2026/04/09 19:03:58 - mmengine - INFO - Iter(train) [ 504/4800]  lr: 9.0998e-05  eta: 0:13:57  time: 0.1844  data_time: 0.0059  memory: 4414  loss: 0.3781  decode.loss_ce: 0.1127  decode.loss_dice: 0.0852  decode.acc_seg: 96.2029  aux.loss_focal: 0.0109  aux.loss_dice: 0.1692  aux.acc_seg: 96.3466
2026/04/09 19:03:59 - mmengine - INFO - per class results:
2026/04/09 19:03:59 - mmengine - INFO - 
+------------+-------+-------+
|   Class    |  Dice |  Acc  |
+------------+-------+-------+
| background | 96.69 | 98.29 |
|    cat     | 49.76 | 39.07 |
|    dog     | 49.42 | 48.59 |
+------------+-------+-------+
2026/04/09 19:03:59 - mmengine - INFO - Iter(val) [15/15]    aAcc: 92.3300  mDice: 65.2900  mAcc: 61.9900  data_time: 0.0103  time: 0.0663
2026/04/09 19:04:04 - mmengine - INFO - Exp name: unet1_conf_20260409_190152
2026/04/09 19:04:04 - mmengine - INFO - Iter(train) [ 528/4800]  lr: 9.0546e-05  eta: 0:13:51  time: 0.1847  data_time: 0.0058  memory: 4414  loss: 0.4005  decode.loss_ce: 0.1277  decode.loss_dice: 0.0873  decode.acc_seg: 95.2819  aux.loss_focal: 0.0129  aux.loss_dice: 0.1727  aux.acc_seg: 95.6256
2026/04/09 19:04:05 - mmengine - INFO - per class results:
2026/04/09 19:04:05 - mmengine - INFO - 
+------------+-------+-------+
|   Class    |  Dice |  Acc  |
+------------+-------+-------+
| background |  96.7 | 98.34 |
|    cat     | 49.93 |  39.3 |
|    dog     | 49.42 | 48.04 |
+------------+-------+-------+
2026/04/09 19:04:05 - mmengine - INFO - Iter(val) [15/15]    aAcc: 92.3600  mDice: 65.3500  mAcc: 61.8900  data_time: 0.0098  time: 0.0653
2026/04/09 19:04:10 - mmengine - INFO - Exp name: unet1_conf_20260409_190152
2026/04/09 19:04:10 - mmengine - INFO - Iter(train) [ 552/4800]  lr: 9.0093e-05  eta: 0:13:45  time: 0.1843  data_time: 0.0056  memory: 4414  loss: 0.3754  decode.loss_ce: 0.1111  decode.loss_dice: 0.0845  decode.acc_seg: 95.0753  aux.loss_focal: 0.0115  aux.loss_dice: 0.1684  aux.acc_seg: 94.9027
2026/04/09 19:04:11 - mmengine - INFO - per class results:
2026/04/09 19:04:11 - mmengine - INFO - 
+------------+-------+-------+
|   Class    |  Dice |  Acc  |
+------------+-------+-------+
| background | 96.73 | 98.27 |
|    cat     | 51.44 | 41.49 |
|    dog     | 49.68 | 47.86 |
+------------+-------+-------+
2026/04/09 19:04:11 - mmengine - INFO - Iter(val) [15/15]    aAcc: 92.4400  mDice: 65.9500  mAcc: 62.5400  data_time: 0.0101  time: 0.0656
2026/04/09 19:04:15 - mmengine - INFO - Exp name: unet1_conf_20260409_190152
2026/04/09 19:04:15 - mmengine - INFO - Iter(train) [ 576/4800]  lr: 8.9640e-05  eta: 0:13:39  time: 0.1848  data_time: 0.0058  memory: 4414  loss: 0.3916  decode.loss_ce: 0.1216  decode.loss_dice: 0.0861  decode.acc_seg: 96.1702  aux.loss_focal: 0.0127  aux.loss_dice: 0.1711  aux.acc_seg: 96.1864
2026/04/09 19:04:16 - mmengine - INFO - per class results:
2026/04/09 19:04:16 - mmengine - INFO - 
+------------+-------+-------+
|   Class    |  Dice |  Acc  |
+------------+-------+-------+
| background | 96.73 | 98.22 |
|    cat     | 50.43 | 39.98 |
|    dog     |  49.6 |  49.4 |
+------------+-------+-------+
2026/04/09 19:04:16 - mmengine - INFO - Iter(val) [15/15]    aAcc: 92.3600  mDice: 65.5900  mAcc: 62.5300  data_time: 0.0084  time: 0.0639
2026/04/09 19:04:21 - mmengine - INFO - Exp name: unet1_conf_20260409_190152
2026/04/09 19:04:21 - mmengine - INFO - Iter(train) [ 600/4800]  lr: 8.9186e-05  eta: 0:13:33  time: 0.1850  data_time: 0.0058  memory: 4414  loss: 0.3292  decode.loss_ce: 0.0803  decode.loss_dice: 0.0805  decode.acc_seg: 95.3098  aux.loss_focal: 0.0074  aux.loss_dice: 0.1609  aux.acc_seg: 95.3140
2026/04/09 19:04:22 - mmengine - INFO - per class results:
2026/04/09 19:04:22 - mmengine - INFO - 
+------------+-------+-------+
|   Class    |  Dice |  Acc  |
+------------+-------+-------+
| background | 96.69 | 98.33 |
|    cat     | 49.26 | 38.29 |
|    dog     | 49.34 | 48.66 |
+------------+-------+-------+
2026/04/09 19:04:22 - mmengine - INFO - Iter(val) [15/15]    aAcc: 92.3200  mDice: 65.1000  mAcc: 61.7600  data_time: 0.0265  time: 0.0821
2026/04/09 19:04:26 - mmengine - INFO - Exp name: unet1_conf_20260409_190152
2026/04/09 19:04:26 - mmengine - INFO - Iter(train) [ 624/4800]  lr: 8.8733e-05  eta: 0:13:28  time: 0.1847  data_time: 0.0058  memory: 4414  loss: 0.3506  decode.loss_ce: 0.0946  decode.loss_dice: 0.0831  decode.acc_seg: 95.1615  aux.loss_focal: 0.0088  aux.loss_dice: 0.1640  aux.acc_seg: 94.9976
2026/04/09 19:04:27 - mmengine - INFO - per class results:
2026/04/09 19:04:27 - mmengine - INFO - 
+------------+-------+-------+
|   Class    |  Dice |  Acc  |
+------------+-------+-------+
| background | 96.69 | 98.38 |
|    cat     | 49.79 | 39.08 |
|    dog     | 48.92 | 47.18 |
+------------+-------+-------+
2026/04/09 19:04:27 - mmengine - INFO - Iter(val) [15/15]    aAcc: 92.3500  mDice: 65.1300  mAcc: 61.5400  data_time: 0.0096  time: 0.0654
2026/04/09 19:04:32 - mmengine - INFO - Exp name: unet1_conf_20260409_190152
2026/04/09 19:04:32 - mmengine - INFO - Iter(train) [ 648/4800]  lr: 8.8279e-05  eta: 0:13:23  time: 0.1856  data_time: 0.0059  memory: 4414  loss: 0.3755  decode.loss_ce: 0.1109  decode.loss_dice: 0.0857  decode.acc_seg: 96.2143  aux.loss_focal: 0.0100  aux.loss_dice: 0.1689  aux.acc_seg: 96.1770
2026/04/09 19:04:33 - mmengine - INFO - per class results:
2026/04/09 19:04:33 - mmengine - INFO - 
+------------+-------+-------+
|   Class    |  Dice |  Acc  |
+------------+-------+-------+
| background | 96.71 | 98.31 |
|    cat     | 50.41 | 39.97 |
|    dog     | 49.59 | 48.13 |
+------------+-------+-------+
2026/04/09 19:04:33 - mmengine - INFO - Iter(val) [15/15]    aAcc: 92.3900  mDice: 65.5700  mAcc: 62.1400  data_time: 0.0099  time: 0.0660
2026/04/09 19:04:38 - mmengine - INFO - Exp name: unet1_conf_20260409_190152
2026/04/09 19:04:38 - mmengine - INFO - Iter(train) [ 672/4800]  lr: 8.7825e-05  eta: 0:13:17  time: 0.1856  data_time: 0.0058  memory: 4414  loss: 0.4363  decode.loss_ce: 0.1525  decode.loss_dice: 0.0892  decode.acc_seg: 93.1763  aux.loss_focal: 0.0169  aux.loss_dice: 0.1777  aux.acc_seg: 93.1775
2026/04/09 19:04:39 - mmengine - INFO - per class results:
2026/04/09 19:04:39 - mmengine - INFO - 
+------------+-------+-------+
|   Class    |  Dice |  Acc  |
+------------+-------+-------+
| background | 96.69 | 98.43 |
|    cat     | 49.88 | 39.19 |
|    dog     | 49.12 |  46.8 |
+------------+-------+-------+
2026/04/09 19:04:39 - mmengine - INFO - Iter(val) [15/15]    aAcc: 92.3800  mDice: 65.2300  mAcc: 61.4700  data_time: 0.0097  time: 0.0658
2026/04/09 19:04:43 - mmengine - INFO - Exp name: unet1_conf_20260409_190152
2026/04/09 19:04:43 - mmengine - INFO - Iter(train) [ 696/4800]  lr: 8.7370e-05  eta: 0:13:12  time: 0.1860  data_time: 0.0060  memory: 4414  loss: 0.3992  decode.loss_ce: 0.1259  decode.loss_dice: 0.0870  decode.acc_seg: 90.9097  aux.loss_focal: 0.0131  aux.loss_dice: 0.1731  aux.acc_seg: 90.9999
2026/04/09 19:04:44 - mmengine - INFO - per class results:
2026/04/09 19:04:44 - mmengine - INFO - 
+------------+-------+-------+
|   Class    |  Dice |  Acc  |
+------------+-------+-------+
| background | 96.71 | 98.19 |
|    cat     | 50.88 | 40.86 |
|    dog     | 49.28 | 48.38 |
+------------+-------+-------+
2026/04/09 19:04:44 - mmengine - INFO - Iter(val) [15/15]    aAcc: 92.3500  mDice: 65.6200  mAcc: 62.4800  data_time: 0.0269  time: 0.0828
2026/04/09 19:04:49 - mmengine - INFO - Exp name: unet1_conf_20260409_190152
2026/04/09 19:04:49 - mmengine - INFO - Iter(train) [ 720/4800]  lr: 8.6915e-05  eta: 0:13:07  time: 0.1864  data_time: 0.0063  memory: 4414  loss: 0.3736  decode.loss_ce: 0.1088  decode.loss_dice: 0.0850  decode.acc_seg: 96.8625  aux.loss_focal: 0.0111  aux.loss_dice: 0.1687  aux.acc_seg: 97.0257
2026/04/09 19:04:50 - mmengine - INFO - per class results:
2026/04/09 19:04:50 - mmengine - INFO - 
+------------+-------+-------+
|   Class    |  Dice |  Acc  |
+------------+-------+-------+
| background | 96.69 | 98.33 |
|    cat     | 49.45 | 38.54 |
|    dog     | 49.36 | 48.55 |
+------------+-------+-------+
2026/04/09 19:04:50 - mmengine - INFO - Iter(val) [15/15]    aAcc: 92.3300  mDice: 65.1700  mAcc: 61.8100  data_time: 0.0095  time: 0.0651
2026/04/09 19:04:55 - mmengine - INFO - Exp name: unet1_conf_20260409_190152
2026/04/09 19:04:55 - mmengine - INFO - Iter(train) [ 744/4800]  lr: 8.6461e-05  eta: 0:13:02  time: 0.1863  data_time: 0.0062  memory: 4414  loss: 0.3607  decode.loss_ce: 0.1021  decode.loss_dice: 0.0840  decode.acc_seg: 97.0683  aux.loss_focal: 0.0093  aux.loss_dice: 0.1653  aux.acc_seg: 97.0721
2026/04/09 19:04:56 - mmengine - INFO - per class results:
2026/04/09 19:04:56 - mmengine - INFO - 
+------------+-------+-------+
|   Class    |  Dice |  Acc  |
+------------+-------+-------+
| background | 96.67 | 98.43 |
|    cat     | 49.35 |  38.4 |
|    dog     |  49.2 | 47.23 |
+------------+-------+-------+
2026/04/09 19:04:56 - mmengine - INFO - Iter(val) [15/15]    aAcc: 92.3500  mDice: 65.0700  mAcc: 61.3500  data_time: 0.0110  time: 0.0673
2026/04/09 19:05:00 - mmengine - INFO - Exp name: unet1_conf_20260409_190152
2026/04/09 19:05:00 - mmengine - INFO - Iter(train) [ 768/4800]  lr: 8.6005e-05  eta: 0:12:57  time: 0.1864  data_time: 0.0058  memory: 4414  loss: 0.3768  decode.loss_ce: 0.1137  decode.loss_dice: 0.0848  decode.acc_seg: 96.5242  aux.loss_focal: 0.0108  aux.loss_dice: 0.1675  aux.acc_seg: 96.5449
2026/04/09 19:05:01 - mmengine - INFO - per class results:
2026/04/09 19:05:01 - mmengine - INFO - 
+------------+-------+-------+
|   Class    |  Dice |  Acc  |
+------------+-------+-------+
| background |  96.7 | 98.34 |
|    cat     | 49.59 | 38.71 |
|    dog     | 49.27 | 48.45 |
+------------+-------+-------+
2026/04/09 19:05:01 - mmengine - INFO - Iter(val) [15/15]    aAcc: 92.3400  mDice: 65.1900  mAcc: 61.8300  data_time: 0.0094  time: 0.0656
2026/04/09 19:05:06 - mmengine - INFO - Exp name: unet1_conf_20260409_190152
2026/04/09 19:05:06 - mmengine - INFO - Iter(train) [ 792/4800]  lr: 8.5550e-05  eta: 0:12:51  time: 0.1866  data_time: 0.0060  memory: 4414  loss: 0.3553  decode.loss_ce: 0.0978  decode.loss_dice: 0.0833  decode.acc_seg: 96.2808  aux.loss_focal: 0.0091  aux.loss_dice: 0.1651  aux.acc_seg: 96.2592
2026/04/09 19:05:07 - mmengine - INFO - per class results:
2026/04/09 19:05:07 - mmengine - INFO - 
+------------+-------+-------+
|   Class    |  Dice |  Acc  |
+------------+-------+-------+
| background | 96.71 | 98.34 |
|    cat     | 50.14 | 39.54 |
|    dog     | 49.35 | 47.88 |
+------------+-------+-------+
2026/04/09 19:05:07 - mmengine - INFO - Iter(val) [15/15]    aAcc: 92.3800  mDice: 65.4000  mAcc: 61.9200  data_time: 0.0145  time: 0.0708
2026/04/09 19:05:11 - mmengine - INFO - Exp name: unet1_conf_20260409_190152
2026/04/09 19:05:11 - mmengine - INFO - Iter(train) [ 816/4800]  lr: 8.5094e-05  eta: 0:12:47  time: 0.1878  data_time: 0.0067  memory: 4414  loss: 0.3469  decode.loss_ce: 0.0935  decode.loss_dice: 0.0819  decode.acc_seg: 95.7639  aux.loss_focal: 0.0090  aux.loss_dice: 0.1626  aux.acc_seg: 95.8080
