2026/04/09 19:25:32 - mmengine - INFO - 
------------------------------------------------------------
System environment:
    sys.platform: linux
    Python: 3.10.16 (main, Jan 14 2025, 22:49:19) [Clang 19.1.6 ]
    CUDA available: True
    MUSA available: False
    numpy_random_seed: 1385893978
    GPU 0: NVIDIA A10
    CUDA_HOME: /usr
    NVCC: Cuda compilation tools, release 12.8, V12.8.93
    GCC: x86_64-alt-linux-gcc (GCC) 13.2.1 20240128 (ALT Sisyphus 13.2.1-alt3)
    PyTorch: 2.4.0+cu121
    PyTorch compiling details: PyTorch built with:
  - GCC 9.3
  - C++ Version: 201703
  - Intel(R) oneAPI Math Kernel Library Version 2022.2-Product Build 20220804 for Intel(R) 64 architecture applications
  - Intel(R) MKL-DNN v3.4.2 (Git Hash 1137e04ec0b5251ca2b4400a4fd3c667ce843d67)
  - OpenMP 201511 (a.k.a. OpenMP 4.5)
  - LAPACK is enabled (usually provided by MKL)
  - NNPACK is enabled
  - CPU capability usage: AVX512
  - CUDA Runtime 12.1
  - NVCC architecture flags: -gencode;arch=compute_50,code=sm_50;-gencode;arch=compute_60,code=sm_60;-gencode;arch=compute_70,code=sm_70;-gencode;arch=compute_75,code=sm_75;-gencode;arch=compute_80,code=sm_80;-gencode;arch=compute_86,code=sm_86;-gencode;arch=compute_90,code=sm_90
  - CuDNN 90.1  (built against CUDA 12.4)
  - Magma 2.6.1
  - Build settings: BLAS_INFO=mkl, BUILD_TYPE=Release, CUDA_VERSION=12.1, CUDNN_VERSION=9.1.0, CXX_COMPILER=/opt/rh/devtoolset-9/root/usr/bin/c++, CXX_FLAGS= -D_GLIBCXX_USE_CXX11_ABI=0 -fabi-version=11 -fvisibility-inlines-hidden -DUSE_PTHREADPOOL -DNDEBUG -DUSE_KINETO -DLIBKINETO_NOROCTRACER -DUSE_FBGEMM -DUSE_PYTORCH_QNNPACK -DUSE_XNNPACK -DSYMBOLICATE_MOBILE_DEBUG_HANDLE -O2 -fPIC -Wall -Wextra -Werror=return-type -Werror=non-virtual-dtor -Werror=bool-operation -Wnarrowing -Wno-missing-field-initializers -Wno-type-limits -Wno-array-bounds -Wno-unknown-pragmas -Wno-unused-parameter -Wno-unused-function -Wno-unused-result -Wno-strict-overflow -Wno-strict-aliasing -Wno-stringop-overflow -Wsuggest-override -Wno-psabi -Wno-error=pedantic -Wno-error=old-style-cast -Wno-missing-braces -fdiagnostics-color=always -faligned-new -Wno-unused-but-set-variable -Wno-maybe-uninitialized -fno-math-errno -fno-trapping-math -Werror=format -Wno-stringop-overflow, LAPACK_INFO=mkl, PERF_WITH_AVX=1, PERF_WITH_AVX2=1, PERF_WITH_AVX512=1, TORCH_VERSION=2.4.0, USE_CUDA=ON, USE_CUDNN=ON, USE_CUSPARSELT=1, USE_EXCEPTION_PTR=1, USE_GFLAGS=OFF, USE_GLOG=OFF, USE_GLOO=ON, USE_MKL=ON, USE_MKLDNN=ON, USE_MPI=OFF, USE_NCCL=1, USE_NNPACK=ON, USE_OPENMP=ON, USE_ROCM=OFF, USE_ROCM_KERNEL_ASSERT=OFF, 

    TorchVision: 0.19.0+cu121
    OpenCV: 4.11.0
    MMEngine: 0.10.7

Runtime environment:
    cudnn_benchmark: True
    mp_cfg: {'mp_start_method': 'fork', 'opencv_num_threads': 0}
    dist_cfg: {'backend': 'nccl'}
    seed: 1385893978
    Distributed launcher: none
    Distributed training: False
    GPU number: 1
------------------------------------------------------------

2026/04/09 19:25:32 - mmengine - INFO - Config:
batch_size = 8
data_preprocessor = dict(
    bgr_to_rgb=True,
    mean=[
        123.675,
        116.28,
        103.53,
    ],
    pad_val=0,
    seg_pad_val=255,
    size=(
        256,
        256,
    ),
    std=[
        58.395,
        57.12,
        57.375,
    ],
    type='SegDataPreProcessor')
data_root = 'data/cleared'
dataset_type = 'AnimalsDataset'
default_hooks = dict(
    checkpoint=dict(
        by_epoch=True,
        interval=50,
        rule='greater',
        save_best='mDice',
        type='CheckpointHook'),
    logger=dict(interval=100, type='LoggerHook'),
    param_scheduler=dict(type='ParamSchedulerHook'),
    sampler_seed=dict(type='DistSamplerSeedHook'),
    visualization=dict(draw=True, interval=100, type='SegVisualizationHook'))
default_scope = 'mmseg'
env_cfg = dict(
    cudnn_benchmark=True,
    dist_cfg=dict(backend='nccl'),
    mp_cfg=dict(mp_start_method='fork', opencv_num_threads=0))
epoch_num = 200
input_size = (
    256,
    256,
)
launcher = 'none'
load_from = 'practicum_work/artifacts/mmsegmentation_work_dir/best_mDice_epoch_90_adamw_69.pth'
log_level = 'INFO'
log_processor = dict(by_epoch=False)
model = dict(
    auxiliary_head=None,
    backbone=dict(
        act_cfg=dict(type='ReLU'),
        base_channels=64,
        conv_cfg=None,
        dec_dilations=(
            1,
            1,
            1,
            1,
        ),
        dec_num_convs=(
            2,
            2,
            2,
            2,
        ),
        downsamples=(
            True,
            True,
            True,
            True,
        ),
        enc_dilations=(
            1,
            1,
            1,
            1,
            1,
        ),
        enc_num_convs=(
            2,
            2,
            2,
            2,
            2,
        ),
        in_channels=3,
        norm_cfg=dict(requires_grad=True, type='SyncBN'),
        norm_eval=False,
        num_stages=5,
        strides=(
            1,
            1,
            1,
            1,
            1,
        ),
        type='UNet',
        upsample_cfg=dict(type='InterpConv'),
        with_cp=False),
    data_preprocessor=dict(
        bgr_to_rgb=True,
        mean=[
            123.675,
            116.28,
            103.53,
        ],
        pad_val=0,
        seg_pad_val=255,
        size=(
            256,
            256,
        ),
        std=[
            58.395,
            57.12,
            57.375,
        ],
        type='SegDataPreProcessor'),
    decode_head=dict(
        align_corners=False,
        channels=64,
        concat_input=False,
        dropout_ratio=0.1,
        in_channels=64,
        in_index=4,
        loss_decode=[
            dict(
                class_weight=[
                    0.2,
                    1.0,
                    1.0,
                ],
                gamma=5.0,
                loss_name='loss_focal',
                loss_weight=3.0,
                type='FocalLoss',
                use_sigmoid=True),
            dict(loss_name='loss_dice', loss_weight=1.0, type='DiceLoss'),
        ],
        norm_cfg=dict(requires_grad=True, type='SyncBN'),
        num_classes=3,
        num_convs=1,
        type='FCNHead'),
    pretrained=None,
    test_cfg=dict(crop_size=256, mode='whole', stride=170),
    train_cfg=dict(),
    type='EncoderDecoder')
norm_cfg = dict(requires_grad=True, type='SyncBN')
num_workers = 4
optim_wrapper = dict(
    optimizer=dict(lr=0.0002, type='AdamW', weight_decay=0.1),
    type='OptimWrapper')
optimizer = dict(lr=0.0002, type='AdamW', weight_decay=0.1)
param_scheduler = [
    dict(
        begin=0,
        by_epoch=True,
        end=200,
        eta_min=1e-06,
        power=0.9,
        type='PolyLR'),
]
resume = False
test_cfg = dict(type='TestLoop')
test_dataloader = dict(
    batch_size=8,
    dataset=dict(
        data_prefix=dict(img_path='img/test', seg_map_path='labels/test'),
        data_root='data/cleared',
        img_suffix='.jpg',
        pipeline=[
            dict(type='LoadImageFromFile'),
            dict(type='LoadAnnotations'),
            dict(type='PackSegInputs'),
        ],
        seg_map_suffix='.png',
        type='AnimalsDataset'),
    num_workers=4,
    persistent_workers=True,
    sampler=dict(shuffle=False, type='DefaultSampler'))
test_dataset = dict(
    data_prefix=dict(img_path='img/test', seg_map_path='labels/test'),
    data_root='data/cleared',
    img_suffix='.jpg',
    pipeline=[
        dict(type='LoadImageFromFile'),
        dict(type='LoadAnnotations'),
        dict(type='PackSegInputs'),
    ],
    seg_map_suffix='.png',
    type='AnimalsDataset')
test_evaluator = dict(
    classwise=True, iou_metrics=[
        'mDice',
    ], num_classes=3, type='IoUMetric')
test_pipeline = [
    dict(type='LoadImageFromFile'),
    dict(type='LoadAnnotations'),
    dict(type='PackSegInputs'),
]
train_cfg = dict(max_epochs=200, type='EpochBasedTrainLoop')
train_dataloader = dict(
    batch_size=8,
    dataset=dict(
        data_prefix=dict(img_path='img/train', seg_map_path='labels/train'),
        data_root='data/cleared',
        img_suffix='.jpg',
        pipeline=[
            dict(type='LoadImageFromFile'),
            dict(type='LoadAnnotations'),
            dict(degree=(
                -45,
                45,
            ), type='RandomRotFlip'),
            dict(
                direction=[
                    'horizontal',
                    'vertical',
                ],
                prob=0.5,
                type='RandomFlip'),
            dict(type='PhotoMetricDistortion'),
            dict(
                transforms=[
                    dict(
                        p=0.5,
                        transforms=[
                            dict(
                                distort_limit=0.3,
                                num_steps=5,
                                p=1.0,
                                type='GridDistortion'),
                            dict(
                                alpha=120,
                                p=1.0,
                                sigma=6,
                                type='ElasticTransform'),
                            dict(
                                distort_limit=0.3,
                                p=1.0,
                                shift_limit=0.3,
                                type='OpticalDistortion'),
                        ],
                        type='OneOf'),
                    dict(
                        p=0.5,
                        transforms=[
                            dict(
                                blur_limit=(
                                    3,
                                    7,
                                ),
                                p=1.0,
                                type='GaussianBlur'),
                            dict(blur_limit=7, p=1.0, type='MotionBlur'),
                            dict(
                                p=1.0, type='GaussNoise', var_limit=(
                                    10,
                                    50,
                                )),
                            dict(p=1.0, type='ISONoise'),
                        ],
                        type='OneOf'),
                    dict(
                        p=0.5,
                        transforms=[
                            dict(clip_limit=4.0, p=1.0, type='CLAHE'),
                            dict(
                                brightness_limit=0.3,
                                contrast_limit=0.3,
                                p=1.0,
                                type='RandomBrightnessContrast'),
                            dict(
                                hue_shift_limit=20,
                                p=1.0,
                                sat_shift_limit=30,
                                type='HueSaturationValue',
                                val_shift_limit=20),
                            dict(
                                b_shift_limit=20,
                                g_shift_limit=20,
                                p=1.0,
                                r_shift_limit=20,
                                type='RGBShift'),
                            dict(
                                brightness=0.3,
                                contrast=0.3,
                                hue=0.1,
                                p=1.0,
                                saturation=0.3,
                                type='ColorJitter'),
                        ],
                        type='OneOf'),
                    dict(
                        p=0.4,
                        transforms=[
                            dict(
                                fill_value=0,
                                max_height=32,
                                max_holes=8,
                                max_width=32,
                                p=1.0,
                                type='CoarseDropout'),
                            dict(p=1.0, ratio=0.3, type='GridDropout'),
                            dict(
                                dropout_prob=0.05, p=1.0, type='PixelDropout'),
                        ],
                        type='OneOf'),
                ],
                type='Albu'),
            dict(
                cutout_ratio=(
                    0.05,
                    0.1,
                ),
                n_holes=(
                    3,
                    7,
                ),
                prob=0.3,
                type='RandomCutOut'),
            dict(type='PackSegInputs'),
        ],
        seg_map_suffix='.png',
        type='AnimalsDataset'),
    drop_last=True,
    num_workers=4,
    persistent_workers=True,
    sampler=dict(shuffle=True, type='DefaultSampler'))
train_dataset = dict(
    data_prefix=dict(img_path='img/train', seg_map_path='labels/train'),
    data_root='data/cleared',
    img_suffix='.jpg',
    pipeline=[
        dict(type='LoadImageFromFile'),
        dict(type='LoadAnnotations'),
        dict(degree=(
            -45,
            45,
        ), type='RandomRotFlip'),
        dict(
            direction=[
                'horizontal',
                'vertical',
            ],
            prob=0.5,
            type='RandomFlip'),
        dict(type='PhotoMetricDistortion'),
        dict(
            transforms=[
                dict(
                    p=0.5,
                    transforms=[
                        dict(
                            distort_limit=0.3,
                            num_steps=5,
                            p=1.0,
                            type='GridDistortion'),
                        dict(
                            alpha=120, p=1.0, sigma=6,
                            type='ElasticTransform'),
                        dict(
                            distort_limit=0.3,
                            p=1.0,
                            shift_limit=0.3,
                            type='OpticalDistortion'),
                    ],
                    type='OneOf'),
                dict(
                    p=0.5,
                    transforms=[
                        dict(blur_limit=(
                            3,
                            7,
                        ), p=1.0, type='GaussianBlur'),
                        dict(blur_limit=7, p=1.0, type='MotionBlur'),
                        dict(p=1.0, type='GaussNoise', var_limit=(
                            10,
                            50,
                        )),
                        dict(p=1.0, type='ISONoise'),
                    ],
                    type='OneOf'),
                dict(
                    p=0.5,
                    transforms=[
                        dict(clip_limit=4.0, p=1.0, type='CLAHE'),
                        dict(
                            brightness_limit=0.3,
                            contrast_limit=0.3,
                            p=1.0,
                            type='RandomBrightnessContrast'),
                        dict(
                            hue_shift_limit=20,
                            p=1.0,
                            sat_shift_limit=30,
                            type='HueSaturationValue',
                            val_shift_limit=20),
                        dict(
                            b_shift_limit=20,
                            g_shift_limit=20,
                            p=1.0,
                            r_shift_limit=20,
                            type='RGBShift'),
                        dict(
                            brightness=0.3,
                            contrast=0.3,
                            hue=0.1,
                            p=1.0,
                            saturation=0.3,
                            type='ColorJitter'),
                    ],
                    type='OneOf'),
                dict(
                    p=0.4,
                    transforms=[
                        dict(
                            fill_value=0,
                            max_height=32,
                            max_holes=8,
                            max_width=32,
                            p=1.0,
                            type='CoarseDropout'),
                        dict(p=1.0, ratio=0.3, type='GridDropout'),
                        dict(dropout_prob=0.05, p=1.0, type='PixelDropout'),
                    ],
                    type='OneOf'),
            ],
            type='Albu'),
        dict(
            cutout_ratio=(
                0.05,
                0.1,
            ),
            n_holes=(
                3,
                7,
            ),
            prob=0.3,
            type='RandomCutOut'),
        dict(type='PackSegInputs'),
    ],
    seg_map_suffix='.png',
    type='AnimalsDataset')
train_pipeline = [
    dict(type='LoadImageFromFile'),
    dict(type='LoadAnnotations'),
    dict(degree=(
        -45,
        45,
    ), type='RandomRotFlip'),
    dict(direction=[
        'horizontal',
        'vertical',
    ], prob=0.5, type='RandomFlip'),
    dict(type='PhotoMetricDistortion'),
    dict(
        transforms=[
            dict(
                p=0.5,
                transforms=[
                    dict(
                        distort_limit=0.3,
                        num_steps=5,
                        p=1.0,
                        type='GridDistortion'),
                    dict(alpha=120, p=1.0, sigma=6, type='ElasticTransform'),
                    dict(
                        distort_limit=0.3,
                        p=1.0,
                        shift_limit=0.3,
                        type='OpticalDistortion'),
                ],
                type='OneOf'),
            dict(
                p=0.5,
                transforms=[
                    dict(blur_limit=(
                        3,
                        7,
                    ), p=1.0, type='GaussianBlur'),
                    dict(blur_limit=7, p=1.0, type='MotionBlur'),
                    dict(p=1.0, type='GaussNoise', var_limit=(
                        10,
                        50,
                    )),
                    dict(p=1.0, type='ISONoise'),
                ],
                type='OneOf'),
            dict(
                p=0.5,
                transforms=[
                    dict(clip_limit=4.0, p=1.0, type='CLAHE'),
                    dict(
                        brightness_limit=0.3,
                        contrast_limit=0.3,
                        p=1.0,
                        type='RandomBrightnessContrast'),
                    dict(
                        hue_shift_limit=20,
                        p=1.0,
                        sat_shift_limit=30,
                        type='HueSaturationValue',
                        val_shift_limit=20),
                    dict(
                        b_shift_limit=20,
                        g_shift_limit=20,
                        p=1.0,
                        r_shift_limit=20,
                        type='RGBShift'),
                    dict(
                        brightness=0.3,
                        contrast=0.3,
                        hue=0.1,
                        p=1.0,
                        saturation=0.3,
                        type='ColorJitter'),
                ],
                type='OneOf'),
            dict(
                p=0.4,
                transforms=[
                    dict(
                        fill_value=0,
                        max_height=32,
                        max_holes=8,
                        max_width=32,
                        p=1.0,
                        type='CoarseDropout'),
                    dict(p=1.0, ratio=0.3, type='GridDropout'),
                    dict(dropout_prob=0.05, p=1.0, type='PixelDropout'),
                ],
                type='OneOf'),
        ],
        type='Albu'),
    dict(
        cutout_ratio=(
            0.05,
            0.1,
        ),
        n_holes=(
            3,
            7,
        ),
        prob=0.3,
        type='RandomCutOut'),
    dict(type='PackSegInputs'),
]
tta_model = dict(type='SegTTAModel')
val_cfg = dict(type='ValLoop')
val_dataloader = dict(
    batch_size=8,
    dataset=dict(
        data_prefix=dict(img_path='img/val', seg_map_path='labels/val'),
        data_root='data/cleared',
        img_suffix='.jpg',
        pipeline=[
            dict(type='LoadImageFromFile'),
            dict(type='LoadAnnotations'),
            dict(type='PackSegInputs'),
        ],
        seg_map_suffix='.png',
        type='AnimalsDataset'),
    num_workers=4,
    persistent_workers=True,
    sampler=dict(shuffle=False, type='DefaultSampler'))
val_dataset = dict(
    data_prefix=dict(img_path='img/val', seg_map_path='labels/val'),
    data_root='data/cleared',
    img_suffix='.jpg',
    pipeline=[
        dict(type='LoadImageFromFile'),
        dict(type='LoadAnnotations'),
        dict(type='PackSegInputs'),
    ],
    seg_map_suffix='.png',
    type='AnimalsDataset')
val_evaluator = dict(
    classwise=True, iou_metrics=[
        'mDice',
    ], num_classes=3, type='IoUMetric')
val_pipeline = [
    dict(type='LoadImageFromFile'),
    dict(type='LoadAnnotations'),
    dict(type='PackSegInputs'),
]
vis_backends = [
    dict(type='LocalVisBackend'),
]
visualizer = dict(
    name='visualizer',
    type='SegLocalVisualizer',
    vis_backends=[
        dict(type='LocalVisBackend'),
        dict(
            exp_name='sprint6_unet_v15',
            run_name='unet-s5-d16',
            tracking_uri='http://localhost:5000',
            type='MLflowVisBackend'),
    ])
work_dir = 'practicum_work/artifacts/mmsegmentation_work_dir'

2026/04/09 19:25:34 - mmengine - WARNING - Please make sure that the mlflow server is running.
2026/04/09 19:25:36 - mmengine - INFO - Distributed training is not used, all SyncBatchNorm (SyncBN) layers in the model will be automatically reverted to BatchNormXd layers if they are used.
2026/04/09 19:25:36 - mmengine - INFO - Hooks will be executed in the following order:
before_run:
(VERY_HIGH   ) RuntimeInfoHook                    
(BELOW_NORMAL) LoggerHook                         
 -------------------- 
before_train:
(VERY_HIGH   ) RuntimeInfoHook                    
(NORMAL      ) IterTimerHook                      
(VERY_LOW    ) CheckpointHook                     
 -------------------- 
before_train_epoch:
(VERY_HIGH   ) RuntimeInfoHook                    
(NORMAL      ) IterTimerHook                      
(NORMAL      ) DistSamplerSeedHook                
 -------------------- 
before_train_iter:
(VERY_HIGH   ) RuntimeInfoHook                    
(NORMAL      ) IterTimerHook                      
 -------------------- 
after_train_iter:
(VERY_HIGH   ) RuntimeInfoHook                    
(NORMAL      ) IterTimerHook                      
(BELOW_NORMAL) LoggerHook                         
(LOW         ) ParamSchedulerHook                 
(VERY_LOW    ) CheckpointHook                     
 -------------------- 
after_train_epoch:
(NORMAL      ) IterTimerHook                      
(LOW         ) ParamSchedulerHook                 
(VERY_LOW    ) CheckpointHook                     
 -------------------- 
before_val:
(VERY_HIGH   ) RuntimeInfoHook                    
 -------------------- 
before_val_epoch:
(NORMAL      ) IterTimerHook                      
 -------------------- 
before_val_iter:
(NORMAL      ) IterTimerHook                      
 -------------------- 
after_val_iter:
(NORMAL      ) IterTimerHook                      
(NORMAL      ) SegVisualizationHook               
(BELOW_NORMAL) LoggerHook                         
 -------------------- 
after_val_epoch:
(VERY_HIGH   ) RuntimeInfoHook                    
(NORMAL      ) IterTimerHook                      
(BELOW_NORMAL) LoggerHook                         
(LOW         ) ParamSchedulerHook                 
(VERY_LOW    ) CheckpointHook                     
 -------------------- 
after_val:
(VERY_HIGH   ) RuntimeInfoHook                    
 -------------------- 
after_train:
(VERY_HIGH   ) RuntimeInfoHook                    
(VERY_LOW    ) CheckpointHook                     
 -------------------- 
before_test:
(VERY_HIGH   ) RuntimeInfoHook                    
 -------------------- 
before_test_epoch:
(NORMAL      ) IterTimerHook                      
 -------------------- 
before_test_iter:
(NORMAL      ) IterTimerHook                      
 -------------------- 
after_test_iter:
(NORMAL      ) IterTimerHook                      
(NORMAL      ) SegVisualizationHook               
(BELOW_NORMAL) LoggerHook                         
 -------------------- 
after_test_epoch:
(VERY_HIGH   ) RuntimeInfoHook                    
(NORMAL      ) IterTimerHook                      
(BELOW_NORMAL) LoggerHook                         
 -------------------- 
after_test:
(VERY_HIGH   ) RuntimeInfoHook                    
 -------------------- 
after_run:
(BELOW_NORMAL) LoggerHook                         
 -------------------- 
2026/04/09 19:25:37 - mmengine - WARNING - The prefix is not set in metric class IoUMetric.
Name of parameter - Initialization information

backbone.encoder.0.0.convs.0.conv.weight - torch.Size([64, 3, 3, 3]): 
KaimingInit: a=0, mode=fan_out, nonlinearity=relu, distribution =normal, bias=0 

backbone.encoder.0.0.convs.0.bn.weight - torch.Size([64]): 
The value is the same before and after calling `init_weights` of EncoderDecoder  

backbone.encoder.0.0.convs.0.bn.bias - torch.Size([64]): 
The value is the same before and after calling `init_weights` of EncoderDecoder  

backbone.encoder.0.0.convs.1.conv.weight - torch.Size([64, 64, 3, 3]): 
KaimingInit: a=0, mode=fan_out, nonlinearity=relu, distribution =normal, bias=0 

backbone.encoder.0.0.convs.1.bn.weight - torch.Size([64]): 
The value is the same before and after calling `init_weights` of EncoderDecoder  

backbone.encoder.0.0.convs.1.bn.bias - torch.Size([64]): 
The value is the same before and after calling `init_weights` of EncoderDecoder  

backbone.encoder.1.1.convs.0.conv.weight - torch.Size([128, 64, 3, 3]): 
KaimingInit: a=0, mode=fan_out, nonlinearity=relu, distribution =normal, bias=0 

backbone.encoder.1.1.convs.0.bn.weight - torch.Size([128]): 
The value is the same before and after calling `init_weights` of EncoderDecoder  

backbone.encoder.1.1.convs.0.bn.bias - torch.Size([128]): 
The value is the same before and after calling `init_weights` of EncoderDecoder  

backbone.encoder.1.1.convs.1.conv.weight - torch.Size([128, 128, 3, 3]): 
KaimingInit: a=0, mode=fan_out, nonlinearity=relu, distribution =normal, bias=0 

backbone.encoder.1.1.convs.1.bn.weight - torch.Size([128]): 
The value is the same before and after calling `init_weights` of EncoderDecoder  

backbone.encoder.1.1.convs.1.bn.bias - torch.Size([128]): 
The value is the same before and after calling `init_weights` of EncoderDecoder  

backbone.encoder.2.1.convs.0.conv.weight - torch.Size([256, 128, 3, 3]): 
KaimingInit: a=0, mode=fan_out, nonlinearity=relu, distribution =normal, bias=0 

backbone.encoder.2.1.convs.0.bn.weight - torch.Size([256]): 
The value is the same before and after calling `init_weights` of EncoderDecoder  

backbone.encoder.2.1.convs.0.bn.bias - torch.Size([256]): 
The value is the same before and after calling `init_weights` of EncoderDecoder  

backbone.encoder.2.1.convs.1.conv.weight - torch.Size([256, 256, 3, 3]): 
KaimingInit: a=0, mode=fan_out, nonlinearity=relu, distribution =normal, bias=0 

backbone.encoder.2.1.convs.1.bn.weight - torch.Size([256]): 
The value is the same before and after calling `init_weights` of EncoderDecoder  

backbone.encoder.2.1.convs.1.bn.bias - torch.Size([256]): 
The value is the same before and after calling `init_weights` of EncoderDecoder  

backbone.encoder.3.1.convs.0.conv.weight - torch.Size([512, 256, 3, 3]): 
KaimingInit: a=0, mode=fan_out, nonlinearity=relu, distribution =normal, bias=0 

backbone.encoder.3.1.convs.0.bn.weight - torch.Size([512]): 
The value is the same before and after calling `init_weights` of EncoderDecoder  

backbone.encoder.3.1.convs.0.bn.bias - torch.Size([512]): 
The value is the same before and after calling `init_weights` of EncoderDecoder  

backbone.encoder.3.1.convs.1.conv.weight - torch.Size([512, 512, 3, 3]): 
KaimingInit: a=0, mode=fan_out, nonlinearity=relu, distribution =normal, bias=0 

backbone.encoder.3.1.convs.1.bn.weight - torch.Size([512]): 
The value is the same before and after calling `init_weights` of EncoderDecoder  

backbone.encoder.3.1.convs.1.bn.bias - torch.Size([512]): 
The value is the same before and after calling `init_weights` of EncoderDecoder  

backbone.encoder.4.1.convs.0.conv.weight - torch.Size([1024, 512, 3, 3]): 
KaimingInit: a=0, mode=fan_out, nonlinearity=relu, distribution =normal, bias=0 

backbone.encoder.4.1.convs.0.bn.weight - torch.Size([1024]): 
The value is the same before and after calling `init_weights` of EncoderDecoder  

backbone.encoder.4.1.convs.0.bn.bias - torch.Size([1024]): 
The value is the same before and after calling `init_weights` of EncoderDecoder  

backbone.encoder.4.1.convs.1.conv.weight - torch.Size([1024, 1024, 3, 3]): 
KaimingInit: a=0, mode=fan_out, nonlinearity=relu, distribution =normal, bias=0 

backbone.encoder.4.1.convs.1.bn.weight - torch.Size([1024]): 
The value is the same before and after calling `init_weights` of EncoderDecoder  

backbone.encoder.4.1.convs.1.bn.bias - torch.Size([1024]): 
The value is the same before and after calling `init_weights` of EncoderDecoder  

backbone.decoder.0.conv_block.convs.0.conv.weight - torch.Size([64, 128, 3, 3]): 
KaimingInit: a=0, mode=fan_out, nonlinearity=relu, distribution =normal, bias=0 

backbone.decoder.0.conv_block.convs.0.bn.weight - torch.Size([64]): 
The value is the same before and after calling `init_weights` of EncoderDecoder  

backbone.decoder.0.conv_block.convs.0.bn.bias - torch.Size([64]): 
The value is the same before and after calling `init_weights` of EncoderDecoder  

backbone.decoder.0.conv_block.convs.1.conv.weight - torch.Size([64, 64, 3, 3]): 
KaimingInit: a=0, mode=fan_out, nonlinearity=relu, distribution =normal, bias=0 

backbone.decoder.0.conv_block.convs.1.bn.weight - torch.Size([64]): 
The value is the same before and after calling `init_weights` of EncoderDecoder  

backbone.decoder.0.conv_block.convs.1.bn.bias - torch.Size([64]): 
The value is the same before and after calling `init_weights` of EncoderDecoder  

backbone.decoder.0.upsample.interp_upsample.1.conv.weight - torch.Size([64, 128, 1, 1]): 
KaimingInit: a=0, mode=fan_out, nonlinearity=relu, distribution =normal, bias=0 

backbone.decoder.0.upsample.interp_upsample.1.bn.weight - torch.Size([64]): 
The value is the same before and after calling `init_weights` of EncoderDecoder  

backbone.decoder.0.upsample.interp_upsample.1.bn.bias - torch.Size([64]): 
The value is the same before and after calling `init_weights` of EncoderDecoder  

backbone.decoder.1.conv_block.convs.0.conv.weight - torch.Size([128, 256, 3, 3]): 
KaimingInit: a=0, mode=fan_out, nonlinearity=relu, distribution =normal, bias=0 

backbone.decoder.1.conv_block.convs.0.bn.weight - torch.Size([128]): 
The value is the same before and after calling `init_weights` of EncoderDecoder  

backbone.decoder.1.conv_block.convs.0.bn.bias - torch.Size([128]): 
The value is the same before and after calling `init_weights` of EncoderDecoder  

backbone.decoder.1.conv_block.convs.1.conv.weight - torch.Size([128, 128, 3, 3]): 
KaimingInit: a=0, mode=fan_out, nonlinearity=relu, distribution =normal, bias=0 

backbone.decoder.1.conv_block.convs.1.bn.weight - torch.Size([128]): 
The value is the same before and after calling `init_weights` of EncoderDecoder  

backbone.decoder.1.conv_block.convs.1.bn.bias - torch.Size([128]): 
The value is the same before and after calling `init_weights` of EncoderDecoder  

backbone.decoder.1.upsample.interp_upsample.1.conv.weight - torch.Size([128, 256, 1, 1]): 
KaimingInit: a=0, mode=fan_out, nonlinearity=relu, distribution =normal, bias=0 

backbone.decoder.1.upsample.interp_upsample.1.bn.weight - torch.Size([128]): 
The value is the same before and after calling `init_weights` of EncoderDecoder  

backbone.decoder.1.upsample.interp_upsample.1.bn.bias - torch.Size([128]): 
The value is the same before and after calling `init_weights` of EncoderDecoder  

backbone.decoder.2.conv_block.convs.0.conv.weight - torch.Size([256, 512, 3, 3]): 
KaimingInit: a=0, mode=fan_out, nonlinearity=relu, distribution =normal, bias=0 

backbone.decoder.2.conv_block.convs.0.bn.weight - torch.Size([256]): 
The value is the same before and after calling `init_weights` of EncoderDecoder  

backbone.decoder.2.conv_block.convs.0.bn.bias - torch.Size([256]): 
The value is the same before and after calling `init_weights` of EncoderDecoder  

backbone.decoder.2.conv_block.convs.1.conv.weight - torch.Size([256, 256, 3, 3]): 
KaimingInit: a=0, mode=fan_out, nonlinearity=relu, distribution =normal, bias=0 

backbone.decoder.2.conv_block.convs.1.bn.weight - torch.Size([256]): 
The value is the same before and after calling `init_weights` of EncoderDecoder  

backbone.decoder.2.conv_block.convs.1.bn.bias - torch.Size([256]): 
The value is the same before and after calling `init_weights` of EncoderDecoder  

backbone.decoder.2.upsample.interp_upsample.1.conv.weight - torch.Size([256, 512, 1, 1]): 
KaimingInit: a=0, mode=fan_out, nonlinearity=relu, distribution =normal, bias=0 

backbone.decoder.2.upsample.interp_upsample.1.bn.weight - torch.Size([256]): 
The value is the same before and after calling `init_weights` of EncoderDecoder  

backbone.decoder.2.upsample.interp_upsample.1.bn.bias - torch.Size([256]): 
The value is the same before and after calling `init_weights` of EncoderDecoder  

backbone.decoder.3.conv_block.convs.0.conv.weight - torch.Size([512, 1024, 3, 3]): 
KaimingInit: a=0, mode=fan_out, nonlinearity=relu, distribution =normal, bias=0 

backbone.decoder.3.conv_block.convs.0.bn.weight - torch.Size([512]): 
The value is the same before and after calling `init_weights` of EncoderDecoder  

backbone.decoder.3.conv_block.convs.0.bn.bias - torch.Size([512]): 
The value is the same before and after calling `init_weights` of EncoderDecoder  

backbone.decoder.3.conv_block.convs.1.conv.weight - torch.Size([512, 512, 3, 3]): 
KaimingInit: a=0, mode=fan_out, nonlinearity=relu, distribution =normal, bias=0 

backbone.decoder.3.conv_block.convs.1.bn.weight - torch.Size([512]): 
The value is the same before and after calling `init_weights` of EncoderDecoder  

backbone.decoder.3.conv_block.convs.1.bn.bias - torch.Size([512]): 
The value is the same before and after calling `init_weights` of EncoderDecoder  

backbone.decoder.3.upsample.interp_upsample.1.conv.weight - torch.Size([512, 1024, 1, 1]): 
KaimingInit: a=0, mode=fan_out, nonlinearity=relu, distribution =normal, bias=0 

backbone.decoder.3.upsample.interp_upsample.1.bn.weight - torch.Size([512]): 
The value is the same before and after calling `init_weights` of EncoderDecoder  

backbone.decoder.3.upsample.interp_upsample.1.bn.bias - torch.Size([512]): 
The value is the same before and after calling `init_weights` of EncoderDecoder  

decode_head.conv_seg.weight - torch.Size([3, 64, 1, 1]): 
NormalInit: mean=0, std=0.01, bias=0 

decode_head.conv_seg.bias - torch.Size([3]): 
NormalInit: mean=0, std=0.01, bias=0 

decode_head.convs.0.conv.weight - torch.Size([64, 64, 3, 3]): 
The value is the same before and after calling `init_weights` of EncoderDecoder  

decode_head.convs.0.bn.weight - torch.Size([64]): 
The value is the same before and after calling `init_weights` of EncoderDecoder  

decode_head.convs.0.bn.bias - torch.Size([64]): 
The value is the same before and after calling `init_weights` of EncoderDecoder  
2026/04/09 19:25:38 - mmengine - INFO - Load checkpoint from practicum_work/artifacts/mmsegmentation_work_dir/best_mDice_epoch_90_adamw_69.pth
2026/04/09 19:25:38 - mmengine - WARNING - "FileClient" will be deprecated in future. Please use io functions in https://mmengine.readthedocs.io/en/latest/api/fileio.html#file-io
2026/04/09 19:25:38 - mmengine - WARNING - "HardDiskBackend" is the alias of "LocalBackend" and the former will be deprecated in future.
2026/04/09 19:25:38 - mmengine - INFO - Checkpoints will be saved to /data_12/gpudev/kashnitskii/yx/s6_project/practicum_work/artifacts/mmsegmentation_work_dir.
2026/04/09 19:25:48 - mmengine - INFO - Exp name: unet1_conf_20260409_192531
2026/04/09 19:25:48 - mmengine - INFO - Iter(train) [  24/4800]  lr: 2.0000e-04  eta: 0:32:19  time: 0.1727  data_time: 0.0058  memory: 19183  loss: 0.1204  decode.loss_focal: 0.0346  decode.loss_dice: 0.0858  decode.acc_seg: 89.0057
2026/04/09 19:25:49 - mmengine - INFO - per class results:
2026/04/09 19:25:49 - mmengine - INFO - 
+------------+-------+-------+
|   Class    |  Dice |  Acc  |
+------------+-------+-------+
| background | 96.35 | 99.08 |
|    cat     | 51.13 |  46.1 |
|    dog     | 10.26 |  5.64 |
+------------+-------+-------+
2026/04/09 19:25:49 - mmengine - INFO - Iter(val) [15/15]    aAcc: 91.7000  mDice: 52.5800  mAcc: 50.2700  data_time: 0.0187  time: 0.0757
2026/04/09 19:25:50 - mmengine - INFO - The best checkpoint with 52.5800 mDice at 1 epoch is saved to best_mDice_epoch_1.pth.
2026/04/09 19:25:54 - mmengine - INFO - Exp name: unet1_conf_20260409_192531
2026/04/09 19:25:54 - mmengine - INFO - Iter(train) [  48/4800]  lr: 1.9910e-04  eta: 0:23:09  time: 0.1752  data_time: 0.0071  memory: 4437  loss: 0.0861  decode.loss_focal: 0.0204  decode.loss_dice: 0.0657  decode.acc_seg: 94.6671
2026/04/09 19:25:55 - mmengine - INFO - per class results:
2026/04/09 19:25:55 - mmengine - INFO - 
+------------+-------+-------+
|   Class    |  Dice |  Acc  |
+------------+-------+-------+
| background | 96.87 | 98.41 |
|    cat     | 44.88 | 39.25 |
|    dog     | 36.52 |  31.3 |
+------------+-------+-------+
2026/04/09 19:25:55 - mmengine - INFO - Iter(val) [15/15]    aAcc: 91.7200  mDice: 59.4200  mAcc: 56.3200  data_time: 0.0095  time: 0.0640
2026/04/09 19:25:55 - mmengine - INFO - The previous best checkpoint /data_12/gpudev/kashnitskii/yx/s6_project/practicum_work/artifacts/mmsegmentation_work_dir/best_mDice_epoch_1.pth is removed
2026/04/09 19:25:56 - mmengine - INFO - The best checkpoint with 59.4200 mDice at 2 epoch is saved to best_mDice_epoch_2.pth.
2026/04/09 19:26:00 - mmengine - INFO - Exp name: unet1_conf_20260409_192531
2026/04/09 19:26:00 - mmengine - INFO - Iter(train) [  72/4800]  lr: 1.9820e-04  eta: 0:19:59  time: 0.1737  data_time: 0.0056  memory: 4437  loss: 0.0675  decode.loss_focal: 0.0103  decode.loss_dice: 0.0572  decode.acc_seg: 90.6721
2026/04/09 19:26:01 - mmengine - INFO - per class results:
2026/04/09 19:26:01 - mmengine - INFO - 
+------------+-------+-------+
|   Class    |  Dice |  Acc  |
+------------+-------+-------+
| background | 96.43 | 99.17 |
|    cat     | 50.19 | 42.38 |
|    dog     |  25.7 |  16.4 |
+------------+-------+-------+
2026/04/09 19:26:01 - mmengine - INFO - Iter(val) [15/15]    aAcc: 91.9800  mDice: 57.4400  mAcc: 52.6500  data_time: 0.0094  time: 0.0637
2026/04/09 19:26:05 - mmengine - INFO - Exp name: unet1_conf_20260409_192531
2026/04/09 19:26:05 - mmengine - INFO - Iter(train) [  96/4800]  lr: 1.9730e-04  eta: 0:18:24  time: 0.1738  data_time: 0.0061  memory: 4437  loss: 0.0602  decode.loss_focal: 0.0088  decode.loss_dice: 0.0513  decode.acc_seg: 94.1238
2026/04/09 19:26:06 - mmengine - INFO - per class results:
2026/04/09 19:26:06 - mmengine - INFO - 
+------------+-------+-------+
|   Class    |  Dice |  Acc  |
+------------+-------+-------+
| background | 96.98 | 98.04 |
|    cat     | 41.73 | 32.12 |
|    dog     | 44.62 | 50.31 |
+------------+-------+-------+
2026/04/09 19:26:06 - mmengine - INFO - Iter(val) [15/15]    aAcc: 91.7200  mDice: 61.1100  mAcc: 60.1600  data_time: 0.0275  time: 0.0817
2026/04/09 19:26:06 - mmengine - INFO - The previous best checkpoint /data_12/gpudev/kashnitskii/yx/s6_project/practicum_work/artifacts/mmsegmentation_work_dir/best_mDice_epoch_2.pth is removed
2026/04/09 19:26:07 - mmengine - INFO - The best checkpoint with 61.1100 mDice at 4 epoch is saved to best_mDice_epoch_4.pth.
2026/04/09 19:26:11 - mmengine - INFO - Exp name: unet1_conf_20260409_192531
2026/04/09 19:26:11 - mmengine - INFO - Iter(train) [ 120/4800]  lr: 1.9640e-04  eta: 0:17:26  time: 0.1752  data_time: 0.0067  memory: 4437  loss: 0.0616  decode.loss_focal: 0.0101  decode.loss_dice: 0.0515  decode.acc_seg: 95.2225
2026/04/09 19:26:12 - mmengine - INFO - per class results:
2026/04/09 19:26:12 - mmengine - INFO - 
+------------+-------+-------+
|   Class    |  Dice |  Acc  |
+------------+-------+-------+
| background | 96.83 | 98.19 |
|    cat     | 51.73 |  44.9 |
|    dog     | 44.62 | 40.48 |
+------------+-------+-------+
2026/04/09 19:26:12 - mmengine - INFO - Iter(val) [15/15]    aAcc: 92.2800  mDice: 64.3900  mAcc: 61.1900  data_time: 0.0095  time: 0.0640
2026/04/09 19:26:12 - mmengine - INFO - The previous best checkpoint /data_12/gpudev/kashnitskii/yx/s6_project/practicum_work/artifacts/mmsegmentation_work_dir/best_mDice_epoch_4.pth is removed
2026/04/09 19:26:13 - mmengine - INFO - The best checkpoint with 64.3900 mDice at 5 epoch is saved to best_mDice_epoch_5.pth.
2026/04/09 19:26:17 - mmengine - INFO - Exp name: unet1_conf_20260409_192531
2026/04/09 19:26:17 - mmengine - INFO - Iter(train) [ 144/4800]  lr: 1.9549e-04  eta: 0:16:46  time: 0.1761  data_time: 0.0068  memory: 4437  loss: 0.0670  decode.loss_focal: 0.0165  decode.loss_dice: 0.0506  decode.acc_seg: 94.7178
2026/04/09 19:26:18 - mmengine - INFO - per class results:
2026/04/09 19:26:18 - mmengine - INFO - 
+------------+-------+-------+
|   Class    |  Dice |  Acc  |
+------------+-------+-------+
| background | 96.23 | 99.25 |
|    cat     | 45.47 | 35.61 |
|    dog     | 26.77 | 17.93 |
+------------+-------+-------+
2026/04/09 19:26:18 - mmengine - INFO - Iter(val) [15/15]    aAcc: 91.6700  mDice: 56.1600  mAcc: 50.9300  data_time: 0.0112  time: 0.0666
2026/04/09 19:26:23 - mmengine - INFO - Exp name: unet1_conf_20260409_192531
2026/04/09 19:26:23 - mmengine - INFO - Iter(train) [ 168/4800]  lr: 1.9459e-04  eta: 0:16:17  time: 0.1754  data_time: 0.0062  memory: 4437  loss: 0.0657  decode.loss_focal: 0.0148  decode.loss_dice: 0.0509  decode.acc_seg: 95.2499
2026/04/09 19:26:24 - mmengine - INFO - per class results:
2026/04/09 19:26:24 - mmengine - INFO - 
+------------+-------+-------+
|   Class    |  Dice |  Acc  |
+------------+-------+-------+
| background | 96.42 | 98.25 |
|    cat     | 45.07 | 36.91 |
|    dog     | 39.61 |  34.8 |
+------------+-------+-------+
2026/04/09 19:26:24 - mmengine - INFO - Iter(val) [15/15]    aAcc: 91.5800  mDice: 60.3700  mAcc: 56.6500  data_time: 0.0101  time: 0.0656
2026/04/09 19:26:28 - mmengine - INFO - Exp name: unet1_conf_20260409_192531
2026/04/09 19:26:28 - mmengine - INFO - Iter(train) [ 192/4800]  lr: 1.9369e-04  eta: 0:15:54  time: 0.1759  data_time: 0.0065  memory: 4437  loss: 0.0646  decode.loss_focal: 0.0112  decode.loss_dice: 0.0534  decode.acc_seg: 91.9491
2026/04/09 19:26:29 - mmengine - INFO - per class results:
2026/04/09 19:26:29 - mmengine - INFO - 
+------------+-------+-------+
|   Class    |  Dice |  Acc  |
+------------+-------+-------+
| background | 96.86 | 98.24 |
|    cat     | 55.77 | 55.59 |
|    dog     | 30.68 | 21.47 |
+------------+-------+-------+
2026/04/09 19:26:29 - mmengine - INFO - Iter(val) [15/15]    aAcc: 92.2300  mDice: 61.1000  mAcc: 58.4400  data_time: 0.0269  time: 0.0817
