2026/04/10 14:19:28 - mmengine - INFO - 
------------------------------------------------------------
System environment:
    sys.platform: linux
    Python: 3.10.16 (main, Jan 14 2025, 22:49:19) [Clang 19.1.6 ]
    CUDA available: True
    MUSA available: False
    numpy_random_seed: 1961355121
    GPU 0: NVIDIA A10
    CUDA_HOME: /usr
    NVCC: Cuda compilation tools, release 12.8, V12.8.93
    GCC: x86_64-alt-linux-gcc (GCC) 13.2.1 20240128 (ALT Sisyphus 13.2.1-alt3)
    PyTorch: 2.4.0+cu121
    PyTorch compiling details: PyTorch built with:
  - GCC 9.3
  - C++ Version: 201703
  - Intel(R) oneAPI Math Kernel Library Version 2022.2-Product Build 20220804 for Intel(R) 64 architecture applications
  - Intel(R) MKL-DNN v3.4.2 (Git Hash 1137e04ec0b5251ca2b4400a4fd3c667ce843d67)
  - OpenMP 201511 (a.k.a. OpenMP 4.5)
  - LAPACK is enabled (usually provided by MKL)
  - NNPACK is enabled
  - CPU capability usage: AVX512
  - CUDA Runtime 12.1
  - NVCC architecture flags: -gencode;arch=compute_50,code=sm_50;-gencode;arch=compute_60,code=sm_60;-gencode;arch=compute_70,code=sm_70;-gencode;arch=compute_75,code=sm_75;-gencode;arch=compute_80,code=sm_80;-gencode;arch=compute_86,code=sm_86;-gencode;arch=compute_90,code=sm_90
  - CuDNN 90.1  (built against CUDA 12.4)
  - Magma 2.6.1
  - Build settings: BLAS_INFO=mkl, BUILD_TYPE=Release, CUDA_VERSION=12.1, CUDNN_VERSION=9.1.0, CXX_COMPILER=/opt/rh/devtoolset-9/root/usr/bin/c++, CXX_FLAGS= -D_GLIBCXX_USE_CXX11_ABI=0 -fabi-version=11 -fvisibility-inlines-hidden -DUSE_PTHREADPOOL -DNDEBUG -DUSE_KINETO -DLIBKINETO_NOROCTRACER -DUSE_FBGEMM -DUSE_PYTORCH_QNNPACK -DUSE_XNNPACK -DSYMBOLICATE_MOBILE_DEBUG_HANDLE -O2 -fPIC -Wall -Wextra -Werror=return-type -Werror=non-virtual-dtor -Werror=bool-operation -Wnarrowing -Wno-missing-field-initializers -Wno-type-limits -Wno-array-bounds -Wno-unknown-pragmas -Wno-unused-parameter -Wno-unused-function -Wno-unused-result -Wno-strict-overflow -Wno-strict-aliasing -Wno-stringop-overflow -Wsuggest-override -Wno-psabi -Wno-error=pedantic -Wno-error=old-style-cast -Wno-missing-braces -fdiagnostics-color=always -faligned-new -Wno-unused-but-set-variable -Wno-maybe-uninitialized -fno-math-errno -fno-trapping-math -Werror=format -Wno-stringop-overflow, LAPACK_INFO=mkl, PERF_WITH_AVX=1, PERF_WITH_AVX2=1, PERF_WITH_AVX512=1, TORCH_VERSION=2.4.0, USE_CUDA=ON, USE_CUDNN=ON, USE_CUSPARSELT=1, USE_EXCEPTION_PTR=1, USE_GFLAGS=OFF, USE_GLOG=OFF, USE_GLOO=ON, USE_MKL=ON, USE_MKLDNN=ON, USE_MPI=OFF, USE_NCCL=1, USE_NNPACK=ON, USE_OPENMP=ON, USE_ROCM=OFF, USE_ROCM_KERNEL_ASSERT=OFF, 

    TorchVision: 0.19.0+cu121
    OpenCV: 4.11.0
    MMEngine: 0.10.7

Runtime environment:
    cudnn_benchmark: True
    mp_cfg: {'mp_start_method': 'fork', 'opencv_num_threads': 0}
    dist_cfg: {'backend': 'nccl'}
    seed: 1961355121
    Distributed launcher: none
    Distributed training: False
    GPU number: 1
------------------------------------------------------------

2026/04/10 14:19:28 - mmengine - INFO - Config:
batch_size = 8
data_preprocessor = dict(
    bgr_to_rgb=True,
    mean=[
        123.675,
        116.28,
        103.53,
    ],
    pad_val=0,
    seg_pad_val=255,
    size=(
        256,
        256,
    ),
    std=[
        58.395,
        57.12,
        57.375,
    ],
    type='SegDataPreProcessor')
data_root = 'data/cleared'
dataset_type = 'AnimalsDataset'
default_hooks = dict(
    checkpoint=dict(
        by_epoch=True,
        interval=50,
        rule='greater',
        save_best='mDice',
        type='CheckpointHook'),
    logger=dict(interval=100, type='LoggerHook'),
    param_scheduler=dict(type='ParamSchedulerHook'),
    sampler_seed=dict(type='DistSamplerSeedHook'),
    visualization=dict(draw=True, interval=100, type='SegVisualizationHook'))
default_scope = 'mmseg'
env_cfg = dict(
    cudnn_benchmark=True,
    dist_cfg=dict(backend='nccl'),
    mp_cfg=dict(mp_start_method='fork', opencv_num_threads=0))
epoch_num = 100
input_size = (
    256,
    256,
)
launcher = 'none'
load_from = 'practicum_work/artifacts/mmsegmentation_work_dir/best_mDice_epoch_90_adamw_69.pth'
log_level = 'INFO'
log_processor = dict(by_epoch=False)
model = dict(
    auxiliary_head=None,
    backbone=dict(
        act_cfg=dict(type='ReLU'),
        base_channels=64,
        conv_cfg=None,
        dec_dilations=(
            1,
            1,
            1,
            1,
        ),
        dec_num_convs=(
            2,
            2,
            2,
            2,
        ),
        downsamples=(
            True,
            True,
            True,
            True,
        ),
        enc_dilations=(
            1,
            1,
            1,
            1,
            1,
        ),
        enc_num_convs=(
            2,
            2,
            2,
            2,
            2,
        ),
        in_channels=3,
        norm_cfg=dict(requires_grad=True, type='SyncBN'),
        norm_eval=False,
        num_stages=5,
        strides=(
            1,
            1,
            1,
            1,
            1,
        ),
        type='UNet',
        upsample_cfg=dict(type='InterpConv'),
        with_cp=False),
    data_preprocessor=dict(
        bgr_to_rgb=True,
        mean=[
            123.675,
            116.28,
            103.53,
        ],
        pad_val=0,
        seg_pad_val=255,
        size=(
            256,
            256,
        ),
        std=[
            58.395,
            57.12,
            57.375,
        ],
        type='SegDataPreProcessor'),
    decode_head=dict(
        align_corners=False,
        channels=64,
        concat_input=False,
        dropout_ratio=0.1,
        in_channels=64,
        in_index=4,
        loss_decode=[
            dict(alpha=0.3, beta=0.7, loss_weight=1.0, type='TverskyLoss'),
            dict(loss_name='loss_dice', loss_weight=1.0, type='DiceLoss'),
        ],
        norm_cfg=dict(requires_grad=True, type='SyncBN'),
        num_classes=3,
        num_convs=1,
        type='FCNHead'),
    pretrained=None,
    test_cfg=dict(crop_size=256, mode='whole', stride=170),
    train_cfg=dict(),
    type='EncoderDecoder')
norm_cfg = dict(requires_grad=True, type='SyncBN')
num_workers = 4
optim_wrapper = dict(
    optimizer=dict(lr=0.0002, type='AdamW', weight_decay=0.3),
    type='OptimWrapper')
optimizer = dict(lr=0.0002, type='AdamW', weight_decay=0.3)
param_scheduler = [
    dict(
        begin=0,
        by_epoch=True,
        end=100,
        eta_min=1e-06,
        power=0.9,
        type='PolyLR'),
]
resume = False
test_cfg = dict(type='TestLoop')
test_dataloader = dict(
    batch_size=8,
    dataset=dict(
        data_prefix=dict(img_path='img/test', seg_map_path='labels/test'),
        data_root='data/cleared',
        img_suffix='.jpg',
        pipeline=[
            dict(type='LoadImageFromFile'),
            dict(type='LoadAnnotations'),
            dict(type='PackSegInputs'),
        ],
        seg_map_suffix='.png',
        type='AnimalsDataset'),
    num_workers=4,
    persistent_workers=True,
    sampler=dict(shuffle=False, type='DefaultSampler'))
test_dataset = dict(
    data_prefix=dict(img_path='img/test', seg_map_path='labels/test'),
    data_root='data/cleared',
    img_suffix='.jpg',
    pipeline=[
        dict(type='LoadImageFromFile'),
        dict(type='LoadAnnotations'),
        dict(type='PackSegInputs'),
    ],
    seg_map_suffix='.png',
    type='AnimalsDataset')
test_evaluator = dict(
    classwise=True, iou_metrics=[
        'mDice',
    ], num_classes=3, type='IoUMetric')
test_pipeline = [
    dict(type='LoadImageFromFile'),
    dict(type='LoadAnnotations'),
    dict(type='PackSegInputs'),
]
train_cfg = dict(max_epochs=100, type='EpochBasedTrainLoop')
train_dataloader = dict(
    batch_size=8,
    dataset=dict(
        data_prefix=dict(img_path='img/train', seg_map_path='labels/train'),
        data_root='data/roboflowadd',
        img_suffix='.jpg',
        pipeline=[
            dict(type='LoadImageFromFile'),
            dict(type='LoadAnnotations'),
            dict(direction='horizontal', prob=0.5, type='RandomFlip'),
            dict(degree=(
                -20,
                20,
            ), type='RandomRotFlip'),
            dict(type='PhotoMetricDistortion'),
            dict(
                transforms=[
                    dict(num_steps=10, p=0.2, type='GridDistortion'),
                ],
                type='Albu'),
            dict(type='PackSegInputs'),
        ],
        seg_map_suffix='.png',
        type='AnimalsDataset'),
    drop_last=True,
    num_workers=4,
    persistent_workers=True,
    sampler=dict(shuffle=True, type='DefaultSampler'))
train_dataset = dict(
    data_prefix=dict(img_path='img/train', seg_map_path='labels/train'),
    data_root='data/roboflowadd',
    img_suffix='.jpg',
    pipeline=[
        dict(type='LoadImageFromFile'),
        dict(type='LoadAnnotations'),
        dict(direction='horizontal', prob=0.5, type='RandomFlip'),
        dict(degree=(
            -20,
            20,
        ), type='RandomRotFlip'),
        dict(type='PhotoMetricDistortion'),
        dict(
            transforms=[
                dict(num_steps=10, p=0.2, type='GridDistortion'),
            ],
            type='Albu'),
        dict(type='PackSegInputs'),
    ],
    seg_map_suffix='.png',
    type='AnimalsDataset')
train_pipeline = [
    dict(type='LoadImageFromFile'),
    dict(type='LoadAnnotations'),
    dict(direction='horizontal', prob=0.5, type='RandomFlip'),
    dict(degree=(
        -20,
        20,
    ), type='RandomRotFlip'),
    dict(type='PhotoMetricDistortion'),
    dict(
        transforms=[
            dict(num_steps=10, p=0.2, type='GridDistortion'),
        ],
        type='Albu'),
    dict(type='PackSegInputs'),
]
tta_model = dict(type='SegTTAModel')
val_cfg = dict(type='ValLoop')
val_dataloader = dict(
    batch_size=8,
    dataset=dict(
        data_prefix=dict(img_path='img/val', seg_map_path='labels/val'),
        data_root='data/cleared',
        img_suffix='.jpg',
        pipeline=[
            dict(type='LoadImageFromFile'),
            dict(type='LoadAnnotations'),
            dict(type='PackSegInputs'),
        ],
        seg_map_suffix='.png',
        type='AnimalsDataset'),
    num_workers=4,
    persistent_workers=True,
    sampler=dict(shuffle=False, type='DefaultSampler'))
val_dataset = dict(
    data_prefix=dict(img_path='img/val', seg_map_path='labels/val'),
    data_root='data/cleared',
    img_suffix='.jpg',
    pipeline=[
        dict(type='LoadImageFromFile'),
        dict(type='LoadAnnotations'),
        dict(type='PackSegInputs'),
    ],
    seg_map_suffix='.png',
    type='AnimalsDataset')
val_evaluator = dict(
    classwise=True, iou_metrics=[
        'mDice',
    ], num_classes=3, type='IoUMetric')
val_pipeline = [
    dict(type='LoadImageFromFile'),
    dict(type='LoadAnnotations'),
    dict(type='PackSegInputs'),
]
vis_backends = [
    dict(type='LocalVisBackend'),
]
visualizer = dict(
    name='visualizer',
    type='SegLocalVisualizer',
    vis_backends=[
        dict(type='LocalVisBackend'),
    ])
work_dir = 'practicum_work/artifacts/mmsegmentation_work_dir'

2026/04/10 14:19:30 - mmengine - INFO - Distributed training is not used, all SyncBatchNorm (SyncBN) layers in the model will be automatically reverted to BatchNormXd layers if they are used.
2026/04/10 14:19:30 - mmengine - INFO - Hooks will be executed in the following order:
before_run:
(VERY_HIGH   ) RuntimeInfoHook                    
(BELOW_NORMAL) LoggerHook                         
 -------------------- 
before_train:
(VERY_HIGH   ) RuntimeInfoHook                    
(NORMAL      ) IterTimerHook                      
(VERY_LOW    ) CheckpointHook                     
 -------------------- 
before_train_epoch:
(VERY_HIGH   ) RuntimeInfoHook                    
(NORMAL      ) IterTimerHook                      
(NORMAL      ) DistSamplerSeedHook                
 -------------------- 
before_train_iter:
(VERY_HIGH   ) RuntimeInfoHook                    
(NORMAL      ) IterTimerHook                      
 -------------------- 
after_train_iter:
(VERY_HIGH   ) RuntimeInfoHook                    
(NORMAL      ) IterTimerHook                      
(BELOW_NORMAL) LoggerHook                         
(LOW         ) ParamSchedulerHook                 
(VERY_LOW    ) CheckpointHook                     
 -------------------- 
after_train_epoch:
(NORMAL      ) IterTimerHook                      
(LOW         ) ParamSchedulerHook                 
(VERY_LOW    ) CheckpointHook                     
 -------------------- 
before_val:
(VERY_HIGH   ) RuntimeInfoHook                    
 -------------------- 
before_val_epoch:
(NORMAL      ) IterTimerHook                      
 -------------------- 
before_val_iter:
(NORMAL      ) IterTimerHook                      
 -------------------- 
after_val_iter:
(NORMAL      ) IterTimerHook                      
(NORMAL      ) SegVisualizationHook               
(BELOW_NORMAL) LoggerHook                         
 -------------------- 
after_val_epoch:
(VERY_HIGH   ) RuntimeInfoHook                    
(NORMAL      ) IterTimerHook                      
(BELOW_NORMAL) LoggerHook                         
(LOW         ) ParamSchedulerHook                 
(VERY_LOW    ) CheckpointHook                     
 -------------------- 
after_val:
(VERY_HIGH   ) RuntimeInfoHook                    
 -------------------- 
after_train:
(VERY_HIGH   ) RuntimeInfoHook                    
(VERY_LOW    ) CheckpointHook                     
 -------------------- 
before_test:
(VERY_HIGH   ) RuntimeInfoHook                    
 -------------------- 
before_test_epoch:
(NORMAL      ) IterTimerHook                      
 -------------------- 
before_test_iter:
(NORMAL      ) IterTimerHook                      
 -------------------- 
after_test_iter:
(NORMAL      ) IterTimerHook                      
(NORMAL      ) SegVisualizationHook               
(BELOW_NORMAL) LoggerHook                         
 -------------------- 
after_test_epoch:
(VERY_HIGH   ) RuntimeInfoHook                    
(NORMAL      ) IterTimerHook                      
(BELOW_NORMAL) LoggerHook                         
 -------------------- 
after_test:
(VERY_HIGH   ) RuntimeInfoHook                    
 -------------------- 
after_run:
(BELOW_NORMAL) LoggerHook                         
 -------------------- 
2026/04/10 14:19:36 - mmengine - WARNING - The prefix is not set in metric class IoUMetric.
Name of parameter - Initialization information

backbone.encoder.0.0.convs.0.conv.weight - torch.Size([64, 3, 3, 3]): 
KaimingInit: a=0, mode=fan_out, nonlinearity=relu, distribution =normal, bias=0 

backbone.encoder.0.0.convs.0.bn.weight - torch.Size([64]): 
The value is the same before and after calling `init_weights` of EncoderDecoder  

backbone.encoder.0.0.convs.0.bn.bias - torch.Size([64]): 
The value is the same before and after calling `init_weights` of EncoderDecoder  

backbone.encoder.0.0.convs.1.conv.weight - torch.Size([64, 64, 3, 3]): 
KaimingInit: a=0, mode=fan_out, nonlinearity=relu, distribution =normal, bias=0 

backbone.encoder.0.0.convs.1.bn.weight - torch.Size([64]): 
The value is the same before and after calling `init_weights` of EncoderDecoder  

backbone.encoder.0.0.convs.1.bn.bias - torch.Size([64]): 
The value is the same before and after calling `init_weights` of EncoderDecoder  

backbone.encoder.1.1.convs.0.conv.weight - torch.Size([128, 64, 3, 3]): 
KaimingInit: a=0, mode=fan_out, nonlinearity=relu, distribution =normal, bias=0 

backbone.encoder.1.1.convs.0.bn.weight - torch.Size([128]): 
The value is the same before and after calling `init_weights` of EncoderDecoder  

backbone.encoder.1.1.convs.0.bn.bias - torch.Size([128]): 
The value is the same before and after calling `init_weights` of EncoderDecoder  

backbone.encoder.1.1.convs.1.conv.weight - torch.Size([128, 128, 3, 3]): 
KaimingInit: a=0, mode=fan_out, nonlinearity=relu, distribution =normal, bias=0 

backbone.encoder.1.1.convs.1.bn.weight - torch.Size([128]): 
The value is the same before and after calling `init_weights` of EncoderDecoder  

backbone.encoder.1.1.convs.1.bn.bias - torch.Size([128]): 
The value is the same before and after calling `init_weights` of EncoderDecoder  

backbone.encoder.2.1.convs.0.conv.weight - torch.Size([256, 128, 3, 3]): 
KaimingInit: a=0, mode=fan_out, nonlinearity=relu, distribution =normal, bias=0 

backbone.encoder.2.1.convs.0.bn.weight - torch.Size([256]): 
The value is the same before and after calling `init_weights` of EncoderDecoder  

backbone.encoder.2.1.convs.0.bn.bias - torch.Size([256]): 
The value is the same before and after calling `init_weights` of EncoderDecoder  

backbone.encoder.2.1.convs.1.conv.weight - torch.Size([256, 256, 3, 3]): 
KaimingInit: a=0, mode=fan_out, nonlinearity=relu, distribution =normal, bias=0 

backbone.encoder.2.1.convs.1.bn.weight - torch.Size([256]): 
The value is the same before and after calling `init_weights` of EncoderDecoder  

backbone.encoder.2.1.convs.1.bn.bias - torch.Size([256]): 
The value is the same before and after calling `init_weights` of EncoderDecoder  

backbone.encoder.3.1.convs.0.conv.weight - torch.Size([512, 256, 3, 3]): 
KaimingInit: a=0, mode=fan_out, nonlinearity=relu, distribution =normal, bias=0 

backbone.encoder.3.1.convs.0.bn.weight - torch.Size([512]): 
The value is the same before and after calling `init_weights` of EncoderDecoder  

backbone.encoder.3.1.convs.0.bn.bias - torch.Size([512]): 
The value is the same before and after calling `init_weights` of EncoderDecoder  

backbone.encoder.3.1.convs.1.conv.weight - torch.Size([512, 512, 3, 3]): 
KaimingInit: a=0, mode=fan_out, nonlinearity=relu, distribution =normal, bias=0 

backbone.encoder.3.1.convs.1.bn.weight - torch.Size([512]): 
The value is the same before and after calling `init_weights` of EncoderDecoder  

backbone.encoder.3.1.convs.1.bn.bias - torch.Size([512]): 
The value is the same before and after calling `init_weights` of EncoderDecoder  

backbone.encoder.4.1.convs.0.conv.weight - torch.Size([1024, 512, 3, 3]): 
KaimingInit: a=0, mode=fan_out, nonlinearity=relu, distribution =normal, bias=0 

backbone.encoder.4.1.convs.0.bn.weight - torch.Size([1024]): 
The value is the same before and after calling `init_weights` of EncoderDecoder  

backbone.encoder.4.1.convs.0.bn.bias - torch.Size([1024]): 
The value is the same before and after calling `init_weights` of EncoderDecoder  

backbone.encoder.4.1.convs.1.conv.weight - torch.Size([1024, 1024, 3, 3]): 
KaimingInit: a=0, mode=fan_out, nonlinearity=relu, distribution =normal, bias=0 

backbone.encoder.4.1.convs.1.bn.weight - torch.Size([1024]): 
The value is the same before and after calling `init_weights` of EncoderDecoder  

backbone.encoder.4.1.convs.1.bn.bias - torch.Size([1024]): 
The value is the same before and after calling `init_weights` of EncoderDecoder  

backbone.decoder.0.conv_block.convs.0.conv.weight - torch.Size([64, 128, 3, 3]): 
KaimingInit: a=0, mode=fan_out, nonlinearity=relu, distribution =normal, bias=0 

backbone.decoder.0.conv_block.convs.0.bn.weight - torch.Size([64]): 
The value is the same before and after calling `init_weights` of EncoderDecoder  

backbone.decoder.0.conv_block.convs.0.bn.bias - torch.Size([64]): 
The value is the same before and after calling `init_weights` of EncoderDecoder  

backbone.decoder.0.conv_block.convs.1.conv.weight - torch.Size([64, 64, 3, 3]): 
KaimingInit: a=0, mode=fan_out, nonlinearity=relu, distribution =normal, bias=0 

backbone.decoder.0.conv_block.convs.1.bn.weight - torch.Size([64]): 
The value is the same before and after calling `init_weights` of EncoderDecoder  

backbone.decoder.0.conv_block.convs.1.bn.bias - torch.Size([64]): 
The value is the same before and after calling `init_weights` of EncoderDecoder  

backbone.decoder.0.upsample.interp_upsample.1.conv.weight - torch.Size([64, 128, 1, 1]): 
KaimingInit: a=0, mode=fan_out, nonlinearity=relu, distribution =normal, bias=0 

backbone.decoder.0.upsample.interp_upsample.1.bn.weight - torch.Size([64]): 
The value is the same before and after calling `init_weights` of EncoderDecoder  

backbone.decoder.0.upsample.interp_upsample.1.bn.bias - torch.Size([64]): 
The value is the same before and after calling `init_weights` of EncoderDecoder  

backbone.decoder.1.conv_block.convs.0.conv.weight - torch.Size([128, 256, 3, 3]): 
KaimingInit: a=0, mode=fan_out, nonlinearity=relu, distribution =normal, bias=0 

backbone.decoder.1.conv_block.convs.0.bn.weight - torch.Size([128]): 
The value is the same before and after calling `init_weights` of EncoderDecoder  

backbone.decoder.1.conv_block.convs.0.bn.bias - torch.Size([128]): 
The value is the same before and after calling `init_weights` of EncoderDecoder  

backbone.decoder.1.conv_block.convs.1.conv.weight - torch.Size([128, 128, 3, 3]): 
KaimingInit: a=0, mode=fan_out, nonlinearity=relu, distribution =normal, bias=0 

backbone.decoder.1.conv_block.convs.1.bn.weight - torch.Size([128]): 
The value is the same before and after calling `init_weights` of EncoderDecoder  

backbone.decoder.1.conv_block.convs.1.bn.bias - torch.Size([128]): 
The value is the same before and after calling `init_weights` of EncoderDecoder  

backbone.decoder.1.upsample.interp_upsample.1.conv.weight - torch.Size([128, 256, 1, 1]): 
KaimingInit: a=0, mode=fan_out, nonlinearity=relu, distribution =normal, bias=0 

backbone.decoder.1.upsample.interp_upsample.1.bn.weight - torch.Size([128]): 
The value is the same before and after calling `init_weights` of EncoderDecoder  

backbone.decoder.1.upsample.interp_upsample.1.bn.bias - torch.Size([128]): 
The value is the same before and after calling `init_weights` of EncoderDecoder  

backbone.decoder.2.conv_block.convs.0.conv.weight - torch.Size([256, 512, 3, 3]): 
KaimingInit: a=0, mode=fan_out, nonlinearity=relu, distribution =normal, bias=0 

backbone.decoder.2.conv_block.convs.0.bn.weight - torch.Size([256]): 
The value is the same before and after calling `init_weights` of EncoderDecoder  

backbone.decoder.2.conv_block.convs.0.bn.bias - torch.Size([256]): 
The value is the same before and after calling `init_weights` of EncoderDecoder  

backbone.decoder.2.conv_block.convs.1.conv.weight - torch.Size([256, 256, 3, 3]): 
KaimingInit: a=0, mode=fan_out, nonlinearity=relu, distribution =normal, bias=0 

backbone.decoder.2.conv_block.convs.1.bn.weight - torch.Size([256]): 
The value is the same before and after calling `init_weights` of EncoderDecoder  

backbone.decoder.2.conv_block.convs.1.bn.bias - torch.Size([256]): 
The value is the same before and after calling `init_weights` of EncoderDecoder  

backbone.decoder.2.upsample.interp_upsample.1.conv.weight - torch.Size([256, 512, 1, 1]): 
KaimingInit: a=0, mode=fan_out, nonlinearity=relu, distribution =normal, bias=0 

backbone.decoder.2.upsample.interp_upsample.1.bn.weight - torch.Size([256]): 
The value is the same before and after calling `init_weights` of EncoderDecoder  

backbone.decoder.2.upsample.interp_upsample.1.bn.bias - torch.Size([256]): 
The value is the same before and after calling `init_weights` of EncoderDecoder  

backbone.decoder.3.conv_block.convs.0.conv.weight - torch.Size([512, 1024, 3, 3]): 
KaimingInit: a=0, mode=fan_out, nonlinearity=relu, distribution =normal, bias=0 

backbone.decoder.3.conv_block.convs.0.bn.weight - torch.Size([512]): 
The value is the same before and after calling `init_weights` of EncoderDecoder  

backbone.decoder.3.conv_block.convs.0.bn.bias - torch.Size([512]): 
The value is the same before and after calling `init_weights` of EncoderDecoder  

backbone.decoder.3.conv_block.convs.1.conv.weight - torch.Size([512, 512, 3, 3]): 
KaimingInit: a=0, mode=fan_out, nonlinearity=relu, distribution =normal, bias=0 

backbone.decoder.3.conv_block.convs.1.bn.weight - torch.Size([512]): 
The value is the same before and after calling `init_weights` of EncoderDecoder  

backbone.decoder.3.conv_block.convs.1.bn.bias - torch.Size([512]): 
The value is the same before and after calling `init_weights` of EncoderDecoder  

backbone.decoder.3.upsample.interp_upsample.1.conv.weight - torch.Size([512, 1024, 1, 1]): 
KaimingInit: a=0, mode=fan_out, nonlinearity=relu, distribution =normal, bias=0 

backbone.decoder.3.upsample.interp_upsample.1.bn.weight - torch.Size([512]): 
The value is the same before and after calling `init_weights` of EncoderDecoder  

backbone.decoder.3.upsample.interp_upsample.1.bn.bias - torch.Size([512]): 
The value is the same before and after calling `init_weights` of EncoderDecoder  

decode_head.conv_seg.weight - torch.Size([3, 64, 1, 1]): 
NormalInit: mean=0, std=0.01, bias=0 

decode_head.conv_seg.bias - torch.Size([3]): 
NormalInit: mean=0, std=0.01, bias=0 

decode_head.convs.0.conv.weight - torch.Size([64, 64, 3, 3]): 
The value is the same before and after calling `init_weights` of EncoderDecoder  

decode_head.convs.0.bn.weight - torch.Size([64]): 
The value is the same before and after calling `init_weights` of EncoderDecoder  

decode_head.convs.0.bn.bias - torch.Size([64]): 
The value is the same before and after calling `init_weights` of EncoderDecoder  
2026/04/10 14:19:36 - mmengine - INFO - Load checkpoint from practicum_work/artifacts/mmsegmentation_work_dir/best_mDice_epoch_90_adamw_69.pth
2026/04/10 14:19:36 - mmengine - WARNING - "FileClient" will be deprecated in future. Please use io functions in https://mmengine.readthedocs.io/en/latest/api/fileio.html#file-io
2026/04/10 14:19:36 - mmengine - WARNING - "HardDiskBackend" is the alias of "LocalBackend" and the former will be deprecated in future.
2026/04/10 14:19:36 - mmengine - INFO - Checkpoints will be saved to /data_12/gpudev/kashnitskii/yx/s6_project/practicum_work/artifacts/mmsegmentation_work_dir.
2026/04/10 14:19:48 - mmengine - INFO - Exp name: unet1_conf_20260410_141928
2026/04/10 14:19:48 - mmengine - INFO - Iter(train) [  36/3600]  lr: 2.0000e-04  eta: 0:19:53  time: 0.1799  data_time: 0.0060  memory: 19183  loss: 0.4804  decode.loss_tversky: 0.4368  decode.loss_dice: 0.0436  decode.acc_seg: 94.4063
2026/04/10 14:19:49 - mmengine - INFO - per class results:
2026/04/10 14:19:49 - mmengine - INFO - 
+------------+-------+-------+
|   Class    |  Dice |  Acc  |
+------------+-------+-------+
| background | 96.78 | 98.14 |
|    cat     | 44.25 | 39.26 |
|    dog     | 34.93 | 30.65 |
+------------+-------+-------+
2026/04/10 14:19:49 - mmengine - INFO - Iter(val) [15/15]    aAcc: 91.4600  mDice: 58.6500  mAcc: 56.0100  data_time: 0.0146  time: 0.0714
2026/04/10 14:19:49 - mmengine - INFO - The best checkpoint with 58.6500 mDice at 1 epoch is saved to best_mDice_epoch_1.pth.
2026/04/10 14:19:56 - mmengine - INFO - Exp name: unet1_conf_20260410_141928
2026/04/10 14:19:56 - mmengine - INFO - Iter(train) [  72/3600]  lr: 1.9819e-04  eta: 0:15:11  time: 0.1817  data_time: 0.0066  memory: 4434  loss: 0.4637  decode.loss_tversky: 0.4204  decode.loss_dice: 0.0433  decode.acc_seg: 96.2921
2026/04/10 14:19:57 - mmengine - INFO - per class results:
2026/04/10 14:19:57 - mmengine - INFO - 
+------------+-------+-------+
|   Class    |  Dice |  Acc  |
+------------+-------+-------+
| background | 96.68 | 96.98 |
|    cat     | 46.95 |  45.6 |
|    dog     | 35.73 | 35.02 |
+------------+-------+-------+
2026/04/10 14:19:57 - mmengine - INFO - Iter(val) [15/15]    aAcc: 91.0100  mDice: 59.7900  mAcc: 59.2000  data_time: 0.0102  time: 0.0665
2026/04/10 14:19:57 - mmengine - INFO - The previous best checkpoint /data_12/gpudev/kashnitskii/yx/s6_project/practicum_work/artifacts/mmsegmentation_work_dir/best_mDice_epoch_1.pth is removed
2026/04/10 14:19:57 - mmengine - INFO - The best checkpoint with 59.7900 mDice at 2 epoch is saved to best_mDice_epoch_2.pth.
2026/04/10 14:20:04 - mmengine - INFO - Exp name: unet1_conf_20260410_141928
2026/04/10 14:20:04 - mmengine - INFO - Iter(train) [ 108/3600]  lr: 1.9638e-04  eta: 0:13:34  time: 0.1802  data_time: 0.0059  memory: 4434  loss: 0.4831  decode.loss_tversky: 0.4315  decode.loss_dice: 0.0516  decode.acc_seg: 93.4105
2026/04/10 14:20:05 - mmengine - INFO - per class results:
2026/04/10 14:20:05 - mmengine - INFO - 
+------------+-------+-------+
|   Class    |  Dice |  Acc  |
+------------+-------+-------+
| background | 96.68 | 96.97 |
|    cat     | 57.09 |  56.9 |
|    dog     | 47.79 | 44.99 |
+------------+-------+-------+
2026/04/10 14:20:05 - mmengine - INFO - Iter(val) [15/15]    aAcc: 92.1700  mDice: 67.1900  mAcc: 66.2900  data_time: 0.0098  time: 0.0656
2026/04/10 14:20:05 - mmengine - INFO - The previous best checkpoint /data_12/gpudev/kashnitskii/yx/s6_project/practicum_work/artifacts/mmsegmentation_work_dir/best_mDice_epoch_2.pth is removed
2026/04/10 14:20:05 - mmengine - INFO - The best checkpoint with 67.1900 mDice at 3 epoch is saved to best_mDice_epoch_3.pth.
2026/04/10 14:20:12 - mmengine - INFO - Exp name: unet1_conf_20260410_141928
2026/04/10 14:20:12 - mmengine - INFO - Iter(train) [ 144/3600]  lr: 1.9456e-04  eta: 0:12:42  time: 0.1816  data_time: 0.0067  memory: 4434  loss: 0.4638  decode.loss_tversky: 0.4124  decode.loss_dice: 0.0515  decode.acc_seg: 95.0247
2026/04/10 14:20:13 - mmengine - INFO - per class results:
2026/04/10 14:20:13 - mmengine - INFO - 
+------------+-------+-------+
|   Class    |  Dice |  Acc  |
+------------+-------+-------+
| background | 95.46 | 93.57 |
|    cat     | 49.71 | 46.51 |
|    dog     |  40.5 | 61.71 |
+------------+-------+-------+
2026/04/10 14:20:13 - mmengine - INFO - Iter(val) [15/15]    aAcc: 89.1500  mDice: 61.8900  mAcc: 67.2600  data_time: 0.0095  time: 0.0654
2026/04/10 14:20:19 - mmengine - INFO - Exp name: unet1_conf_20260410_141928
2026/04/10 14:20:19 - mmengine - INFO - Iter(train) [ 180/3600]  lr: 1.9275e-04  eta: 0:12:09  time: 0.1810  data_time: 0.0059  memory: 4434  loss: 0.5475  decode.loss_tversky: 0.4758  decode.loss_dice: 0.0717  decode.acc_seg: 90.0646
2026/04/10 14:20:20 - mmengine - INFO - per class results:
2026/04/10 14:20:20 - mmengine - INFO - 
+------------+-------+-------+
|   Class    |  Dice |  Acc  |
+------------+-------+-------+
| background | 93.74 | 90.79 |
|    cat     | 44.74 | 43.66 |
|    dog     | 38.77 |  66.3 |
+------------+-------+-------+
2026/04/10 14:20:20 - mmengine - INFO - Iter(val) [15/15]    aAcc: 86.6700  mDice: 59.0900  mAcc: 66.9200  data_time: 0.0100  time: 0.0662
2026/04/10 14:20:27 - mmengine - INFO - Exp name: unet1_conf_20260410_141928
2026/04/10 14:20:27 - mmengine - INFO - Iter(train) [ 216/3600]  lr: 1.9093e-04  eta: 0:11:44  time: 0.1823  data_time: 0.0060  memory: 4434  loss: 0.5026  decode.loss_tversky: 0.4328  decode.loss_dice: 0.0697  decode.acc_seg: 92.4433
2026/04/10 14:20:28 - mmengine - INFO - per class results:
2026/04/10 14:20:28 - mmengine - INFO - 
+------------+-------+-------+
|   Class    |  Dice |  Acc  |
+------------+-------+-------+
| background | 96.39 | 97.45 |
|    cat     | 43.38 | 30.92 |
|    dog     | 45.96 | 55.83 |
+------------+-------+-------+
2026/04/10 14:20:28 - mmengine - INFO - Iter(val) [15/15]    aAcc: 91.3500  mDice: 61.9100  mAcc: 61.4000  data_time: 0.0094  time: 0.0655
2026/04/10 14:20:35 - mmengine - INFO - Exp name: unet1_conf_20260410_141928
2026/04/10 14:20:35 - mmengine - INFO - Iter(train) [ 252/3600]  lr: 1.8911e-04  eta: 0:11:25  time: 0.1823  data_time: 0.0061  memory: 4434  loss: 0.4820  decode.loss_tversky: 0.4207  decode.loss_dice: 0.0613  decode.acc_seg: 91.9069
2026/04/10 14:20:36 - mmengine - INFO - per class results:
2026/04/10 14:20:36 - mmengine - INFO - 
+------------+-------+-------+
|   Class    |  Dice |  Acc  |
+------------+-------+-------+
| background | 95.86 | 95.45 |
|    cat     | 48.66 | 66.88 |
|    dog     |  0.0  |  0.0  |
+------------+-------+-------+
2026/04/10 14:20:36 - mmengine - INFO - Iter(val) [15/15]    aAcc: 89.5800  mDice: 48.1700  mAcc: 54.1100  data_time: 0.0090  time: 0.0652
2026/04/10 14:20:42 - mmengine - INFO - Exp name: unet1_conf_20260410_141928
2026/04/10 14:20:42 - mmengine - INFO - Iter(train) [ 288/3600]  lr: 1.8729e-04  eta: 0:11:10  time: 0.1839  data_time: 0.0065  memory: 4434  loss: 0.5635  decode.loss_tversky: 0.4638  decode.loss_dice: 0.0997  decode.acc_seg: 90.5478
2026/04/10 14:20:44 - mmengine - INFO - per class results:
2026/04/10 14:20:44 - mmengine - INFO - 
+------------+-------+-------+
|   Class    |  Dice |  Acc  |
+------------+-------+-------+
| background | 94.27 | 96.77 |
|    cat     | 31.44 | 24.16 |
|    dog     | 16.27 |  13.0 |
+------------+-------+-------+
2026/04/10 14:20:44 - mmengine - INFO - Iter(val) [15/15]    aAcc: 88.5000  mDice: 47.3300  mAcc: 44.6400  data_time: 0.0268  time: 0.0828
2026/04/10 14:20:50 - mmengine - INFO - Exp name: unet1_conf_20260410_141928
2026/04/10 14:20:50 - mmengine - INFO - Iter(train) [ 324/3600]  lr: 1.8547e-04  eta: 0:10:56  time: 0.1837  data_time: 0.0063  memory: 4434  loss: 0.5031  decode.loss_tversky: 0.4213  decode.loss_dice: 0.0818  decode.acc_seg: 90.0375
2026/04/10 14:20:51 - mmengine - INFO - per class results:
2026/04/10 14:20:51 - mmengine - INFO - 
+------------+-------+-------+
|   Class    |  Dice |  Acc  |
+------------+-------+-------+
| background | 95.11 | 96.61 |
|    cat     | 46.35 | 50.46 |
|    dog     |  4.19 |  2.2  |
+------------+-------+-------+
2026/04/10 14:20:51 - mmengine - INFO - Iter(val) [15/15]    aAcc: 89.6400  mDice: 48.5500  mAcc: 49.7600  data_time: 0.0094  time: 0.0656
2026/04/10 14:20:58 - mmengine - INFO - Exp name: unet1_conf_20260410_141928
2026/04/10 14:20:58 - mmengine - INFO - Iter(train) [ 360/3600]  lr: 1.8364e-04  eta: 0:10:44  time: 0.1836  data_time: 0.0061  memory: 4434  loss: 0.5216  decode.loss_tversky: 0.4342  decode.loss_dice: 0.0874  decode.acc_seg: 88.5178
2026/04/10 14:20:59 - mmengine - INFO - per class results:
2026/04/10 14:20:59 - mmengine - INFO - 
+------------+-------+-------+
|   Class    |  Dice |  Acc  |
+------------+-------+-------+
| background |  94.9 |  98.2 |
|    cat     | 38.03 | 30.26 |
|    dog     | 17.88 | 10.38 |
+------------+-------+-------+
2026/04/10 14:20:59 - mmengine - INFO - Iter(val) [15/15]    aAcc: 90.0700  mDice: 50.2700  mAcc: 46.2800  data_time: 0.0087  time: 0.0650
2026/04/10 14:21:06 - mmengine - INFO - Exp name: unet1_conf_20260410_141928
2026/04/10 14:21:06 - mmengine - INFO - Iter(train) [ 396/3600]  lr: 1.8181e-04  eta: 0:10:33  time: 0.1848  data_time: 0.0066  memory: 4434  loss: 0.5135  decode.loss_tversky: 0.4227  decode.loss_dice: 0.0908  decode.acc_seg: 91.7253
2026/04/10 14:21:07 - mmengine - INFO - per class results:
2026/04/10 14:21:07 - mmengine - INFO - 
+------------+-------+-------+
|   Class    |  Dice |  Acc  |
+------------+-------+-------+
| background | 94.92 | 97.74 |
|    cat     | 28.28 | 20.41 |
|    dog     | 28.44 | 22.81 |
+------------+-------+-------+
2026/04/10 14:21:07 - mmengine - INFO - Iter(val) [15/15]    aAcc: 89.5400  mDice: 50.5500  mAcc: 46.9900  data_time: 0.0239  time: 0.0806
2026/04/10 14:21:13 - mmengine - INFO - Exp name: unet1_conf_20260410_141928
2026/04/10 14:21:13 - mmengine - INFO - Iter(train) [ 432/3600]  lr: 1.7998e-04  eta: 0:10:23  time: 0.1859  data_time: 0.0069  memory: 4434  loss: 0.5175  decode.loss_tversky: 0.4330  decode.loss_dice: 0.0844  decode.acc_seg: 88.9238
2026/04/10 14:21:14 - mmengine - INFO - per class results:
2026/04/10 14:21:14 - mmengine - INFO - 
+------------+-------+-------+
|   Class    |  Dice |  Acc  |
+------------+-------+-------+
| background | 94.77 |  98.2 |
|    cat     | 34.04 | 25.23 |
|    dog     |  16.1 | 10.19 |
+------------+-------+-------+
2026/04/10 14:21:14 - mmengine - INFO - Iter(val) [15/15]    aAcc: 89.7400  mDice: 48.3000  mAcc: 44.5400  data_time: 0.0094  time: 0.0660
2026/04/10 14:21:21 - mmengine - INFO - Exp name: unet1_conf_20260410_141928
2026/04/10 14:21:21 - mmengine - INFO - Iter(train) [ 468/3600]  lr: 1.7815e-04  eta: 0:10:13  time: 0.1842  data_time: 0.0060  memory: 4434  loss: 0.5502  decode.loss_tversky: 0.4561  decode.loss_dice: 0.0940  decode.acc_seg: 89.3602
2026/04/10 14:21:22 - mmengine - INFO - per class results:
2026/04/10 14:21:22 - mmengine - INFO - 
+------------+-------+-------+
|   Class    |  Dice |  Acc  |
+------------+-------+-------+
| background | 95.32 | 96.96 |
|    cat     | 44.51 |  48.3 |
|    dog     |  0.08 |  0.04 |
+------------+-------+-------+
2026/04/10 14:21:22 - mmengine - INFO - Iter(val) [15/15]    aAcc: 89.7100  mDice: 46.6400  mAcc: 48.4300  data_time: 0.0088  time: 0.0652
2026/04/10 14:21:29 - mmengine - INFO - Exp name: unet1_conf_20260410_141928
2026/04/10 14:21:29 - mmengine - INFO - Iter(train) [ 504/3600]  lr: 1.7632e-04  eta: 0:10:04  time: 0.1847  data_time: 0.0061  memory: 4434  loss: 0.5416  decode.loss_tversky: 0.4467  decode.loss_dice: 0.0949  decode.acc_seg: 93.2957
2026/04/10 14:21:30 - mmengine - INFO - per class results:
2026/04/10 14:21:30 - mmengine - INFO - 
+------------+-------+-------+
|   Class    |  Dice |  Acc  |
+------------+-------+-------+
| background | 94.77 | 98.42 |
|    cat     | 38.88 | 30.95 |
|    dog     |  0.0  |  0.0  |
+------------+-------+-------+
2026/04/10 14:21:30 - mmengine - INFO - Iter(val) [15/15]    aAcc: 89.8700  mDice: 44.5500  mAcc: 43.1200  data_time: 0.0099  time: 0.0667
2026/04/10 14:21:36 - mmengine - INFO - Exp name: unet1_conf_20260410_141928
2026/04/10 14:21:36 - mmengine - INFO - Iter(train) [ 540/3600]  lr: 1.7448e-04  eta: 0:09:55  time: 0.1844  data_time: 0.0058  memory: 4434  loss: 0.4976  decode.loss_tversky: 0.4100  decode.loss_dice: 0.0877  decode.acc_seg: 91.5379
2026/04/10 14:21:37 - mmengine - INFO - per class results:
2026/04/10 14:21:37 - mmengine - INFO - 
+------------+-------+-------+
|   Class    |  Dice |  Acc  |
+------------+-------+-------+
| background | 94.45 | 99.58 |
|    cat     |  14.1 |  8.18 |
|    dog     |  0.0  |  0.0  |
+------------+-------+-------+
2026/04/10 14:21:37 - mmengine - INFO - Iter(val) [15/15]    aAcc: 89.4200  mDice: 36.1800  mAcc: 35.9200  data_time: 0.0092  time: 0.0662
2026/04/10 14:21:44 - mmengine - INFO - Exp name: unet1_conf_20260410_141928
2026/04/10 14:21:44 - mmengine - INFO - Iter(train) [ 576/3600]  lr: 1.7265e-04  eta: 0:09:46  time: 0.1859  data_time: 0.0068  memory: 4434  loss: 0.5515  decode.loss_tversky: 0.4542  decode.loss_dice: 0.0974  decode.acc_seg: 94.8128
2026/04/10 14:21:45 - mmengine - INFO - per class results:
2026/04/10 14:21:45 - mmengine - INFO - 
+------------+-------+-------+
|   Class    |  Dice |  Acc  |
+------------+-------+-------+
| background | 94.77 | 99.01 |
|    cat     | 33.32 | 23.67 |
|    dog     |  0.0  |  0.0  |
+------------+-------+-------+
2026/04/10 14:21:45 - mmengine - INFO - Iter(val) [15/15]    aAcc: 89.9300  mDice: 42.7000  mAcc: 40.8900  data_time: 0.0098  time: 0.0670
2026/04/10 14:21:52 - mmengine - INFO - Exp name: unet1_conf_20260410_141928
2026/04/10 14:21:52 - mmengine - INFO - Iter(train) [ 612/3600]  lr: 1.7081e-04  eta: 0:09:38  time: 0.1848  data_time: 0.0058  memory: 4434  loss: 0.5002  decode.loss_tversky: 0.4079  decode.loss_dice: 0.0923  decode.acc_seg: 91.1671
2026/04/10 14:21:53 - mmengine - INFO - per class results:
2026/04/10 14:21:53 - mmengine - INFO - 
+------------+-------+-------+
|   Class    |  Dice |  Acc  |
+------------+-------+-------+
| background | 93.91 | 96.89 |
|    cat     | 32.64 | 28.97 |
|    dog     |  0.0  |  0.0  |
+------------+-------+-------+
2026/04/10 14:21:53 - mmengine - INFO - Iter(val) [15/15]    aAcc: 88.3800  mDice: 42.1800  mAcc: 41.9500  data_time: 0.0089  time: 0.0660
2026/04/10 14:22:00 - mmengine - INFO - Exp name: unet1_conf_20260410_141928
2026/04/10 14:22:00 - mmengine - INFO - Iter(train) [ 648/3600]  lr: 1.6896e-04  eta: 0:09:30  time: 0.1850  data_time: 0.0067  memory: 4434  loss: 0.4883  decode.loss_tversky: 0.4012  decode.loss_dice: 0.0872  decode.acc_seg: 90.4558
2026/04/10 14:22:01 - mmengine - INFO - per class results:
2026/04/10 14:22:01 - mmengine - INFO - 
+------------+-------+-------+
|   Class    |  Dice |  Acc  |
+------------+-------+-------+
| background | 94.92 | 99.43 |
|    cat     | 35.26 | 23.74 |
|    dog     |  0.0  |  0.0  |
+------------+-------+-------+
2026/04/10 14:22:01 - mmengine - INFO - Iter(val) [15/15]    aAcc: 90.3000  mDice: 43.3900  mAcc: 41.0600  data_time: 0.0093  time: 0.0661
2026/04/10 14:22:07 - mmengine - INFO - Exp name: unet1_conf_20260410_141928
2026/04/10 14:22:07 - mmengine - INFO - Iter(train) [ 684/3600]  lr: 1.6712e-04  eta: 0:09:22  time: 0.1860  data_time: 0.0065  memory: 4434  loss: 0.5346  decode.loss_tversky: 0.4460  decode.loss_dice: 0.0887  decode.acc_seg: 92.3216
2026/04/10 14:22:08 - mmengine - INFO - per class results:
2026/04/10 14:22:08 - mmengine - INFO - 
+------------+-------+-------+
|   Class    |  Dice |  Acc  |
+------------+-------+-------+
| background |  94.9 | 98.94 |
|    cat     | 33.93 | 25.11 |
|    dog     |  0.0  |  0.0  |
+------------+-------+-------+
2026/04/10 14:22:08 - mmengine - INFO - Iter(val) [15/15]    aAcc: 89.9500  mDice: 42.9400  mAcc: 41.3500  data_time: 0.0094  time: 0.0665
2026/04/10 14:22:15 - mmengine - INFO - Exp name: unet1_conf_20260410_141928
2026/04/10 14:22:15 - mmengine - INFO - Iter(train) [ 720/3600]  lr: 1.6527e-04  eta: 0:09:14  time: 0.1852  data_time: 0.0060  memory: 4434  loss: 0.4852  decode.loss_tversky: 0.3936  decode.loss_dice: 0.0915  decode.acc_seg: 93.8486
2026/04/10 14:22:16 - mmengine - INFO - per class results:
2026/04/10 14:22:16 - mmengine - INFO - 
+------------+------+-------+
|   Class    | Dice |  Acc  |
+------------+------+-------+
| background | 94.7 | 98.85 |
|    cat     | 31.8 | 22.97 |
|    dog     | 0.0  |  0.0  |
+------------+------+-------+
2026/04/10 14:22:16 - mmengine - INFO - Iter(val) [15/15]    aAcc: 89.7400  mDice: 42.1700  mAcc: 40.6100  data_time: 0.0091  time: 0.0657
2026/04/10 14:22:23 - mmengine - INFO - Exp name: unet1_conf_20260410_141928
2026/04/10 14:22:23 - mmengine - INFO - Iter(train) [ 756/3600]  lr: 1.6342e-04  eta: 0:09:07  time: 0.1856  data_time: 0.0061  memory: 4434  loss: 0.5445  decode.loss_tversky: 0.4377  decode.loss_dice: 0.1068  decode.acc_seg: 87.2110
2026/04/10 14:22:24 - mmengine - INFO - per class results:
2026/04/10 14:22:24 - mmengine - INFO - 
+------------+-------+-------+
|   Class    |  Dice |  Acc  |
+------------+-------+-------+
| background | 94.15 | 98.22 |
|    cat     | 25.27 | 18.45 |
|    dog     |  0.0  |  0.0  |
+------------+-------+-------+
2026/04/10 14:22:24 - mmengine - INFO - Iter(val) [15/15]    aAcc: 88.8800  mDice: 39.8000  mAcc: 38.8900  data_time: 0.0099  time: 0.0669
2026/04/10 14:22:31 - mmengine - INFO - Exp name: unet1_conf_20260410_141928
2026/04/10 14:22:31 - mmengine - INFO - Iter(train) [ 792/3600]  lr: 1.6157e-04  eta: 0:08:59  time: 0.1858  data_time: 0.0062  memory: 4434  loss: 0.5529  decode.loss_tversky: 0.4495  decode.loss_dice: 0.1035  decode.acc_seg: 90.4163
2026/04/10 14:22:32 - mmengine - INFO - per class results:
2026/04/10 14:22:32 - mmengine - INFO - 
+------------+-------+------+
|   Class    |  Dice | Acc  |
+------------+-------+------+
| background | 92.79 | 96.8 |
|    cat     |  3.35 | 2.45 |
|    dog     |  0.0  | 0.0  |
+------------+-------+------+
2026/04/10 14:22:32 - mmengine - INFO - Iter(val) [15/15]    aAcc: 86.5600  mDice: 32.0500  mAcc: 33.0800  data_time: 0.0227  time: 0.0793
2026/04/10 14:22:39 - mmengine - INFO - Exp name: unet1_conf_20260410_141928
2026/04/10 14:22:39 - mmengine - INFO - Iter(train) [ 828/3600]  lr: 1.5972e-04  eta: 0:08:51  time: 0.1858  data_time: 0.0062  memory: 4434  loss: 0.5234  decode.loss_tversky: 0.4243  decode.loss_dice: 0.0991  decode.acc_seg: 94.1891
2026/04/10 14:22:40 - mmengine - INFO - per class results:
2026/04/10 14:22:40 - mmengine - INFO - 
+------------+-------+-------+
|   Class    |  Dice |  Acc  |
+------------+-------+-------+
| background | 94.32 | 100.0 |
|    cat     |  0.0  |  0.0  |
|    dog     |  0.0  |  0.0  |
+------------+-------+-------+
2026/04/10 14:22:40 - mmengine - INFO - Iter(val) [15/15]    aAcc: 89.2600  mDice: 31.4400  mAcc: 33.3300  data_time: 0.0089  time: 0.0656
2026/04/10 14:22:46 - mmengine - INFO - Exp name: unet1_conf_20260410_141928
2026/04/10 14:22:46 - mmengine - INFO - Iter(train) [ 864/3600]  lr: 1.5786e-04  eta: 0:08:44  time: 0.1859  data_time: 0.0060  memory: 4434  loss: 0.5796  decode.loss_tversky: 0.4695  decode.loss_dice: 0.1100  decode.acc_seg: 91.0118
2026/04/10 14:22:47 - mmengine - INFO - per class results:
2026/04/10 14:22:47 - mmengine - INFO - 
+------------+-------+-------+
|   Class    |  Dice |  Acc  |
+------------+-------+-------+
| background | 94.32 | 100.0 |
|    cat     |  0.0  |  0.0  |
|    dog     |  0.0  |  0.0  |
+------------+-------+-------+
2026/04/10 14:22:47 - mmengine - INFO - Iter(val) [15/15]    aAcc: 89.2600  mDice: 31.4400  mAcc: 33.3300  data_time: 0.0087  time: 0.0656
2026/04/10 14:22:54 - mmengine - INFO - Exp name: unet1_conf_20260410_141928
2026/04/10 14:22:54 - mmengine - INFO - Iter(train) [ 900/3600]  lr: 1.5600e-04  eta: 0:08:37  time: 0.1858  data_time: 0.0060  memory: 4434  loss: 0.5337  decode.loss_tversky: 0.4353  decode.loss_dice: 0.0984  decode.acc_seg: 89.8497
2026/04/10 14:22:55 - mmengine - INFO - per class results:
2026/04/10 14:22:55 - mmengine - INFO - 
+------------+-------+-------+
|   Class    |  Dice |  Acc  |
+------------+-------+-------+
| background | 94.32 | 100.0 |
|    cat     |  0.0  |  0.0  |
|    dog     |  0.0  |  0.0  |
+------------+-------+-------+
2026/04/10 14:22:55 - mmengine - INFO - Iter(val) [15/15]    aAcc: 89.2600  mDice: 31.4400  mAcc: 33.3300  data_time: 0.0236  time: 0.0804
2026/04/10 14:23:02 - mmengine - INFO - Exp name: unet1_conf_20260410_141928
2026/04/10 14:23:02 - mmengine - INFO - Iter(train) [ 936/3600]  lr: 1.5414e-04  eta: 0:08:30  time: 0.1861  data_time: 0.0061  memory: 4434  loss: 0.5498  decode.loss_tversky: 0.4505  decode.loss_dice: 0.0993  decode.acc_seg: 89.9975
2026/04/10 14:23:03 - mmengine - INFO - per class results:
2026/04/10 14:23:03 - mmengine - INFO - 
+------------+-------+-------+
|   Class    |  Dice |  Acc  |
+------------+-------+-------+
| background | 94.32 | 100.0 |
|    cat     |  0.0  |  0.0  |
|    dog     |  0.0  |  0.0  |
+------------+-------+-------+
2026/04/10 14:23:03 - mmengine - INFO - Iter(val) [15/15]    aAcc: 89.2600  mDice: 31.4400  mAcc: 33.3300  data_time: 0.0084  time: 0.0652
2026/04/10 14:23:10 - mmengine - INFO - Exp name: unet1_conf_20260410_141928
2026/04/10 14:23:10 - mmengine - INFO - Iter(train) [ 972/3600]  lr: 1.5228e-04  eta: 0:08:22  time: 0.1860  data_time: 0.0060  memory: 4434  loss: 0.5479  decode.loss_tversky: 0.4389  decode.loss_dice: 0.1090  decode.acc_seg: 90.4829
2026/04/10 14:23:11 - mmengine - INFO - per class results:
2026/04/10 14:23:11 - mmengine - INFO - 
+------------+-------+-------+
|   Class    |  Dice |  Acc  |
+------------+-------+-------+
| background | 94.32 | 100.0 |
|    cat     |  0.0  |  0.0  |
|    dog     |  0.0  |  0.0  |
+------------+-------+-------+
2026/04/10 14:23:11 - mmengine - INFO - Iter(val) [15/15]    aAcc: 89.2600  mDice: 31.4400  mAcc: 33.3300  data_time: 0.0087  time: 0.0657
2026/04/10 14:23:16 - mmengine - INFO - Exp name: unet1_conf_20260410_141928
2026/04/10 14:23:18 - mmengine - INFO - Exp name: unet1_conf_20260410_141928
2026/04/10 14:23:18 - mmengine - INFO - Iter(train) [1008/3600]  lr: 1.5041e-04  eta: 0:08:15  time: 0.1856  data_time: 0.0055  memory: 4434  loss: 0.5338  decode.loss_tversky: 0.4349  decode.loss_dice: 0.0988  decode.acc_seg: 86.3180
2026/04/10 14:23:19 - mmengine - INFO - per class results:
2026/04/10 14:23:19 - mmengine - INFO - 
+------------+-------+-------+
|   Class    |  Dice |  Acc  |
+------------+-------+-------+
| background | 94.32 | 100.0 |
|    cat     |  0.0  |  0.0  |
|    dog     |  0.0  |  0.0  |
+------------+-------+-------+
2026/04/10 14:23:19 - mmengine - INFO - Iter(val) [15/15]    aAcc: 89.2600  mDice: 31.4400  mAcc: 33.3300  data_time: 0.0090  time: 0.0663
2026/04/10 14:23:25 - mmengine - INFO - Exp name: unet1_conf_20260410_141928
2026/04/10 14:23:25 - mmengine - INFO - Iter(train) [1044/3600]  lr: 1.4854e-04  eta: 0:08:08  time: 0.1860  data_time: 0.0060  memory: 4434  loss: 0.5250  decode.loss_tversky: 0.4360  decode.loss_dice: 0.0890  decode.acc_seg: 91.5958
2026/04/10 14:23:26 - mmengine - INFO - per class results:
2026/04/10 14:23:26 - mmengine - INFO - 
+------------+-------+-------+
|   Class    |  Dice |  Acc  |
+------------+-------+-------+
| background | 94.32 | 100.0 |
|    cat     |  0.0  |  0.0  |
|    dog     |  0.0  |  0.0  |
+------------+-------+-------+
2026/04/10 14:23:26 - mmengine - INFO - Iter(val) [15/15]    aAcc: 89.2600  mDice: 31.4400  mAcc: 33.3300  data_time: 0.0082  time: 0.0647
2026/04/10 14:23:33 - mmengine - INFO - Exp name: unet1_conf_20260410_141928
2026/04/10 14:23:33 - mmengine - INFO - Iter(train) [1080/3600]  lr: 1.4667e-04  eta: 0:08:01  time: 0.1859  data_time: 0.0060  memory: 4434  loss: 0.5333  decode.loss_tversky: 0.4261  decode.loss_dice: 0.1072  decode.acc_seg: 87.8448
2026/04/10 14:23:34 - mmengine - INFO - per class results:
2026/04/10 14:23:34 - mmengine - INFO - 
+------------+-------+-------+
|   Class    |  Dice |  Acc  |
+------------+-------+-------+
| background | 94.32 | 100.0 |
|    cat     |  0.0  |  0.0  |
|    dog     |  0.0  |  0.0  |
+------------+-------+-------+
2026/04/10 14:23:34 - mmengine - INFO - Iter(val) [15/15]    aAcc: 89.2600  mDice: 31.4400  mAcc: 33.3300  data_time: 0.0085  time: 0.0655
