2026/04/09 17:17:27 - mmengine - INFO - 
------------------------------------------------------------
System environment:
    sys.platform: linux
    Python: 3.10.16 (main, Jan 14 2025, 22:49:19) [Clang 19.1.6 ]
    CUDA available: True
    MUSA available: False
    numpy_random_seed: 1853093655
    GPU 0: NVIDIA A10
    CUDA_HOME: /usr
    NVCC: Cuda compilation tools, release 12.8, V12.8.93
    GCC: x86_64-alt-linux-gcc (GCC) 13.2.1 20240128 (ALT Sisyphus 13.2.1-alt3)
    PyTorch: 2.4.0+cu121
    PyTorch compiling details: PyTorch built with:
  - GCC 9.3
  - C++ Version: 201703
  - Intel(R) oneAPI Math Kernel Library Version 2022.2-Product Build 20220804 for Intel(R) 64 architecture applications
  - Intel(R) MKL-DNN v3.4.2 (Git Hash 1137e04ec0b5251ca2b4400a4fd3c667ce843d67)
  - OpenMP 201511 (a.k.a. OpenMP 4.5)
  - LAPACK is enabled (usually provided by MKL)
  - NNPACK is enabled
  - CPU capability usage: AVX512
  - CUDA Runtime 12.1
  - NVCC architecture flags: -gencode;arch=compute_50,code=sm_50;-gencode;arch=compute_60,code=sm_60;-gencode;arch=compute_70,code=sm_70;-gencode;arch=compute_75,code=sm_75;-gencode;arch=compute_80,code=sm_80;-gencode;arch=compute_86,code=sm_86;-gencode;arch=compute_90,code=sm_90
  - CuDNN 90.1  (built against CUDA 12.4)
  - Magma 2.6.1
  - Build settings: BLAS_INFO=mkl, BUILD_TYPE=Release, CUDA_VERSION=12.1, CUDNN_VERSION=9.1.0, CXX_COMPILER=/opt/rh/devtoolset-9/root/usr/bin/c++, CXX_FLAGS= -D_GLIBCXX_USE_CXX11_ABI=0 -fabi-version=11 -fvisibility-inlines-hidden -DUSE_PTHREADPOOL -DNDEBUG -DUSE_KINETO -DLIBKINETO_NOROCTRACER -DUSE_FBGEMM -DUSE_PYTORCH_QNNPACK -DUSE_XNNPACK -DSYMBOLICATE_MOBILE_DEBUG_HANDLE -O2 -fPIC -Wall -Wextra -Werror=return-type -Werror=non-virtual-dtor -Werror=bool-operation -Wnarrowing -Wno-missing-field-initializers -Wno-type-limits -Wno-array-bounds -Wno-unknown-pragmas -Wno-unused-parameter -Wno-unused-function -Wno-unused-result -Wno-strict-overflow -Wno-strict-aliasing -Wno-stringop-overflow -Wsuggest-override -Wno-psabi -Wno-error=pedantic -Wno-error=old-style-cast -Wno-missing-braces -fdiagnostics-color=always -faligned-new -Wno-unused-but-set-variable -Wno-maybe-uninitialized -fno-math-errno -fno-trapping-math -Werror=format -Wno-stringop-overflow, LAPACK_INFO=mkl, PERF_WITH_AVX=1, PERF_WITH_AVX2=1, PERF_WITH_AVX512=1, TORCH_VERSION=2.4.0, USE_CUDA=ON, USE_CUDNN=ON, USE_CUSPARSELT=1, USE_EXCEPTION_PTR=1, USE_GFLAGS=OFF, USE_GLOG=OFF, USE_GLOO=ON, USE_MKL=ON, USE_MKLDNN=ON, USE_MPI=OFF, USE_NCCL=1, USE_NNPACK=ON, USE_OPENMP=ON, USE_ROCM=OFF, USE_ROCM_KERNEL_ASSERT=OFF, 

    TorchVision: 0.19.0+cu121
    OpenCV: 4.11.0
    MMEngine: 0.10.7

Runtime environment:
    cudnn_benchmark: True
    mp_cfg: {'mp_start_method': 'fork', 'opencv_num_threads': 0}
    dist_cfg: {'backend': 'nccl'}
    seed: 1853093655
    Distributed launcher: none
    Distributed training: False
    GPU number: 1
------------------------------------------------------------

2026/04/09 17:17:27 - mmengine - INFO - Config:
batch_size = 8
data_preprocessor = dict(
    bgr_to_rgb=True,
    mean=[
        123.675,
        116.28,
        103.53,
    ],
    pad_val=0,
    seg_pad_val=255,
    size=(
        256,
        256,
    ),
    std=[
        58.395,
        57.12,
        57.375,
    ],
    type='SegDataPreProcessor')
data_root = 'data/cleared'
dataset_type = 'AnimalsDataset'
default_hooks = dict(
    checkpoint=dict(
        by_epoch=True,
        interval=50,
        rule='greater',
        save_best='mDice',
        type='CheckpointHook'),
    logger=dict(interval=100, type='LoggerHook'),
    param_scheduler=dict(type='ParamSchedulerHook'),
    sampler_seed=dict(type='DistSamplerSeedHook'),
    visualization=dict(draw=True, interval=100, type='SegVisualizationHook'))
default_scope = 'mmseg'
env_cfg = dict(
    cudnn_benchmark=True,
    dist_cfg=dict(backend='nccl'),
    mp_cfg=dict(mp_start_method='fork', opencv_num_threads=0))
epoch_num = 100
input_size = (
    256,
    256,
)
launcher = 'none'
load_from = 'practicum_work/artifacts/mmsegmentation_work_dir/best_mDice_epoch_sgd_mdice_68.pth'
log_level = 'INFO'
log_processor = dict(by_epoch=False)
model = dict(
    auxiliary_head=dict(
        align_corners=False,
        channels=64,
        concat_input=False,
        dropout_ratio=0.1,
        in_channels=128,
        in_index=3,
        loss_decode=[
            dict(
                gamma=3.0,
                loss_name='loss_focal',
                loss_weight=1.0,
                type='FocalLoss',
                use_sigmoid=True),
            dict(loss_name='loss_dice', loss_weight=1.0, type='DiceLoss'),
        ],
        norm_cfg=dict(requires_grad=True, type='SyncBN'),
        num_classes=3,
        num_convs=1,
        type='FCNHead'),
    backbone=dict(
        act_cfg=dict(type='ReLU'),
        base_channels=64,
        conv_cfg=None,
        dec_dilations=(
            1,
            1,
            1,
            1,
        ),
        dec_num_convs=(
            2,
            2,
            2,
            2,
        ),
        downsamples=(
            True,
            True,
            True,
            True,
        ),
        enc_dilations=(
            1,
            1,
            1,
            1,
            1,
        ),
        enc_num_convs=(
            2,
            2,
            2,
            2,
            2,
        ),
        in_channels=3,
        norm_cfg=dict(requires_grad=True, type='SyncBN'),
        norm_eval=False,
        num_stages=5,
        strides=(
            1,
            1,
            1,
            1,
            1,
        ),
        type='UNet',
        upsample_cfg=dict(type='InterpConv'),
        with_cp=False),
    data_preprocessor=dict(
        bgr_to_rgb=True,
        mean=[
            123.675,
            116.28,
            103.53,
        ],
        pad_val=0,
        seg_pad_val=255,
        size=(
            256,
            256,
        ),
        std=[
            58.395,
            57.12,
            57.375,
        ],
        type='SegDataPreProcessor'),
    decode_head=dict(
        align_corners=False,
        channels=64,
        concat_input=False,
        dropout_ratio=0.1,
        in_channels=64,
        in_index=4,
        loss_decode=[
            dict(
                gamma=3.0,
                loss_name='loss_focal',
                loss_weight=1.0,
                type='FocalLoss',
                use_sigmoid=True),
            dict(loss_name='loss_dice', loss_weight=1.0, type='DiceLoss'),
        ],
        norm_cfg=dict(requires_grad=True, type='SyncBN'),
        num_classes=3,
        num_convs=1,
        type='FCNHead'),
    pretrained=None,
    test_cfg=dict(crop_size=256, mode='whole', stride=170),
    train_cfg=dict(),
    type='EncoderDecoder')
norm_cfg = dict(requires_grad=True, type='SyncBN')
num_workers = 4
optim_wrapper = dict(
    optimizer=dict(lr=0.0005, momentum=0.9, type='SGD', weight_decay=0.0005),
    type='OptimWrapper')
optimizer = dict(lr=0.0005, momentum=0.9, type='SGD', weight_decay=0.0005)
param_scheduler = [
    dict(
        begin=0,
        by_epoch=True,
        end=100,
        eta_min=1e-05,
        power=0.9,
        type='PolyLR'),
]
resume = False
test_cfg = dict(type='TestLoop')
test_dataloader = dict(
    batch_size=8,
    dataset=dict(
        data_prefix=dict(img_path='img/test', seg_map_path='labels/test'),
        data_root='data/cleared',
        img_suffix='.jpg',
        pipeline=[
            dict(type='LoadImageFromFile'),
            dict(type='LoadAnnotations'),
            dict(type='PackSegInputs'),
        ],
        seg_map_suffix='.png',
        type='AnimalsDataset'),
    num_workers=4,
    persistent_workers=True,
    sampler=dict(shuffle=False, type='DefaultSampler'))
test_dataset = dict(
    data_prefix=dict(img_path='img/test', seg_map_path='labels/test'),
    data_root='data/cleared',
    img_suffix='.jpg',
    pipeline=[
        dict(type='LoadImageFromFile'),
        dict(type='LoadAnnotations'),
        dict(type='PackSegInputs'),
    ],
    seg_map_suffix='.png',
    type='AnimalsDataset')
test_evaluator = dict(
    classwise=True, iou_metrics=[
        'mDice',
    ], num_classes=3, type='IoUMetric')
test_pipeline = [
    dict(type='LoadImageFromFile'),
    dict(type='LoadAnnotations'),
    dict(type='PackSegInputs'),
]
train_cfg = dict(max_epochs=100, type='EpochBasedTrainLoop')
train_dataloader = dict(
    batch_size=8,
    dataset=dict(
        data_prefix=dict(img_path='img/train', seg_map_path='labels/train'),
        data_root='data/cleared',
        img_suffix='.jpg',
        pipeline=[
            dict(type='LoadImageFromFile'),
            dict(type='LoadAnnotations'),
            dict(type='PhotoMetricDistortion'),
            dict(type='PackSegInputs'),
        ],
        seg_map_suffix='.png',
        type='AnimalsDataset'),
    num_workers=4,
    persistent_workers=True,
    sampler=dict(shuffle=True, type='DefaultSampler'))
train_dataset = dict(
    data_prefix=dict(img_path='img/train', seg_map_path='labels/train'),
    data_root='data/cleared',
    img_suffix='.jpg',
    pipeline=[
        dict(type='LoadImageFromFile'),
        dict(type='LoadAnnotations'),
        dict(type='PhotoMetricDistortion'),
        dict(type='PackSegInputs'),
    ],
    seg_map_suffix='.png',
    type='AnimalsDataset')
train_pipeline = [
    dict(type='LoadImageFromFile'),
    dict(type='LoadAnnotations'),
    dict(type='PhotoMetricDistortion'),
    dict(type='PackSegInputs'),
]
tta_model = dict(type='SegTTAModel')
val_cfg = dict(type='ValLoop')
val_dataloader = dict(
    batch_size=8,
    dataset=dict(
        data_prefix=dict(img_path='img/val', seg_map_path='labels/val'),
        data_root='data/cleared',
        img_suffix='.jpg',
        pipeline=[
            dict(type='LoadImageFromFile'),
            dict(type='LoadAnnotations'),
            dict(type='PackSegInputs'),
        ],
        seg_map_suffix='.png',
        type='AnimalsDataset'),
    num_workers=4,
    persistent_workers=True,
    sampler=dict(shuffle=False, type='DefaultSampler'))
val_dataset = dict(
    data_prefix=dict(img_path='img/val', seg_map_path='labels/val'),
    data_root='data/cleared',
    img_suffix='.jpg',
    pipeline=[
        dict(type='LoadImageFromFile'),
        dict(type='LoadAnnotations'),
        dict(type='PackSegInputs'),
    ],
    seg_map_suffix='.png',
    type='AnimalsDataset')
val_evaluator = dict(
    classwise=True, iou_metrics=[
        'mDice',
    ], num_classes=3, type='IoUMetric')
val_pipeline = [
    dict(type='LoadImageFromFile'),
    dict(type='LoadAnnotations'),
    dict(type='PackSegInputs'),
]
vis_backends = [
    dict(type='LocalVisBackend'),
]
visualizer = dict(
    name='visualizer',
    type='SegLocalVisualizer',
    vis_backends=[
        dict(type='LocalVisBackend'),
        dict(
            exp_name='sprint6_unet_v12',
            run_name='unet-s5-d16',
            tracking_uri='http://localhost:5000',
            type='MLflowVisBackend'),
    ])
work_dir = 'practicum_work/artifacts/mmsegmentation_work_dir'

2026/04/09 17:17:28 - mmengine - WARNING - Please make sure that the mlflow server is running.
2026/04/09 17:17:30 - mmengine - INFO - Distributed training is not used, all SyncBatchNorm (SyncBN) layers in the model will be automatically reverted to BatchNormXd layers if they are used.
2026/04/09 17:17:30 - mmengine - INFO - Hooks will be executed in the following order:
before_run:
(VERY_HIGH   ) RuntimeInfoHook                    
(BELOW_NORMAL) LoggerHook                         
 -------------------- 
before_train:
(VERY_HIGH   ) RuntimeInfoHook                    
(NORMAL      ) IterTimerHook                      
(VERY_LOW    ) CheckpointHook                     
 -------------------- 
before_train_epoch:
(VERY_HIGH   ) RuntimeInfoHook                    
(NORMAL      ) IterTimerHook                      
(NORMAL      ) DistSamplerSeedHook                
 -------------------- 
before_train_iter:
(VERY_HIGH   ) RuntimeInfoHook                    
(NORMAL      ) IterTimerHook                      
 -------------------- 
after_train_iter:
(VERY_HIGH   ) RuntimeInfoHook                    
(NORMAL      ) IterTimerHook                      
(BELOW_NORMAL) LoggerHook                         
(LOW         ) ParamSchedulerHook                 
(VERY_LOW    ) CheckpointHook                     
 -------------------- 
after_train_epoch:
(NORMAL      ) IterTimerHook                      
(LOW         ) ParamSchedulerHook                 
(VERY_LOW    ) CheckpointHook                     
 -------------------- 
before_val:
(VERY_HIGH   ) RuntimeInfoHook                    
 -------------------- 
before_val_epoch:
(NORMAL      ) IterTimerHook                      
 -------------------- 
before_val_iter:
(NORMAL      ) IterTimerHook                      
 -------------------- 
after_val_iter:
(NORMAL      ) IterTimerHook                      
(NORMAL      ) SegVisualizationHook               
(BELOW_NORMAL) LoggerHook                         
 -------------------- 
after_val_epoch:
(VERY_HIGH   ) RuntimeInfoHook                    
(NORMAL      ) IterTimerHook                      
(BELOW_NORMAL) LoggerHook                         
(LOW         ) ParamSchedulerHook                 
(VERY_LOW    ) CheckpointHook                     
 -------------------- 
after_val:
(VERY_HIGH   ) RuntimeInfoHook                    
 -------------------- 
after_train:
(VERY_HIGH   ) RuntimeInfoHook                    
(VERY_LOW    ) CheckpointHook                     
 -------------------- 
before_test:
(VERY_HIGH   ) RuntimeInfoHook                    
 -------------------- 
before_test_epoch:
(NORMAL      ) IterTimerHook                      
 -------------------- 
before_test_iter:
(NORMAL      ) IterTimerHook                      
 -------------------- 
after_test_iter:
(NORMAL      ) IterTimerHook                      
(NORMAL      ) SegVisualizationHook               
(BELOW_NORMAL) LoggerHook                         
 -------------------- 
after_test_epoch:
(VERY_HIGH   ) RuntimeInfoHook                    
(NORMAL      ) IterTimerHook                      
(BELOW_NORMAL) LoggerHook                         
 -------------------- 
after_test:
(VERY_HIGH   ) RuntimeInfoHook                    
 -------------------- 
after_run:
(BELOW_NORMAL) LoggerHook                         
 -------------------- 
2026/04/09 17:17:31 - mmengine - WARNING - The prefix is not set in metric class IoUMetric.
Name of parameter - Initialization information

backbone.encoder.0.0.convs.0.conv.weight - torch.Size([64, 3, 3, 3]): 
KaimingInit: a=0, mode=fan_out, nonlinearity=relu, distribution =normal, bias=0 

backbone.encoder.0.0.convs.0.bn.weight - torch.Size([64]): 
The value is the same before and after calling `init_weights` of EncoderDecoder  

backbone.encoder.0.0.convs.0.bn.bias - torch.Size([64]): 
The value is the same before and after calling `init_weights` of EncoderDecoder  

backbone.encoder.0.0.convs.1.conv.weight - torch.Size([64, 64, 3, 3]): 
KaimingInit: a=0, mode=fan_out, nonlinearity=relu, distribution =normal, bias=0 

backbone.encoder.0.0.convs.1.bn.weight - torch.Size([64]): 
The value is the same before and after calling `init_weights` of EncoderDecoder  

backbone.encoder.0.0.convs.1.bn.bias - torch.Size([64]): 
The value is the same before and after calling `init_weights` of EncoderDecoder  

backbone.encoder.1.1.convs.0.conv.weight - torch.Size([128, 64, 3, 3]): 
KaimingInit: a=0, mode=fan_out, nonlinearity=relu, distribution =normal, bias=0 

backbone.encoder.1.1.convs.0.bn.weight - torch.Size([128]): 
The value is the same before and after calling `init_weights` of EncoderDecoder  

backbone.encoder.1.1.convs.0.bn.bias - torch.Size([128]): 
The value is the same before and after calling `init_weights` of EncoderDecoder  

backbone.encoder.1.1.convs.1.conv.weight - torch.Size([128, 128, 3, 3]): 
KaimingInit: a=0, mode=fan_out, nonlinearity=relu, distribution =normal, bias=0 

backbone.encoder.1.1.convs.1.bn.weight - torch.Size([128]): 
The value is the same before and after calling `init_weights` of EncoderDecoder  

backbone.encoder.1.1.convs.1.bn.bias - torch.Size([128]): 
The value is the same before and after calling `init_weights` of EncoderDecoder  

backbone.encoder.2.1.convs.0.conv.weight - torch.Size([256, 128, 3, 3]): 
KaimingInit: a=0, mode=fan_out, nonlinearity=relu, distribution =normal, bias=0 

backbone.encoder.2.1.convs.0.bn.weight - torch.Size([256]): 
The value is the same before and after calling `init_weights` of EncoderDecoder  

backbone.encoder.2.1.convs.0.bn.bias - torch.Size([256]): 
The value is the same before and after calling `init_weights` of EncoderDecoder  

backbone.encoder.2.1.convs.1.conv.weight - torch.Size([256, 256, 3, 3]): 
KaimingInit: a=0, mode=fan_out, nonlinearity=relu, distribution =normal, bias=0 

backbone.encoder.2.1.convs.1.bn.weight - torch.Size([256]): 
The value is the same before and after calling `init_weights` of EncoderDecoder  

backbone.encoder.2.1.convs.1.bn.bias - torch.Size([256]): 
The value is the same before and after calling `init_weights` of EncoderDecoder  

backbone.encoder.3.1.convs.0.conv.weight - torch.Size([512, 256, 3, 3]): 
KaimingInit: a=0, mode=fan_out, nonlinearity=relu, distribution =normal, bias=0 

backbone.encoder.3.1.convs.0.bn.weight - torch.Size([512]): 
The value is the same before and after calling `init_weights` of EncoderDecoder  

backbone.encoder.3.1.convs.0.bn.bias - torch.Size([512]): 
The value is the same before and after calling `init_weights` of EncoderDecoder  

backbone.encoder.3.1.convs.1.conv.weight - torch.Size([512, 512, 3, 3]): 
KaimingInit: a=0, mode=fan_out, nonlinearity=relu, distribution =normal, bias=0 

backbone.encoder.3.1.convs.1.bn.weight - torch.Size([512]): 
The value is the same before and after calling `init_weights` of EncoderDecoder  

backbone.encoder.3.1.convs.1.bn.bias - torch.Size([512]): 
The value is the same before and after calling `init_weights` of EncoderDecoder  

backbone.encoder.4.1.convs.0.conv.weight - torch.Size([1024, 512, 3, 3]): 
KaimingInit: a=0, mode=fan_out, nonlinearity=relu, distribution =normal, bias=0 

backbone.encoder.4.1.convs.0.bn.weight - torch.Size([1024]): 
The value is the same before and after calling `init_weights` of EncoderDecoder  

backbone.encoder.4.1.convs.0.bn.bias - torch.Size([1024]): 
The value is the same before and after calling `init_weights` of EncoderDecoder  

backbone.encoder.4.1.convs.1.conv.weight - torch.Size([1024, 1024, 3, 3]): 
KaimingInit: a=0, mode=fan_out, nonlinearity=relu, distribution =normal, bias=0 

backbone.encoder.4.1.convs.1.bn.weight - torch.Size([1024]): 
The value is the same before and after calling `init_weights` of EncoderDecoder  

backbone.encoder.4.1.convs.1.bn.bias - torch.Size([1024]): 
The value is the same before and after calling `init_weights` of EncoderDecoder  

backbone.decoder.0.conv_block.convs.0.conv.weight - torch.Size([64, 128, 3, 3]): 
KaimingInit: a=0, mode=fan_out, nonlinearity=relu, distribution =normal, bias=0 

backbone.decoder.0.conv_block.convs.0.bn.weight - torch.Size([64]): 
The value is the same before and after calling `init_weights` of EncoderDecoder  

backbone.decoder.0.conv_block.convs.0.bn.bias - torch.Size([64]): 
The value is the same before and after calling `init_weights` of EncoderDecoder  

backbone.decoder.0.conv_block.convs.1.conv.weight - torch.Size([64, 64, 3, 3]): 
KaimingInit: a=0, mode=fan_out, nonlinearity=relu, distribution =normal, bias=0 

backbone.decoder.0.conv_block.convs.1.bn.weight - torch.Size([64]): 
The value is the same before and after calling `init_weights` of EncoderDecoder  

backbone.decoder.0.conv_block.convs.1.bn.bias - torch.Size([64]): 
The value is the same before and after calling `init_weights` of EncoderDecoder  

backbone.decoder.0.upsample.interp_upsample.1.conv.weight - torch.Size([64, 128, 1, 1]): 
KaimingInit: a=0, mode=fan_out, nonlinearity=relu, distribution =normal, bias=0 

backbone.decoder.0.upsample.interp_upsample.1.bn.weight - torch.Size([64]): 
The value is the same before and after calling `init_weights` of EncoderDecoder  

backbone.decoder.0.upsample.interp_upsample.1.bn.bias - torch.Size([64]): 
The value is the same before and after calling `init_weights` of EncoderDecoder  

backbone.decoder.1.conv_block.convs.0.conv.weight - torch.Size([128, 256, 3, 3]): 
KaimingInit: a=0, mode=fan_out, nonlinearity=relu, distribution =normal, bias=0 

backbone.decoder.1.conv_block.convs.0.bn.weight - torch.Size([128]): 
The value is the same before and after calling `init_weights` of EncoderDecoder  

backbone.decoder.1.conv_block.convs.0.bn.bias - torch.Size([128]): 
The value is the same before and after calling `init_weights` of EncoderDecoder  

backbone.decoder.1.conv_block.convs.1.conv.weight - torch.Size([128, 128, 3, 3]): 
KaimingInit: a=0, mode=fan_out, nonlinearity=relu, distribution =normal, bias=0 

backbone.decoder.1.conv_block.convs.1.bn.weight - torch.Size([128]): 
The value is the same before and after calling `init_weights` of EncoderDecoder  

backbone.decoder.1.conv_block.convs.1.bn.bias - torch.Size([128]): 
The value is the same before and after calling `init_weights` of EncoderDecoder  

backbone.decoder.1.upsample.interp_upsample.1.conv.weight - torch.Size([128, 256, 1, 1]): 
KaimingInit: a=0, mode=fan_out, nonlinearity=relu, distribution =normal, bias=0 

backbone.decoder.1.upsample.interp_upsample.1.bn.weight - torch.Size([128]): 
The value is the same before and after calling `init_weights` of EncoderDecoder  

backbone.decoder.1.upsample.interp_upsample.1.bn.bias - torch.Size([128]): 
The value is the same before and after calling `init_weights` of EncoderDecoder  

backbone.decoder.2.conv_block.convs.0.conv.weight - torch.Size([256, 512, 3, 3]): 
KaimingInit: a=0, mode=fan_out, nonlinearity=relu, distribution =normal, bias=0 

backbone.decoder.2.conv_block.convs.0.bn.weight - torch.Size([256]): 
The value is the same before and after calling `init_weights` of EncoderDecoder  

backbone.decoder.2.conv_block.convs.0.bn.bias - torch.Size([256]): 
The value is the same before and after calling `init_weights` of EncoderDecoder  

backbone.decoder.2.conv_block.convs.1.conv.weight - torch.Size([256, 256, 3, 3]): 
KaimingInit: a=0, mode=fan_out, nonlinearity=relu, distribution =normal, bias=0 

backbone.decoder.2.conv_block.convs.1.bn.weight - torch.Size([256]): 
The value is the same before and after calling `init_weights` of EncoderDecoder  

backbone.decoder.2.conv_block.convs.1.bn.bias - torch.Size([256]): 
The value is the same before and after calling `init_weights` of EncoderDecoder  

backbone.decoder.2.upsample.interp_upsample.1.conv.weight - torch.Size([256, 512, 1, 1]): 
KaimingInit: a=0, mode=fan_out, nonlinearity=relu, distribution =normal, bias=0 

backbone.decoder.2.upsample.interp_upsample.1.bn.weight - torch.Size([256]): 
The value is the same before and after calling `init_weights` of EncoderDecoder  

backbone.decoder.2.upsample.interp_upsample.1.bn.bias - torch.Size([256]): 
The value is the same before and after calling `init_weights` of EncoderDecoder  

backbone.decoder.3.conv_block.convs.0.conv.weight - torch.Size([512, 1024, 3, 3]): 
KaimingInit: a=0, mode=fan_out, nonlinearity=relu, distribution =normal, bias=0 

backbone.decoder.3.conv_block.convs.0.bn.weight - torch.Size([512]): 
The value is the same before and after calling `init_weights` of EncoderDecoder  

backbone.decoder.3.conv_block.convs.0.bn.bias - torch.Size([512]): 
The value is the same before and after calling `init_weights` of EncoderDecoder  

backbone.decoder.3.conv_block.convs.1.conv.weight - torch.Size([512, 512, 3, 3]): 
KaimingInit: a=0, mode=fan_out, nonlinearity=relu, distribution =normal, bias=0 

backbone.decoder.3.conv_block.convs.1.bn.weight - torch.Size([512]): 
The value is the same before and after calling `init_weights` of EncoderDecoder  

backbone.decoder.3.conv_block.convs.1.bn.bias - torch.Size([512]): 
The value is the same before and after calling `init_weights` of EncoderDecoder  

backbone.decoder.3.upsample.interp_upsample.1.conv.weight - torch.Size([512, 1024, 1, 1]): 
KaimingInit: a=0, mode=fan_out, nonlinearity=relu, distribution =normal, bias=0 

backbone.decoder.3.upsample.interp_upsample.1.bn.weight - torch.Size([512]): 
The value is the same before and after calling `init_weights` of EncoderDecoder  

backbone.decoder.3.upsample.interp_upsample.1.bn.bias - torch.Size([512]): 
The value is the same before and after calling `init_weights` of EncoderDecoder  

decode_head.conv_seg.weight - torch.Size([3, 64, 1, 1]): 
NormalInit: mean=0, std=0.01, bias=0 

decode_head.conv_seg.bias - torch.Size([3]): 
NormalInit: mean=0, std=0.01, bias=0 

decode_head.convs.0.conv.weight - torch.Size([64, 64, 3, 3]): 
The value is the same before and after calling `init_weights` of EncoderDecoder  

decode_head.convs.0.bn.weight - torch.Size([64]): 
The value is the same before and after calling `init_weights` of EncoderDecoder  

decode_head.convs.0.bn.bias - torch.Size([64]): 
The value is the same before and after calling `init_weights` of EncoderDecoder  

auxiliary_head.conv_seg.weight - torch.Size([3, 64, 1, 1]): 
NormalInit: mean=0, std=0.01, bias=0 

auxiliary_head.conv_seg.bias - torch.Size([3]): 
NormalInit: mean=0, std=0.01, bias=0 

auxiliary_head.convs.0.conv.weight - torch.Size([64, 128, 3, 3]): 
The value is the same before and after calling `init_weights` of EncoderDecoder  

auxiliary_head.convs.0.bn.weight - torch.Size([64]): 
The value is the same before and after calling `init_weights` of EncoderDecoder  

auxiliary_head.convs.0.bn.bias - torch.Size([64]): 
The value is the same before and after calling `init_weights` of EncoderDecoder  
2026/04/09 17:17:32 - mmengine - INFO - Load checkpoint from practicum_work/artifacts/mmsegmentation_work_dir/best_mDice_epoch_sgd_mdice_68.pth
2026/04/09 17:17:32 - mmengine - WARNING - "FileClient" will be deprecated in future. Please use io functions in https://mmengine.readthedocs.io/en/latest/api/fileio.html#file-io
2026/04/09 17:17:32 - mmengine - WARNING - "HardDiskBackend" is the alias of "LocalBackend" and the former will be deprecated in future.
2026/04/09 17:17:32 - mmengine - INFO - Checkpoints will be saved to /data_12/gpudev/kashnitskii/yx/s6_project/practicum_work/artifacts/mmsegmentation_work_dir.
2026/04/09 17:17:45 - mmengine - INFO - Exp name: unet1_conf_20260409_171726
2026/04/09 17:17:45 - mmengine - INFO - Iter(train) [  25/2500]  lr: 5.0000e-04  eta: 0:22:27  time: 0.5275  data_time: 0.0056  memory: 19184  loss: 0.0256  decode.loss_focal: 0.0019  decode.loss_dice: 0.0108  decode.acc_seg: 99.1898  aux.loss_focal: 0.0020  aux.loss_dice: 0.0109  aux.acc_seg: 99.1287
2026/04/09 17:17:46 - mmengine - INFO - per class results:
2026/04/09 17:17:46 - mmengine - INFO - 
+------------+-------+-------+
|   Class    |  Dice |  Acc  |
+------------+-------+-------+
| background | 96.87 | 98.53 |
|    cat     | 52.88 | 41.78 |
|    dog     | 49.14 | 47.35 |
+------------+-------+-------+
2026/04/09 17:17:46 - mmengine - INFO - Iter(val) [15/15]    aAcc: 92.6700  mDice: 66.3000  mAcc: 62.5500  data_time: 0.0183  time: 0.0763
2026/04/09 17:17:47 - mmengine - INFO - The best checkpoint with 66.3000 mDice at 1 epoch is saved to best_mDice_epoch_1.pth.
2026/04/09 17:17:51 - mmengine - INFO - Exp name: unet1_conf_20260409_171726
2026/04/09 17:17:51 - mmengine - INFO - Iter(train) [  50/2500]  lr: 4.9554e-04  eta: 0:14:41  time: 0.1652  data_time: 0.0056  memory: 4419  loss: 0.0246  decode.loss_focal: 0.0019  decode.loss_dice: 0.0104  decode.acc_seg: 98.4665  aux.loss_focal: 0.0018  aux.loss_dice: 0.0106  aux.acc_seg: 98.3505
2026/04/09 17:17:52 - mmengine - INFO - per class results:
2026/04/09 17:17:52 - mmengine - INFO - 
+------------+-------+-------+
|   Class    |  Dice |  Acc  |
+------------+-------+-------+
| background | 96.85 | 98.68 |
|    cat     | 52.56 | 41.44 |
|    dog     | 48.34 | 44.94 |
+------------+-------+-------+
2026/04/09 17:17:52 - mmengine - INFO - Iter(val) [15/15]    aAcc: 92.6800  mDice: 65.9200  mAcc: 61.6800  data_time: 0.0094  time: 0.0636
2026/04/09 17:17:57 - mmengine - INFO - Exp name: unet1_conf_20260409_171726
2026/04/09 17:17:57 - mmengine - INFO - Iter(train) [  75/2500]  lr: 4.9108e-04  eta: 0:12:04  time: 0.1654  data_time: 0.0055  memory: 4419  loss: 0.0260  decode.loss_focal: 0.0022  decode.loss_dice: 0.0104  decode.acc_seg: 96.8552  aux.loss_focal: 0.0022  aux.loss_dice: 0.0111  aux.acc_seg: 97.0444
2026/04/09 17:17:58 - mmengine - INFO - per class results:
2026/04/09 17:17:58 - mmengine - INFO - 
+------------+-------+-------+
|   Class    |  Dice |  Acc  |
+------------+-------+-------+
| background | 96.91 |  98.3 |
|    cat     |  55.4 | 46.44 |
|    dog     |  48.6 | 45.98 |
+------------+-------+-------+
2026/04/09 17:17:58 - mmengine - INFO - Iter(val) [15/15]    aAcc: 92.7100  mDice: 66.9700  mAcc: 63.5800  data_time: 0.0091  time: 0.0634
2026/04/09 17:17:58 - mmengine - INFO - The previous best checkpoint /data_12/gpudev/kashnitskii/yx/s6_project/practicum_work/artifacts/mmsegmentation_work_dir/best_mDice_epoch_1.pth is removed
2026/04/09 17:17:58 - mmengine - INFO - The best checkpoint with 66.9700 mDice at 3 epoch is saved to best_mDice_epoch_3.pth.
2026/04/09 17:18:02 - mmengine - INFO - Exp name: unet1_conf_20260409_171726
2026/04/09 17:18:02 - mmengine - INFO - Iter(train) [ 100/2500]  lr: 4.8662e-04  eta: 0:10:44  time: 0.1659  data_time: 0.0060  memory: 4419  loss: 0.0240  decode.loss_focal: 0.0018  decode.loss_dice: 0.0105  decode.acc_seg: 98.3414  aux.loss_focal: 0.0017  aux.loss_dice: 0.0100  aux.acc_seg: 98.3093
2026/04/09 17:18:04 - mmengine - INFO - per class results:
2026/04/09 17:18:04 - mmengine - INFO - 
+------------+-------+-------+
|   Class    |  Dice |  Acc  |
+------------+-------+-------+
| background | 96.88 | 98.58 |
|    cat     | 53.22 | 42.56 |
|    dog     | 48.72 | 45.71 |
+------------+-------+-------+
2026/04/09 17:18:04 - mmengine - INFO - Iter(val) [15/15]    aAcc: 92.7000  mDice: 66.2700  mAcc: 62.2800  data_time: 0.0295  time: 0.0840
2026/04/09 17:18:08 - mmengine - INFO - Exp name: unet1_conf_20260409_171726
2026/04/09 17:18:08 - mmengine - INFO - Iter(train) [ 125/2500]  lr: 4.8215e-04  eta: 0:09:53  time: 0.1650  data_time: 0.0055  memory: 4419  loss: 0.0215  decode.loss_focal: 0.0016  decode.loss_dice: 0.0089  decode.acc_seg: 98.7930  aux.loss_focal: 0.0016  aux.loss_dice: 0.0094  aux.acc_seg: 98.9548
2026/04/09 17:18:09 - mmengine - INFO - per class results:
2026/04/09 17:18:09 - mmengine - INFO - 
+------------+-------+-------+
|   Class    |  Dice |  Acc  |
+------------+-------+-------+
| background | 96.86 | 98.17 |
|    cat     | 54.35 | 44.97 |
|    dog     | 48.74 | 47.91 |
+------------+-------+-------+
2026/04/09 17:18:09 - mmengine - INFO - Iter(val) [15/15]    aAcc: 92.5800  mDice: 66.6500  mAcc: 63.6800  data_time: 0.0096  time: 0.0644
2026/04/09 17:18:14 - mmengine - INFO - Exp name: unet1_conf_20260409_171726
2026/04/09 17:18:14 - mmengine - INFO - Iter(train) [ 150/2500]  lr: 4.7767e-04  eta: 0:09:19  time: 0.1655  data_time: 0.0056  memory: 4419  loss: 0.0246  decode.loss_focal: 0.0021  decode.loss_dice: 0.0103  decode.acc_seg: 97.7051  aux.loss_focal: 0.0019  aux.loss_dice: 0.0103  aux.acc_seg: 97.9767
2026/04/09 17:18:15 - mmengine - INFO - per class results:
2026/04/09 17:18:15 - mmengine - INFO - 
+------------+-------+-------+
|   Class    |  Dice |  Acc  |
+------------+-------+-------+
| background | 96.94 | 98.18 |
|    cat     | 54.42 | 44.38 |
|    dog     | 49.03 | 49.79 |
+------------+-------+-------+
2026/04/09 17:18:15 - mmengine - INFO - Iter(val) [15/15]    aAcc: 92.6300  mDice: 66.8000  mAcc: 64.1100  data_time: 0.0094  time: 0.0635
2026/04/09 17:18:19 - mmengine - INFO - Exp name: unet1_conf_20260409_171726
2026/04/09 17:18:19 - mmengine - INFO - Iter(train) [ 175/2500]  lr: 4.7319e-04  eta: 0:08:53  time: 0.1656  data_time: 0.0055  memory: 4419  loss: 0.0200  decode.loss_focal: 0.0015  decode.loss_dice: 0.0087  decode.acc_seg: 99.5880  aux.loss_focal: 0.0015  aux.loss_dice: 0.0083  aux.acc_seg: 99.4553
2026/04/09 17:18:20 - mmengine - INFO - per class results:
2026/04/09 17:18:20 - mmengine - INFO - 
+------------+-------+-------+
|   Class    |  Dice |  Acc  |
+------------+-------+-------+
| background |  96.8 | 98.47 |
|    cat     | 50.35 | 38.67 |
|    dog     | 48.93 | 48.69 |
+------------+-------+-------+
2026/04/09 17:18:20 - mmengine - INFO - Iter(val) [15/15]    aAcc: 92.4700  mDice: 65.3600  mAcc: 61.9400  data_time: 0.0099  time: 0.0647
2026/04/09 17:18:25 - mmengine - INFO - Exp name: unet1_conf_20260409_171726
2026/04/09 17:18:25 - mmengine - INFO - Iter(train) [ 200/2500]  lr: 4.6870e-04  eta: 0:08:32  time: 0.1663  data_time: 0.0059  memory: 4419  loss: 0.0236  decode.loss_focal: 0.0020  decode.loss_dice: 0.0100  decode.acc_seg: 99.3240  aux.loss_focal: 0.0018  aux.loss_dice: 0.0098  aux.acc_seg: 99.2981
2026/04/09 17:18:26 - mmengine - INFO - per class results:
2026/04/09 17:18:26 - mmengine - INFO - 
+------------+-------+-------+
|   Class    |  Dice |  Acc  |
+------------+-------+-------+
| background | 96.81 | 98.54 |
|    cat     | 53.48 | 43.63 |
|    dog     | 46.81 | 42.47 |
+------------+-------+-------+
2026/04/09 17:18:26 - mmengine - INFO - Iter(val) [15/15]    aAcc: 92.5900  mDice: 65.7000  mAcc: 61.5400  data_time: 0.0270  time: 0.0815
2026/04/09 17:18:30 - mmengine - INFO - Exp name: unet1_conf_20260409_171726
2026/04/09 17:18:30 - mmengine - INFO - Iter(train) [ 225/2500]  lr: 4.6422e-04  eta: 0:08:15  time: 0.1665  data_time: 0.0059  memory: 4419  loss: 0.0254  decode.loss_focal: 0.0021  decode.loss_dice: 0.0104  decode.acc_seg: 98.5733  aux.loss_focal: 0.0022  aux.loss_dice: 0.0108  aux.acc_seg: 98.6481
2026/04/09 17:18:31 - mmengine - INFO - per class results:
2026/04/09 17:18:31 - mmengine - INFO - 
+------------+-------+-------+
|   Class    |  Dice |  Acc  |
+------------+-------+-------+
| background | 96.82 | 98.71 |
|    cat     | 53.13 | 42.37 |
|    dog     | 47.66 | 42.97 |
+------------+-------+-------+
2026/04/09 17:18:31 - mmengine - INFO - Iter(val) [15/15]    aAcc: 92.6800  mDice: 65.8700  mAcc: 61.3500  data_time: 0.0096  time: 0.0643
2026/04/09 17:18:36 - mmengine - INFO - Exp name: unet1_conf_20260409_171726
2026/04/09 17:18:36 - mmengine - INFO - Iter(train) [ 250/2500]  lr: 4.5972e-04  eta: 0:08:01  time: 0.1671  data_time: 0.0057  memory: 4419  loss: 0.0229  decode.loss_focal: 0.0018  decode.loss_dice: 0.0095  decode.acc_seg: 98.3536  aux.loss_focal: 0.0017  aux.loss_dice: 0.0099  aux.acc_seg: 98.5489
2026/04/09 17:18:37 - mmengine - INFO - per class results:
2026/04/09 17:18:37 - mmengine - INFO - 
+------------+-------+-------+
|   Class    |  Dice |  Acc  |
+------------+-------+-------+
| background |  96.8 | 98.74 |
|    cat     | 53.31 | 42.94 |
|    dog     | 46.39 | 40.62 |
+------------+-------+-------+
2026/04/09 17:18:37 - mmengine - INFO - Iter(val) [15/15]    aAcc: 92.6500  mDice: 65.5000  mAcc: 60.7700  data_time: 0.0100  time: 0.0652
2026/04/09 17:18:41 - mmengine - INFO - Exp name: unet1_conf_20260409_171726
2026/04/09 17:18:41 - mmengine - INFO - Iter(train) [ 275/2500]  lr: 4.5522e-04  eta: 0:07:49  time: 0.1692  data_time: 0.0069  memory: 4419  loss: 0.0189  decode.loss_focal: 0.0014  decode.loss_dice: 0.0078  decode.acc_seg: 99.5636  aux.loss_focal: 0.0014  aux.loss_dice: 0.0082  aux.acc_seg: 99.4110
2026/04/09 17:18:42 - mmengine - INFO - per class results:
2026/04/09 17:18:42 - mmengine - INFO - 
+------------+-------+-------+
|   Class    |  Dice |  Acc  |
+------------+-------+-------+
| background | 96.78 | 98.59 |
|    cat     | 51.01 | 39.65 |
|    dog     | 48.44 | 46.06 |
+------------+-------+-------+
2026/04/09 17:18:42 - mmengine - INFO - Iter(val) [15/15]    aAcc: 92.5300  mDice: 65.4100  mAcc: 61.4300  data_time: 0.0101  time: 0.0653
2026/04/09 17:18:47 - mmengine - INFO - Exp name: unet1_conf_20260409_171726
2026/04/09 17:18:47 - mmengine - INFO - Iter(train) [ 300/2500]  lr: 4.5072e-04  eta: 0:07:38  time: 0.1674  data_time: 0.0056  memory: 4419  loss: 0.0253  decode.loss_focal: 0.0023  decode.loss_dice: 0.0105  decode.acc_seg: 98.4070  aux.loss_focal: 0.0022  aux.loss_dice: 0.0104  aux.acc_seg: 98.3200
2026/04/09 17:18:48 - mmengine - INFO - per class results:
2026/04/09 17:18:48 - mmengine - INFO - 
+------------+-------+-------+
|   Class    |  Dice |  Acc  |
+------------+-------+-------+
| background | 96.79 | 98.51 |
|    cat     | 50.11 | 38.41 |
|    dog     | 49.07 | 48.38 |
+------------+-------+-------+
2026/04/09 17:18:48 - mmengine - INFO - Iter(val) [15/15]    aAcc: 92.4800  mDice: 65.3200  mAcc: 61.7700  data_time: 0.0267  time: 0.0813
2026/04/09 17:18:53 - mmengine - INFO - Exp name: unet1_conf_20260409_171726
2026/04/09 17:18:53 - mmengine - INFO - Iter(train) [ 325/2500]  lr: 4.4621e-04  eta: 0:07:28  time: 0.1696  data_time: 0.0062  memory: 4419  loss: 0.0200  decode.loss_focal: 0.0014  decode.loss_dice: 0.0089  decode.acc_seg: 99.3332  aux.loss_focal: 0.0014  aux.loss_dice: 0.0083  aux.acc_seg: 99.2752
2026/04/09 17:18:54 - mmengine - INFO - per class results:
2026/04/09 17:18:54 - mmengine - INFO - 
+------------+-------+-------+
|   Class    |  Dice |  Acc  |
+------------+-------+-------+
| background | 96.85 | 98.57 |
|    cat     | 52.36 | 41.31 |
|    dog     | 48.27 | 45.87 |
+------------+-------+-------+
2026/04/09 17:18:54 - mmengine - INFO - Iter(val) [15/15]    aAcc: 92.6100  mDice: 65.8300  mAcc: 61.9200  data_time: 0.0101  time: 0.0656
2026/04/09 17:18:58 - mmengine - INFO - Exp name: unet1_conf_20260409_171726
2026/04/09 17:18:58 - mmengine - INFO - Iter(train) [ 350/2500]  lr: 4.4169e-04  eta: 0:07:18  time: 0.1681  data_time: 0.0057  memory: 4419  loss: 0.0199  decode.loss_focal: 0.0014  decode.loss_dice: 0.0085  decode.acc_seg: 99.5453  aux.loss_focal: 0.0014  aux.loss_dice: 0.0085  aux.acc_seg: 99.5758
2026/04/09 17:18:59 - mmengine - INFO - per class results:
2026/04/09 17:18:59 - mmengine - INFO - 
+------------+-------+-------+
|   Class    |  Dice |  Acc  |
+------------+-------+-------+
| background | 96.87 | 98.34 |
|    cat     | 53.43 | 43.27 |
|    dog     | 48.83 | 47.51 |
+------------+-------+-------+
2026/04/09 17:18:59 - mmengine - INFO - Iter(val) [15/15]    aAcc: 92.6000  mDice: 66.3800  mAcc: 63.0400  data_time: 0.0099  time: 0.0654
2026/04/09 17:19:04 - mmengine - INFO - Exp name: unet1_conf_20260409_171726
2026/04/09 17:19:04 - mmengine - INFO - Iter(train) [ 375/2500]  lr: 4.3717e-04  eta: 0:07:10  time: 0.1688  data_time: 0.0056  memory: 4419  loss: 0.0204  decode.loss_focal: 0.0015  decode.loss_dice: 0.0084  decode.acc_seg: 99.1470  aux.loss_focal: 0.0015  aux.loss_dice: 0.0089  aux.acc_seg: 99.1989
2026/04/09 17:19:05 - mmengine - INFO - per class results:
2026/04/09 17:19:05 - mmengine - INFO - 
+------------+-------+-------+
|   Class    |  Dice |  Acc  |
+------------+-------+-------+
| background | 96.87 | 98.53 |
|    cat     | 51.78 | 40.28 |
|    dog     | 49.31 | 48.47 |
+------------+-------+-------+
2026/04/09 17:19:05 - mmengine - INFO - Iter(val) [15/15]    aAcc: 92.6200  mDice: 65.9900  mAcc: 62.4300  data_time: 0.0108  time: 0.0664
2026/04/09 17:19:09 - mmengine - INFO - Exp name: unet1_conf_20260409_171726
2026/04/09 17:19:09 - mmengine - INFO - Iter(train) [ 400/2500]  lr: 4.3265e-04  eta: 0:07:02  time: 0.1693  data_time: 0.0057  memory: 4419  loss: 0.0225  decode.loss_focal: 0.0015  decode.loss_dice: 0.0087  decode.acc_seg: 99.0250  aux.loss_focal: 0.0017  aux.loss_dice: 0.0106  aux.acc_seg: 98.9639
2026/04/09 17:19:10 - mmengine - INFO - per class results:
2026/04/09 17:19:10 - mmengine - INFO - 
+------------+-------+-------+
|   Class    |  Dice |  Acc  |
+------------+-------+-------+
| background | 96.79 | 98.79 |
|    cat     | 51.63 | 40.29 |
|    dog     | 47.17 | 42.59 |
+------------+-------+-------+
2026/04/09 17:19:10 - mmengine - INFO - Iter(val) [15/15]    aAcc: 92.6000  mDice: 65.2000  mAcc: 60.5600  data_time: 0.0156  time: 0.0707
2026/04/09 17:19:15 - mmengine - INFO - Exp name: unet1_conf_20260409_171726
2026/04/09 17:19:15 - mmengine - INFO - Iter(train) [ 425/2500]  lr: 4.2811e-04  eta: 0:06:54  time: 0.1688  data_time: 0.0057  memory: 4419  loss: 0.0193  decode.loss_focal: 0.0014  decode.loss_dice: 0.0085  decode.acc_seg: 99.1760  aux.loss_focal: 0.0013  aux.loss_dice: 0.0081  aux.acc_seg: 99.2279
2026/04/09 17:19:16 - mmengine - INFO - per class results:
2026/04/09 17:19:16 - mmengine - INFO - 
+------------+-------+-------+
|   Class    |  Dice |  Acc  |
+------------+-------+-------+
| background | 96.86 | 98.57 |
|    cat     | 53.75 | 43.88 |
|    dog     | 48.32 | 44.01 |
+------------+-------+-------+
2026/04/09 17:19:16 - mmengine - INFO - Iter(val) [15/15]    aAcc: 92.7000  mDice: 66.3100  mAcc: 62.1500  data_time: 0.0096  time: 0.0651
2026/04/09 17:19:20 - mmengine - INFO - Exp name: unet1_conf_20260409_171726
2026/04/09 17:19:20 - mmengine - INFO - Iter(train) [ 450/2500]  lr: 4.2358e-04  eta: 0:06:47  time: 0.1696  data_time: 0.0058  memory: 4419  loss: 0.0206  decode.loss_focal: 0.0013  decode.loss_dice: 0.0087  decode.acc_seg: 99.4537  aux.loss_focal: 0.0014  aux.loss_dice: 0.0092  aux.acc_seg: 99.3301
2026/04/09 17:19:21 - mmengine - INFO - per class results:
2026/04/09 17:19:21 - mmengine - INFO - 
+------------+-------+-------+
|   Class    |  Dice |  Acc  |
+------------+-------+-------+
| background | 96.88 |  98.6 |
|    cat     | 53.93 | 43.59 |
|    dog     | 48.69 | 44.89 |
+------------+-------+-------+
2026/04/09 17:19:21 - mmengine - INFO - Iter(val) [15/15]    aAcc: 92.7400  mDice: 66.5000  mAcc: 62.3600  data_time: 0.0092  time: 0.0646
2026/04/09 17:19:26 - mmengine - INFO - Exp name: unet1_conf_20260409_171726
2026/04/09 17:19:26 - mmengine - INFO - Iter(train) [ 475/2500]  lr: 4.1904e-04  eta: 0:06:40  time: 0.1699  data_time: 0.0057  memory: 4419  loss: 0.0215  decode.loss_focal: 0.0016  decode.loss_dice: 0.0087  decode.acc_seg: 99.4720  aux.loss_focal: 0.0016  aux.loss_dice: 0.0096  aux.acc_seg: 99.4858
2026/04/09 17:19:27 - mmengine - INFO - per class results:
2026/04/09 17:19:27 - mmengine - INFO - 
+------------+-------+-------+
|   Class    |  Dice |  Acc  |
+------------+-------+-------+
| background | 96.83 | 98.57 |
|    cat     | 51.09 | 39.55 |
|    dog     | 48.96 | 47.42 |
+------------+-------+-------+
2026/04/09 17:19:27 - mmengine - INFO - Iter(val) [15/15]    aAcc: 92.5600  mDice: 65.6200  mAcc: 61.8500  data_time: 0.0094  time: 0.0651
2026/04/09 17:19:32 - mmengine - INFO - Exp name: unet1_conf_20260409_171726
2026/04/09 17:19:32 - mmengine - INFO - Iter(train) [ 500/2500]  lr: 4.1449e-04  eta: 0:06:34  time: 0.1702  data_time: 0.0056  memory: 4419  loss: 0.0208  decode.loss_focal: 0.0016  decode.loss_dice: 0.0091  decode.acc_seg: 99.4110  aux.loss_focal: 0.0015  aux.loss_dice: 0.0087  aux.acc_seg: 99.3530
2026/04/09 17:19:33 - mmengine - INFO - per class results:
2026/04/09 17:19:33 - mmengine - INFO - 
+------------+-------+-------+
|   Class    |  Dice |  Acc  |
+------------+-------+-------+
| background | 96.83 | 98.59 |
|    cat     | 53.49 | 43.13 |
|    dog     | 47.77 | 43.67 |
+------------+-------+-------+
2026/04/09 17:19:33 - mmengine - INFO - Iter(val) [15/15]    aAcc: 92.6600  mDice: 66.0300  mAcc: 61.8000  data_time: 0.0265  time: 0.0817
2026/04/09 17:19:37 - mmengine - INFO - Exp name: unet1_conf_20260409_171726
2026/04/09 17:19:37 - mmengine - INFO - Iter(train) [ 525/2500]  lr: 4.0993e-04  eta: 0:06:27  time: 0.1689  data_time: 0.0058  memory: 4419  loss: 0.0262  decode.loss_focal: 0.0021  decode.loss_dice: 0.0115  decode.acc_seg: 96.6324  aux.loss_focal: 0.0019  aux.loss_dice: 0.0107  aux.acc_seg: 97.6883
2026/04/09 17:19:38 - mmengine - INFO - per class results:
2026/04/09 17:19:38 - mmengine - INFO - 
+------------+-------+-------+
|   Class    |  Dice |  Acc  |
+------------+-------+-------+
| background | 96.86 | 98.55 |
|    cat     |  54.2 | 44.42 |
|    dog     | 47.87 |  43.5 |
+------------+-------+-------+
2026/04/09 17:19:38 - mmengine - INFO - Iter(val) [15/15]    aAcc: 92.7000  mDice: 66.3100  mAcc: 62.1600  data_time: 0.0100  time: 0.0662
2026/04/09 17:19:43 - mmengine - INFO - Exp name: unet1_conf_20260409_171726
2026/04/09 17:19:43 - mmengine - INFO - Iter(train) [ 550/2500]  lr: 4.0538e-04  eta: 0:06:21  time: 0.1700  data_time: 0.0055  memory: 4419  loss: 0.0207  decode.loss_focal: 0.0015  decode.loss_dice: 0.0089  decode.acc_seg: 99.5346  aux.loss_focal: 0.0015  aux.loss_dice: 0.0087  aux.acc_seg: 99.5010
2026/04/09 17:19:44 - mmengine - INFO - per class results:
2026/04/09 17:19:44 - mmengine - INFO - 
+------------+-------+-------+
|   Class    |  Dice |  Acc  |
+------------+-------+-------+
| background | 96.92 |  98.5 |
|    cat     | 52.63 | 41.15 |
|    dog     | 50.28 | 49.99 |
+------------+-------+-------+
2026/04/09 17:19:44 - mmengine - INFO - Iter(val) [15/15]    aAcc: 92.7100  mDice: 66.6100  mAcc: 63.2100  data_time: 0.0096  time: 0.0648
2026/04/09 17:19:49 - mmengine - INFO - Exp name: unet1_conf_20260409_171726
2026/04/09 17:19:49 - mmengine - INFO - Iter(train) [ 575/2500]  lr: 4.0081e-04  eta: 0:06:15  time: 0.1716  data_time: 0.0059  memory: 4419  loss: 0.0243  decode.loss_focal: 0.0020  decode.loss_dice: 0.0103  decode.acc_seg: 98.6481  aux.loss_focal: 0.0019  aux.loss_dice: 0.0101  aux.acc_seg: 98.7549
2026/04/09 17:19:50 - mmengine - INFO - per class results:
2026/04/09 17:19:50 - mmengine - INFO - 
+------------+-------+-------+
|   Class    |  Dice |  Acc  |
+------------+-------+-------+
| background | 96.87 | 98.56 |
|    cat     | 52.66 | 41.61 |
|    dog     | 48.42 | 46.35 |
+------------+-------+-------+
2026/04/09 17:19:50 - mmengine - INFO - Iter(val) [15/15]    aAcc: 92.6400  mDice: 65.9800  mAcc: 62.1700  data_time: 0.0098  time: 0.0654
2026/04/09 17:19:54 - mmengine - INFO - Exp name: unet1_conf_20260409_171726
2026/04/09 17:19:54 - mmengine - INFO - Iter(train) [ 600/2500]  lr: 3.9624e-04  eta: 0:06:09  time: 0.1712  data_time: 0.0058  memory: 4419  loss: 0.0218  decode.loss_focal: 0.0018  decode.loss_dice: 0.0091  decode.acc_seg: 99.3576  aux.loss_focal: 0.0016  aux.loss_dice: 0.0093  aux.acc_seg: 99.2676
2026/04/09 17:19:55 - mmengine - INFO - per class results:
2026/04/09 17:19:55 - mmengine - INFO - 
+------------+-------+-------+
|   Class    |  Dice |  Acc  |
+------------+-------+-------+
| background | 96.89 | 98.67 |
|    cat     | 53.36 | 42.36 |
|    dog     | 48.41 | 45.12 |
+------------+-------+-------+
2026/04/09 17:19:55 - mmengine - INFO - Iter(val) [15/15]    aAcc: 92.7400  mDice: 66.2200  mAcc: 62.0500  data_time: 0.0291  time: 0.0847
2026/04/09 17:20:00 - mmengine - INFO - Exp name: unet1_conf_20260409_171726
2026/04/09 17:20:00 - mmengine - INFO - Iter(train) [ 625/2500]  lr: 3.9166e-04  eta: 0:06:03  time: 0.1714  data_time: 0.0057  memory: 4419  loss: 0.0196  decode.loss_focal: 0.0014  decode.loss_dice: 0.0080  decode.acc_seg: 98.9365  aux.loss_focal: 0.0015  aux.loss_dice: 0.0087  aux.acc_seg: 99.0753
2026/04/09 17:20:01 - mmengine - INFO - per class results:
2026/04/09 17:20:01 - mmengine - INFO - 
+------------+-------+-------+
|   Class    |  Dice |  Acc  |
+------------+-------+-------+
| background | 96.82 |  98.4 |
|    cat     | 50.62 | 39.25 |
|    dog     | 48.87 | 49.04 |
+------------+-------+-------+
2026/04/09 17:20:01 - mmengine - INFO - Iter(val) [15/15]    aAcc: 92.4600  mDice: 65.4400  mAcc: 62.2300  data_time: 0.0094  time: 0.0648
2026/04/09 17:20:06 - mmengine - INFO - Exp name: unet1_conf_20260409_171726
2026/04/09 17:20:06 - mmengine - INFO - Iter(train) [ 650/2500]  lr: 3.8708e-04  eta: 0:05:58  time: 0.1708  data_time: 0.0055  memory: 4419  loss: 0.0277  decode.loss_focal: 0.0024  decode.loss_dice: 0.0141  decode.acc_seg: 82.2220  aux.loss_focal: 0.0016  aux.loss_dice: 0.0096  aux.acc_seg: 98.6237
2026/04/09 17:20:07 - mmengine - INFO - per class results:
2026/04/09 17:20:07 - mmengine - INFO - 
+------------+-------+-------+
|   Class    |  Dice |  Acc  |
+------------+-------+-------+
| background | 96.85 | 98.71 |
|    cat     | 52.09 | 40.55 |
|    dog     | 48.09 | 45.11 |
+------------+-------+-------+
2026/04/09 17:20:07 - mmengine - INFO - Iter(val) [15/15]    aAcc: 92.6500  mDice: 65.6800  mAcc: 61.4500  data_time: 0.0094  time: 0.0650
2026/04/09 17:20:11 - mmengine - INFO - Exp name: unet1_conf_20260409_171726
2026/04/09 17:20:11 - mmengine - INFO - Iter(train) [ 675/2500]  lr: 3.8249e-04  eta: 0:05:52  time: 0.1715  data_time: 0.0057  memory: 4419  loss: 0.0279  decode.loss_focal: 0.0024  decode.loss_dice: 0.0120  decode.acc_seg: 96.6629  aux.loss_focal: 0.0022  aux.loss_dice: 0.0113  aux.acc_seg: 97.2427
2026/04/09 17:20:12 - mmengine - INFO - per class results:
2026/04/09 17:20:12 - mmengine - INFO - 
+------------+-------+-------+
|   Class    |  Dice |  Acc  |
+------------+-------+-------+
| background | 96.81 | 98.77 |
|    cat     | 48.53 | 35.84 |
|    dog     | 48.61 | 47.52 |
+------------+-------+-------+
2026/04/09 17:20:12 - mmengine - INFO - Iter(val) [15/15]    aAcc: 92.5000  mDice: 64.6500  mAcc: 60.7100  data_time: 0.0104  time: 0.0661
2026/04/09 17:20:17 - mmengine - INFO - Exp name: unet1_conf_20260409_171726
2026/04/09 17:20:17 - mmengine - INFO - Iter(train) [ 700/2500]  lr: 3.7789e-04  eta: 0:05:47  time: 0.1712  data_time: 0.0054  memory: 4419  loss: 0.0217  decode.loss_focal: 0.0015  decode.loss_dice: 0.0088  decode.acc_seg: 98.8266  aux.loss_focal: 0.0017  aux.loss_dice: 0.0097  aux.acc_seg: 98.9410
2026/04/09 17:20:18 - mmengine - INFO - per class results:
2026/04/09 17:20:18 - mmengine - INFO - 
+------------+-------+-------+
|   Class    |  Dice |  Acc  |
+------------+-------+-------+
| background |  96.9 | 98.42 |
|    cat     | 50.65 | 38.86 |
|    dog     | 49.54 |  51.1 |
+------------+-------+-------+
2026/04/09 17:20:18 - mmengine - INFO - Iter(val) [15/15]    aAcc: 92.5300  mDice: 65.7000  mAcc: 62.7900  data_time: 0.0266  time: 0.0821
2026/04/09 17:20:23 - mmengine - INFO - Exp name: unet1_conf_20260409_171726
2026/04/09 17:20:23 - mmengine - INFO - Iter(train) [ 725/2500]  lr: 3.7329e-04  eta: 0:05:41  time: 0.1720  data_time: 0.0058  memory: 4419  loss: 0.0196  decode.loss_focal: 0.0014  decode.loss_dice: 0.0083  decode.acc_seg: 99.0509  aux.loss_focal: 0.0015  aux.loss_dice: 0.0084  aux.acc_seg: 99.1150
2026/04/09 17:20:24 - mmengine - INFO - per class results:
2026/04/09 17:20:24 - mmengine - INFO - 
+------------+-------+-------+
|   Class    |  Dice |  Acc  |
+------------+-------+-------+
| background | 96.94 | 98.31 |
|    cat     | 52.01 | 40.69 |
|    dog     | 49.47 | 51.44 |
+------------+-------+-------+
2026/04/09 17:20:24 - mmengine - INFO - Iter(val) [15/15]    aAcc: 92.5700  mDice: 66.1400  mAcc: 63.4800  data_time: 0.0107  time: 0.0671
2026/04/09 17:20:28 - mmengine - INFO - Exp name: unet1_conf_20260409_171726
2026/04/09 17:20:28 - mmengine - INFO - Iter(train) [ 750/2500]  lr: 3.6868e-04  eta: 0:05:36  time: 0.1720  data_time: 0.0058  memory: 4419  loss: 0.0363  decode.loss_focal: 0.0045  decode.loss_dice: 0.0133  decode.acc_seg: 93.5349  aux.loss_focal: 0.0048  aux.loss_dice: 0.0136  aux.acc_seg: 93.5913
2026/04/09 17:20:29 - mmengine - INFO - per class results:
2026/04/09 17:20:29 - mmengine - INFO - 
+------------+-------+-------+
|   Class    |  Dice |  Acc  |
+------------+-------+-------+
| background |  96.9 | 97.95 |
|    cat     | 55.18 | 46.65 |
|    dog     | 49.45 | 49.93 |
+------------+-------+-------+
2026/04/09 17:20:29 - mmengine - INFO - Iter(val) [15/15]    aAcc: 92.5800  mDice: 67.1800  mAcc: 64.8500  data_time: 0.0094  time: 0.0652
2026/04/09 17:20:30 - mmengine - INFO - The previous best checkpoint /data_12/gpudev/kashnitskii/yx/s6_project/practicum_work/artifacts/mmsegmentation_work_dir/best_mDice_epoch_3.pth is removed
2026/04/09 17:20:30 - mmengine - INFO - The best checkpoint with 67.1800 mDice at 30 epoch is saved to best_mDice_epoch_30.pth.
2026/04/09 17:20:34 - mmengine - INFO - Exp name: unet1_conf_20260409_171726
2026/04/09 17:20:34 - mmengine - INFO - Iter(train) [ 775/2500]  lr: 3.6407e-04  eta: 0:05:31  time: 0.1734  data_time: 0.0063  memory: 4419  loss: 0.0198  decode.loss_focal: 0.0015  decode.loss_dice: 0.0088  decode.acc_seg: 99.5834  aux.loss_focal: 0.0014  aux.loss_dice: 0.0080  aux.acc_seg: 99.6765
2026/04/09 17:20:35 - mmengine - INFO - per class results:
2026/04/09 17:20:35 - mmengine - INFO - 
+------------+-------+-------+
|   Class    |  Dice |  Acc  |
+------------+-------+-------+
| background | 96.91 | 98.19 |
|    cat     | 53.69 | 43.62 |
|    dog     | 49.38 | 49.92 |
+------------+-------+-------+
2026/04/09 17:20:35 - mmengine - INFO - Iter(val) [15/15]    aAcc: 92.5900  mDice: 66.6600  mAcc: 63.9100  data_time: 0.0102  time: 0.0664
2026/04/09 17:20:40 - mmengine - INFO - Exp name: unet1_conf_20260409_171726
2026/04/09 17:20:40 - mmengine - INFO - Iter(train) [ 800/2500]  lr: 3.5945e-04  eta: 0:05:25  time: 0.1728  data_time: 0.0062  memory: 4419  loss: 0.0232  decode.loss_focal: 0.0018  decode.loss_dice: 0.0097  decode.acc_seg: 97.7737  aux.loss_focal: 0.0017  aux.loss_dice: 0.0099  aux.acc_seg: 98.1155
2026/04/09 17:20:41 - mmengine - INFO - per class results:
2026/04/09 17:20:41 - mmengine - INFO - 
+------------+-------+-------+
|   Class    |  Dice |  Acc  |
+------------+-------+-------+
| background | 96.82 | 98.65 |
|    cat     | 48.29 | 35.81 |
|    dog     | 48.52 | 48.68 |
+------------+-------+-------+
2026/04/09 17:20:41 - mmengine - INFO - Iter(val) [15/15]    aAcc: 92.4400  mDice: 64.5400  mAcc: 61.0500  data_time: 0.0266  time: 0.0822
2026/04/09 17:20:46 - mmengine - INFO - Exp name: unet1_conf_20260409_171726
2026/04/09 17:20:46 - mmengine - INFO - Iter(train) [ 825/2500]  lr: 3.5482e-04  eta: 0:05:20  time: 0.1733  data_time: 0.0062  memory: 4419  loss: 0.0225  decode.loss_focal: 0.0019  decode.loss_dice: 0.0088  decode.acc_seg: 98.9075  aux.loss_focal: 0.0020  aux.loss_dice: 0.0099  aux.acc_seg: 98.7610
2026/04/09 17:20:47 - mmengine - INFO - per class results:
2026/04/09 17:20:47 - mmengine - INFO - 
+------------+-------+-------+
|   Class    |  Dice |  Acc  |
+------------+-------+-------+
| background | 96.92 | 98.27 |
|    cat     |  53.5 | 43.49 |
|    dog     | 50.11 | 49.96 |
+------------+-------+-------+
2026/04/09 17:20:47 - mmengine - INFO - Iter(val) [15/15]    aAcc: 92.6500  mDice: 66.8500  mAcc: 63.9100  data_time: 0.0096  time: 0.0654
2026/04/09 17:20:52 - mmengine - INFO - Exp name: unet1_conf_20260409_171726
2026/04/09 17:20:52 - mmengine - INFO - Iter(train) [ 850/2500]  lr: 3.5018e-04  eta: 0:05:15  time: 0.1714  data_time: 0.0054  memory: 4419  loss: 0.0184  decode.loss_focal: 0.0014  decode.loss_dice: 0.0076  decode.acc_seg: 99.0021  aux.loss_focal: 0.0013  aux.loss_dice: 0.0080  aux.acc_seg: 99.1089
2026/04/09 17:20:53 - mmengine - INFO - per class results:
2026/04/09 17:20:53 - mmengine - INFO - 
+------------+-------+-------+
|   Class    |  Dice |  Acc  |
+------------+-------+-------+
| background | 96.87 | 98.41 |
|    cat     | 52.41 | 41.66 |
|    dog     |  48.7 | 47.84 |
+------------+-------+-------+
2026/04/09 17:20:53 - mmengine - INFO - Iter(val) [15/15]    aAcc: 92.5700  mDice: 65.9900  mAcc: 62.6400  data_time: 0.0092  time: 0.0657
2026/04/09 17:20:57 - mmengine - INFO - Exp name: unet1_conf_20260409_171726
2026/04/09 17:20:57 - mmengine - INFO - Iter(train) [ 875/2500]  lr: 3.4554e-04  eta: 0:05:10  time: 0.1720  data_time: 0.0056  memory: 4419  loss: 0.0218  decode.loss_focal: 0.0016  decode.loss_dice: 0.0092  decode.acc_seg: 99.0570  aux.loss_focal: 0.0017  aux.loss_dice: 0.0093  aux.acc_seg: 99.1867
2026/04/09 17:20:58 - mmengine - INFO - per class results:
2026/04/09 17:20:58 - mmengine - INFO - 
+------------+-------+-------+
|   Class    |  Dice |  Acc  |
+------------+-------+-------+
| background | 96.88 | 98.57 |
|    cat     | 52.49 | 41.39 |
|    dog     | 48.06 | 46.03 |
+------------+-------+-------+
2026/04/09 17:20:58 - mmengine - INFO - Iter(val) [15/15]    aAcc: 92.6300  mDice: 65.8100  mAcc: 62.0000  data_time: 0.0095  time: 0.0659
2026/04/09 17:21:03 - mmengine - INFO - Exp name: unet1_conf_20260409_171726
2026/04/09 17:21:03 - mmengine - INFO - Iter(train) [ 900/2500]  lr: 3.4089e-04  eta: 0:05:05  time: 0.1730  data_time: 0.0061  memory: 4419  loss: 0.0239  decode.loss_focal: 0.0017  decode.loss_dice: 0.0100  decode.acc_seg: 98.6588  aux.loss_focal: 0.0017  aux.loss_dice: 0.0105  aux.acc_seg: 98.7091
2026/04/09 17:21:04 - mmengine - INFO - per class results:
2026/04/09 17:21:04 - mmengine - INFO - 
+------------+-------+-------+
|   Class    |  Dice |  Acc  |
+------------+-------+-------+
| background | 96.82 | 98.64 |
|    cat     | 49.59 |  37.6 |
|    dog     | 48.82 |  47.7 |
+------------+-------+-------+
2026/04/09 17:21:04 - mmengine - INFO - Iter(val) [15/15]    aAcc: 92.5100  mDice: 65.0800  mAcc: 61.3200  data_time: 0.0152  time: 0.0711
2026/04/09 17:21:09 - mmengine - INFO - Exp name: unet1_conf_20260409_171726
2026/04/09 17:21:09 - mmengine - INFO - Iter(train) [ 925/2500]  lr: 3.3624e-04  eta: 0:05:00  time: 0.1723  data_time: 0.0057  memory: 4419  loss: 0.0246  decode.loss_focal: 0.0020  decode.loss_dice: 0.0102  decode.acc_seg: 97.4625  aux.loss_focal: 0.0018  aux.loss_dice: 0.0106  aux.acc_seg: 97.8348
2026/04/09 17:21:10 - mmengine - INFO - per class results:
2026/04/09 17:21:10 - mmengine - INFO - 
+------------+-------+-------+
|   Class    |  Dice |  Acc  |
+------------+-------+-------+
| background | 96.85 | 98.64 |
|    cat     | 52.12 | 40.77 |
|    dog     | 48.72 |  46.2 |
+------------+-------+-------+
2026/04/09 17:21:10 - mmengine - INFO - Iter(val) [15/15]    aAcc: 92.6500  mDice: 65.9000  mAcc: 61.8700  data_time: 0.0100  time: 0.0664
2026/04/09 17:21:14 - mmengine - INFO - Exp name: unet1_conf_20260409_171726
2026/04/09 17:21:14 - mmengine - INFO - Iter(train) [ 950/2500]  lr: 3.3157e-04  eta: 0:04:55  time: 0.1724  data_time: 0.0056  memory: 4419  loss: 0.0218  decode.loss_focal: 0.0017  decode.loss_dice: 0.0094  decode.acc_seg: 98.4619  aux.loss_focal: 0.0016  aux.loss_dice: 0.0090  aux.acc_seg: 98.6740
2026/04/09 17:21:15 - mmengine - INFO - per class results:
2026/04/09 17:21:15 - mmengine - INFO - 
+------------+-------+-------+
|   Class    |  Dice |  Acc  |
+------------+-------+-------+
| background |  96.9 | 98.43 |
|    cat     | 52.73 | 41.99 |
|    dog     |  48.8 |  47.9 |
+------------+-------+-------+
2026/04/09 17:21:15 - mmengine - INFO - Iter(val) [15/15]    aAcc: 92.6200  mDice: 66.1400  mAcc: 62.7800  data_time: 0.0082  time: 0.0646
2026/04/09 17:21:20 - mmengine - INFO - Exp name: unet1_conf_20260409_171726
2026/04/09 17:21:20 - mmengine - INFO - Iter(train) [ 975/2500]  lr: 3.2690e-04  eta: 0:04:50  time: 0.1724  data_time: 0.0057  memory: 4419  loss: 0.0200  decode.loss_focal: 0.0015  decode.loss_dice: 0.0090  decode.acc_seg: 99.3973  aux.loss_focal: 0.0013  aux.loss_dice: 0.0081  aux.acc_seg: 99.5071
2026/04/09 17:21:21 - mmengine - INFO - per class results:
2026/04/09 17:21:21 - mmengine - INFO - 
+------------+-------+-------+
|   Class    |  Dice |  Acc  |
+------------+-------+-------+
| background |  96.9 | 98.43 |
|    cat     | 52.82 | 41.94 |
|    dog     | 49.27 | 48.65 |
+------------+-------+-------+
2026/04/09 17:21:21 - mmengine - INFO - Iter(val) [15/15]    aAcc: 92.6400  mDice: 66.3300  mAcc: 63.0100  data_time: 0.0089  time: 0.0652
2026/04/09 17:21:26 - mmengine - INFO - Exp name: unet1_conf_20260409_171726
2026/04/09 17:21:26 - mmengine - INFO - Iter(train) [1000/2500]  lr: 3.2222e-04  eta: 0:04:45  time: 0.1734  data_time: 0.0064  memory: 4419  loss: 0.0253  decode.loss_focal: 0.0022  decode.loss_dice: 0.0115  decode.acc_seg: 96.9498  aux.loss_focal: 0.0019  aux.loss_dice: 0.0098  aux.acc_seg: 97.7631
2026/04/09 17:21:27 - mmengine - INFO - per class results:
2026/04/09 17:21:27 - mmengine - INFO - 
+------------+-------+-------+
|   Class    |  Dice |  Acc  |
+------------+-------+-------+
| background | 96.82 | 98.69 |
|    cat     | 50.26 | 38.62 |
|    dog     | 48.64 | 46.22 |
+------------+-------+-------+
2026/04/09 17:21:27 - mmengine - INFO - Iter(val) [15/15]    aAcc: 92.5600  mDice: 65.2400  mAcc: 61.1800  data_time: 0.0250  time: 0.0812
2026/04/09 17:21:31 - mmengine - INFO - Exp name: unet1_conf_20260409_171726
2026/04/09 17:21:31 - mmengine - INFO - Iter(train) [1025/2500]  lr: 3.1753e-04  eta: 0:04:40  time: 0.1727  data_time: 0.0057  memory: 4419  loss: 0.0248  decode.loss_focal: 0.0020  decode.loss_dice: 0.0104  decode.acc_seg: 98.9441  aux.loss_focal: 0.0017  aux.loss_dice: 0.0107  aux.acc_seg: 98.9395
2026/04/09 17:21:32 - mmengine - INFO - per class results:
2026/04/09 17:21:32 - mmengine - INFO - 
+------------+-------+-------+
|   Class    |  Dice |  Acc  |
+------------+-------+-------+
| background | 96.81 | 98.64 |
|    cat     | 47.54 | 35.07 |
|    dog     | 49.13 | 49.53 |
+------------+-------+-------+
2026/04/09 17:21:32 - mmengine - INFO - Iter(val) [15/15]    aAcc: 92.4200  mDice: 64.5000  mAcc: 61.0800  data_time: 0.0098  time: 0.0663
2026/04/09 17:21:37 - mmengine - INFO - Exp name: unet1_conf_20260409_171726
2026/04/09 17:21:37 - mmengine - INFO - Iter(train) [1050/2500]  lr: 3.1284e-04  eta: 0:04:35  time: 0.1728  data_time: 0.0055  memory: 4419  loss: 0.0185  decode.loss_focal: 0.0014  decode.loss_dice: 0.0079  decode.acc_seg: 99.2661  aux.loss_focal: 0.0014  aux.loss_dice: 0.0078  aux.acc_seg: 99.3652
2026/04/09 17:21:38 - mmengine - INFO - per class results:
2026/04/09 17:21:38 - mmengine - INFO - 
+------------+-------+-------+
|   Class    |  Dice |  Acc  |
+------------+-------+-------+
| background | 96.89 | 98.46 |
|    cat     | 51.61 | 40.16 |
|    dog     |  49.7 | 49.75 |
+------------+-------+-------+
2026/04/09 17:21:38 - mmengine - INFO - Iter(val) [15/15]    aAcc: 92.6000  mDice: 66.0700  mAcc: 62.7900  data_time: 0.0090  time: 0.0654
2026/04/09 17:21:43 - mmengine - INFO - Exp name: unet1_conf_20260409_171726
2026/04/09 17:21:43 - mmengine - INFO - Iter(train) [1075/2500]  lr: 3.0813e-04  eta: 0:04:30  time: 0.1741  data_time: 0.0068  memory: 4419  loss: 0.0251  decode.loss_focal: 0.0022  decode.loss_dice: 0.0117  decode.acc_seg: 97.4945  aux.loss_focal: 0.0018  aux.loss_dice: 0.0094  aux.acc_seg: 98.5260
2026/04/09 17:21:44 - mmengine - INFO - per class results:
2026/04/09 17:21:44 - mmengine - INFO - 
+------------+-------+-------+
|   Class    |  Dice |  Acc  |
+------------+-------+-------+
| background | 96.85 | 98.63 |
|    cat     | 49.64 | 37.47 |
|    dog     | 49.53 | 49.12 |
+------------+-------+-------+
2026/04/09 17:21:44 - mmengine - INFO - Iter(val) [15/15]    aAcc: 92.5500  mDice: 65.3400  mAcc: 61.7400  data_time: 0.0100  time: 0.0660
2026/04/09 17:21:48 - mmengine - INFO - Exp name: unet1_conf_20260409_171726
2026/04/09 17:21:48 - mmengine - INFO - Iter(train) [1100/2500]  lr: 3.0342e-04  eta: 0:04:25  time: 0.1733  data_time: 0.0058  memory: 4419  loss: 0.0194  decode.loss_focal: 0.0015  decode.loss_dice: 0.0080  decode.acc_seg: 98.5519  aux.loss_focal: 0.0015  aux.loss_dice: 0.0084  aux.acc_seg: 98.6404
2026/04/09 17:21:50 - mmengine - INFO - per class results:
2026/04/09 17:21:50 - mmengine - INFO - 
+------------+-------+-------+
|   Class    |  Dice |  Acc  |
+------------+-------+-------+
| background | 96.86 | 98.34 |
|    cat     | 52.59 | 42.07 |
|    dog     | 49.06 | 48.41 |
+------------+-------+-------+
2026/04/09 17:21:50 - mmengine - INFO - Iter(val) [15/15]    aAcc: 92.5700  mDice: 66.1700  mAcc: 62.9400  data_time: 0.0267  time: 0.0829
2026/04/09 17:21:54 - mmengine - INFO - Exp name: unet1_conf_20260409_171726
2026/04/09 17:21:54 - mmengine - INFO - Iter(train) [1125/2500]  lr: 2.9870e-04  eta: 0:04:20  time: 0.1729  data_time: 0.0055  memory: 4419  loss: 0.0232  decode.loss_focal: 0.0019  decode.loss_dice: 0.0098  decode.acc_seg: 98.2483  aux.loss_focal: 0.0018  aux.loss_dice: 0.0097  aux.acc_seg: 98.6832
2026/04/09 17:21:55 - mmengine - INFO - per class results:
2026/04/09 17:21:55 - mmengine - INFO - 
+------------+-------+-------+
|   Class    |  Dice |  Acc  |
+------------+-------+-------+
| background | 96.88 |  98.5 |
|    cat     | 51.87 |  40.8 |
|    dog     | 48.81 | 47.74 |
+------------+-------+-------+
2026/04/09 17:21:55 - mmengine - INFO - Iter(val) [15/15]    aAcc: 92.5900  mDice: 65.8500  mAcc: 62.3500  data_time: 0.0097  time: 0.0657
2026/04/09 17:22:00 - mmengine - INFO - Exp name: unet1_conf_20260409_171726
2026/04/09 17:22:00 - mmengine - INFO - Iter(train) [1150/2500]  lr: 2.9397e-04  eta: 0:04:15  time: 0.1731  data_time: 0.0057  memory: 4419  loss: 0.0214  decode.loss_focal: 0.0018  decode.loss_dice: 0.0089  decode.acc_seg: 98.1094  aux.loss_focal: 0.0017  aux.loss_dice: 0.0090  aux.acc_seg: 98.5260
2026/04/09 17:22:01 - mmengine - INFO - per class results:
2026/04/09 17:22:01 - mmengine - INFO - 
+------------+-------+-------+
|   Class    |  Dice |  Acc  |
+------------+-------+-------+
| background | 96.91 | 98.35 |
|    cat     | 52.26 | 41.54 |
|    dog     | 49.38 | 49.55 |
+------------+-------+-------+
2026/04/09 17:22:01 - mmengine - INFO - Iter(val) [15/15]    aAcc: 92.5900  mDice: 66.1800  mAcc: 63.1500  data_time: 0.0100  time: 0.0666
2026/04/09 17:22:06 - mmengine - INFO - Exp name: unet1_conf_20260409_171726
2026/04/09 17:22:06 - mmengine - INFO - Iter(train) [1175/2500]  lr: 2.8924e-04  eta: 0:04:10  time: 0.1740  data_time: 0.0061  memory: 4419  loss: 0.0227  decode.loss_focal: 0.0017  decode.loss_dice: 0.0092  decode.acc_seg: 98.6938  aux.loss_focal: 0.0018  aux.loss_dice: 0.0100  aux.acc_seg: 98.7946
2026/04/09 17:22:07 - mmengine - INFO - per class results:
2026/04/09 17:22:07 - mmengine - INFO - 
+------------+-------+-------+
|   Class    |  Dice |  Acc  |
+------------+-------+-------+
| background | 96.85 | 98.64 |
|    cat     | 51.76 | 40.32 |
|    dog     | 48.88 | 46.45 |
+------------+-------+-------+
2026/04/09 17:22:07 - mmengine - INFO - Iter(val) [15/15]    aAcc: 92.6400  mDice: 65.8300  mAcc: 61.8000  data_time: 0.0093  time: 0.0652
2026/04/09 17:22:11 - mmengine - INFO - Exp name: unet1_conf_20260409_171726
2026/04/09 17:22:11 - mmengine - INFO - Iter(train) [1200/2500]  lr: 2.8449e-04  eta: 0:04:06  time: 0.1736  data_time: 0.0056  memory: 4419  loss: 0.0238  decode.loss_focal: 0.0019  decode.loss_dice: 0.0100  decode.acc_seg: 98.0499  aux.loss_focal: 0.0017  aux.loss_dice: 0.0102  aux.acc_seg: 98.1873
2026/04/09 17:22:13 - mmengine - INFO - per class results:
2026/04/09 17:22:13 - mmengine - INFO - 
+------------+-------+-------+
|   Class    |  Dice |  Acc  |
+------------+-------+-------+
| background | 96.81 | 98.81 |
|    cat     | 51.17 | 39.24 |
|    dog     |  48.9 | 45.22 |
+------------+-------+-------+
2026/04/09 17:22:13 - mmengine - INFO - Iter(val) [15/15]    aAcc: 92.6600  mDice: 65.6200  mAcc: 61.0900  data_time: 0.0271  time: 0.0832
2026/04/09 17:22:17 - mmengine - INFO - Exp name: unet1_conf_20260409_171726
2026/04/09 17:22:17 - mmengine - INFO - Iter(train) [1225/2500]  lr: 2.7974e-04  eta: 0:04:01  time: 0.1749  data_time: 0.0065  memory: 4419  loss: 0.0244  decode.loss_focal: 0.0019  decode.loss_dice: 0.0092  decode.acc_seg: 97.7585  aux.loss_focal: 0.0022  aux.loss_dice: 0.0112  aux.acc_seg: 97.3175
2026/04/09 17:22:18 - mmengine - INFO - per class results:
2026/04/09 17:22:18 - mmengine - INFO - 
+------------+-------+-------+
|   Class    |  Dice |  Acc  |
+------------+-------+-------+
| background | 96.84 | 98.59 |
|    cat     | 48.28 | 35.98 |
|    dog     | 49.17 |  49.8 |
+------------+-------+-------+
2026/04/09 17:22:18 - mmengine - INFO - Iter(val) [15/15]    aAcc: 92.4500  mDice: 64.7600  mAcc: 61.4600  data_time: 0.0094  time: 0.0657
2026/04/09 17:22:23 - mmengine - INFO - Exp name: unet1_conf_20260409_171726
2026/04/09 17:22:23 - mmengine - INFO - Iter(train) [1250/2500]  lr: 2.7497e-04  eta: 0:03:56  time: 0.1732  data_time: 0.0056  memory: 4419  loss: 0.0200  decode.loss_focal: 0.0016  decode.loss_dice: 0.0085  decode.acc_seg: 98.7823  aux.loss_focal: 0.0016  aux.loss_dice: 0.0083  aux.acc_seg: 98.9746
2026/04/09 17:22:23 - mmengine - INFO - Saving checkpoint at 50 epochs
2026/04/09 17:22:25 - mmengine - INFO - per class results:
2026/04/09 17:22:25 - mmengine - INFO - 
+------------+-------+-------+
|   Class    |  Dice |  Acc  |
+------------+-------+-------+
| background | 96.86 | 98.43 |
|    cat     |  49.9 | 38.16 |
|    dog     | 49.16 |  50.3 |
+------------+-------+-------+
2026/04/09 17:22:25 - mmengine - INFO - Iter(val) [15/15]    aAcc: 92.4600  mDice: 65.3100  mAcc: 62.2900  data_time: 0.0095  time: 0.0656
2026/04/09 17:22:29 - mmengine - INFO - Exp name: unet1_conf_20260409_171726
2026/04/09 17:22:29 - mmengine - INFO - Iter(train) [1275/2500]  lr: 2.7020e-04  eta: 0:03:51  time: 0.1727  data_time: 0.0056  memory: 4419  loss: 0.0179  decode.loss_focal: 0.0013  decode.loss_dice: 0.0075  decode.acc_seg: 99.1531  aux.loss_focal: 0.0013  aux.loss_dice: 0.0078  aux.acc_seg: 99.1882
2026/04/09 17:22:30 - mmengine - INFO - per class results:
2026/04/09 17:22:30 - mmengine - INFO - 
+------------+-------+-------+
|   Class    |  Dice |  Acc  |
+------------+-------+-------+
| background | 96.87 |  98.5 |
|    cat     | 51.76 | 40.49 |
|    dog     | 49.56 | 48.63 |
+------------+-------+-------+
2026/04/09 17:22:30 - mmengine - INFO - Iter(val) [15/15]    aAcc: 92.6100  mDice: 66.0600  mAcc: 62.5400  data_time: 0.0094  time: 0.0656
2026/04/09 17:22:35 - mmengine - INFO - Exp name: unet1_conf_20260409_171726
2026/04/09 17:22:35 - mmengine - INFO - Iter(train) [1300/2500]  lr: 2.6541e-04  eta: 0:03:46  time: 0.1735  data_time: 0.0059  memory: 4419  loss: 0.0242  decode.loss_focal: 0.0019  decode.loss_dice: 0.0102  decode.acc_seg: 98.0270  aux.loss_focal: 0.0017  aux.loss_dice: 0.0104  aux.acc_seg: 98.3627
2026/04/09 17:22:36 - mmengine - INFO - per class results:
2026/04/09 17:22:36 - mmengine - INFO - 
+------------+-------+-------+
|   Class    |  Dice |  Acc  |
+------------+-------+-------+
| background |  96.9 | 98.54 |
|    cat     |  49.2 | 36.77 |
|    dog     | 50.03 | 51.67 |
+------------+-------+-------+
2026/04/09 17:22:36 - mmengine - INFO - Iter(val) [15/15]    aAcc: 92.5300  mDice: 65.3800  mAcc: 62.3300  data_time: 0.0285  time: 0.0851
2026/04/09 17:22:41 - mmengine - INFO - Exp name: unet1_conf_20260409_171726
2026/04/09 17:22:41 - mmengine - INFO - Iter(train) [1325/2500]  lr: 2.6062e-04  eta: 0:03:41  time: 0.1732  data_time: 0.0057  memory: 4419  loss: 0.0245  decode.loss_focal: 0.0019  decode.loss_dice: 0.0101  decode.acc_seg: 97.0963  aux.loss_focal: 0.0018  aux.loss_dice: 0.0106  aux.acc_seg: 97.3083
2026/04/09 17:22:42 - mmengine - INFO - per class results:
2026/04/09 17:22:42 - mmengine - INFO - 
+------------+-------+-------+
|   Class    |  Dice |  Acc  |
+------------+-------+-------+
| background | 96.84 | 98.55 |
|    cat     | 49.92 | 38.04 |
|    dog     | 48.94 | 48.76 |
+------------+-------+-------+
2026/04/09 17:22:42 - mmengine - INFO - Iter(val) [15/15]    aAcc: 92.5000  mDice: 65.2300  mAcc: 61.7800  data_time: 0.0085  time: 0.0648
