2026/04/10 15:38:14 - mmengine - INFO - 
------------------------------------------------------------
System environment:
    sys.platform: linux
    Python: 3.10.16 (main, Jan 14 2025, 22:49:19) [Clang 19.1.6 ]
    CUDA available: True
    MUSA available: False
    numpy_random_seed: 1757738677
    GPU 0: NVIDIA A10
    CUDA_HOME: /usr
    NVCC: Cuda compilation tools, release 12.8, V12.8.93
    GCC: x86_64-alt-linux-gcc (GCC) 13.2.1 20240128 (ALT Sisyphus 13.2.1-alt3)
    PyTorch: 2.4.0+cu121
    PyTorch compiling details: PyTorch built with:
  - GCC 9.3
  - C++ Version: 201703
  - Intel(R) oneAPI Math Kernel Library Version 2022.2-Product Build 20220804 for Intel(R) 64 architecture applications
  - Intel(R) MKL-DNN v3.4.2 (Git Hash 1137e04ec0b5251ca2b4400a4fd3c667ce843d67)
  - OpenMP 201511 (a.k.a. OpenMP 4.5)
  - LAPACK is enabled (usually provided by MKL)
  - NNPACK is enabled
  - CPU capability usage: AVX512
  - CUDA Runtime 12.1
  - NVCC architecture flags: -gencode;arch=compute_50,code=sm_50;-gencode;arch=compute_60,code=sm_60;-gencode;arch=compute_70,code=sm_70;-gencode;arch=compute_75,code=sm_75;-gencode;arch=compute_80,code=sm_80;-gencode;arch=compute_86,code=sm_86;-gencode;arch=compute_90,code=sm_90
  - CuDNN 90.1  (built against CUDA 12.4)
  - Magma 2.6.1
  - Build settings: BLAS_INFO=mkl, BUILD_TYPE=Release, CUDA_VERSION=12.1, CUDNN_VERSION=9.1.0, CXX_COMPILER=/opt/rh/devtoolset-9/root/usr/bin/c++, CXX_FLAGS= -D_GLIBCXX_USE_CXX11_ABI=0 -fabi-version=11 -fvisibility-inlines-hidden -DUSE_PTHREADPOOL -DNDEBUG -DUSE_KINETO -DLIBKINETO_NOROCTRACER -DUSE_FBGEMM -DUSE_PYTORCH_QNNPACK -DUSE_XNNPACK -DSYMBOLICATE_MOBILE_DEBUG_HANDLE -O2 -fPIC -Wall -Wextra -Werror=return-type -Werror=non-virtual-dtor -Werror=bool-operation -Wnarrowing -Wno-missing-field-initializers -Wno-type-limits -Wno-array-bounds -Wno-unknown-pragmas -Wno-unused-parameter -Wno-unused-function -Wno-unused-result -Wno-strict-overflow -Wno-strict-aliasing -Wno-stringop-overflow -Wsuggest-override -Wno-psabi -Wno-error=pedantic -Wno-error=old-style-cast -Wno-missing-braces -fdiagnostics-color=always -faligned-new -Wno-unused-but-set-variable -Wno-maybe-uninitialized -fno-math-errno -fno-trapping-math -Werror=format -Wno-stringop-overflow, LAPACK_INFO=mkl, PERF_WITH_AVX=1, PERF_WITH_AVX2=1, PERF_WITH_AVX512=1, TORCH_VERSION=2.4.0, USE_CUDA=ON, USE_CUDNN=ON, USE_CUSPARSELT=1, USE_EXCEPTION_PTR=1, USE_GFLAGS=OFF, USE_GLOG=OFF, USE_GLOO=ON, USE_MKL=ON, USE_MKLDNN=ON, USE_MPI=OFF, USE_NCCL=1, USE_NNPACK=ON, USE_OPENMP=ON, USE_ROCM=OFF, USE_ROCM_KERNEL_ASSERT=OFF, 

    TorchVision: 0.19.0+cu121
    OpenCV: 4.11.0
    MMEngine: 0.10.7

Runtime environment:
    cudnn_benchmark: True
    mp_cfg: {'mp_start_method': 'fork', 'opencv_num_threads': 0}
    dist_cfg: {'backend': 'nccl'}
    seed: 1757738677
    Distributed launcher: none
    Distributed training: False
    GPU number: 1
------------------------------------------------------------

2026/04/10 15:38:14 - mmengine - INFO - Config:
batch_size = 8
data_preprocessor = dict(
    bgr_to_rgb=True,
    mean=[
        123.675,
        116.28,
        103.53,
    ],
    pad_val=0,
    seg_pad_val=255,
    size=(
        256,
        256,
    ),
    std=[
        58.395,
        57.12,
        57.375,
    ],
    type='SegDataPreProcessor')
data_root = 'data/roboflow_final'
dataset_type = 'AnimalsDataset'
default_hooks = dict(
    checkpoint=dict(
        by_epoch=True,
        interval=50,
        rule='greater',
        save_best='mDice',
        type='CheckpointHook'),
    logger=dict(interval=100, type='LoggerHook'),
    param_scheduler=dict(type='ParamSchedulerHook'),
    sampler_seed=dict(type='DistSamplerSeedHook'),
    visualization=dict(draw=True, interval=100, type='SegVisualizationHook'))
default_scope = 'mmseg'
env_cfg = dict(
    cudnn_benchmark=True,
    dist_cfg=dict(backend='nccl'),
    mp_cfg=dict(mp_start_method='fork', opencv_num_threads=0))
epoch_num = 100
input_size = (
    256,
    256,
)
launcher = 'none'
load_from = 'practicum_work/artifacts/mmsegmentation_work_dir/best_mDice_epoch_80.pth'
log_level = 'INFO'
log_processor = dict(by_epoch=False)
model = dict(
    auxiliary_head=None,
    backbone=dict(
        act_cfg=dict(type='ReLU'),
        base_channels=64,
        conv_cfg=None,
        dec_dilations=(
            1,
            1,
            1,
            1,
        ),
        dec_num_convs=(
            2,
            2,
            2,
            2,
        ),
        downsamples=(
            True,
            True,
            True,
            True,
        ),
        enc_dilations=(
            1,
            1,
            1,
            1,
            1,
        ),
        enc_num_convs=(
            2,
            2,
            2,
            2,
            2,
        ),
        in_channels=3,
        norm_cfg=dict(requires_grad=True, type='SyncBN'),
        norm_eval=False,
        num_stages=5,
        strides=(
            1,
            1,
            1,
            1,
            1,
        ),
        type='UNet',
        upsample_cfg=dict(type='InterpConv'),
        with_cp=False),
    data_preprocessor=dict(
        bgr_to_rgb=True,
        mean=[
            123.675,
            116.28,
            103.53,
        ],
        pad_val=0,
        seg_pad_val=255,
        size=(
            256,
            256,
        ),
        std=[
            58.395,
            57.12,
            57.375,
        ],
        type='SegDataPreProcessor'),
    decode_head=dict(
        align_corners=False,
        channels=64,
        concat_input=False,
        dropout_ratio=0.1,
        in_channels=64,
        in_index=4,
        loss_decode=[
            dict(
                gamma=3.0,
                loss_name='loss_focal',
                loss_weight=1.0,
                type='FocalLoss',
                use_sigmoid=True),
            dict(loss_name='loss_dice', loss_weight=1.0, type='DiceLoss'),
        ],
        norm_cfg=dict(requires_grad=True, type='SyncBN'),
        num_classes=3,
        num_convs=1,
        type='FCNHead'),
    pretrained=None,
    test_cfg=dict(crop_size=256, mode='whole', stride=170),
    train_cfg=dict(),
    type='EncoderDecoder')
norm_cfg = dict(requires_grad=True, type='SyncBN')
num_workers = 4
optim_wrapper = dict(
    optimizer=dict(lr=0.0001, type='AdamW', weight_decay=0.05),
    type='OptimWrapper')
optimizer = dict(lr=0.0001, type='AdamW', weight_decay=0.05)
param_scheduler = [
    dict(
        begin=0,
        by_epoch=True,
        end=100,
        eta_min=1e-06,
        power=0.8,
        type='PolyLR'),
]
resume = False
test_cfg = dict(type='TestLoop')
test_dataloader = dict(
    batch_size=8,
    dataset=dict(
        data_prefix=dict(img_path='img/test', seg_map_path='labels/test'),
        data_root='data/roboflow_final',
        img_suffix='.jpg',
        pipeline=[
            dict(type='LoadImageFromFile'),
            dict(type='LoadAnnotations'),
            dict(type='PackSegInputs'),
        ],
        seg_map_suffix='.png',
        type='AnimalsDataset'),
    num_workers=4,
    persistent_workers=True,
    sampler=dict(shuffle=False, type='DefaultSampler'))
test_dataset = dict(
    data_prefix=dict(img_path='img/test', seg_map_path='labels/test'),
    data_root='data/roboflow_final',
    img_suffix='.jpg',
    pipeline=[
        dict(type='LoadImageFromFile'),
        dict(type='LoadAnnotations'),
        dict(type='PackSegInputs'),
    ],
    seg_map_suffix='.png',
    type='AnimalsDataset')
test_evaluator = dict(
    classwise=True, iou_metrics=[
        'mDice',
    ], num_classes=3, type='IoUMetric')
test_pipeline = [
    dict(type='LoadImageFromFile'),
    dict(type='LoadAnnotations'),
    dict(type='PackSegInputs'),
]
train_cfg = dict(max_epochs=100, type='EpochBasedTrainLoop')
train_dataloader = dict(
    batch_size=8,
    dataset=dict(
        data_prefix=dict(img_path='img/train', seg_map_path='labels/train'),
        data_root='data/roboflow_final',
        img_suffix='.jpg',
        pipeline=[
            dict(type='LoadImageFromFile'),
            dict(type='LoadAnnotations'),
            dict(direction='horizontal', prob=0.5, type='RandomFlip'),
            dict(degree=(
                -30,
                30,
            ), prob=0.5, type='RandomRotate'),
            dict(crop_size=(
                224,
                224,
            ), type='RandomCrop'),
            dict(
                cutout_ratio=(
                    0.05,
                    0.1,
                ),
                n_holes=(
                    7,
                    15,
                ),
                prob=0.4,
                type='RandomCutOut'),
            dict(type='PackSegInputs'),
        ],
        seg_map_suffix='.png',
        type='AnimalsDataset'),
    drop_last=True,
    num_workers=4,
    persistent_workers=True,
    sampler=dict(shuffle=True, type='DefaultSampler'))
train_dataset = dict(
    data_prefix=dict(img_path='img/train', seg_map_path='labels/train'),
    data_root='data/roboflow_final',
    img_suffix='.jpg',
    pipeline=[
        dict(type='LoadImageFromFile'),
        dict(type='LoadAnnotations'),
        dict(direction='horizontal', prob=0.5, type='RandomFlip'),
        dict(degree=(
            -30,
            30,
        ), prob=0.5, type='RandomRotate'),
        dict(crop_size=(
            224,
            224,
        ), type='RandomCrop'),
        dict(
            cutout_ratio=(
                0.05,
                0.1,
            ),
            n_holes=(
                7,
                15,
            ),
            prob=0.4,
            type='RandomCutOut'),
        dict(type='PackSegInputs'),
    ],
    seg_map_suffix='.png',
    type='AnimalsDataset')
train_pipeline = [
    dict(type='LoadImageFromFile'),
    dict(type='LoadAnnotations'),
    dict(direction='horizontal', prob=0.5, type='RandomFlip'),
    dict(degree=(
        -30,
        30,
    ), prob=0.5, type='RandomRotate'),
    dict(crop_size=(
        224,
        224,
    ), type='RandomCrop'),
    dict(
        cutout_ratio=(
            0.05,
            0.1,
        ),
        n_holes=(
            7,
            15,
        ),
        prob=0.4,
        type='RandomCutOut'),
    dict(type='PackSegInputs'),
]
tta_model = dict(type='SegTTAModel')
val_cfg = dict(type='ValLoop')
val_dataloader = dict(
    batch_size=8,
    dataset=dict(
        data_prefix=dict(img_path='img/val', seg_map_path='labels/val'),
        data_root='data/roboflow_final',
        img_suffix='.jpg',
        pipeline=[
            dict(type='LoadImageFromFile'),
            dict(type='LoadAnnotations'),
            dict(type='PackSegInputs'),
        ],
        seg_map_suffix='.png',
        type='AnimalsDataset'),
    num_workers=4,
    persistent_workers=True,
    sampler=dict(shuffle=False, type='DefaultSampler'))
val_dataset = dict(
    data_prefix=dict(img_path='img/val', seg_map_path='labels/val'),
    data_root='data/roboflow_final',
    img_suffix='.jpg',
    pipeline=[
        dict(type='LoadImageFromFile'),
        dict(type='LoadAnnotations'),
        dict(type='PackSegInputs'),
    ],
    seg_map_suffix='.png',
    type='AnimalsDataset')
val_evaluator = dict(
    classwise=True, iou_metrics=[
        'mDice',
    ], num_classes=3, type='IoUMetric')
val_pipeline = [
    dict(type='LoadImageFromFile'),
    dict(type='LoadAnnotations'),
    dict(type='PackSegInputs'),
]
vis_backends = [
    dict(type='LocalVisBackend'),
]
visualizer = dict(
    name='visualizer',
    type='SegLocalVisualizer',
    vis_backends=[
        dict(type='LocalVisBackend'),
        dict(
            exp_name='sprint6_unet_v15',
            run_name='unet-s5-d16',
            tracking_uri='http://localhost:5000',
            type='MLflowVisBackend'),
    ])
work_dir = 'practicum_work/artifacts/mmsegmentation_work_dir'

2026/04/10 15:38:16 - mmengine - WARNING - Please make sure that the mlflow server is running.
2026/04/10 15:38:18 - mmengine - INFO - Distributed training is not used, all SyncBatchNorm (SyncBN) layers in the model will be automatically reverted to BatchNormXd layers if they are used.
2026/04/10 15:38:18 - mmengine - INFO - Hooks will be executed in the following order:
before_run:
(VERY_HIGH   ) RuntimeInfoHook                    
(BELOW_NORMAL) LoggerHook                         
 -------------------- 
before_train:
(VERY_HIGH   ) RuntimeInfoHook                    
(NORMAL      ) IterTimerHook                      
(VERY_LOW    ) CheckpointHook                     
 -------------------- 
before_train_epoch:
(VERY_HIGH   ) RuntimeInfoHook                    
(NORMAL      ) IterTimerHook                      
(NORMAL      ) DistSamplerSeedHook                
 -------------------- 
before_train_iter:
(VERY_HIGH   ) RuntimeInfoHook                    
(NORMAL      ) IterTimerHook                      
 -------------------- 
after_train_iter:
(VERY_HIGH   ) RuntimeInfoHook                    
(NORMAL      ) IterTimerHook                      
(BELOW_NORMAL) LoggerHook                         
(LOW         ) ParamSchedulerHook                 
(VERY_LOW    ) CheckpointHook                     
 -------------------- 
after_train_epoch:
(NORMAL      ) IterTimerHook                      
(LOW         ) ParamSchedulerHook                 
(VERY_LOW    ) CheckpointHook                     
 -------------------- 
before_val:
(VERY_HIGH   ) RuntimeInfoHook                    
 -------------------- 
before_val_epoch:
(NORMAL      ) IterTimerHook                      
 -------------------- 
before_val_iter:
(NORMAL      ) IterTimerHook                      
 -------------------- 
after_val_iter:
(NORMAL      ) IterTimerHook                      
(NORMAL      ) SegVisualizationHook               
(BELOW_NORMAL) LoggerHook                         
 -------------------- 
after_val_epoch:
(VERY_HIGH   ) RuntimeInfoHook                    
(NORMAL      ) IterTimerHook                      
(BELOW_NORMAL) LoggerHook                         
(LOW         ) ParamSchedulerHook                 
(VERY_LOW    ) CheckpointHook                     
 -------------------- 
after_val:
(VERY_HIGH   ) RuntimeInfoHook                    
 -------------------- 
after_train:
(VERY_HIGH   ) RuntimeInfoHook                    
(VERY_LOW    ) CheckpointHook                     
 -------------------- 
before_test:
(VERY_HIGH   ) RuntimeInfoHook                    
 -------------------- 
before_test_epoch:
(NORMAL      ) IterTimerHook                      
 -------------------- 
before_test_iter:
(NORMAL      ) IterTimerHook                      
 -------------------- 
after_test_iter:
(NORMAL      ) IterTimerHook                      
(NORMAL      ) SegVisualizationHook               
(BELOW_NORMAL) LoggerHook                         
 -------------------- 
after_test_epoch:
(VERY_HIGH   ) RuntimeInfoHook                    
(NORMAL      ) IterTimerHook                      
(BELOW_NORMAL) LoggerHook                         
 -------------------- 
after_test:
(VERY_HIGH   ) RuntimeInfoHook                    
 -------------------- 
after_run:
(BELOW_NORMAL) LoggerHook                         
 -------------------- 
2026/04/10 15:38:19 - mmengine - WARNING - The prefix is not set in metric class IoUMetric.
Name of parameter - Initialization information

backbone.encoder.0.0.convs.0.conv.weight - torch.Size([64, 3, 3, 3]): 
KaimingInit: a=0, mode=fan_out, nonlinearity=relu, distribution =normal, bias=0 

backbone.encoder.0.0.convs.0.bn.weight - torch.Size([64]): 
The value is the same before and after calling `init_weights` of EncoderDecoder  

backbone.encoder.0.0.convs.0.bn.bias - torch.Size([64]): 
The value is the same before and after calling `init_weights` of EncoderDecoder  

backbone.encoder.0.0.convs.1.conv.weight - torch.Size([64, 64, 3, 3]): 
KaimingInit: a=0, mode=fan_out, nonlinearity=relu, distribution =normal, bias=0 

backbone.encoder.0.0.convs.1.bn.weight - torch.Size([64]): 
The value is the same before and after calling `init_weights` of EncoderDecoder  

backbone.encoder.0.0.convs.1.bn.bias - torch.Size([64]): 
The value is the same before and after calling `init_weights` of EncoderDecoder  

backbone.encoder.1.1.convs.0.conv.weight - torch.Size([128, 64, 3, 3]): 
KaimingInit: a=0, mode=fan_out, nonlinearity=relu, distribution =normal, bias=0 

backbone.encoder.1.1.convs.0.bn.weight - torch.Size([128]): 
The value is the same before and after calling `init_weights` of EncoderDecoder  

backbone.encoder.1.1.convs.0.bn.bias - torch.Size([128]): 
The value is the same before and after calling `init_weights` of EncoderDecoder  

backbone.encoder.1.1.convs.1.conv.weight - torch.Size([128, 128, 3, 3]): 
KaimingInit: a=0, mode=fan_out, nonlinearity=relu, distribution =normal, bias=0 

backbone.encoder.1.1.convs.1.bn.weight - torch.Size([128]): 
The value is the same before and after calling `init_weights` of EncoderDecoder  

backbone.encoder.1.1.convs.1.bn.bias - torch.Size([128]): 
The value is the same before and after calling `init_weights` of EncoderDecoder  

backbone.encoder.2.1.convs.0.conv.weight - torch.Size([256, 128, 3, 3]): 
KaimingInit: a=0, mode=fan_out, nonlinearity=relu, distribution =normal, bias=0 

backbone.encoder.2.1.convs.0.bn.weight - torch.Size([256]): 
The value is the same before and after calling `init_weights` of EncoderDecoder  

backbone.encoder.2.1.convs.0.bn.bias - torch.Size([256]): 
The value is the same before and after calling `init_weights` of EncoderDecoder  

backbone.encoder.2.1.convs.1.conv.weight - torch.Size([256, 256, 3, 3]): 
KaimingInit: a=0, mode=fan_out, nonlinearity=relu, distribution =normal, bias=0 

backbone.encoder.2.1.convs.1.bn.weight - torch.Size([256]): 
The value is the same before and after calling `init_weights` of EncoderDecoder  

backbone.encoder.2.1.convs.1.bn.bias - torch.Size([256]): 
The value is the same before and after calling `init_weights` of EncoderDecoder  

backbone.encoder.3.1.convs.0.conv.weight - torch.Size([512, 256, 3, 3]): 
KaimingInit: a=0, mode=fan_out, nonlinearity=relu, distribution =normal, bias=0 

backbone.encoder.3.1.convs.0.bn.weight - torch.Size([512]): 
The value is the same before and after calling `init_weights` of EncoderDecoder  

backbone.encoder.3.1.convs.0.bn.bias - torch.Size([512]): 
The value is the same before and after calling `init_weights` of EncoderDecoder  

backbone.encoder.3.1.convs.1.conv.weight - torch.Size([512, 512, 3, 3]): 
KaimingInit: a=0, mode=fan_out, nonlinearity=relu, distribution =normal, bias=0 

backbone.encoder.3.1.convs.1.bn.weight - torch.Size([512]): 
The value is the same before and after calling `init_weights` of EncoderDecoder  

backbone.encoder.3.1.convs.1.bn.bias - torch.Size([512]): 
The value is the same before and after calling `init_weights` of EncoderDecoder  

backbone.encoder.4.1.convs.0.conv.weight - torch.Size([1024, 512, 3, 3]): 
KaimingInit: a=0, mode=fan_out, nonlinearity=relu, distribution =normal, bias=0 

backbone.encoder.4.1.convs.0.bn.weight - torch.Size([1024]): 
The value is the same before and after calling `init_weights` of EncoderDecoder  

backbone.encoder.4.1.convs.0.bn.bias - torch.Size([1024]): 
The value is the same before and after calling `init_weights` of EncoderDecoder  

backbone.encoder.4.1.convs.1.conv.weight - torch.Size([1024, 1024, 3, 3]): 
KaimingInit: a=0, mode=fan_out, nonlinearity=relu, distribution =normal, bias=0 

backbone.encoder.4.1.convs.1.bn.weight - torch.Size([1024]): 
The value is the same before and after calling `init_weights` of EncoderDecoder  

backbone.encoder.4.1.convs.1.bn.bias - torch.Size([1024]): 
The value is the same before and after calling `init_weights` of EncoderDecoder  

backbone.decoder.0.conv_block.convs.0.conv.weight - torch.Size([64, 128, 3, 3]): 
KaimingInit: a=0, mode=fan_out, nonlinearity=relu, distribution =normal, bias=0 

backbone.decoder.0.conv_block.convs.0.bn.weight - torch.Size([64]): 
The value is the same before and after calling `init_weights` of EncoderDecoder  

backbone.decoder.0.conv_block.convs.0.bn.bias - torch.Size([64]): 
The value is the same before and after calling `init_weights` of EncoderDecoder  

backbone.decoder.0.conv_block.convs.1.conv.weight - torch.Size([64, 64, 3, 3]): 
KaimingInit: a=0, mode=fan_out, nonlinearity=relu, distribution =normal, bias=0 

backbone.decoder.0.conv_block.convs.1.bn.weight - torch.Size([64]): 
The value is the same before and after calling `init_weights` of EncoderDecoder  

backbone.decoder.0.conv_block.convs.1.bn.bias - torch.Size([64]): 
The value is the same before and after calling `init_weights` of EncoderDecoder  

backbone.decoder.0.upsample.interp_upsample.1.conv.weight - torch.Size([64, 128, 1, 1]): 
KaimingInit: a=0, mode=fan_out, nonlinearity=relu, distribution =normal, bias=0 

backbone.decoder.0.upsample.interp_upsample.1.bn.weight - torch.Size([64]): 
The value is the same before and after calling `init_weights` of EncoderDecoder  

backbone.decoder.0.upsample.interp_upsample.1.bn.bias - torch.Size([64]): 
The value is the same before and after calling `init_weights` of EncoderDecoder  

backbone.decoder.1.conv_block.convs.0.conv.weight - torch.Size([128, 256, 3, 3]): 
KaimingInit: a=0, mode=fan_out, nonlinearity=relu, distribution =normal, bias=0 

backbone.decoder.1.conv_block.convs.0.bn.weight - torch.Size([128]): 
The value is the same before and after calling `init_weights` of EncoderDecoder  

backbone.decoder.1.conv_block.convs.0.bn.bias - torch.Size([128]): 
The value is the same before and after calling `init_weights` of EncoderDecoder  

backbone.decoder.1.conv_block.convs.1.conv.weight - torch.Size([128, 128, 3, 3]): 
KaimingInit: a=0, mode=fan_out, nonlinearity=relu, distribution =normal, bias=0 

backbone.decoder.1.conv_block.convs.1.bn.weight - torch.Size([128]): 
The value is the same before and after calling `init_weights` of EncoderDecoder  

backbone.decoder.1.conv_block.convs.1.bn.bias - torch.Size([128]): 
The value is the same before and after calling `init_weights` of EncoderDecoder  

backbone.decoder.1.upsample.interp_upsample.1.conv.weight - torch.Size([128, 256, 1, 1]): 
KaimingInit: a=0, mode=fan_out, nonlinearity=relu, distribution =normal, bias=0 

backbone.decoder.1.upsample.interp_upsample.1.bn.weight - torch.Size([128]): 
The value is the same before and after calling `init_weights` of EncoderDecoder  

backbone.decoder.1.upsample.interp_upsample.1.bn.bias - torch.Size([128]): 
The value is the same before and after calling `init_weights` of EncoderDecoder  

backbone.decoder.2.conv_block.convs.0.conv.weight - torch.Size([256, 512, 3, 3]): 
KaimingInit: a=0, mode=fan_out, nonlinearity=relu, distribution =normal, bias=0 

backbone.decoder.2.conv_block.convs.0.bn.weight - torch.Size([256]): 
The value is the same before and after calling `init_weights` of EncoderDecoder  

backbone.decoder.2.conv_block.convs.0.bn.bias - torch.Size([256]): 
The value is the same before and after calling `init_weights` of EncoderDecoder  

backbone.decoder.2.conv_block.convs.1.conv.weight - torch.Size([256, 256, 3, 3]): 
KaimingInit: a=0, mode=fan_out, nonlinearity=relu, distribution =normal, bias=0 

backbone.decoder.2.conv_block.convs.1.bn.weight - torch.Size([256]): 
The value is the same before and after calling `init_weights` of EncoderDecoder  

backbone.decoder.2.conv_block.convs.1.bn.bias - torch.Size([256]): 
The value is the same before and after calling `init_weights` of EncoderDecoder  

backbone.decoder.2.upsample.interp_upsample.1.conv.weight - torch.Size([256, 512, 1, 1]): 
KaimingInit: a=0, mode=fan_out, nonlinearity=relu, distribution =normal, bias=0 

backbone.decoder.2.upsample.interp_upsample.1.bn.weight - torch.Size([256]): 
The value is the same before and after calling `init_weights` of EncoderDecoder  

backbone.decoder.2.upsample.interp_upsample.1.bn.bias - torch.Size([256]): 
The value is the same before and after calling `init_weights` of EncoderDecoder  

backbone.decoder.3.conv_block.convs.0.conv.weight - torch.Size([512, 1024, 3, 3]): 
KaimingInit: a=0, mode=fan_out, nonlinearity=relu, distribution =normal, bias=0 

backbone.decoder.3.conv_block.convs.0.bn.weight - torch.Size([512]): 
The value is the same before and after calling `init_weights` of EncoderDecoder  

backbone.decoder.3.conv_block.convs.0.bn.bias - torch.Size([512]): 
The value is the same before and after calling `init_weights` of EncoderDecoder  

backbone.decoder.3.conv_block.convs.1.conv.weight - torch.Size([512, 512, 3, 3]): 
KaimingInit: a=0, mode=fan_out, nonlinearity=relu, distribution =normal, bias=0 

backbone.decoder.3.conv_block.convs.1.bn.weight - torch.Size([512]): 
The value is the same before and after calling `init_weights` of EncoderDecoder  

backbone.decoder.3.conv_block.convs.1.bn.bias - torch.Size([512]): 
The value is the same before and after calling `init_weights` of EncoderDecoder  

backbone.decoder.3.upsample.interp_upsample.1.conv.weight - torch.Size([512, 1024, 1, 1]): 
KaimingInit: a=0, mode=fan_out, nonlinearity=relu, distribution =normal, bias=0 

backbone.decoder.3.upsample.interp_upsample.1.bn.weight - torch.Size([512]): 
The value is the same before and after calling `init_weights` of EncoderDecoder  

backbone.decoder.3.upsample.interp_upsample.1.bn.bias - torch.Size([512]): 
The value is the same before and after calling `init_weights` of EncoderDecoder  

decode_head.conv_seg.weight - torch.Size([3, 64, 1, 1]): 
NormalInit: mean=0, std=0.01, bias=0 

decode_head.conv_seg.bias - torch.Size([3]): 
NormalInit: mean=0, std=0.01, bias=0 

decode_head.convs.0.conv.weight - torch.Size([64, 64, 3, 3]): 
The value is the same before and after calling `init_weights` of EncoderDecoder  

decode_head.convs.0.bn.weight - torch.Size([64]): 
The value is the same before and after calling `init_weights` of EncoderDecoder  

decode_head.convs.0.bn.bias - torch.Size([64]): 
The value is the same before and after calling `init_weights` of EncoderDecoder  
2026/04/10 15:38:19 - mmengine - INFO - Load checkpoint from practicum_work/artifacts/mmsegmentation_work_dir/best_mDice_epoch_80.pth
2026/04/10 15:38:19 - mmengine - WARNING - "FileClient" will be deprecated in future. Please use io functions in https://mmengine.readthedocs.io/en/latest/api/fileio.html#file-io
2026/04/10 15:38:19 - mmengine - WARNING - "HardDiskBackend" is the alias of "LocalBackend" and the former will be deprecated in future.
2026/04/10 15:38:19 - mmengine - INFO - Checkpoints will be saved to /data_12/gpudev/kashnitskii/yx/s6_project/practicum_work/artifacts/mmsegmentation_work_dir.
2026/04/10 15:38:31 - mmengine - INFO - Exp name: unet1_conf_20260410_153813
2026/04/10 15:38:31 - mmengine - INFO - Iter(train) [  38/3800]  lr: 1.0000e-04  eta: 0:19:55  time: 0.1724  data_time: 0.0059  memory: 19183  loss: 0.0322  decode.loss_focal: 0.0038  decode.loss_dice: 0.0283  decode.acc_seg: 96.9705
2026/04/10 15:38:32 - mmengine - INFO - per class results:
2026/04/10 15:38:32 - mmengine - INFO - 
+------------+-------+-------+
|   Class    |  Dice |  Acc  |
+------------+-------+-------+
| background | 96.81 | 97.85 |
|    cat     | 57.81 | 47.33 |
|    dog     | 51.89 | 54.63 |
+------------+-------+-------+
2026/04/10 15:38:32 - mmengine - INFO - Iter(val) [15/15]    aAcc: 92.7300  mDice: 68.8400  mAcc: 66.6100  data_time: 0.0174  time: 0.0734
2026/04/10 15:38:33 - mmengine - INFO - The best checkpoint with 68.8400 mDice at 1 epoch is saved to best_mDice_epoch_1.pth.
2026/04/10 15:38:39 - mmengine - INFO - Exp name: unet1_conf_20260410_153813
2026/04/10 15:38:39 - mmengine - INFO - Iter(train) [  76/3800]  lr: 9.9199e-05  eta: 0:15:17  time: 0.1739  data_time: 0.0063  memory: 4436  loss: 0.0303  decode.loss_focal: 0.0036  decode.loss_dice: 0.0267  decode.acc_seg: 98.1488
2026/04/10 15:38:40 - mmengine - INFO - per class results:
2026/04/10 15:38:40 - mmengine - INFO - 
+------------+-------+-------+
|   Class    |  Dice |  Acc  |
+------------+-------+-------+
| background | 97.05 | 98.12 |
|    cat     | 62.67 | 56.36 |
|    dog     |  52.0 | 48.05 |
+------------+-------+-------+
2026/04/10 15:38:40 - mmengine - INFO - Iter(val) [15/15]    aAcc: 93.2800  mDice: 70.5800  mAcc: 67.5100  data_time: 0.0100  time: 0.0642
2026/04/10 15:38:40 - mmengine - INFO - The previous best checkpoint /data_12/gpudev/kashnitskii/yx/s6_project/practicum_work/artifacts/mmsegmentation_work_dir/best_mDice_epoch_1.pth is removed
2026/04/10 15:38:41 - mmengine - INFO - The best checkpoint with 70.5800 mDice at 2 epoch is saved to best_mDice_epoch_2.pth.
2026/04/10 15:38:47 - mmengine - INFO - Exp name: unet1_conf_20260410_153813
2026/04/10 15:38:47 - mmengine - INFO - Iter(train) [ 114/3800]  lr: 9.8397e-05  eta: 0:13:41  time: 0.1752  data_time: 0.0071  memory: 4436  loss: 0.0307  decode.loss_focal: 0.0041  decode.loss_dice: 0.0266  decode.acc_seg: 96.6577
2026/04/10 15:38:48 - mmengine - INFO - per class results:
2026/04/10 15:38:48 - mmengine - INFO - 
+------------+-------+-------+
|   Class    |  Dice |  Acc  |
+------------+-------+-------+
| background | 96.98 | 97.55 |
|    cat     | 59.84 | 56.61 |
|    dog     | 52.36 | 50.27 |
+------------+-------+-------+
2026/04/10 15:38:48 - mmengine - INFO - Iter(val) [15/15]    aAcc: 92.8900  mDice: 69.7300  mAcc: 68.1400  data_time: 0.0106  time: 0.0660
2026/04/10 15:38:55 - mmengine - INFO - Exp name: unet1_conf_20260410_153813
2026/04/10 15:38:55 - mmengine - INFO - Iter(train) [ 152/3800]  lr: 9.7593e-05  eta: 0:12:50  time: 0.1754  data_time: 0.0064  memory: 4436  loss: 0.0211  decode.loss_focal: 0.0026  decode.loss_dice: 0.0185  decode.acc_seg: 98.8000
2026/04/10 15:38:56 - mmengine - INFO - per class results:
2026/04/10 15:38:56 - mmengine - INFO - 
+------------+-------+-------+
|   Class    |  Dice |  Acc  |
+------------+-------+-------+
| background | 97.48 | 98.11 |
|    cat     | 58.67 | 48.31 |
|    dog     | 57.47 | 65.42 |
+------------+-------+-------+
2026/04/10 15:38:56 - mmengine - INFO - Iter(val) [15/15]    aAcc: 93.4800  mDice: 71.2000  mAcc: 70.6100  data_time: 0.0097  time: 0.0643
2026/04/10 15:38:56 - mmengine - INFO - The previous best checkpoint /data_12/gpudev/kashnitskii/yx/s6_project/practicum_work/artifacts/mmsegmentation_work_dir/best_mDice_epoch_2.pth is removed
2026/04/10 15:38:56 - mmengine - INFO - The best checkpoint with 71.2000 mDice at 4 epoch is saved to best_mDice_epoch_4.pth.
2026/04/10 15:39:03 - mmengine - INFO - Exp name: unet1_conf_20260410_153813
2026/04/10 15:39:03 - mmengine - INFO - Iter(train) [ 190/3800]  lr: 9.6787e-05  eta: 0:12:17  time: 0.1759  data_time: 0.0063  memory: 4436  loss: 0.0248  decode.loss_focal: 0.0039  decode.loss_dice: 0.0209  decode.acc_seg: 97.8567
2026/04/10 15:39:04 - mmengine - INFO - per class results:
2026/04/10 15:39:04 - mmengine - INFO - 
+------------+-------+-------+
|   Class    |  Dice |  Acc  |
+------------+-------+-------+
| background | 97.08 | 97.68 |
|    cat     | 53.71 |  41.9 |
|    dog     | 55.32 | 67.04 |
+------------+-------+-------+
2026/04/10 15:39:04 - mmengine - INFO - Iter(val) [15/15]    aAcc: 92.7400  mDice: 68.7000  mAcc: 68.8700  data_time: 0.0310  time: 0.0857
2026/04/10 15:39:11 - mmengine - INFO - Exp name: unet1_conf_20260410_153813
2026/04/10 15:39:11 - mmengine - INFO - Iter(train) [ 228/3800]  lr: 9.5979e-05  eta: 0:11:53  time: 0.1757  data_time: 0.0058  memory: 4436  loss: 0.0221  decode.loss_focal: 0.0032  decode.loss_dice: 0.0189  decode.acc_seg: 96.4433
2026/04/10 15:39:12 - mmengine - INFO - per class results:
2026/04/10 15:39:12 - mmengine - INFO - 
+------------+-------+-------+
|   Class    |  Dice |  Acc  |
+------------+-------+-------+
| background | 97.19 | 98.37 |
|    cat     | 56.88 | 45.33 |
|    dog     | 58.56 | 62.07 |
+------------+-------+-------+
2026/04/10 15:39:12 - mmengine - INFO - Iter(val) [15/15]    aAcc: 93.3700  mDice: 70.8800  mAcc: 68.5900  data_time: 0.0105  time: 0.0660
2026/04/10 15:39:19 - mmengine - INFO - Exp name: unet1_conf_20260410_153813
2026/04/10 15:39:19 - mmengine - INFO - Iter(train) [ 266/3800]  lr: 9.5170e-05  eta: 0:11:34  time: 0.1762  data_time: 0.0060  memory: 4436  loss: 0.0184  decode.loss_focal: 0.0028  decode.loss_dice: 0.0155  decode.acc_seg: 98.7022
2026/04/10 15:39:20 - mmengine - INFO - per class results:
2026/04/10 15:39:20 - mmengine - INFO - 
+------------+-------+-------+
|   Class    |  Dice |  Acc  |
+------------+-------+-------+
| background | 97.17 | 98.37 |
|    cat     | 47.71 | 33.54 |
|    dog     | 56.92 | 68.43 |
+------------+-------+-------+
2026/04/10 15:39:20 - mmengine - INFO - Iter(val) [15/15]    aAcc: 92.8700  mDice: 67.2700  mAcc: 66.7800  data_time: 0.0097  time: 0.0645
2026/04/10 15:39:27 - mmengine - INFO - Exp name: unet1_conf_20260410_153813
2026/04/10 15:39:27 - mmengine - INFO - Iter(train) [ 304/3800]  lr: 9.4359e-05  eta: 0:11:19  time: 0.1774  data_time: 0.0062  memory: 4436  loss: 0.0177  decode.loss_focal: 0.0025  decode.loss_dice: 0.0152  decode.acc_seg: 98.7273
2026/04/10 15:39:28 - mmengine - INFO - per class results:
2026/04/10 15:39:28 - mmengine - INFO - 
+------------+-------+-------+
|   Class    |  Dice |  Acc  |
+------------+-------+-------+
| background | 97.21 | 98.38 |
|    cat     | 48.87 | 35.71 |
|    dog     | 53.38 | 62.13 |
+------------+-------+-------+
2026/04/10 15:39:28 - mmengine - INFO - Iter(val) [15/15]    aAcc: 92.7600  mDice: 66.4900  mAcc: 65.4100  data_time: 0.0078  time: 0.0630
2026/04/10 15:39:35 - mmengine - INFO - Exp name: unet1_conf_20260410_153813
2026/04/10 15:39:35 - mmengine - INFO - Iter(train) [ 342/3800]  lr: 9.3547e-05  eta: 0:11:06  time: 0.1784  data_time: 0.0064  memory: 4436  loss: 0.0201  decode.loss_focal: 0.0033  decode.loss_dice: 0.0168  decode.acc_seg: 99.0353
2026/04/10 15:39:36 - mmengine - INFO - per class results:
2026/04/10 15:39:36 - mmengine - INFO - 
+------------+-------+-------+
|   Class    |  Dice |  Acc  |
+------------+-------+-------+
| background | 97.19 |  98.0 |
|    cat     | 46.79 | 34.38 |
|    dog     |  54.7 | 67.74 |
+------------+-------+-------+
2026/04/10 15:39:36 - mmengine - INFO - Iter(val) [15/15]    aAcc: 92.5600  mDice: 66.2300  mAcc: 66.7100  data_time: 0.0102  time: 0.0658
2026/04/10 15:39:42 - mmengine - INFO - Exp name: unet1_conf_20260410_153813
2026/04/10 15:39:42 - mmengine - INFO - Iter(train) [ 380/3800]  lr: 9.2732e-05  eta: 0:10:54  time: 0.1777  data_time: 0.0058  memory: 4436  loss: 0.0217  decode.loss_focal: 0.0035  decode.loss_dice: 0.0182  decode.acc_seg: 98.1775
2026/04/10 15:39:43 - mmengine - INFO - per class results:
2026/04/10 15:39:43 - mmengine - INFO - 
+------------+-------+-------+
|   Class    |  Dice |  Acc  |
+------------+-------+-------+
| background | 96.91 | 97.96 |
|    cat     | 46.69 | 34.14 |
|    dog     | 50.18 | 59.68 |
+------------+-------+-------+
2026/04/10 15:39:43 - mmengine - INFO - Iter(val) [15/15]    aAcc: 92.1800  mDice: 64.5900  mAcc: 63.9300  data_time: 0.0093  time: 0.0647
2026/04/10 15:39:50 - mmengine - INFO - Exp name: unet1_conf_20260410_153813
2026/04/10 15:39:50 - mmengine - INFO - Iter(train) [ 418/3800]  lr: 9.1916e-05  eta: 0:10:43  time: 0.1790  data_time: 0.0059  memory: 4436  loss: 0.0230  decode.loss_focal: 0.0035  decode.loss_dice: 0.0195  decode.acc_seg: 97.5108
2026/04/10 15:39:51 - mmengine - INFO - per class results:
2026/04/10 15:39:51 - mmengine - INFO - 
+------------+-------+-------+
|   Class    |  Dice |  Acc  |
+------------+-------+-------+
| background | 96.98 | 97.71 |
|    cat     | 54.22 | 44.97 |
|    dog     | 53.46 | 59.11 |
+------------+-------+-------+
2026/04/10 15:39:51 - mmengine - INFO - Iter(val) [15/15]    aAcc: 92.6400  mDice: 68.2200  mAcc: 67.2700  data_time: 0.0097  time: 0.0654
2026/04/10 15:39:58 - mmengine - INFO - Exp name: unet1_conf_20260410_153813
2026/04/10 15:39:58 - mmengine - INFO - Iter(train) [ 456/3800]  lr: 9.1098e-05  eta: 0:10:33  time: 0.1793  data_time: 0.0057  memory: 4436  loss: 0.0188  decode.loss_focal: 0.0026  decode.loss_dice: 0.0163  decode.acc_seg: 98.9186
2026/04/10 15:39:59 - mmengine - INFO - per class results:
2026/04/10 15:39:59 - mmengine - INFO - 
+------------+-------+-------+
|   Class    |  Dice |  Acc  |
+------------+-------+-------+
| background | 97.14 |  98.3 |
|    cat     | 59.22 | 52.16 |
|    dog     | 49.49 | 46.05 |
+------------+-------+-------+
2026/04/10 15:39:59 - mmengine - INFO - Iter(val) [15/15]    aAcc: 93.0900  mDice: 68.6200  mAcc: 65.5000  data_time: 0.0108  time: 0.0667
2026/04/10 15:40:06 - mmengine - INFO - Exp name: unet1_conf_20260410_153813
2026/04/10 15:40:06 - mmengine - INFO - Iter(train) [ 494/3800]  lr: 9.0278e-05  eta: 0:10:23  time: 0.1789  data_time: 0.0057  memory: 4436  loss: 0.0193  decode.loss_focal: 0.0029  decode.loss_dice: 0.0164  decode.acc_seg: 98.3331
2026/04/10 15:40:07 - mmengine - INFO - per class results:
2026/04/10 15:40:07 - mmengine - INFO - 
+------------+-------+-------+
|   Class    |  Dice |  Acc  |
+------------+-------+-------+
| background | 96.98 | 97.64 |
|    cat     |  58.5 | 50.31 |
|    dog     | 57.69 | 61.87 |
+------------+-------+-------+
2026/04/10 15:40:07 - mmengine - INFO - Iter(val) [15/15]    aAcc: 93.0400  mDice: 71.0500  mAcc: 69.9400  data_time: 0.0269  time: 0.0833
2026/04/10 15:40:14 - mmengine - INFO - Exp name: unet1_conf_20260410_153813
2026/04/10 15:40:14 - mmengine - INFO - Iter(train) [ 532/3800]  lr: 8.9456e-05  eta: 0:10:15  time: 0.1798  data_time: 0.0057  memory: 4436  loss: 0.0193  decode.loss_focal: 0.0030  decode.loss_dice: 0.0163  decode.acc_seg: 98.8950
2026/04/10 15:40:15 - mmengine - INFO - per class results:
2026/04/10 15:40:15 - mmengine - INFO - 
+------------+-------+-------+
|   Class    |  Dice |  Acc  |
+------------+-------+-------+
| background | 97.03 | 98.48 |
|    cat     | 49.93 | 36.46 |
|    dog     | 55.89 | 61.65 |
+------------+-------+-------+
2026/04/10 15:40:15 - mmengine - INFO - Iter(val) [15/15]    aAcc: 92.8700  mDice: 67.6200  mAcc: 65.5300  data_time: 0.0093  time: 0.0653
2026/04/10 15:40:22 - mmengine - INFO - Exp name: unet1_conf_20260410_153813
2026/04/10 15:40:22 - mmengine - INFO - Iter(train) [ 570/3800]  lr: 8.8632e-05  eta: 0:10:06  time: 0.1799  data_time: 0.0058  memory: 4436  loss: 0.0150  decode.loss_focal: 0.0022  decode.loss_dice: 0.0128  decode.acc_seg: 98.5267
2026/04/10 15:40:23 - mmengine - INFO - per class results:
2026/04/10 15:40:23 - mmengine - INFO - 
+------------+-------+-------+
|   Class    |  Dice |  Acc  |
+------------+-------+-------+
| background | 97.16 | 98.54 |
|    cat     |  50.2 | 36.53 |
|    dog     | 56.23 | 63.11 |
+------------+-------+-------+
2026/04/10 15:40:23 - mmengine - INFO - Iter(val) [15/15]    aAcc: 92.9900  mDice: 67.8600  mAcc: 66.0600  data_time: 0.0096  time: 0.0654
2026/04/10 15:40:30 - mmengine - INFO - Exp name: unet1_conf_20260410_153813
2026/04/10 15:40:30 - mmengine - INFO - Iter(train) [ 608/3800]  lr: 8.7806e-05  eta: 0:09:58  time: 0.1799  data_time: 0.0059  memory: 4436  loss: 0.0147  decode.loss_focal: 0.0023  decode.loss_dice: 0.0123  decode.acc_seg: 98.9286
2026/04/10 15:40:31 - mmengine - INFO - per class results:
2026/04/10 15:40:31 - mmengine - INFO - 
+------------+-------+-------+
|   Class    |  Dice |  Acc  |
+------------+-------+-------+
| background | 97.33 | 98.36 |
|    cat     | 56.84 | 44.49 |
|    dog     | 56.06 | 62.48 |
+------------+-------+-------+
2026/04/10 15:40:31 - mmengine - INFO - Iter(val) [15/15]    aAcc: 93.3300  mDice: 70.0800  mAcc: 68.4400  data_time: 0.0097  time: 0.0662
2026/04/10 15:40:38 - mmengine - INFO - Exp name: unet1_conf_20260410_153813
2026/04/10 15:40:38 - mmengine - INFO - Iter(train) [ 646/3800]  lr: 8.6978e-05  eta: 0:09:49  time: 0.1798  data_time: 0.0059  memory: 4436  loss: 0.0173  decode.loss_focal: 0.0028  decode.loss_dice: 0.0145  decode.acc_seg: 98.5868
2026/04/10 15:40:39 - mmengine - INFO - per class results:
2026/04/10 15:40:39 - mmengine - INFO - 
+------------+-------+-------+
|   Class    |  Dice |  Acc  |
+------------+-------+-------+
| background | 97.03 | 98.36 |
|    cat     | 46.96 | 33.07 |
|    dog     | 55.83 | 65.28 |
+------------+-------+-------+
2026/04/10 15:40:39 - mmengine - INFO - Iter(val) [15/15]    aAcc: 92.7000  mDice: 66.6000  mAcc: 65.5700  data_time: 0.0082  time: 0.0644
2026/04/10 15:40:46 - mmengine - INFO - Exp name: unet1_conf_20260410_153813
2026/04/10 15:40:46 - mmengine - INFO - Iter(train) [ 684/3800]  lr: 8.6149e-05  eta: 0:09:41  time: 0.1798  data_time: 0.0057  memory: 4436  loss: 0.0152  decode.loss_focal: 0.0021  decode.loss_dice: 0.0131  decode.acc_seg: 99.1297
2026/04/10 15:40:47 - mmengine - INFO - per class results:
2026/04/10 15:40:47 - mmengine - INFO - 
+------------+-------+-------+
|   Class    |  Dice |  Acc  |
+------------+-------+-------+
| background | 97.45 | 98.38 |
|    cat     |  56.2 | 43.56 |
|    dog     | 53.87 |  61.8 |
+------------+-------+-------+
2026/04/10 15:40:47 - mmengine - INFO - Iter(val) [15/15]    aAcc: 93.2600  mDice: 69.1700  mAcc: 67.9200  data_time: 0.0097  time: 0.0656
2026/04/10 15:40:54 - mmengine - INFO - Exp name: unet1_conf_20260410_153813
2026/04/10 15:40:54 - mmengine - INFO - Iter(train) [ 722/3800]  lr: 8.5317e-05  eta: 0:09:33  time: 0.1809  data_time: 0.0065  memory: 4436  loss: 0.0158  decode.loss_focal: 0.0026  decode.loss_dice: 0.0132  decode.acc_seg: 98.8966
2026/04/10 15:40:55 - mmengine - INFO - per class results:
2026/04/10 15:40:55 - mmengine - INFO - 
+------------+-------+-------+
|   Class    |  Dice |  Acc  |
+------------+-------+-------+
| background | 97.04 | 98.35 |
|    cat     | 55.92 | 46.31 |
|    dog     | 53.22 | 52.28 |
+------------+-------+-------+
2026/04/10 15:40:55 - mmengine - INFO - Iter(val) [15/15]    aAcc: 93.0100  mDice: 68.7300  mAcc: 65.6400  data_time: 0.0086  time: 0.0649
2026/04/10 15:41:02 - mmengine - INFO - Exp name: unet1_conf_20260410_153813
2026/04/10 15:41:02 - mmengine - INFO - Iter(train) [ 760/3800]  lr: 8.4483e-05  eta: 0:09:26  time: 0.1799  data_time: 0.0059  memory: 4436  loss: 0.0153  decode.loss_focal: 0.0024  decode.loss_dice: 0.0129  decode.acc_seg: 98.5215
2026/04/10 15:41:03 - mmengine - INFO - per class results:
2026/04/10 15:41:03 - mmengine - INFO - 
+------------+-------+-------+
|   Class    |  Dice |  Acc  |
+------------+-------+-------+
| background | 97.25 | 97.64 |
|    cat     | 56.77 | 45.07 |
|    dog     | 55.11 | 68.24 |
+------------+-------+-------+
2026/04/10 15:41:03 - mmengine - INFO - Iter(val) [15/15]    aAcc: 92.9600  mDice: 69.7100  mAcc: 70.3100  data_time: 0.0105  time: 0.0677
2026/04/10 15:41:10 - mmengine - INFO - Exp name: unet1_conf_20260410_153813
2026/04/10 15:41:10 - mmengine - INFO - Iter(train) [ 798/3800]  lr: 8.3647e-05  eta: 0:09:18  time: 0.1817  data_time: 0.0062  memory: 4436  loss: 0.0169  decode.loss_focal: 0.0028  decode.loss_dice: 0.0141  decode.acc_seg: 98.3794
2026/04/10 15:41:11 - mmengine - INFO - per class results:
2026/04/10 15:41:11 - mmengine - INFO - 
+------------+-------+-------+
|   Class    |  Dice |  Acc  |
+------------+-------+-------+
| background | 97.28 | 98.11 |
|    cat     | 53.15 | 40.53 |
|    dog     |  55.3 |  65.7 |
+------------+-------+-------+
2026/04/10 15:41:11 - mmengine - INFO - Iter(val) [15/15]    aAcc: 92.9800  mDice: 68.5700  mAcc: 68.1200  data_time: 0.0268  time: 0.0831
2026/04/10 15:41:18 - mmengine - INFO - Exp name: unet1_conf_20260410_153813
2026/04/10 15:41:18 - mmengine - INFO - Iter(train) [ 836/3800]  lr: 8.2809e-05  eta: 0:09:10  time: 0.1814  data_time: 0.0059  memory: 4436  loss: 0.0149  decode.loss_focal: 0.0024  decode.loss_dice: 0.0125  decode.acc_seg: 98.1474
2026/04/10 15:41:19 - mmengine - INFO - per class results:
2026/04/10 15:41:19 - mmengine - INFO - 
+------------+-------+-------+
|   Class    |  Dice |  Acc  |
+------------+-------+-------+
| background | 97.19 |  98.5 |
|    cat     | 55.53 | 43.08 |
|    dog     | 56.47 | 60.12 |
+------------+-------+-------+
2026/04/10 15:41:19 - mmengine - INFO - Iter(val) [15/15]    aAcc: 93.2600  mDice: 69.7300  mAcc: 67.2300  data_time: 0.0103  time: 0.0669
2026/04/10 15:41:26 - mmengine - INFO - Exp name: unet1_conf_20260410_153813
2026/04/10 15:41:26 - mmengine - INFO - Iter(train) [ 874/3800]  lr: 8.1969e-05  eta: 0:09:03  time: 0.1800  data_time: 0.0059  memory: 4436  loss: 0.0160  decode.loss_focal: 0.0028  decode.loss_dice: 0.0132  decode.acc_seg: 98.7049
2026/04/10 15:41:27 - mmengine - INFO - per class results:
2026/04/10 15:41:27 - mmengine - INFO - 
+------------+-------+-------+
|   Class    |  Dice |  Acc  |
+------------+-------+-------+
| background | 97.31 | 98.15 |
|    cat     | 57.01 | 45.83 |
|    dog     | 54.92 | 61.73 |
+------------+-------+-------+
2026/04/10 15:41:27 - mmengine - INFO - Iter(val) [15/15]    aAcc: 93.2000  mDice: 69.7500  mAcc: 68.5700  data_time: 0.0100  time: 0.0666
2026/04/10 15:41:34 - mmengine - INFO - Exp name: unet1_conf_20260410_153813
2026/04/10 15:41:34 - mmengine - INFO - Iter(train) [ 912/3800]  lr: 8.1127e-05  eta: 0:08:55  time: 0.1800  data_time: 0.0058  memory: 4436  loss: 0.0122  decode.loss_focal: 0.0018  decode.loss_dice: 0.0104  decode.acc_seg: 98.5275
2026/04/10 15:41:35 - mmengine - INFO - per class results:
2026/04/10 15:41:35 - mmengine - INFO - 
+------------+-------+-------+
|   Class    |  Dice |  Acc  |
+------------+-------+-------+
| background | 97.22 |  97.9 |
|    cat     | 54.65 | 42.35 |
|    dog     |  55.6 |  66.9 |
+------------+-------+-------+
2026/04/10 15:41:35 - mmengine - INFO - Iter(val) [15/15]    aAcc: 92.9600  mDice: 69.1600  mAcc: 69.0500  data_time: 0.0100  time: 0.0667
2026/04/10 15:41:42 - mmengine - INFO - Exp name: unet1_conf_20260410_153813
2026/04/10 15:41:42 - mmengine - INFO - Iter(train) [ 950/3800]  lr: 8.0282e-05  eta: 0:08:48  time: 0.1807  data_time: 0.0059  memory: 4436  loss: 0.0141  decode.loss_focal: 0.0026  decode.loss_dice: 0.0115  decode.acc_seg: 98.5927
2026/04/10 15:41:43 - mmengine - INFO - per class results:
2026/04/10 15:41:43 - mmengine - INFO - 
+------------+-------+-------+
|   Class    |  Dice |  Acc  |
+------------+-------+-------+
| background |  97.4 | 98.14 |
|    cat     | 61.17 | 51.49 |
|    dog     | 56.83 |  61.7 |
+------------+-------+-------+
2026/04/10 15:41:43 - mmengine - INFO - Iter(val) [15/15]    aAcc: 93.5500  mDice: 71.8000  mAcc: 70.4400  data_time: 0.0100  time: 0.0665
2026/04/10 15:41:43 - mmengine - INFO - The previous best checkpoint /data_12/gpudev/kashnitskii/yx/s6_project/practicum_work/artifacts/mmsegmentation_work_dir/best_mDice_epoch_4.pth is removed
2026/04/10 15:41:44 - mmengine - INFO - The best checkpoint with 71.8000 mDice at 25 epoch is saved to best_mDice_epoch_25.pth.
2026/04/10 15:41:51 - mmengine - INFO - Exp name: unet1_conf_20260410_153813
2026/04/10 15:41:51 - mmengine - INFO - Iter(train) [ 988/3800]  lr: 7.9435e-05  eta: 0:08:41  time: 0.1808  data_time: 0.0060  memory: 4436  loss: 0.0141  decode.loss_focal: 0.0022  decode.loss_dice: 0.0119  decode.acc_seg: 98.7948
2026/04/10 15:41:52 - mmengine - INFO - per class results:
2026/04/10 15:41:52 - mmengine - INFO - 
+------------+-------+-------+
|   Class    |  Dice |  Acc  |
+------------+-------+-------+
| background | 97.35 | 97.76 |
|    cat     | 58.54 | 49.44 |
|    dog     | 55.16 | 63.59 |
+------------+-------+-------+
2026/04/10 15:41:52 - mmengine - INFO - Iter(val) [15/15]    aAcc: 93.1600  mDice: 70.3500  mAcc: 70.2700  data_time: 0.0272  time: 0.0840
2026/04/10 15:41:54 - mmengine - INFO - Exp name: unet1_conf_20260410_153813
2026/04/10 15:41:59 - mmengine - INFO - Exp name: unet1_conf_20260410_153813
2026/04/10 15:41:59 - mmengine - INFO - Iter(train) [1026/3800]  lr: 7.8586e-05  eta: 0:08:34  time: 0.1818  data_time: 0.0059  memory: 4436  loss: 0.0143  decode.loss_focal: 0.0025  decode.loss_dice: 0.0118  decode.acc_seg: 96.3054
2026/04/10 15:42:00 - mmengine - INFO - per class results:
2026/04/10 15:42:00 - mmengine - INFO - 
+------------+-------+-------+
|   Class    |  Dice |  Acc  |
+------------+-------+-------+
| background | 97.21 | 98.36 |
|    cat     | 49.58 | 36.14 |
|    dog     | 55.35 | 64.79 |
+------------+-------+-------+
2026/04/10 15:42:00 - mmengine - INFO - Iter(val) [15/15]    aAcc: 92.8800  mDice: 67.3800  mAcc: 66.4300  data_time: 0.0100  time: 0.0670
2026/04/10 15:42:07 - mmengine - INFO - Exp name: unet1_conf_20260410_153813
2026/04/10 15:42:07 - mmengine - INFO - Iter(train) [1064/3800]  lr: 7.7735e-05  eta: 0:08:26  time: 0.1804  data_time: 0.0058  memory: 4436  loss: 0.0143  decode.loss_focal: 0.0024  decode.loss_dice: 0.0119  decode.acc_seg: 98.3373
2026/04/10 15:42:08 - mmengine - INFO - per class results:
2026/04/10 15:42:08 - mmengine - INFO - 
+------------+-------+-------+
|   Class    |  Dice |  Acc  |
+------------+-------+-------+
| background | 97.28 | 98.44 |
|    cat     | 58.71 | 47.81 |
|    dog     | 54.86 | 56.82 |
+------------+-------+-------+
2026/04/10 15:42:08 - mmengine - INFO - Iter(val) [15/15]    aAcc: 93.3800  mDice: 70.2800  mAcc: 67.6900  data_time: 0.0088  time: 0.0655
2026/04/10 15:42:15 - mmengine - INFO - Exp name: unet1_conf_20260410_153813
2026/04/10 15:42:15 - mmengine - INFO - Iter(train) [1102/3800]  lr: 7.6881e-05  eta: 0:08:19  time: 0.1816  data_time: 0.0059  memory: 4436  loss: 0.0135  decode.loss_focal: 0.0023  decode.loss_dice: 0.0112  decode.acc_seg: 98.9358
2026/04/10 15:42:16 - mmengine - INFO - per class results:
2026/04/10 15:42:16 - mmengine - INFO - 
+------------+-------+-------+
|   Class    |  Dice |  Acc  |
+------------+-------+-------+
| background | 96.86 | 98.75 |
|    cat     | 47.68 | 33.58 |
|    dog     | 52.58 | 55.03 |
+------------+-------+-------+
2026/04/10 15:42:16 - mmengine - INFO - Iter(val) [15/15]    aAcc: 92.6500  mDice: 65.7100  mAcc: 62.4600  data_time: 0.0086  time: 0.0651
2026/04/10 15:42:23 - mmengine - INFO - Exp name: unet1_conf_20260410_153813
2026/04/10 15:42:23 - mmengine - INFO - Iter(train) [1140/3800]  lr: 7.6025e-05  eta: 0:08:12  time: 0.1817  data_time: 0.0058  memory: 4436  loss: 0.0156  decode.loss_focal: 0.0026  decode.loss_dice: 0.0130  decode.acc_seg: 98.9773
2026/04/10 15:42:24 - mmengine - INFO - per class results:
2026/04/10 15:42:24 - mmengine - INFO - 
+------------+-------+-------+
|   Class    |  Dice |  Acc  |
+------------+-------+-------+
| background | 97.36 | 98.37 |
|    cat     | 56.58 | 43.94 |
|    dog     |  56.5 | 63.85 |
+------------+-------+-------+
2026/04/10 15:42:24 - mmengine - INFO - Iter(val) [15/15]    aAcc: 93.3500  mDice: 70.1500  mAcc: 68.7200  data_time: 0.0093  time: 0.0662
2026/04/10 15:42:31 - mmengine - INFO - Exp name: unet1_conf_20260410_153813
2026/04/10 15:42:31 - mmengine - INFO - Iter(train) [1178/3800]  lr: 7.5166e-05  eta: 0:08:05  time: 0.1818  data_time: 0.0058  memory: 4436  loss: 0.0153  decode.loss_focal: 0.0027  decode.loss_dice: 0.0125  decode.acc_seg: 98.7324
2026/04/10 15:42:32 - mmengine - INFO - per class results:
2026/04/10 15:42:32 - mmengine - INFO - 
+------------+-------+-------+
|   Class    |  Dice |  Acc  |
+------------+-------+-------+
| background | 96.88 | 98.54 |
|    cat     | 49.99 | 38.17 |
|    dog     | 51.11 | 51.28 |
+------------+-------+-------+
2026/04/10 15:42:32 - mmengine - INFO - Iter(val) [15/15]    aAcc: 92.6100  mDice: 65.9900  mAcc: 62.6700  data_time: 0.0098  time: 0.0664
2026/04/10 15:42:39 - mmengine - INFO - Exp name: unet1_conf_20260410_153813
2026/04/10 15:42:39 - mmengine - INFO - Iter(train) [1216/3800]  lr: 7.4305e-05  eta: 0:07:58  time: 0.1834  data_time: 0.0060  memory: 4436  loss: 0.0149  decode.loss_focal: 0.0023  decode.loss_dice: 0.0126  decode.acc_seg: 98.5100
2026/04/10 15:42:40 - mmengine - INFO - per class results:
2026/04/10 15:42:40 - mmengine - INFO - 
+------------+-------+-------+
|   Class    |  Dice |  Acc  |
+------------+-------+-------+
| background | 96.62 | 98.18 |
|    cat     | 42.37 | 30.18 |
|    dog     |  49.1 | 54.32 |
+------------+-------+-------+
2026/04/10 15:42:40 - mmengine - INFO - Iter(val) [15/15]    aAcc: 91.8900  mDice: 62.7000  mAcc: 60.8900  data_time: 0.0096  time: 0.0662
2026/04/10 15:42:47 - mmengine - INFO - Exp name: unet1_conf_20260410_153813
2026/04/10 15:42:47 - mmengine - INFO - Iter(train) [1254/3800]  lr: 7.3441e-05  eta: 0:07:51  time: 0.1828  data_time: 0.0059  memory: 4436  loss: 0.0149  decode.loss_focal: 0.0023  decode.loss_dice: 0.0126  decode.acc_seg: 98.8687
2026/04/10 15:42:48 - mmengine - INFO - per class results:
2026/04/10 15:42:48 - mmengine - INFO - 
+------------+-------+-------+
|   Class    |  Dice |  Acc  |
+------------+-------+-------+
| background | 97.05 | 98.17 |
|    cat     | 56.54 | 46.99 |
|    dog     | 49.52 | 50.44 |
+------------+-------+-------+
2026/04/10 15:42:48 - mmengine - INFO - Iter(val) [15/15]    aAcc: 92.8100  mDice: 67.7000  mAcc: 65.2000  data_time: 0.0097  time: 0.0663
2026/04/10 15:42:55 - mmengine - INFO - Exp name: unet1_conf_20260410_153813
2026/04/10 15:42:55 - mmengine - INFO - Iter(train) [1292/3800]  lr: 7.2575e-05  eta: 0:07:44  time: 0.1821  data_time: 0.0058  memory: 4436  loss: 0.0132  decode.loss_focal: 0.0020  decode.loss_dice: 0.0112  decode.acc_seg: 99.1298
2026/04/10 15:42:56 - mmengine - INFO - per class results:
2026/04/10 15:42:56 - mmengine - INFO - 
+------------+-------+-------+
|   Class    |  Dice |  Acc  |
+------------+-------+-------+
| background | 97.19 | 98.58 |
|    cat     | 57.46 | 46.23 |
|    dog     | 54.98 | 55.13 |
+------------+-------+-------+
2026/04/10 15:42:56 - mmengine - INFO - Iter(val) [15/15]    aAcc: 93.3300  mDice: 69.8800  mAcc: 66.6400  data_time: 0.0152  time: 0.0721
2026/04/10 15:43:03 - mmengine - INFO - Exp name: unet1_conf_20260410_153813
2026/04/10 15:43:03 - mmengine - INFO - Iter(train) [1330/3800]  lr: 7.1706e-05  eta: 0:07:37  time: 0.1817  data_time: 0.0055  memory: 4436  loss: 0.0129  decode.loss_focal: 0.0022  decode.loss_dice: 0.0107  decode.acc_seg: 98.4229
2026/04/10 15:43:04 - mmengine - INFO - per class results:
2026/04/10 15:43:04 - mmengine - INFO - 
+------------+-------+-------+
|   Class    |  Dice |  Acc  |
+------------+-------+-------+
| background | 97.29 | 98.25 |
|    cat     | 51.89 | 39.93 |
|    dog     |  55.8 | 64.23 |
+------------+-------+-------+
2026/04/10 15:43:04 - mmengine - INFO - Iter(val) [15/15]    aAcc: 93.0000  mDice: 68.3300  mAcc: 67.4700  data_time: 0.0098  time: 0.0670
2026/04/10 15:43:11 - mmengine - INFO - Exp name: unet1_conf_20260410_153813
2026/04/10 15:43:11 - mmengine - INFO - Iter(train) [1368/3800]  lr: 7.0835e-05  eta: 0:07:30  time: 0.1824  data_time: 0.0058  memory: 4436  loss: 0.0147  decode.loss_focal: 0.0026  decode.loss_dice: 0.0122  decode.acc_seg: 98.4132
2026/04/10 15:43:12 - mmengine - INFO - per class results:
2026/04/10 15:43:12 - mmengine - INFO - 
+------------+-------+-------+
|   Class    |  Dice |  Acc  |
+------------+-------+-------+
| background |  97.3 |  98.1 |
|    cat     |  47.7 | 33.42 |
|    dog     | 54.68 | 70.71 |
+------------+-------+-------+
2026/04/10 15:43:12 - mmengine - INFO - Iter(val) [15/15]    aAcc: 92.7200  mDice: 66.5600  mAcc: 67.4100  data_time: 0.0092  time: 0.0662
2026/04/10 15:43:19 - mmengine - INFO - Exp name: unet1_conf_20260410_153813
2026/04/10 15:43:19 - mmengine - INFO - Iter(train) [1406/3800]  lr: 6.9960e-05  eta: 0:07:23  time: 0.1827  data_time: 0.0059  memory: 4436  loss: 0.0134  decode.loss_focal: 0.0027  decode.loss_dice: 0.0107  decode.acc_seg: 99.2770
2026/04/10 15:43:21 - mmengine - INFO - per class results:
2026/04/10 15:43:21 - mmengine - INFO - 
+------------+-------+-------+
|   Class    |  Dice |  Acc  |
+------------+-------+-------+
| background | 97.17 | 98.27 |
|    cat     | 53.57 | 41.45 |
|    dog     | 55.28 | 61.58 |
+------------+-------+-------+
2026/04/10 15:43:21 - mmengine - INFO - Iter(val) [15/15]    aAcc: 93.0100  mDice: 68.6700  mAcc: 67.1000  data_time: 0.0093  time: 0.0660
2026/04/10 15:43:28 - mmengine - INFO - Exp name: unet1_conf_20260410_153813
2026/04/10 15:43:28 - mmengine - INFO - Iter(train) [1444/3800]  lr: 6.9083e-05  eta: 0:07:15  time: 0.1822  data_time: 0.0058  memory: 4436  loss: 0.0135  decode.loss_focal: 0.0024  decode.loss_dice: 0.0110  decode.acc_seg: 98.4077
2026/04/10 15:43:29 - mmengine - INFO - per class results:
2026/04/10 15:43:29 - mmengine - INFO - 
+------------+-------+-------+
|   Class    |  Dice |  Acc  |
+------------+-------+-------+
| background | 97.14 | 98.08 |
|    cat     | 57.59 | 49.18 |
|    dog     | 55.17 | 56.33 |
+------------+-------+-------+
2026/04/10 15:43:29 - mmengine - INFO - Iter(val) [15/15]    aAcc: 93.1300  mDice: 69.9600  mAcc: 67.8700  data_time: 0.0091  time: 0.0661
2026/04/10 15:43:36 - mmengine - INFO - Exp name: unet1_conf_20260410_153813
2026/04/10 15:43:36 - mmengine - INFO - Iter(train) [1482/3800]  lr: 6.8203e-05  eta: 0:07:08  time: 0.1823  data_time: 0.0058  memory: 4436  loss: 0.0122  decode.loss_focal: 0.0019  decode.loss_dice: 0.0102  decode.acc_seg: 98.9791
2026/04/10 15:43:37 - mmengine - INFO - per class results:
2026/04/10 15:43:37 - mmengine - INFO - 
+------------+-------+-------+
|   Class    |  Dice |  Acc  |
+------------+-------+-------+
| background | 97.16 | 98.06 |
|    cat     | 58.51 | 51.61 |
|    dog     | 54.22 | 53.54 |
+------------+-------+-------+
2026/04/10 15:43:37 - mmengine - INFO - Iter(val) [15/15]    aAcc: 93.1500  mDice: 69.9700  mAcc: 67.7400  data_time: 0.0094  time: 0.0663
2026/04/10 15:43:44 - mmengine - INFO - Exp name: unet1_conf_20260410_153813
2026/04/10 15:43:44 - mmengine - INFO - Iter(train) [1520/3800]  lr: 6.7321e-05  eta: 0:07:01  time: 0.1833  data_time: 0.0058  memory: 4436  loss: 0.0113  decode.loss_focal: 0.0018  decode.loss_dice: 0.0095  decode.acc_seg: 98.5957
2026/04/10 15:43:45 - mmengine - INFO - per class results:
2026/04/10 15:43:45 - mmengine - INFO - 
+------------+-------+-------+
|   Class    |  Dice |  Acc  |
+------------+-------+-------+
| background | 97.12 | 98.14 |
|    cat     | 51.83 | 40.11 |
|    dog     |  53.0 | 59.93 |
+------------+-------+-------+
2026/04/10 15:43:45 - mmengine - INFO - Iter(val) [15/15]    aAcc: 92.7300  mDice: 67.3200  mAcc: 66.0600  data_time: 0.0094  time: 0.0665
2026/04/10 15:43:52 - mmengine - INFO - Exp name: unet1_conf_20260410_153813
2026/04/10 15:43:52 - mmengine - INFO - Iter(train) [1558/3800]  lr: 6.6435e-05  eta: 0:06:54  time: 0.1844  data_time: 0.0062  memory: 4436  loss: 0.0126  decode.loss_focal: 0.0020  decode.loss_dice: 0.0106  decode.acc_seg: 99.1010
2026/04/10 15:43:53 - mmengine - INFO - per class results:
2026/04/10 15:43:53 - mmengine - INFO - 
+------------+-------+-------+
|   Class    |  Dice |  Acc  |
+------------+-------+-------+
| background | 97.28 | 98.44 |
|    cat     | 57.46 | 47.14 |
|    dog     | 53.13 | 54.56 |
+------------+-------+-------+
2026/04/10 15:43:53 - mmengine - INFO - Iter(val) [15/15]    aAcc: 93.2400  mDice: 69.2900  mAcc: 66.7200  data_time: 0.0098  time: 0.0670
2026/04/10 15:44:00 - mmengine - INFO - Exp name: unet1_conf_20260410_153813
2026/04/10 15:44:00 - mmengine - INFO - Iter(train) [1596/3800]  lr: 6.5546e-05  eta: 0:06:47  time: 0.1836  data_time: 0.0058  memory: 4436  loss: 0.0127  decode.loss_focal: 0.0021  decode.loss_dice: 0.0106  decode.acc_seg: 98.3893
2026/04/10 15:44:01 - mmengine - INFO - per class results:
2026/04/10 15:44:01 - mmengine - INFO - 
+------------+-------+-------+
|   Class    |  Dice |  Acc  |
+------------+-------+-------+
| background | 97.16 | 98.25 |
|    cat     | 60.13 | 53.25 |
|    dog     | 53.56 | 50.45 |
+------------+-------+-------+
2026/04/10 15:44:01 - mmengine - INFO - Iter(val) [15/15]    aAcc: 93.3000  mDice: 70.2900  mAcc: 67.3100  data_time: 0.0264  time: 0.0831
2026/04/10 15:44:08 - mmengine - INFO - Exp name: unet1_conf_20260410_153813
2026/04/10 15:44:08 - mmengine - INFO - Iter(train) [1634/3800]  lr: 6.4654e-05  eta: 0:06:40  time: 0.1837  data_time: 0.0062  memory: 4436  loss: 0.0105  decode.loss_focal: 0.0016  decode.loss_dice: 0.0089  decode.acc_seg: 99.1598
2026/04/10 15:44:09 - mmengine - INFO - per class results:
2026/04/10 15:44:09 - mmengine - INFO - 
+------------+-------+-------+
|   Class    |  Dice |  Acc  |
+------------+-------+-------+
| background | 97.19 | 97.95 |
|    cat     | 50.99 | 39.38 |
|    dog     | 53.54 | 63.72 |
+------------+-------+-------+
2026/04/10 15:44:09 - mmengine - INFO - Iter(val) [15/15]    aAcc: 92.6800  mDice: 67.2400  mAcc: 67.0100  data_time: 0.0096  time: 0.0664
2026/04/10 15:44:16 - mmengine - INFO - Exp name: unet1_conf_20260410_153813
2026/04/10 15:44:16 - mmengine - INFO - Iter(train) [1672/3800]  lr: 6.3759e-05  eta: 0:06:33  time: 0.1829  data_time: 0.0059  memory: 4436  loss: 0.0125  decode.loss_focal: 0.0022  decode.loss_dice: 0.0104  decode.acc_seg: 98.5478
2026/04/10 15:44:17 - mmengine - INFO - per class results:
2026/04/10 15:44:17 - mmengine - INFO - 
+------------+-------+-------+
|   Class    |  Dice |  Acc  |
+------------+-------+-------+
| background | 97.17 | 97.96 |
|    cat     | 56.91 | 48.61 |
|    dog     | 53.88 | 56.83 |
+------------+-------+-------+
2026/04/10 15:44:17 - mmengine - INFO - Iter(val) [15/15]    aAcc: 93.0000  mDice: 69.3200  mAcc: 67.8000  data_time: 0.0098  time: 0.0667
2026/04/10 15:44:24 - mmengine - INFO - Exp name: unet1_conf_20260410_153813
2026/04/10 15:44:24 - mmengine - INFO - Iter(train) [1710/3800]  lr: 6.2861e-05  eta: 0:06:26  time: 0.1846  data_time: 0.0062  memory: 4436  loss: 0.0134  decode.loss_focal: 0.0023  decode.loss_dice: 0.0111  decode.acc_seg: 99.2409
2026/04/10 15:44:26 - mmengine - INFO - per class results:
2026/04/10 15:44:26 - mmengine - INFO - 
+------------+-------+-------+
|   Class    |  Dice |  Acc  |
+------------+-------+-------+
| background | 97.06 | 97.87 |
|    cat     |  56.2 |  46.5 |
|    dog     | 52.15 | 57.03 |
+------------+-------+-------+
2026/04/10 15:44:26 - mmengine - INFO - Iter(val) [15/15]    aAcc: 92.7900  mDice: 68.4700  mAcc: 67.1300  data_time: 0.0089  time: 0.0660
2026/04/10 15:44:33 - mmengine - INFO - Exp name: unet1_conf_20260410_153813
2026/04/10 15:44:33 - mmengine - INFO - Iter(train) [1748/3800]  lr: 6.1960e-05  eta: 0:06:19  time: 0.1834  data_time: 0.0058  memory: 4436  loss: 0.0117  decode.loss_focal: 0.0020  decode.loss_dice: 0.0097  decode.acc_seg: 99.0055
2026/04/10 15:44:34 - mmengine - INFO - per class results:
2026/04/10 15:44:34 - mmengine - INFO - 
+------------+-------+-------+
|   Class    |  Dice |  Acc  |
+------------+-------+-------+
| background | 96.98 | 98.09 |
|    cat     | 55.15 |  46.6 |
|    dog     | 45.51 | 45.37 |
+------------+-------+-------+
2026/04/10 15:44:34 - mmengine - INFO - Iter(val) [15/15]    aAcc: 92.5100  mDice: 65.8800  mAcc: 63.3600  data_time: 0.0096  time: 0.0667
2026/04/10 15:44:41 - mmengine - INFO - Exp name: unet1_conf_20260410_153813
2026/04/10 15:44:41 - mmengine - INFO - Iter(train) [1786/3800]  lr: 6.1055e-05  eta: 0:06:12  time: 0.1839  data_time: 0.0065  memory: 4436  loss: 0.0130  decode.loss_focal: 0.0019  decode.loss_dice: 0.0111  decode.acc_seg: 99.2342
2026/04/10 15:44:42 - mmengine - INFO - per class results:
2026/04/10 15:44:42 - mmengine - INFO - 
+------------+-------+-------+
|   Class    |  Dice |  Acc  |
+------------+-------+-------+
| background |  97.1 | 98.08 |
|    cat     | 53.51 | 41.88 |
|    dog     | 53.55 | 60.28 |
+------------+-------+-------+
2026/04/10 15:44:42 - mmengine - INFO - Iter(val) [15/15]    aAcc: 92.8100  mDice: 68.0500  mAcc: 66.7500  data_time: 0.0082  time: 0.0650
2026/04/10 15:44:49 - mmengine - INFO - Exp name: unet1_conf_20260410_153813
2026/04/10 15:44:49 - mmengine - INFO - Iter(train) [1824/3800]  lr: 6.0147e-05  eta: 0:06:05  time: 0.1836  data_time: 0.0060  memory: 4436  loss: 0.0117  decode.loss_focal: 0.0019  decode.loss_dice: 0.0098  decode.acc_seg: 98.6535
2026/04/10 15:44:50 - mmengine - INFO - per class results:
2026/04/10 15:44:50 - mmengine - INFO - 
+------------+-------+-------+
|   Class    |  Dice |  Acc  |
+------------+-------+-------+
| background | 97.07 | 97.98 |
|    cat     | 50.48 | 38.66 |
|    dog     | 52.37 |  61.1 |
+------------+-------+-------+
2026/04/10 15:44:50 - mmengine - INFO - Iter(val) [15/15]    aAcc: 92.5500  mDice: 66.6400  mAcc: 65.9100  data_time: 0.0095  time: 0.0664
2026/04/10 15:44:57 - mmengine - INFO - Exp name: unet1_conf_20260410_153813
2026/04/10 15:44:57 - mmengine - INFO - Iter(train) [1862/3800]  lr: 5.9235e-05  eta: 0:05:58  time: 0.1829  data_time: 0.0058  memory: 4436  loss: 0.0126  decode.loss_focal: 0.0020  decode.loss_dice: 0.0106  decode.acc_seg: 98.9273
2026/04/10 15:44:58 - mmengine - INFO - per class results:
2026/04/10 15:44:58 - mmengine - INFO - 
+------------+-------+-------+
|   Class    |  Dice |  Acc  |
+------------+-------+-------+
| background | 97.11 | 98.02 |
|    cat     | 56.98 | 48.36 |
|    dog     | 53.57 |  55.5 |
+------------+-------+-------+
2026/04/10 15:44:58 - mmengine - INFO - Iter(val) [15/15]    aAcc: 92.9900  mDice: 69.2200  mAcc: 67.3000  data_time: 0.0100  time: 0.0667
2026/04/10 15:45:05 - mmengine - INFO - Exp name: unet1_conf_20260410_153813
2026/04/10 15:45:05 - mmengine - INFO - Iter(train) [1900/3800]  lr: 5.8320e-05  eta: 0:05:51  time: 0.1837  data_time: 0.0059  memory: 4436  loss: 0.0118  decode.loss_focal: 0.0018  decode.loss_dice: 0.0100  decode.acc_seg: 98.8355
2026/04/10 15:45:05 - mmengine - INFO - Saving checkpoint at 50 epochs
2026/04/10 15:45:07 - mmengine - INFO - per class results:
2026/04/10 15:45:07 - mmengine - INFO - 
+------------+-------+-------+
|   Class    |  Dice |  Acc  |
+------------+-------+-------+
| background |  97.1 | 98.44 |
|    cat     | 50.29 | 37.53 |
|    dog     | 55.07 | 60.76 |
+------------+-------+-------+
2026/04/10 15:45:07 - mmengine - INFO - Iter(val) [15/15]    aAcc: 92.8700  mDice: 67.4900  mAcc: 65.5800  data_time: 0.0269  time: 0.0833
2026/04/10 15:45:14 - mmengine - INFO - Exp name: unet1_conf_20260410_153813
2026/04/10 15:45:14 - mmengine - INFO - Iter(train) [1938/3800]  lr: 5.7401e-05  eta: 0:05:44  time: 0.1837  data_time: 0.0060  memory: 4436  loss: 0.0120  decode.loss_focal: 0.0020  decode.loss_dice: 0.0100  decode.acc_seg: 99.0881
2026/04/10 15:45:15 - mmengine - INFO - per class results:
2026/04/10 15:45:15 - mmengine - INFO - 
+------------+-------+-------+
|   Class    |  Dice |  Acc  |
+------------+-------+-------+
| background | 97.12 | 98.15 |
|    cat     | 46.31 |  33.7 |
|    dog     | 54.09 | 64.92 |
+------------+-------+-------+
2026/04/10 15:45:15 - mmengine - INFO - Iter(val) [15/15]    aAcc: 92.5300  mDice: 65.8400  mAcc: 65.5900  data_time: 0.0093  time: 0.0664
2026/04/10 15:45:22 - mmengine - INFO - Exp name: unet1_conf_20260410_153813
2026/04/10 15:45:22 - mmengine - INFO - Iter(train) [1976/3800]  lr: 5.6478e-05  eta: 0:05:37  time: 0.1835  data_time: 0.0060  memory: 4436  loss: 0.0104  decode.loss_focal: 0.0017  decode.loss_dice: 0.0087  decode.acc_seg: 98.7968
2026/04/10 15:45:24 - mmengine - INFO - per class results:
2026/04/10 15:45:24 - mmengine - INFO - 
+------------+-------+-------+
|   Class    |  Dice |  Acc  |
+------------+-------+-------+
| background | 97.31 |  98.1 |
|    cat     | 59.89 | 51.31 |
|    dog     | 54.71 | 57.47 |
+------------+-------+-------+
2026/04/10 15:45:24 - mmengine - INFO - Iter(val) [15/15]    aAcc: 93.3300  mDice: 70.6400  mAcc: 68.9600  data_time: 0.0096  time: 0.0664
2026/04/10 15:45:28 - mmengine - INFO - Exp name: unet1_conf_20260410_153813
2026/04/10 15:45:31 - mmengine - INFO - Exp name: unet1_conf_20260410_153813
2026/04/10 15:45:31 - mmengine - INFO - Iter(train) [2014/3800]  lr: 5.5551e-05  eta: 0:05:30  time: 0.1838  data_time: 0.0060  memory: 4436  loss: 0.0104  decode.loss_focal: 0.0018  decode.loss_dice: 0.0087  decode.acc_seg: 98.5743
2026/04/10 15:45:32 - mmengine - INFO - per class results:
2026/04/10 15:45:32 - mmengine - INFO - 
+------------+-------+-------+
|   Class    |  Dice |  Acc  |
+------------+-------+-------+
| background |  97.1 | 98.26 |
|    cat     |  52.6 | 41.06 |
|    dog     | 53.94 | 58.72 |
+------------+-------+-------+
2026/04/10 15:45:32 - mmengine - INFO - Iter(val) [15/15]    aAcc: 92.8600  mDice: 67.8800  mAcc: 66.0100  data_time: 0.0095  time: 0.0664
2026/04/10 15:45:39 - mmengine - INFO - Exp name: unet1_conf_20260410_153813
2026/04/10 15:45:39 - mmengine - INFO - Iter(train) [2052/3800]  lr: 5.4621e-05  eta: 0:05:23  time: 0.1838  data_time: 0.0059  memory: 4436  loss: 0.0119  decode.loss_focal: 0.0019  decode.loss_dice: 0.0100  decode.acc_seg: 97.6532
2026/04/10 15:45:40 - mmengine - INFO - per class results:
2026/04/10 15:45:40 - mmengine - INFO - 
+------------+-------+-------+
|   Class    |  Dice |  Acc  |
+------------+-------+-------+
| background | 97.16 | 98.22 |
|    cat     | 57.23 | 47.87 |
|    dog     | 53.73 | 54.92 |
+------------+-------+-------+
2026/04/10 15:45:40 - mmengine - INFO - Iter(val) [15/15]    aAcc: 93.1100  mDice: 69.3700  mAcc: 67.0000  data_time: 0.0095  time: 0.0665
2026/04/10 15:45:47 - mmengine - INFO - Exp name: unet1_conf_20260410_153813
2026/04/10 15:45:47 - mmengine - INFO - Iter(train) [2090/3800]  lr: 5.3686e-05  eta: 0:05:16  time: 0.1837  data_time: 0.0059  memory: 4436  loss: 0.0101  decode.loss_focal: 0.0016  decode.loss_dice: 0.0084  decode.acc_seg: 99.1384
2026/04/10 15:45:48 - mmengine - INFO - per class results:
2026/04/10 15:45:48 - mmengine - INFO - 
+------------+-------+-------+
|   Class    |  Dice |  Acc  |
+------------+-------+-------+
| background | 97.32 | 98.31 |
|    cat     | 53.97 | 42.12 |
|    dog     | 54.84 | 61.86 |
+------------+-------+-------+
2026/04/10 15:45:48 - mmengine - INFO - Iter(val) [15/15]    aAcc: 93.1000  mDice: 68.7100  mAcc: 67.4300  data_time: 0.0146  time: 0.0713
2026/04/10 15:45:55 - mmengine - INFO - Exp name: unet1_conf_20260410_153813
2026/04/10 15:45:55 - mmengine - INFO - Iter(train) [2128/3800]  lr: 5.2747e-05  eta: 0:05:09  time: 0.1835  data_time: 0.0059  memory: 4436  loss: 0.0113  decode.loss_focal: 0.0020  decode.loss_dice: 0.0093  decode.acc_seg: 98.9606
2026/04/10 15:45:56 - mmengine - INFO - per class results:
2026/04/10 15:45:56 - mmengine - INFO - 
+------------+-------+-------+
|   Class    |  Dice |  Acc  |
+------------+-------+-------+
| background | 97.31 | 97.97 |
|    cat     |  55.0 | 43.86 |
|    dog     | 53.72 | 63.04 |
+------------+-------+-------+
2026/04/10 15:45:56 - mmengine - INFO - Iter(val) [15/15]    aAcc: 92.9600  mDice: 68.6800  mAcc: 68.2900  data_time: 0.0088  time: 0.0654
2026/04/10 15:46:03 - mmengine - INFO - Exp name: unet1_conf_20260410_153813
2026/04/10 15:46:03 - mmengine - INFO - Iter(train) [2166/3800]  lr: 5.1804e-05  eta: 0:05:02  time: 0.1838  data_time: 0.0059  memory: 4436  loss: 0.0107  decode.loss_focal: 0.0017  decode.loss_dice: 0.0091  decode.acc_seg: 98.8627
2026/04/10 15:46:04 - mmengine - INFO - per class results:
2026/04/10 15:46:04 - mmengine - INFO - 
+------------+-------+-------+
|   Class    |  Dice |  Acc  |
+------------+-------+-------+
| background | 97.34 | 98.43 |
|    cat     | 54.54 |  42.8 |
|    dog     | 54.74 | 60.03 |
+------------+-------+-------+
2026/04/10 15:46:04 - mmengine - INFO - Iter(val) [15/15]    aAcc: 93.1800  mDice: 68.8700  mAcc: 67.0900  data_time: 0.0093  time: 0.0661
2026/04/10 15:46:11 - mmengine - INFO - Exp name: unet1_conf_20260410_153813
2026/04/10 15:46:11 - mmengine - INFO - Iter(train) [2204/3800]  lr: 5.0857e-05  eta: 0:04:55  time: 0.1839  data_time: 0.0058  memory: 4436  loss: 0.0104  decode.loss_focal: 0.0016  decode.loss_dice: 0.0087  decode.acc_seg: 98.7622
2026/04/10 15:46:12 - mmengine - INFO - per class results:
2026/04/10 15:46:12 - mmengine - INFO - 
+------------+-------+-------+
|   Class    |  Dice |  Acc  |
+------------+-------+-------+
| background | 97.24 | 98.36 |
|    cat     | 58.08 | 48.39 |
|    dog     | 52.82 |  53.6 |
+------------+-------+-------+
2026/04/10 15:46:12 - mmengine - INFO - Iter(val) [15/15]    aAcc: 93.2100  mDice: 69.3800  mAcc: 66.7900  data_time: 0.0106  time: 0.0676
2026/04/10 15:46:19 - mmengine - INFO - Exp name: unet1_conf_20260410_153813
2026/04/10 15:46:19 - mmengine - INFO - Iter(train) [2242/3800]  lr: 4.9905e-05  eta: 0:04:48  time: 0.1836  data_time: 0.0059  memory: 4436  loss: 0.0101  decode.loss_focal: 0.0016  decode.loss_dice: 0.0085  decode.acc_seg: 98.9626
2026/04/10 15:46:20 - mmengine - INFO - per class results:
2026/04/10 15:46:20 - mmengine - INFO - 
+------------+-------+-------+
|   Class    |  Dice |  Acc  |
+------------+-------+-------+
| background | 97.16 | 98.36 |
|    cat     | 55.41 | 44.12 |
|    dog     | 54.41 | 57.43 |
+------------+-------+-------+
2026/04/10 15:46:20 - mmengine - INFO - Iter(val) [15/15]    aAcc: 93.0900  mDice: 68.9900  mAcc: 66.6400  data_time: 0.0074  time: 0.0644
2026/04/10 15:46:27 - mmengine - INFO - Exp name: unet1_conf_20260410_153813
2026/04/10 15:46:27 - mmengine - INFO - Iter(train) [2280/3800]  lr: 4.8949e-05  eta: 0:04:41  time: 0.1834  data_time: 0.0059  memory: 4436  loss: 0.0109  decode.loss_focal: 0.0017  decode.loss_dice: 0.0092  decode.acc_seg: 98.9202
